<19:05:12> [MSG] АЛО БЛЯТЬ
<19:16:58> [MSG] Запрошен logout.php
<19:16:58> [WARN] Попытка выхода не аутентифиц. пользователя
<19:17:13> [MSG] Запрошен logout.php
<19:17:13> [WARN] Попытка выхода не аутентифиц. пользователя
<19:18:42> [MSG] Запрошен logout.php
<19:18:42> [WARN] Попытка выхода не аутентифиц. пользователя
<19:19:03> [MSG] Запрошен logout.php
<19:19:03> [WARN] Попытка выхода не аутентифиц. пользователя
<19:21:44> [MSG] Запрошен logout.php
<19:21:44> [WARN] Попытка выхода не аутентифиц. пользователя
<19:23:23> [MSG] Запрошен logout.php
<19:23:23> [WARN] Попытка выхода не аутентифиц. пользователя
<19:30:07> [MSG] Запрошен logout.php
<19:30:07> [WARN] Попытка выхода не аутентифиц. пользователя
<19:39:57> [MSG] Запрошен login.php
<19:39:57> [WARN] Переданы неверные значения login&pass
<19:40:36> [MSG] Запрошен login.php
<19:40:36> [WARN] Переданы неверные значения login&pass
<19:40:45> [MSG] Запрошен login.php
<19:40:45> [WARN] Переданы неверные значения login&pass
<19:42:17> [MSG] Запрошен login.php
<19:42:17> [WARN] Переданы неверные значения login&pass
<19:42:55> [MSG] Запрошен login.php
<19:42:55> [WARN] Переданы неверные значения login&pass
<19:43:49> [MSG] Запрошен login.php
<19:43:49> [WARN] Переданы неверные значения login&pass
<19:43:50> [MSG] Запрошен login.php
<19:43:50> [WARN] Переданы неверные значения login&pass
<19:43:51> [MSG] Запрошен login.php
<19:43:51> [WARN] Переданы неверные значения login&pass
<19:43:53> [MSG] Запрошен login.php
<19:43:53> [WARN] Переданы неверные значения login&pass
<19:44:05> [MSG] Запрошен login.php
<19:44:08> [MSG] Запрошен login.php
<19:44:09> [MSG] Запрошен login.php
<19:44:13> [MSG] Запрошен login.php
<19:44:13> [WARN] Не переданы значения login&pass
<19:44:25> [MSG] Запрошен login.php
<19:45:12> [MSG] Запрошен login.php
<19:46:28> [MSG] Запрошен login.php
<19:48:17> [MSG] Запрошен login.php
<19:48:17> [DEBUG] 
			        SELECT
			        	user_id, nick, passhash
			        FROM
			            {General::}
			        WHERE
	        			login = 'lucors'
			    
<19:49:49> [MSG] Запрошен login.php
<19:49:49> [MSG] Аутентифицирован пользователь "lucors"
<19:49:56> [MSG] Запрошен logout.php
<19:49:56> [MSG] Пользователь "lucors" вышел
<19:52:31> [MSG] Запрошен login.php
<19:52:32> [MSG] Аутентифицирован пользователь "lucors"
<19:52:34> [MSG] Запрошен logout.php
<19:52:34> [MSG] Пользователь "lucors" вышел
<20:07:19> [MSG] Запрошен login.php
<20:07:19> [MSG] Аутентифицирован пользователь "lucors"
<20:07:53> [MSG] Запрошен logout.php
<20:07:53> [MSG] Пользователь "lucors" вышел
<20:08:05> [MSG] Запрошен login.php
<20:08:05> [MSG] Аутентифицирован пользователь "lucors"
<20:08:26> [MSG] Запрошен logout.php
<20:08:26> [MSG] Пользователь "lucors" вышел
<20:14:28> [MSG] Запрошен login.php
<20:14:28> [MSG] Аутентифицирован пользователь "lucors"
<20:15:50> [MSG] Запрошен logout.php
<20:15:50> [MSG] Пользователь "lucors" вышел
<20:15:52> [MSG] Запрошен login.php
<20:15:52> [MSG] Аутентифицирован пользователь "lucors"
<20:16:16> [MSG] Запрошен logout.php
<20:16:16> [MSG] Пользователь "lucors" вышел
<20:16:18> [MSG] Запрошен login.php
<20:16:18> [MSG] Аутентифицирован пользователь "lucors"
<20:16:26> [MSG] Запрошен login.php
<20:16:26> [DEBUG] Попытка аутен. ранее аутентифиц. пользователя "lucors"
<20:16:26> [MSG] Запрошен login.php
<20:16:26> [DEBUG] Попытка аутен. ранее аутентифиц. пользователя "lucors"
<20:16:26> [MSG] Запрошен login.php
<20:16:26> [DEBUG] Попытка аутен. ранее аутентифиц. пользователя "lucors"
<20:16:30> [MSG] Запрошен login.php
<20:16:30> [DEBUG] Попытка аутен. ранее аутентифиц. пользователя "lucors"
<20:16:31> [MSG] Запрошен login.php
<20:16:31> [DEBUG] Попытка аутен. ранее аутентифиц. пользователя "lucors"
<20:16:31> [MSG] Запрошен login.php
<20:16:31> [DEBUG] Попытка аутен. ранее аутентифиц. пользователя "lucors"
<20:29:00> [MSG] Запрошен logout.php
<20:29:00> [MSG] Пользователь "lucors" вышел
<20:30:47> [MSG] Запрошен login.php
<20:30:47> [MSG] Аутентифицирован пользователь "lucors"
<20:30:50> [MSG] Запрошен logout.php
<20:30:50> [MSG] Пользователь "lucors" вышел
<20:32:34> [MSG] Запрошен login.php
<20:32:34> [MSG] Аутентифицирован пользователь "lucors"
<20:32:36> [MSG] Запрошен logout.php
<20:32:36> [MSG] Пользователь "lucors" вышел
<20:33:00> [MSG] Запрошен login.php
<20:33:00> [MSG] Аутентифицирован пользователь "lucors"
<20:33:10> [MSG] Запрошен logout.php
<20:33:10> [MSG] Пользователь "lucors" вышел
<20:33:28> [MSG] Запрошен login.php
<20:33:28> [WARN] Переданы неверные значения login&pass
<20:33:28> [MSG] Запрошен login.php
<20:33:28> [WARN] Переданы неверные значения login&pass
<20:33:29> [MSG] Запрошен login.php
<20:33:29> [WARN] Переданы неверные значения login&pass
<20:33:33> [MSG] Запрошен login.php
<20:33:33> [MSG] Аутентифицирован пользователь "lucors"
<20:33:36> [MSG] Запрошен logout.php
<20:33:36> [MSG] Пользователь "lucors" вышел
<20:33:45> [MSG] Запрошен login.php
<20:33:45> [MSG] Аутентифицирован пользователь "lucors"
<20:33:55> [MSG] Запрошен logout.php
<20:33:55> [MSG] Пользователь "lucors" вышел
<20:35:32> [MSG] Запрошен login.php
<20:35:32> [MSG] Аутентифицирован пользователь "lucors"
<20:35:35> [MSG] Запрошен logout.php
<20:35:35> [MSG] Пользователь "lucors" вышел
<20:37:15> [MSG] Запрошен login.php
<20:37:15> [MSG] Аутентифицирован пользователь "lucors"
<20:37:30> [MSG] Запрошен logout.php
<20:37:30> [MSG] Пользователь "lucors" вышел
<20:37:36> [MSG] Запрошен login.php
<20:37:36> [MSG] Аутентифицирован пользователь "lucors"
<20:52:15> [MSG] Запрошен login.php
<20:52:15> [DEBUG] Попытка аутен. ранее аутентифиц. пользователя "lucors"
<20:55:19> [MSG] Запрошен logout.php
<20:55:19> [MSG] Пользователь "lucors" вышел
<20:55:34> [MSG] Запрошен login.php
<20:55:35> [MSG] Аутентифицирован пользователь "lucors"
<20:57:20> [MSG] Запрошен logout.php
<20:57:20> [MSG] Пользователь "lucors" вышел
<20:57:31> [MSG] Запрошен login.php
<20:57:31> [MSG] Аутентифицирован пользователь "lucors"
<20:57:33> [MSG] Запрошен logout.php
<20:57:33> [MSG] Пользователь "lucors" вышел
<21:00:37> [MSG] Запрошен login.php
<21:00:37> [MSG] Аутентифицирован пользователь "lucors"
<21:00:38> [MSG] Запрошен logout.php
<21:00:38> [MSG] Пользователь "lucors" вышел
<21:11:50> [MSG] Запрошен login.php
<21:11:50> [MSG] Аутентифицирован пользователь "lucors"
<21:11:55> [MSG] Запрошен logout.php
<21:11:55> [MSG] Пользователь "lucors" вышел
<21:11:58> [MSG] Запрошен login.php
<21:11:58> [MSG] Аутентифицирован пользователь "lucors"
<21:12:00> [MSG] Запрошен logout.php
<21:12:00> [MSG] Пользователь "lucors" вышел
<21:12:02> [MSG] Запрошен login.php
<21:12:02> [MSG] Аутентифицирован пользователь "lucors"
<21:12:38> [MSG] Запрошен logout.php
<21:12:38> [MSG] Пользователь "lucors" вышел
<21:14:10> [MSG] Запрошен login.php
<21:14:10> [MSG] Аутентифицирован пользователь "lucors"
<21:15:09> [MSG] Запрошен logout.php
<21:15:09> [MSG] Пользователь "lucors" вышел
<21:20:15> [MSG] Запрошен login.php
<21:20:15> [MSG] Аутентифицирован пользователь "lucors"
<21:20:20> [MSG] Запрошен logout.php
<21:20:20> [MSG] Пользователь "lucors" вышел
<21:20:23> [MSG] Запрошен login.php
<21:20:23> [MSG] Аутентифицирован пользователь "lucors"
<21:20:25> [MSG] Запрошен logout.php
<21:20:25> [MSG] Пользователь "lucors" вышел
<21:20:27> [MSG] Запрошен login.php
<21:20:27> [MSG] Аутентифицирован пользователь "lucors"
<21:20:29> [MSG] Запрошен logout.php
<21:20:29> [MSG] Пользователь "lucors" вышел
<21:22:03> [MSG] Запрошен login.php
<21:22:03> [MSG] Аутентифицирован пользователь "lucors"
<21:22:07> [MSG] Запрошен logout.php
<21:22:07> [MSG] Пользователь "lucors" вышел
<21:22:10> [MSG] Запрошен login.php
<21:22:10> [MSG] Аутентифицирован пользователь "lucors"
<21:22:12> [MSG] Запрошен logout.php
<21:22:12> [MSG] Пользователь "lucors" вышел
<21:22:16> [MSG] Запрошен login.php
<21:22:16> [MSG] Аутентифицирован пользователь "lucors"
<21:22:18> [MSG] Запрошен logout.php
<21:22:18> [MSG] Пользователь "lucors" вышел
<21:22:21> [MSG] Запрошен login.php
<21:22:21> [MSG] Аутентифицирован пользователь "lucors"
<21:22:23> [MSG] Запрошен logout.php
<21:22:23> [MSG] Пользователь "lucors" вышел
<21:33:28> [MSG] Запрошен logout.php
<21:33:28> [WARN] Попытка выхода не аутентифиц. пользователя
<21:35:07> [MSG] Запрошен login.php
<21:35:07> [MSG] Аутентифицирован пользователь "lucors"
<21:35:11> [MSG] Запрошен logout.php
<21:35:11> [MSG] Пользователь "lucors" вышел
<21:35:13> [MSG] Запрошен login.php
<21:35:13> [MSG] Аутентифицирован пользователь "lucors"
<21:35:15> [MSG] Запрошен logout.php
<21:35:15> [MSG] Пользователь "lucors" вышел
<21:37:58> [MSG] Запрошен logout.php
<21:37:58> [WARN] Попытка выхода не аутентифиц. пользователя
<21:38:22> [MSG] Запрошен login.php
<21:38:22> [MSG] Аутентифицирован пользователь "lucors"
<21:45:47> [MSG] Запрошен logout.php
<21:45:47> [MSG] Пользователь "lucors" вышел
<21:49:49> [MSG] Запрошен login.php
<21:49:49> [MSG] Аутентифицирован пользователь "lucors"
<21:52:19> [MSG] Запрошен logout.php
<21:52:19> [MSG] Пользователь "lucors" вышел
<21:53:44> [MSG] Запрошен login.php
<21:53:44> [MSG] Аутентифицирован пользователь "lucors"
<21:57:23> [MSG] Запрошен logout.php
<21:57:23> [MSG] Пользователь "lucors" вышел
<21:58:58> [MSG] Запрошен login.php
<21:58:58> [MSG] Аутентифицирован пользователь "lucors"
<21:59:04> [MSG] Запрошен logout.php
<21:59:04> [MSG] Пользователь "lucors" вышел
<22:00:28> [MSG] Запрошен login.php
<22:00:28> [MSG] Аутентифицирован пользователь "lucors"
<22:02:07> [MSG] Запрошен logout.php
<22:02:07> [MSG] Пользователь "lucors" вышел
<22:02:49> [MSG] Запрошен login.php
<22:02:49> [MSG] Аутентифицирован пользователь "lucors"
<22:03:19> [MSG] Запрошен logout.php
<22:03:19> [MSG] Пользователь "lucors" вышел
<22:03:21> [MSG] Запрошен login.php
<22:03:22> [MSG] Аутентифицирован пользователь "lucors"
<22:04:22> [MSG] Запрошен logout.php
<22:04:22> [MSG] Пользователь "lucors" вышел
<22:04:27> [MSG] Запрошен login.php
<22:04:27> [MSG] Аутентифицирован пользователь "lucors"
<22:05:06> [MSG] Запрошен logout.php
<22:05:06> [MSG] Пользователь "lucors" вышел
<22:05:08> [MSG] Запрошен login.php
<22:05:08> [MSG] Аутентифицирован пользователь "lucors"
<22:07:52> [MSG] Запрошен logout.php
<22:07:52> [MSG] Пользователь "lucors" вышел
<22:08:06> [MSG] Запрошен login.php
<22:08:06> [MSG] Аутентифицирован пользователь "lucors"
<22:10:41> [MSG] Запрошен logout.php
<22:10:41> [MSG] Пользователь "lucors" вышел
<22:14:33> [MSG] Запрошен login.php
<22:14:33> [ERROR] Введен неверный пароль пользователя "lucors"
<22:14:34> [MSG] Запрошен login.php
<22:14:34> [ERROR] Введен неверный пароль пользователя "lucors"
<22:14:35> [MSG] Запрошен login.php
<22:14:35> [ERROR] Введен неверный пароль пользователя "lucors"
<22:14:37> [MSG] Запрошен login.php
<22:14:37> [ERROR] Введен неверный пароль пользователя "lucors"
<22:14:45> [MSG] Запрошен login.php
<22:14:45> [ERROR] Введен неверный пароль пользователя "lucors"
<22:14:46> [MSG] Запрошен login.php
<22:14:47> [ERROR] Введен неверный пароль пользователя "lucors"
<22:14:54> [MSG] Запрошен login.php
<22:14:54> [ERROR] Введен неверный пароль пользователя "lucors"
<22:14:55> [MSG] Запрошен login.php
<22:14:55> [ERROR] Введен неверный пароль пользователя "lucors"
<22:14:58> [MSG] Запрошен login.php
<22:14:58> [MSG] Аутентифицирован пользователь "lucors"
<22:18:38> [MSG] Запрошен logout.php
<22:18:38> [MSG] Пользователь "lucors" вышел
<22:22:41> [MSG] Запрошен login.php
<22:22:41> [MSG] Аутентифицирован пользователь "lucors"
<22:59:23> [MSG] Запрошен logout.php
<22:59:23> [MSG] Пользователь "lucors" вышел
<22:59:32> [MSG] Запрошен login.php
<22:59:32> [MSG] Аутентифицирован пользователь "lucors"
<22:59:36> [MSG] Запрошен logout.php
<22:59:36> [MSG] Пользователь "lucors" вышел
<22:59:38> [MSG] Запрошен login.php
<22:59:38> [MSG] Аутентифицирован пользователь "lucors"
<22:59:48> [MSG] Запрошен logout.php
<22:59:48> [MSG] Пользователь "lucors" вышел
<23:00:54> [MSG] Запрошен login.php
<23:00:54> [MSG] Аутентифицирован пользователь "lucors"
<23:01:07> [MSG] Запрошен logout.php
<23:01:07> [MSG] Пользователь "lucors" вышел
<23:13:41> [MSG] Запрошен login.php
<23:13:41> [MSG] Аутентифицирован пользователь "lucors"
<23:13:43> [MSG] Запрошен logout.php
<23:13:43> [MSG] Пользователь "lucors" вышел
<23:13:51> [MSG] Запрошен login.php
<23:13:51> [MSG] Аутентифицирован пользователь "lucors"
<23:13:58> [MSG] Запрошен logout.php
<23:13:58> [MSG] Пользователь "lucors" вышел
