<02:04:30> [MSG] Запрошен login.php
<02:04:31> [MSG] Аутентифицирован пользователь "lucors"
<02:05:16> [MSG] Запрошен logout.php
<02:05:16> [MSG] Пользователь "lucors" вышел
<02:05:48> [MSG] Запрошен login.php
<02:05:48> [MSG] Аутентифицирован пользователь "lucors"
<02:05:58> [MSG] Запрошен logout.php
<02:05:58> [MSG] Пользователь "lucors" вышел
<02:24:07> [MSG] Запрошен login.php
<02:24:07> [MSG] Аутентифицирован пользователь "lucors"
<02:25:00> [MSG] Запрошен logout.php
<02:25:00> [MSG] Пользователь "lucors" вышел
<02:25:05> [MSG] Запрошен login.php
<02:25:05> [MSG] Аутентифицирован пользователь "lucors"
<02:26:30> [MSG] Запрошен logout.php
<02:26:30> [MSG] Пользователь "lucors" вышел
<02:30:08> [MSG] Запрошен login.php
<02:30:08> [MSG] Аутентифицирован пользователь "lucors"
<03:04:48> [MSG] Запрошен login.php
<03:04:48> [MSG] Аутентифицирован пользователь "lucors"
<03:04:56> [MSG] Запрошен logout.php
<03:04:56> [MSG] Пользователь "lucors" вышел
<03:04:58> [MSG] Запрошен login.php
<03:04:58> [MSG] Аутентифицирован пользователь "lucors"
<03:05:05> [MSG] Запрошен logout.php
<03:05:05> [MSG] Пользователь "lucors" вышел
<03:09:13> [MSG] Запрошен login.php
<03:09:13> [MSG] Аутентифицирован пользователь "lucors"
<03:09:35> [MSG] Запрошен logout.php
<03:09:35> [MSG] Пользователь "lucors" вышел
<03:10:13> [MSG] Запрошен login.php
<03:10:13> [MSG] Аутентифицирован пользователь "lucors"
<03:10:21> [MSG] Запрошен logout.php
<03:10:21> [MSG] Пользователь "lucors" вышел
<03:12:40> [MSG] Запрошен login.php
<03:12:40> [MSG] Аутентифицирован пользователь "lucors"
<03:12:45> [MSG] Запрошен logout.php
<03:12:45> [MSG] Пользователь "lucors" вышел
<03:13:19> [MSG] Запрошен login.php
<03:13:19> [MSG] Аутентифицирован пользователь "lucors"
<03:13:43> [MSG] Запрошен logout.php
<03:13:43> [MSG] Пользователь "lucors" вышел
<03:14:06> [MSG] Запрошен login.php
<03:14:06> [MSG] Аутентифицирован пользователь "lucors"
<03:15:31> [MSG] Запрошен logout.php
<03:15:31> [MSG] Пользователь "lucors" вышел
<03:28:19> [MSG] Запрошен login.php
<03:28:19> [MSG] Аутентифицирован пользователь "lucors"
<03:28:47> [MSG] Запрошен logout.php
<03:28:47> [MSG] Пользователь "lucors" вышел
<03:28:50> [MSG] Запрошен login.php
<03:28:50> [MSG] Аутентифицирован пользователь "lucors"
<03:28:53> [MSG] Запрошен logout.php
<03:28:53> [MSG] Пользователь "lucors" вышел
<04:06:35> [MSG] Запрошен login.php
<04:06:35> [MSG] Аутентифицирован пользователь "lucors"
<04:07:24> [MSG] Запрошен logout.php
<04:07:24> [MSG] Пользователь "lucors" вышел
<04:07:37> [MSG] Запрошен login.php
<04:07:37> [MSG] Аутентифицирован пользователь "lucors"
<04:09:53> [MSG] Запрошен logout.php
<04:09:53> [MSG] Пользователь "lucors" вышел
<04:11:29> [MSG] Запрошен login.php
<04:11:29> [MSG] Аутентифицирован пользователь "lucors"
<04:12:51> [MSG] Запрошен logout.php
<04:12:51> [MSG] Пользователь "lucors" вышел
<04:12:54> [MSG] Запрошен login.php
<04:12:54> [MSG] Аутентифицирован пользователь "lucors"
<04:12:57> [MSG] Запрошен logout.php
<04:12:57> [MSG] Пользователь "lucors" вышел
<04:13:15> [MSG] Запрошен login.php
<04:13:15> [MSG] Аутентифицирован пользователь "lucors"
<04:13:36> [MSG] Запрошен logout.php
<04:13:36> [MSG] Пользователь "lucors" вышел
<04:13:50> [MSG] Запрошен login.php
<04:13:50> [MSG] Аутентифицирован пользователь "lucors"
<04:15:13> [MSG] Запрошен logout.php
<04:15:13> [MSG] Пользователь "lucors" вышел
<04:15:18> [MSG] Запрошен login.php
<04:15:18> [MSG] Аутентифицирован пользователь "lucors"
<04:15:21> [MSG] Запрошен logout.php
<04:15:21> [MSG] Пользователь "lucors" вышел
<04:21:11> [MSG] Запрошен login.php
<04:21:11> [MSG] Аутентифицирован пользователь "lucors"
<04:21:27> [MSG] Запрошен login.php
<04:21:27> [DEBUG] Попытка аутен. ранее аутентифиц. пользователя "lucors"
<04:21:29> [MSG] Запрошен logout.php
<04:21:29> [MSG] Пользователь "lucors" вышел
<04:21:31> [MSG] Запрошен login.php
<04:21:31> [MSG] Аутентифицирован пользователь "lucors"
<04:27:19> [MSG] Запрошен logout.php
<04:27:19> [MSG] Пользователь "lucors" вышел
<04:27:25> [MSG] Запрошен login.php
<04:27:25> [MSG] Аутентифицирован пользователь "lucors"
<04:36:14> [MSG] Запрошен logout.php
<04:36:14> [MSG] Пользователь "lucors" вышел
<04:37:33> [MSG] Запрошен login.php
<04:37:33> [MSG] Аутентифицирован пользователь "lucors"
<04:37:35> [MSG] Запрошен logout.php
<04:37:35> [MSG] Пользователь "lucors" вышел
<06:36:49> [MSG] Запрошен logout.php
<06:36:49> [MSG] Пользователь "lucors" вышел
<09:01:07> [MSG] Запрошен login.php
<09:01:07> [MSG] Аутентифицирован пользователь "lucors"
<10:29:13> [MSG] Запрошен login.php
<10:29:13> [MSG] Аутентифицирован пользователь "lucors"
<10:29:33> [MSG] Запрошен logout.php
<10:29:33> [MSG] Пользователь "lucors" вышел
<10:30:01> [MSG] Запрошен login.php
<10:30:01> [MSG] Аутентифицирован пользователь "lucors"
<10:30:14> [MSG] Запрошен logout.php
<10:30:14> [MSG] Пользователь "lucors" вышел
<10:30:25> [MSG] Запрошен login.php
<10:30:25> [MSG] Аутентифицирован пользователь "lucors"
<10:58:31> [MSG] Запрошен logout.php
<10:58:31> [MSG] Пользователь "lucors" вышел
<10:59:19> [MSG] Запрошен login.php
<10:59:19> [MSG] Аутентифицирован пользователь "lucors"
<10:59:31> [MSG] Запрошен logout.php
<10:59:31> [MSG] Пользователь "lucors" вышел
<11:00:18> [MSG] Запрошен login.php
<11:00:18> [MSG] Аутентифицирован пользователь "lucors"
<11:02:03> [MSG] Запрошен logout.php
<11:02:03> [MSG] Пользователь "lucors" вышел
<11:02:05> [MSG] Запрошен logout.php
<11:02:05> [WARN] Попытка выхода не аутентифиц. пользователя
<11:05:31> [MSG] Запрошен login.php
<11:05:31> [MSG] Аутентифицирован пользователь "lucors"
<11:06:47> [MSG] Запрошен logout.php
<11:06:47> [MSG] Пользователь "lucors" вышел
<11:07:55> [MSG] Запрошен login.php
<11:07:55> [MSG] Аутентифицирован пользователь "lucors"
<11:08:13> [MSG] Запрошен logout.php
<11:08:13> [MSG] Пользователь "lucors" вышел
<11:15:29> [MSG] Запрошен login.php
<11:15:29> [MSG] Аутентифицирован пользователь "lucors"
<11:21:01> [MSG] Запрошен logout.php
<11:21:01> [MSG] Пользователь "lucors" вышел
<11:21:05> [MSG] Запрошен login.php
<11:21:06> [MSG] Аутентифицирован пользователь "lucors"
<11:21:11> [MSG] Запрошен login.php
<11:21:11> [DEBUG] Попытка аутен. ранее аутентифиц. пользователя "lucors"
<11:21:45> [MSG] Запрошен login.php
<11:21:45> [DEBUG] Попытка аутен. ранее аутентифиц. пользователя "lucors"
<11:22:21> [MSG] Запрошен login.php
<11:22:21> [DEBUG] Попытка аутен. ранее аутентифиц. пользователя "lucors"
<11:23:39> [MSG] Запрошен login.php
<11:23:39> [DEBUG] Попытка аутен. ранее аутентифиц. пользователя "lucors"
<11:23:41> [MSG] Запрошен login.php
<11:23:41> [DEBUG] Попытка аутен. ранее аутентифиц. пользователя "lucors"
<11:25:37> [MSG] Запрошен login.php
<11:25:37> [DEBUG] Попытка аутен. ранее аутентифиц. пользователя "lucors"
<11:25:38> [MSG] Запрошен logout.php
<11:25:38> [MSG] Пользователь "lucors" вышел
<11:25:40> [MSG] Запрошен login.php
<11:25:40> [MSG] Аутентифицирован пользователь "lucors"
<11:26:35> [MSG] Запрошен login.php
<11:26:35> [DEBUG] Попытка аутен. ранее аутентифиц. пользователя "lucors"
<11:26:37> [MSG] Запрошен logout.php
<11:26:37> [MSG] Пользователь "lucors" вышел
<11:26:42> [MSG] Запрошен logout.php
<11:26:42> [WARN] Попытка выхода не аутентифиц. пользователя
<11:26:44> [MSG] Запрошен logout.php
<11:26:44> [WARN] Попытка выхода не аутентифиц. пользователя
<11:26:46> [MSG] Запрошен logout.php
<11:26:46> [WARN] Попытка выхода не аутентифиц. пользователя
<11:26:48> [MSG] Запрошен logout.php
<11:26:48> [WARN] Попытка выхода не аутентифиц. пользователя
<11:27:09> [MSG] Запрошен login.php
<11:27:10> [MSG] Аутентифицирован пользователь "lucors"
<11:27:12> [MSG] Запрошен logout.php
<11:27:12> [MSG] Пользователь "lucors" вышел
<11:27:27> [MSG] Запрошен login.php
<11:27:27> [MSG] Аутентифицирован пользователь "lucors"
<11:27:35> [MSG] Запрошен login.php
<11:27:35> [DEBUG] Попытка аутен. ранее аутентифиц. пользователя "lucors"
<11:27:35> [MSG] Запрошен logout.php
<11:27:35> [MSG] Пользователь "lucors" вышел
<11:28:13> [MSG] Запрошен login.php
<11:28:13> [MSG] Аутентифицирован пользователь "lucors"
<11:28:17> [MSG] Запрошен login.php
<11:28:17> [DEBUG] Попытка аутен. ранее аутентифиц. пользователя "lucors"
<11:28:18> [MSG] Запрошен logout.php
<11:28:18> [MSG] Пользователь "lucors" вышел
<11:28:20> [MSG] Запрошен login.php
<11:28:20> [MSG] Аутентифицирован пользователь "lucors"
<11:46:13> [MSG] Запрошен login.php
<11:46:13> [DEBUG] Попытка аутен. ранее аутентифиц. пользователя "lucors"
<11:46:15> [MSG] Запрошен logout.php
<11:46:15> [MSG] Пользователь "lucors" вышел
<11:46:17> [MSG] Запрошен login.php
<11:46:17> [MSG] Аутентифицирован пользователь "lucors"
<12:00:44> [MSG] Запрошен login.php
<12:00:44> [MSG] Аутентифицирован пользователь "lucors"
<12:01:25> [MSG] Запрошен logout.php
<12:01:25> [MSG] Пользователь "lucors" вышел
<12:01:33> [MSG] Запрошен logout.php
<12:01:33> [MSG] Пользователь "lucors" вышел
<12:01:54> [MSG] Запрошен login.php
<12:01:54> [MSG] Аутентифицирован пользователь "lucors"
<12:01:59> [MSG] Запрошен login.php
<12:01:59> [MSG] Аутентифицирован пользователь "lucors"
<12:02:44> [MSG] Запрошен logout.php
<12:02:44> [MSG] Пользователь "lucors" вышел
<12:02:48> [MSG] Запрошен login.php
<12:02:48> [MSG] Аутентифицирован пользователь "lucors"
<12:04:09> [MSG] Запрошен login.php
<12:04:09> [MSG] Аутентифицирован пользователь "lucors"
<12:05:36> [MSG] Запрошен logout.php
<12:05:36> [MSG] Пользователь "lucors" вышел
<12:05:44> [MSG] Запрошен login.php
<12:05:45> [MSG] Аутентифицирован пользователь "lucors"
<12:05:53> [MSG] Запрошен logout.php
<12:05:53> [MSG] Пользователь "lucors" вышел
<12:05:59> [MSG] Запрошен login.php
<12:05:59> [MSG] Аутентифицирован пользователь "lucors"
<12:06:47> [MSG] Запрошен logout.php
<12:06:47> [MSG] Пользователь "lucors" вышел
<12:07:09> [MSG] Запрошен login.php
<12:07:10> [MSG] Аутентифицирован пользователь "lucors"
<12:07:13> [MSG] Запрошен logout.php
<12:07:13> [MSG] Пользователь "lucors" вышел
<12:07:50> [MSG] Запрошен login.php
<12:07:50> [MSG] Аутентифицирован пользователь "lucors"
<12:07:53> [MSG] Запрошен logout.php
<12:07:53> [MSG] Пользователь "lucors" вышел
<12:08:01> [MSG] Запрошен login.php
<12:08:02> [MSG] Аутентифицирован пользователь "lucors"
<12:08:04> [MSG] Запрошен logout.php
<12:08:04> [MSG] Пользователь "lucors" вышел
<12:08:42> [MSG] Запрошен login.php
<12:08:42> [MSG] Аутентифицирован пользователь "lucors"
<12:13:45> [MSG] Запрошен logout.php
<12:13:45> [MSG] Пользователь "lucors" вышел
<12:13:49> [MSG] Запрошен login.php
<12:13:49> [MSG] Аутентифицирован пользователь "lucors"
<12:13:54> [MSG] Запрошен logout.php
<12:13:54> [MSG] Пользователь "lucors" вышел
<12:13:56> [MSG] Запрошен login.php
<12:13:56> [MSG] Аутентифицирован пользователь "lucors"
<12:14:00> [MSG] Запрошен logout.php
<12:14:00> [MSG] Пользователь "lucors" вышел
<12:35:14> [MSG] Запрошен login.php
<12:35:14> [MSG] Аутентифицирован пользователь "lucors"
<12:36:18> [MSG] Запрошен logout.php
<12:36:18> [MSG] Пользователь "lucors" вышел
<12:36:38> [MSG] Запрошен login.php
<12:36:38> [ERROR] Введен неверный пароль пользователя "lucors"
<12:36:39> [MSG] Запрошен login.php
<12:36:39> [ERROR] Введен неверный пароль пользователя "lucors"
<12:36:39> [MSG] Запрошен login.php
<12:36:40> [ERROR] Введен неверный пароль пользователя "lucors"
<12:36:40> [MSG] Запрошен login.php
<12:36:40> [ERROR] Введен неверный пароль пользователя "lucors"
<12:36:40> [MSG] Запрошен login.php
<12:36:40> [ERROR] Введен неверный пароль пользователя "lucors"
<12:36:40> [MSG] Запрошен login.php
<12:36:40> [ERROR] Введен неверный пароль пользователя "lucors"
<12:36:40> [MSG] Запрошен login.php
<12:36:40> [ERROR] Введен неверный пароль пользователя "lucors"
<12:36:40> [MSG] Запрошен login.php
<12:36:41> [ERROR] Введен неверный пароль пользователя "lucors"
<12:36:44> [MSG] Запрошен login.php
<12:36:44> [ERROR] Введен неверный пароль пользователя "lucors"
<12:36:47> [MSG] Запрошен login.php
<12:36:47> [MSG] Аутентифицирован пользователь "lucors"
<12:40:39> [MSG] Запрошен login.php
<12:40:39> [MSG] Аутентифицирован пользователь "lucors"
<12:40:46> [MSG] Запрошен logout.php
<12:40:46> [MSG] Пользователь "lucors" вышел
<12:41:32> [MSG] Запрошен login.php
<12:41:33> [MSG] Аутентифицирован пользователь "lucors"
<12:41:40> [MSG] Запрошен login.php
<12:41:40> [MSG] Аутентифицирован пользователь "lucors"
<12:42:28> [MSG] Запрошен logout.php
<12:42:28> [MSG] Пользователь "lucors" вышел
<12:42:34> [MSG] Запрошен logout.php
<12:42:34> [MSG] Пользователь "lucors" вышел
<12:42:38> [MSG] Запрошен login.php
<12:42:38> [MSG] Аутентифицирован пользователь "lucors"
<12:42:56> [MSG] Запрошен logout.php
<12:42:56> [MSG] Пользователь "lucors" вышел
<12:43:01> [MSG] Запрошен login.php
<12:43:01> [MSG] Аутентифицирован пользователь "lucors"
<12:43:30> [MSG] Запрошен logout.php
<12:43:30> [MSG] Пользователь "lucors" вышел
<12:43:37> [MSG] Запрошен login.php
<12:43:37> [MSG] Аутентифицирован пользователь "lucors"
<12:43:40> [MSG] Запрошен logout.php
<12:43:40> [MSG] Пользователь "lucors" вышел
<12:43:44> [MSG] Запрошен login.php
<12:43:44> [MSG] Аутентифицирован пользователь "lucors"
<12:43:47> [MSG] Запрошен logout.php
<12:43:47> [MSG] Пользователь "lucors" вышел
<21:56:09> [MSG] Запрошен login.php
<21:56:09> [MSG] Аутентифицирован пользователь "lucors"
<21:56:11> [MSG] Запрошен logout.php
<21:56:11> [MSG] Пользователь "lucors" вышел
<21:56:17> [MSG] Запрошен login.php
<21:56:17> [MSG] Аутентифицирован пользователь "lucors"
<21:56:19> [MSG] Запрошен logout.php
<21:56:19> [MSG] Пользователь "lucors" вышел
<21:56:22> [MSG] Запрошен login.php
<21:56:22> [MSG] Аутентифицирован пользователь "lucors"
<21:56:33> [MSG] Запрошен logout.php
<21:56:33> [MSG] Пользователь "lucors" вышел
<21:56:37> [MSG] Запрошен login.php
<21:56:37> [MSG] Аутентифицирован пользователь "lucors"
<21:56:39> [MSG] Запрошен logout.php
<21:56:39> [MSG] Пользователь "lucors" вышел
<21:56:43> [MSG] Запрошен login.php
<21:56:43> [MSG] Аутентифицирован пользователь "lucors"
<21:56:51> [MSG] Запрошен logout.php
<21:56:51> [MSG] Пользователь "lucors" вышел
<21:56:55> [MSG] Запрошен login.php
<21:56:55> [MSG] Аутентифицирован пользователь "lucors"
<21:58:27> [MSG] Запрошен login.php
<21:58:27> [DEBUG] Попытка аутен. ранее аутентифиц. пользователя "lucors"
<21:58:29> [MSG] Запрошен logout.php
<21:58:29> [MSG] Пользователь "lucors" вышел
<21:58:31> [MSG] Запрошен login.php
<21:58:31> [MSG] Аутентифицирован пользователь "lucors"
<21:58:39> [MSG] Запрошен logout.php
<21:58:39> [MSG] Пользователь "lucors" вышел
<21:58:40> [MSG] Запрошен login.php
<21:58:40> [MSG] Аутентифицирован пользователь "lucors"
<21:58:42> [MSG] Запрошен logout.php
<21:58:42> [MSG] Пользователь "lucors" вышел
<21:58:46> [MSG] Запрошен login.php
<21:58:46> [MSG] Аутентифицирован пользователь "lucors"
<21:58:58> [MSG] Запрошен logout.php
<21:58:58> [MSG] Пользователь "lucors" вышел
<21:59:02> [MSG] Запрошен login.php
<21:59:02> [MSG] Аутентифицирован пользователь "lucors"
<21:59:48> [MSG] Запрошен logout.php
<21:59:48> [MSG] Пользователь "lucors" вышел
<21:59:53> [MSG] Запрошен login.php
<21:59:53> [MSG] Аутентифицирован пользователь "lucors"
<22:00:08> [MSG] Запрошен logout.php
<22:00:08> [MSG] Пользователь "lucors" вышел
<22:00:37> [MSG] Запрошен login.php
<22:00:37> [MSG] Аутентифицирован пользователь "lucors"
<22:03:34> [MSG] Запрошен login.php
<22:03:34> [WARN] Не найден пользователь "Yvg"
<22:03:37> [MSG] Запрошен login.php
<22:03:37> [WARN] Не найден пользователь "Yvg"
<22:24:46> [MSG] Запрошен logout.php
<22:24:46> [MSG] Пользователь "lucors" вышел
<22:26:18> [MSG] Запрошен login.php
<22:26:18> [MSG] Аутентифицирован пользователь "lucors"
<22:26:55> [MSG] Запрошен logout.php
<22:26:55> [MSG] Пользователь "lucors" вышел
<22:29:20> [MSG] Запрошен login.php
<22:29:20> [MSG] Аутентифицирован пользователь "lucors"
<22:29:27> [MSG] Запрошен login.php
<22:29:27> [ERROR] Введен неверный пароль пользователя "lucors"
<22:29:30> [MSG] Запрошен login.php
<22:29:30> [ERROR] Введен неверный пароль пользователя "lucors"
<22:29:31> [MSG] Запрошен login.php
<22:29:31> [ERROR] Введен неверный пароль пользователя "lucors"
<22:29:34> [MSG] Запрошен login.php
<22:29:34> [ERROR] Введен неверный пароль пользователя "lucors"
<22:30:01> [MSG] Запрошен login.php
<22:30:01> [MSG] Аутентифицирован пользователь "lucors"
<22:30:03> [MSG] Запрошен logout.php
<22:30:03> [MSG] Пользователь "lucors" вышел
<22:33:20> [MSG] Запрошен login.php
<22:33:20> [ERROR] Введен неверный пароль пользователя "lucors"
<22:34:27> [MSG] Запрошен login.php
<22:34:27> [WARN] Не найден пользователь "привет"
<22:34:28> [MSG] Запрошен login.php
<22:34:28> [WARN] Не найден пользователь "привет"
<22:34:30> [MSG] Запрошен login.php
<22:34:30> [WARN] Не найден пользователь "привет"
<22:34:31> [MSG] Запрошен login.php
<22:34:31> [WARN] Не найден пользователь "привет"
<22:35:12> [MSG] Запрошен login.php
<22:35:12> [ERROR] Введен неверный пароль пользователя "lucors"
<22:35:16> [MSG] Запрошен login.php
<22:35:16> [MSG] Аутентифицирован пользователь "lucors"
<22:47:22> [MSG] Запрошен logout.php
<22:47:22> [MSG] Пользователь "lucors" вышел
<22:47:25> [MSG] Запрошен login.php
<22:47:25> [MSG] Аутентифицирован пользователь "lucors"
<22:48:00> [MSG] Запрошен login.php
<22:48:00> [MSG] Аутентифицирован пользователь "lucors"
<22:48:05> [MSG] Запрошен logout.php
<22:48:05> [MSG] Пользователь "lucors" вышел
<22:48:12> [MSG] Запрошен login.php
<22:48:12> [MSG] Аутентифицирован пользователь "lucors"
<22:48:59> [MSG] Запрошен login.php
<22:48:59> [MSG] Аутентифицирован пользователь "lucors"
<22:49:06> [MSG] Запрошен logout.php
<22:49:06> [MSG] Пользователь "lucors" вышел
<22:49:53> [MSG] Запрошен logout.php
<22:49:53> [WARN] Попытка выхода не аутентифиц. пользователя
<22:50:14> [MSG] Запрошен logout.php
<22:50:14> [WARN] Попытка выхода не аутентифиц. пользователя
<22:50:21> [MSG] Запрошен login.php
<22:50:21> [MSG] Аутентифицирован пользователь "lucors"
<22:50:34> [MSG] Запрошен logout.php
<22:50:34> [MSG] Пользователь "lucors" вышел
<22:50:41> [MSG] Запрошен login.php
<22:50:41> [MSG] Аутентифицирован пользователь "lucors"
<22:50:58> [MSG] Запрошен logout.php
<22:50:58> [MSG] Пользователь "lucors" вышел
<22:51:08> [MSG] Запрошен login.php
<22:51:08> [MSG] Аутентифицирован пользователь "lucors"
<22:55:26> [MSG] Запрошен logout.php
<22:55:26> [MSG] Пользователь "lucors" вышел
<23:12:05> [MSG] Запрошен login.php
<23:12:05> [MSG] Аутентифицирован пользователь "lucors"
<23:13:49> [MSG] Запрошен logout.php
<23:13:49> [MSG] Пользователь "lucors" вышел
<23:13:56> [MSG] Запрошен logout.php
<23:13:56> [MSG] Пользователь "lucors" вышел
<23:15:08> [MSG] Запрошен login.php
<23:15:08> [MSG] Аутентифицирован пользователь "lucors"
<23:15:23> [MSG] Запрошен logout.php
<23:15:23> [MSG] Пользователь "lucors" вышел
<23:15:35> [MSG] Запрошен login.php
<23:15:35> [WARN] Не найден пользователь "luc"
<23:15:44> [MSG] Запрошен login.php
<23:15:44> [WARN] Не найден пользователь "luc"
<23:21:36> [MSG] Запрошен login.php
<23:21:36> [MSG] Аутентифицирован пользователь "lucors"
