<00:03:27> [MSG] Запущена sse слушатель сообщений [deamon-msg-listen.php]
<00:03:32> [MSG] Запрошен settings.php
<00:03:32> [MSG] Запрошен rooms.php
<00:03:32> [MSG] Запрошен avatars.php
<00:03:40> [MSG] Запрошен users.php
<00:03:41> [MSG] Запрошен private-messages.php
<00:03:41> [MSG] Запущена sse слушатель сообщений [deamon-msg-listen.php]
<00:03:46> [MSG] Запрошен users.php
<00:06:18> [MSG] Запрошен settings.php
<00:06:18> [MSG] Запрошен avatars.php
<00:06:18> [MSG] Запрошен rooms.php
<00:06:44> [MSG] Запрошен settings.php
<00:06:44> [MSG] Запрошен avatars.php
<00:06:44> [MSG] Запрошен rooms.php
<12:08:00> [MSG] Запрошен login.php
<12:08:00> [WARN] Не найден пользователь "gryaznova2000@gmail.com"
<12:08:14> [MSG] Запрошен signup.php
<12:08:14> [MSG] Зарегистрирован пользователь "ann:gryaznova2000@gmail.com"
<12:08:14> [MSG] Запрошен settings.php
<12:08:14> [MSG] Запрошен avatars.php
<12:08:14> [MSG] Запрошен rooms.php
<12:08:58> [MSG] Запрошен avatars.php
<12:08:58> [MSG] Запрошен settings.php
<12:08:58> [MSG] Запрошен rooms.php
<13:17:20> [MSG] Запрошен avatars.php
<13:17:20> [MSG] Запрошен settings.php
<13:17:20> [MSG] Запрошен rooms.php
<13:17:25> [MSG] Запрошен avatars.php
<13:17:25> [MSG] Запрошен settings.php
<13:17:25> [MSG] Запрошен rooms.php
<13:18:03> [MSG] Запрошен avatars.php
<13:18:03> [MSG] Запрошен settings.php
<13:18:03> [MSG] Запрошен rooms.php
<13:36:29> [MSG] Запрошен avatars.php
<13:36:29> [MSG] Запрошен settings.php
<13:36:29> [MSG] Запрошен rooms.php
<13:36:32> [MSG] Запрошен settings.php
<13:36:32> [MSG] Запрошен rooms.php
<13:36:32> [MSG] Запрошен avatars.php
<13:51:04> [MSG] Запрошен settings.php
<13:51:04> [MSG] Запрошен rooms.php
<13:51:04> [MSG] Запрошен avatars.php
<13:54:13> [MSG] Запрошен settings.php
<13:54:13> [MSG] Запрошен avatars.php
<13:54:13> [MSG] Запрошен rooms.php
<13:58:46> [MSG] Запрошен avatars.php
<13:58:46> [MSG] Запрошен settings.php
<13:58:46> [MSG] Запрошен rooms.php
<14:03:39> [MSG] Запрошен avatars.php
<14:03:39> [MSG] Запрошен settings.php
<14:03:40> [MSG] Запрошен rooms.php
<14:07:08> [MSG] Запрошен avatars.php
<14:07:08> [MSG] Запрошен settings.php
<14:07:08> [MSG] Запрошен rooms.php
<14:10:14> [MSG] Запрошен avatars.php
<14:10:14> [MSG] Запрошен settings.php
<14:10:14> [MSG] Запрошен rooms.php
<14:12:21> [MSG] Запрошен settings.php
<14:12:21> [MSG] Запрошен avatars.php
<14:12:21> [MSG] Запрошен rooms.php
<14:14:42> [MSG] Запрошен avatars.php
<14:14:42> [MSG] Запрошен settings.php
<14:14:42> [MSG] Запрошен rooms.php
<14:17:05> [MSG] Запрошен settings.php
<14:17:05> [MSG] Запрошен rooms.php
<14:17:05> [MSG] Запрошен avatars.php
<14:43:48> [MSG] Запрошен avatars.php
<14:43:48> [MSG] Запрошен settings.php
<14:43:48> [MSG] Запрошен rooms.php
<14:48:35> [MSG] Запрошен avatars.php
<14:48:35> [MSG] Запрошен settings.php
<14:48:35> [MSG] Запрошен rooms.php
<14:50:00> [MSG] Запрошен avatars.php
<14:50:00> [MSG] Запрошен settings.php
<14:50:00> [MSG] Запрошен rooms.php
<14:50:28> [MSG] Запрошен settings.php
<14:50:28> [MSG] Запрошен avatars.php
<14:50:28> [MSG] Запрошен rooms.php
<14:51:35> [MSG] Запрошен avatars.php
<14:51:35> [MSG] Запрошен settings.php
<14:51:35> [MSG] Запрошен rooms.php
<14:52:02> [MSG] Запрошен avatars.php
<14:52:02> [MSG] Запрошен settings.php
<14:52:02> [MSG] Запрошен rooms.php
<14:52:33> [MSG] Запрошен avatars.php
<14:52:33> [MSG] Запрошен settings.php
<14:52:33> [MSG] Запрошен rooms.php
<14:57:10> [MSG] Запрошен avatars.php
<14:57:10> [MSG] Запрошен settings.php
<14:57:10> [MSG] Запрошен rooms.php
<14:57:34> [MSG] Запрошен avatars.php
<14:57:34> [MSG] Запрошен settings.php
<14:57:34> [MSG] Запрошен rooms.php
<14:58:07> [MSG] Запрошен settings.php
<14:58:07> [MSG] Запрошен rooms.php
<14:58:07> [MSG] Запрошен avatars.php
<14:59:10> [MSG] Запрошен avatars.php
<14:59:10> [MSG] Запрошен settings.php
<14:59:10> [MSG] Запрошен rooms.php
<15:02:00> [MSG] Запрошен settings.php
<15:02:00> [MSG] Запрошен avatars.php
<15:02:00> [MSG] Запрошен rooms.php
<15:03:12> [MSG] Запрошен avatars.php
<15:03:12> [MSG] Запрошен settings.php
<15:03:12> [MSG] Запрошен rooms.php
<15:07:31> [MSG] Запрошен avatars.php
<15:07:31> [MSG] Запрошен settings.php
<15:07:31> [MSG] Запрошен rooms.php
<15:14:08> [MSG] Запрошен avatars.php
<15:14:08> [MSG] Запрошен settings.php
<15:14:08> [MSG] Запрошен rooms.php
<15:14:10> [MSG] Запрошен avatars.php
<15:14:10> [MSG] Запрошен settings.php
<15:14:10> [MSG] Запрошен rooms.php
<15:14:12> [MSG] Запрошен users.php
<15:21:28> [MSG] Запрошен avatars.php
<15:21:28> [MSG] Запрошен settings.php
<15:21:28> [MSG] Запрошен rooms.php
<15:38:44> [MSG] Запрошен avatars.php
<15:38:44> [MSG] Запрошен settings.php
<15:38:44> [MSG] Запрошен rooms.php
<15:39:13> [MSG] Запрошен avatars.php
<15:39:13> [MSG] Запрошен settings.php
<15:39:13> [MSG] Запрошен rooms.php
<15:39:50> [MSG] Запрошен avatars.php
<15:39:50> [MSG] Запрошен settings.php
<15:39:50> [MSG] Запрошен rooms.php
<15:41:29> [MSG] Запрошен avatars.php
<15:41:29> [MSG] Запрошен settings.php
<15:41:29> [MSG] Запрошен rooms.php
<16:28:04> [MSG] Запрошен avatars.php
<16:28:04> [MSG] Запрошен settings.php
<16:28:04> [MSG] Запрошен rooms.php
<16:28:13> [MSG] Запрошен avatars.php
<16:28:13> [MSG] Запрошен settings.php
<16:28:13> [MSG] Запрошен rooms.php
<16:34:55> [MSG] Запрошен avatars.php
<16:34:55> [MSG] Запрошен settings.php
<16:34:55> [MSG] Запрошен rooms.php
<16:35:55> [MSG] Запрошен avatars.php
<16:35:55> [MSG] Запрошен settings.php
<16:35:55> [MSG] Запрошен rooms.php
<16:38:07> [MSG] Запрошен avatars.php
<16:38:07> [MSG] Запрошен settings.php
<16:38:07> [MSG] Запрошен rooms.php
<16:41:07> [MSG] Запрошен avatars.php
<16:41:07> [MSG] Запрошен settings.php
<16:41:07> [MSG] Запрошен rooms.php
<16:48:01> [MSG] Запрошен settings.php
<16:48:01> [MSG] Запрошен rooms.php
<16:48:01> [MSG] Запрошен avatars.php
<16:48:24> [MSG] Запрошен avatars.php
<16:48:24> [MSG] Запрошен settings.php
<16:48:24> [MSG] Запрошен rooms.php
<16:49:08> [MSG] Запрошен avatars.php
<16:49:08> [MSG] Запрошен settings.php
<16:49:08> [MSG] Запрошен rooms.php
<16:49:57> [MSG] Запрошен avatars.php
<16:49:57> [MSG] Запрошен settings.php
<16:49:57> [MSG] Запрошен rooms.php
<16:50:47> [MSG] Запрошен avatars.php
<16:50:47> [MSG] Запрошен settings.php
<16:50:47> [MSG] Запрошен rooms.php
<16:52:10> [MSG] Запрошен avatars.php
<16:52:10> [MSG] Запрошен settings.php
<16:52:10> [MSG] Запрошен rooms.php
<16:53:56> [MSG] Запрошен settings.php
<16:53:56> [MSG] Запрошен rooms.php
<16:53:56> [MSG] Запрошен avatars.php
<16:55:44> [MSG] Запрошен avatars.php
<16:55:44> [MSG] Запрошен settings.php
<16:55:44> [MSG] Запрошен rooms.php
<16:58:06> [MSG] Запрошен avatars.php
<16:58:06> [MSG] Запрошен settings.php
<16:58:06> [MSG] Запрошен rooms.php
<17:00:13> [MSG] Запрошен settings.php
<17:00:13> [MSG] Запрошен rooms.php
<17:00:13> [MSG] Запрошен avatars.php
<17:05:35> [MSG] Запрошен settings.php
<17:05:35> [MSG] Запрошен rooms.php
<17:05:35> [MSG] Запрошен avatars.php
<17:06:57> [MSG] Запрошен avatars.php
<17:06:57> [MSG] Запрошен settings.php
<17:06:57> [MSG] Запрошен rooms.php
<17:08:21> [MSG] Запрошен avatars.php
<17:08:21> [MSG] Запрошен settings.php
<17:08:21> [MSG] Запрошен rooms.php
<17:09:30> [MSG] Запрошен settings.php
<17:30:17> [MSG] Запрошен avatars.php
<17:30:17> [MSG] Запрошен settings.php
<17:30:17> [MSG] Запрошен rooms.php
<17:31:31> [MSG] Запрошен settings.php
<17:31:31> [MSG] Запрошен rooms.php
<17:31:31> [MSG] Запрошен avatars.php
<17:32:15> [MSG] Запрошен avatars.php
<17:32:15> [MSG] Запрошен settings.php
<17:32:15> [MSG] Запрошен rooms.php
<17:32:46> [MSG] Запрошен avatars.php
<17:32:46> [MSG] Запрошен settings.php
<17:32:46> [MSG] Запрошен rooms.php
<17:34:11> [MSG] Запрошен settings.php
<17:34:11> [MSG] Запрошен avatars.php
<17:34:11> [MSG] Запрошен rooms.php
<17:35:29> [MSG] Запрошен avatars.php
<17:35:29> [MSG] Запрошен settings.php
<17:35:29> [MSG] Запрошен rooms.php
<17:35:34> [MSG] Запрошен settings.php
<17:35:34> [MSG] Запрошен rooms.php
<17:35:34> [MSG] Запрошен avatars.php
<17:36:22> [MSG] Запрошен settings.php
<17:36:22> [MSG] Запрошен avatars.php
<17:36:22> [MSG] Запрошен rooms.php
<17:36:55> [MSG] Запрошен settings.php
<17:36:55> [MSG] Запрошен avatars.php
<17:36:55> [MSG] Запрошен rooms.php
<17:38:10> [MSG] Запрошен avatars.php
<17:38:10> [MSG] Запрошен settings.php
<17:38:10> [MSG] Запрошен rooms.php
<17:39:15> [MSG] Запрошен settings.php
<17:39:15> [MSG] Запрошен avatars.php
<17:39:15> [MSG] Запрошен rooms.php
<17:39:21> [MSG] Запрошен settings.php
<17:39:34> [MSG] Запрошен avatars.php
<17:39:34> [MSG] Запрошен settings.php
<17:39:34> [MSG] Запрошен rooms.php
<17:41:12> [MSG] Запрошен settings.php
<17:41:12> [MSG] Запрошен rooms.php
<17:41:12> [MSG] Запрошен avatars.php
<17:42:33> [MSG] Запрошен avatars.php
<17:42:33> [MSG] Запрошен settings.php
<17:42:33> [MSG] Запрошен rooms.php
<17:43:38> [MSG] Запрошен avatars.php
<17:43:38> [MSG] Запрошен settings.php
<17:43:38> [MSG] Запрошен rooms.php
<17:44:37> [MSG] Запрошен avatars.php
<17:44:37> [MSG] Запрошен settings.php
<17:44:37> [MSG] Запрошен rooms.php
<17:45:18> [MSG] Запрошен avatars.php
<17:45:18> [MSG] Запрошен settings.php
<17:45:18> [MSG] Запрошен rooms.php
<17:46:03> [MSG] Запрошен settings.php
<17:46:03> [MSG] Запрошен avatars.php
<17:46:03> [MSG] Запрошен rooms.php
<18:11:41> [MSG] Запрошен login.php
<18:11:41> [MSG] Аутентифицирован пользователь ""
<18:11:41> [MSG] Запрошен avatars.php
<18:11:41> [MSG] Запрошен rooms.php
<18:11:41> [MSG] Запрошен settings.php
<18:22:30> [MSG] Запрошен avatars.php
<18:22:30> [MSG] Запрошен settings.php
<18:22:30> [MSG] Запрошен rooms.php
<18:23:16> [MSG] Запрошен settings.php
<18:23:16> [MSG] Запрошен rooms.php
<18:23:16> [MSG] Запрошен avatars.php
<20:01:00> [MSG] Запрошен avatars.php
<20:01:00> [MSG] Запрошен settings.php
<20:01:00> [MSG] Запрошен rooms.php
<20:29:40> [MSG] Запрошен settings.php
<20:29:40> [MSG] Запрошен avatars.php
<20:29:40> [MSG] Запрошен rooms.php
<20:31:33> [MSG] Запрошен avatars.php
<20:31:33> [MSG] Запрошен settings.php
<20:31:33> [MSG] Запрошен rooms.php
<20:33:27> [MSG] Запрошен avatars.php
<20:33:27> [MSG] Запрошен rooms.php
<20:33:27> [MSG] Запрошен settings.php
<20:35:44> [MSG] Запрошен avatars.php
<20:35:44> [MSG] Запрошен settings.php
<20:35:44> [MSG] Запрошен rooms.php
<20:40:39> [MSG] Запрошен avatars.php
<20:40:39> [MSG] Запрошен settings.php
<20:40:39> [MSG] Запрошен rooms.php
<20:48:41> [MSG] Запрошен avatars.php
<20:48:41> [MSG] Запрошен settings.php
<20:48:41> [MSG] Запрошен rooms.php
<20:49:28> [MSG] Запрошен avatars.php
<20:49:28> [MSG] Запрошен settings.php
<20:49:28> [MSG] Запрошен rooms.php
<20:50:14> [MSG] Запрошен avatars.php
<20:50:14> [MSG] Запрошен settings.php
<20:50:14> [MSG] Запрошен rooms.php
<20:50:23> [MSG] Запрошен avatars.php
<20:50:23> [MSG] Запрошен settings.php
<20:50:23> [MSG] Запрошен rooms.php
<20:51:13> [MSG] Запрошен settings.php
<20:51:13> [MSG] Запрошен rooms.php
<20:51:13> [MSG] Запрошен avatars.php
<20:57:12> [MSG] Запрошен settings.php
<20:57:23> [MSG] Запрошен settings.php
<20:57:23> [MSG] Запрошен rooms.php
<20:57:23> [MSG] Запрошен avatars.php
<20:59:42> [MSG] Запрошен avatars.php
<20:59:42> [MSG] Запрошен settings.php
<20:59:42> [MSG] Запрошен rooms.php
<20:59:49> [MSG] Запрошен avatars.php
<20:59:49> [MSG] Запрошен rooms.php
<20:59:49> [MSG] Запрошен settings.php
<21:01:03> [MSG] Запрошен avatars.php
<21:01:03> [MSG] Запрошен settings.php
<21:01:03> [MSG] Запрошен rooms.php
<21:02:02> [MSG] Запрошен avatars.php
<21:02:02> [MSG] Запрошен settings.php
<21:02:02> [MSG] Запрошен rooms.php
<21:02:07> [MSG] Запрошен avatars.php
<21:02:07> [MSG] Запрошен settings.php
<21:02:07> [MSG] Запрошен rooms.php
<21:06:44> [MSG] Запрошен avatars.php
<21:06:44> [MSG] Запрошен settings.php
<21:06:44> [MSG] Запрошен rooms.php
<21:09:04> [MSG] Запрошен avatars.php
<21:09:04> [MSG] Запрошен settings.php
<21:09:04> [MSG] Запрошен rooms.php
<21:25:55> [MSG] Запрошен avatars.php
<21:25:55> [MSG] Запрошен settings.php
<21:25:55> [MSG] Запрошен rooms.php
<22:07:33> [MSG] Запрошен avatars.php
<22:07:33> [MSG] Запрошен settings.php
<22:07:33> [MSG] Запрошен rooms.php
<22:07:38> [MSG] Запрошен settings.php
<22:07:38> [MSG] Запрошен avatars.php
<22:07:38> [MSG] Запрошен rooms.php
<22:07:43> [MSG] Запрошен settings.php
<22:07:52> [MSG] Запрошен avatars.php
<22:07:52> [MSG] Запрошен settings.php
<22:07:52> [MSG] Запрошен rooms.php
<22:31:45> [MSG] Запрошен users.php
<22:31:46> [MSG] Запрошен users.php
<22:31:46> [MSG] Запрошен notifications.php
<22:31:51> [MSG] Запрошен users.php
<22:32:22> [MSG] Запрошен users.php
<22:33:33> [MSG] Запрошен avatars.php
<22:33:33> [MSG] Запрошен settings.php
<22:33:33> [MSG] Запрошен rooms.php
