<08:32:57> [MSG] Запрошен login.php
<08:32:57> [MSG] Аутентифицирован пользователь ""
<08:32:57> [MSG] Запрошен avatars.php
<08:32:57> [MSG] Запрошен settings.php
<08:32:57> [MSG] Запрошен rooms.php
<08:33:02> [MSG] Запрошен login.php
<08:33:02> [MSG] Аутентифицирован пользователь ""
<08:33:02> [MSG] Запрошен avatars.php
<08:33:02> [MSG] Запрошен settings.php
<08:33:02> [MSG] Запрошен rooms.php
<08:33:30> [MSG] Запрошен settings.php
<08:33:30> [MSG] Запрошен avatars.php
<08:33:30> [MSG] Запрошен rooms.php
<08:34:02> [MSG] Запрошен avatars.php
<08:34:02> [MSG] Запрошен settings.php
<08:34:02> [MSG] Запрошен rooms.php
<08:34:11> [MSG] Запрошен avatars.php
<08:34:11> [MSG] Запрошен settings.php
<08:34:11> [MSG] Запрошен rooms.php
<08:38:13> [MSG] Запрошен settings.php
<08:50:14> [MSG] Запрошен avatars.php
<08:50:14> [MSG] Запрошен settings.php
<08:50:14> [MSG] Запрошен rooms.php
<08:50:16> [MSG] Запрошен settings.php
<08:53:46> [MSG] Запрошен settings.php
<08:54:19> [MSG] Запрошен settings.php
<08:54:36> [MSG] Запрошен settings.php
<08:58:47> [MSG] Запрошен settings.php
<08:59:13> [MSG] Запрошен settings.php
<09:04:49> [MSG] Запрошен avatars.php
<09:04:49> [MSG] Запрошен settings.php
<09:04:49> [MSG] Запрошен rooms.php
<09:04:50> [MSG] Запрошен settings.php
<09:19:01> [MSG] Запрошен settings.php
<09:19:01> [MSG] Запрошен rooms.php
<09:19:01> [MSG] Запрошен avatars.php
<09:35:11> [MSG] Запрошен settings.php
<09:35:11> [MSG] Запрошен avatars.php
<09:35:11> [MSG] Запрошен rooms.php
<09:35:40> [MSG] Запрошен settings.php
<09:35:40> [MSG] Запрошен avatars.php
<09:35:40> [MSG] Запрошен rooms.php
<09:35:42> [MSG] Запрошен rating.php
<09:36:04> [MSG] Запрошен settings.php
<09:36:04> [MSG] Запрошен avatars.php
<09:36:04> [MSG] Запрошен rooms.php
<09:36:23> [MSG] Запрошен rating.php
<09:37:09> [MSG] Запрошен rating.php
<09:38:17> [MSG] Запрошен settings.php
<09:38:17> [MSG] Запрошен avatars.php
<09:38:17> [MSG] Запрошен rooms.php
<09:38:19> [MSG] Запрошен rating.php
<10:06:22> [MSG] Запрошен avatars.php
<10:06:22> [MSG] Запрошен settings.php
<10:06:22> [MSG] Запрошен rooms.php
<10:06:24> [MSG] Запрошен rating.php
<10:06:29> [MSG] Запрошен rating.php
<10:06:31> [MSG] Запрошен avatars.php
<10:06:31> [MSG] Запрошен settings.php
<10:06:31> [MSG] Запрошен rooms.php
<10:06:32> [MSG] Запрошен rating.php
<10:06:52> [MSG] Запрошен settings.php
<10:06:52> [MSG] Запрошен rooms.php
<10:06:52> [MSG] Запрошен avatars.php
<10:06:54> [MSG] Запрошен rating.php
<10:08:23> [MSG] Запрошен settings.php
<10:08:23> [MSG] Запрошен avatars.php
<10:08:23> [MSG] Запрошен rooms.php
<10:08:25> [MSG] Запрошен rating.php
<10:08:54> [MSG] Запрошен settings.php
<10:08:54> [MSG] Запрошен rooms.php
<10:08:54> [MSG] Запрошен avatars.php
<10:08:55> [MSG] Запрошен rating.php
<10:10:52> [MSG] Запрошен avatars.php
<10:10:52> [MSG] Запрошен settings.php
<10:10:52> [MSG] Запрошен rooms.php
<10:10:54> [MSG] Запрошен rating.php
<10:12:20> [MSG] Запрошен avatars.php
<10:12:20> [MSG] Запрошен settings.php
<10:12:20> [MSG] Запрошен rooms.php
<10:12:21> [MSG] Запрошен rating.php
<10:12:45> [MSG] Запрошен settings.php
<10:12:45> [MSG] Запрошен avatars.php
<10:12:45> [MSG] Запрошен rooms.php
<10:20:03> [MSG] Запрошен settings.php
<10:20:03> [MSG] Запрошен avatars.php
<10:20:03> [MSG] Запрошен rooms.php
<10:20:05> [MSG] Запрошен rating.php
<10:20:56> [MSG] Запрошен settings.php
<10:20:56> [MSG] Запрошен avatars.php
<10:20:56> [MSG] Запрошен rooms.php
<10:20:58> [MSG] Запрошен rating.php
<10:21:32> [MSG] Запрошен settings.php
<10:21:32> [MSG] Запрошен avatars.php
<10:21:32> [MSG] Запрошен rooms.php
<10:21:33> [MSG] Запрошен rating.php
<10:23:06> [MSG] Запрошен avatars.php
<10:23:06> [MSG] Запрошен settings.php
<10:23:06> [MSG] Запрошен rooms.php
<10:23:09> [MSG] Запрошен avatars.php
<10:23:09> [MSG] Запрошен settings.php
<10:23:09> [MSG] Запрошен rooms.php
<10:23:11> [MSG] Запрошен settings.php
<10:23:14> [MSG] Запрошен rating.php
<10:23:41> [MSG] Запрошен settings.php
<10:23:44> [MSG] Запрошен rating.php
<10:26:13> [MSG] Запрошен users.php
<10:26:14> [MSG] Запрошен private-messages.php
<10:26:14> [MSG] Запущена sse слушатель сообщений [deamon-msg-listen.php]
<10:26:18> [MSG] Запрошен rating.php
<10:26:22> [MSG] Запрошен users.php
<10:26:27> [MSG] Запрошен users.php
<10:27:34> [MSG] Запрошен users.php
<10:27:35> [MSG] Запрошен users.php
<10:28:13> [MSG] Запрошен login.php
<10:28:13> [MSG] Аутентифицирован пользователь ""
<10:28:13> [MSG] Запрошен avatars.php
<10:28:13> [MSG] Запрошен rooms.php
<10:28:13> [MSG] Запрошен settings.php
<10:28:18> [MSG] Запрошен users.php
<10:28:25> [MSG] Запрошен rating.php
<10:29:09> [MSG] Запрошен users.php
<10:29:19> [MSG] Запрошен rating.php
<10:29:39> [MSG] Запрошен avatars.php
<10:29:39> [MSG] Запрошен settings.php
<10:29:39> [MSG] Запрошен rooms.php
<10:29:41> [MSG] Запрошен rating.php
<10:34:01> [MSG] Запрошен settings.php
<10:34:01> [MSG] Запрошен rooms.php
<10:34:01> [MSG] Запрошен avatars.php
<10:34:03> [MSG] Запрошен rating.php
<10:34:53> [MSG] Запрошен settings.php
<10:34:53> [MSG] Запрошен rooms.php
<10:34:53> [MSG] Запрошен avatars.php
<10:34:55> [MSG] Запрошен rating.php
<10:35:09> [MSG] Запрошен settings.php
<10:35:09> [MSG] Запрошен rooms.php
<10:35:09> [MSG] Запрошен avatars.php
<10:35:10> [MSG] Запрошен rating.php
<10:35:51> [MSG] Запрошен users.php
<10:35:58> [MSG] Запрошен settings.php
<10:36:00> [MSG] Запрошен rating.php
<10:36:11> [MSG] Запрошен users.php
<10:36:26> [MSG] Запрошен rating.php
<10:37:30> [MSG] Запрошен rating.php
<10:37:33> [MSG] Запрошен avatars.php
<10:37:33> [MSG] Запрошен settings.php
<10:37:33> [MSG] Запрошен rooms.php
<10:37:35> [MSG] Запрошен rating.php
<10:38:26> [MSG] Запрошен settings.php
<10:38:26> [MSG] Запрошен avatars.php
<10:38:26> [MSG] Запрошен rooms.php
<10:38:28> [MSG] Запрошен rating.php
<10:39:42> [MSG] Запрошен avatars.php
<10:39:42> [MSG] Запрошен settings.php
<10:39:42> [MSG] Запрошен rooms.php
<10:39:50> [MSG] Запрошен avatars.php
<10:39:50> [MSG] Запрошен settings.php
<10:39:50> [MSG] Запрошен rooms.php
<10:39:52> [MSG] Запрошен rating.php
<10:40:24> [MSG] Запрошен settings.php
<10:40:24> [MSG] Запрошен avatars.php
<10:40:24> [MSG] Запрошен rooms.php
<10:40:30> [MSG] Запрошен avatars.php
<10:40:30> [MSG] Запрошен settings.php
<10:40:30> [MSG] Запрошен rooms.php
<10:40:32> [MSG] Запрошен users.php
<10:40:34> [MSG] Запрошен rating.php
<10:41:19> [MSG] Запрошен rating.php
<10:41:47> [MSG] Запрошен rating.php
<10:41:53> [MSG] Запрошен rating.php
<10:41:56> [MSG] Запрошен users.php
<10:42:00> [MSG] Запрошен notifications.php
<10:42:01> [MSG] Запрошен users.php
<11:16:37> [MSG] Запрошен avatars.php
<11:16:37> [MSG] Запрошен settings.php
<11:16:37> [MSG] Запрошен rooms.php
<11:28:13> [MSG] Запрошен users.php
<11:29:21> [MSG] Запрошен settings.php
<11:29:21> [MSG] Запрошен rooms.php
<11:29:21> [MSG] Запрошен avatars.php
<11:29:50> [MSG] Запрошен avatars.php
<11:29:50> [MSG] Запрошен settings.php
<11:29:50> [MSG] Запрошен rooms.php
<11:30:16> [MSG] Запрошен rating.php
<11:44:23> [MSG] Запрошен rating.php
<11:44:26> [MSG] Запрошен rating.php
<11:44:30> [MSG] Запрошен rating.php
<11:44:34> [MSG] Запрошен rating.php
<11:44:34> [MSG] Запрошен rating.php
<11:44:38> [MSG] Запрошен rating.php
<11:44:38> [MSG] Запрошен rating.php
<11:44:40> [MSG] Запрошен rating.php
<11:44:40> [MSG] Запрошен rating.php
<11:44:43> [MSG] Запрошен rating.php
<11:44:46> [MSG] Запрошен rating.php
<11:44:48> [MSG] Запрошен rating.php
<11:44:50> [MSG] Запрошен rating.php
<11:45:20> [MSG] Запрошен rating.php
<11:46:28> [MSG] Запрошен avatars.php
<11:46:28> [MSG] Запрошен settings.php
<11:46:28> [MSG] Запрошен rooms.php
<11:46:46> [MSG] Запрошен settings.php
<11:46:48> [MSG] Запрошен rating.php
<11:47:07> [MSG] Запрошен settings.php
<11:47:40> [MSG] Запрошен avatars.php
<11:47:40> [MSG] Запрошен settings.php
<11:47:40> [MSG] Запрошен rooms.php
<11:48:37> [MSG] Запрошен settings.php
<11:48:37> [MSG] Запрошен avatars.php
<11:48:37> [MSG] Запрошен rooms.php
<11:49:07> [MSG] Запрошен settings.php
<11:49:07> [MSG] Запрошен avatars.php
<11:49:07> [MSG] Запрошен rooms.php
<11:49:09> [MSG] Запрошен rating.php
<11:50:48> [MSG] Запрошен rating.php
<11:50:57> [MSG] Запрошен avatars.php
<11:50:57> [MSG] Запрошен settings.php
<11:50:57> [MSG] Запрошен rooms.php
<11:50:59> [MSG] Запрошен rating.php
<11:51:02> [MSG] Запрошен settings.php
<11:52:22> [MSG] Запрошен rating.php
<11:53:51> [MSG] Запрошен avatars.php
<11:53:51> [MSG] Запрошен settings.php
<11:53:51> [MSG] Запрошен rooms.php
<11:56:19> [MSG] Запрошен avatars.php
<11:56:19> [MSG] Запрошен settings.php
<11:56:19> [MSG] Запрошен rooms.php
<12:03:49> [MSG] Запрошен settings.php
<12:03:49> [MSG] Запрошен avatars.php
<12:03:49> [MSG] Запрошен rooms.php
<12:05:32> [MSG] Запрошен avatars.php
<12:05:32> [MSG] Запрошен settings.php
<12:05:32> [MSG] Запрошен rooms.php
<12:09:47> [MSG] Запрошен avatars.php
<12:09:47> [MSG] Запрошен settings.php
<12:09:47> [MSG] Запрошен rooms.php
<12:14:48> [MSG] Запрошен avatars.php
<12:14:48> [MSG] Запрошен settings.php
<12:14:48> [MSG] Запрошен rooms.php
<12:14:49> [MSG] Запрошен avatars.php
<12:14:49> [MSG] Запрошен settings.php
<12:14:49> [MSG] Запрошен rooms.php
<12:14:54> [MSG] Запрошен avatars.php
<12:14:54> [MSG] Запрошен rooms.php
<12:14:54> [MSG] Запрошен settings.php
<12:14:55> [MSG] Запрошен avatars.php
<12:14:55> [MSG] Запрошен settings.php
<12:14:55> [MSG] Запрошен rooms.php
<12:16:00> [MSG] Запрошен avatars.php
<12:16:00> [MSG] Запрошен settings.php
<12:16:00> [MSG] Запрошен rooms.php
<12:17:51> [MSG] Запрошен avatars.php
<12:17:51> [MSG] Запрошен settings.php
<12:17:51> [MSG] Запрошен rooms.php
<12:25:31> [MSG] Запрошен settings.php
<12:25:31> [MSG] Запрошен avatars.php
<12:25:31> [MSG] Запрошен rooms.php
<12:27:57> [MSG] Запрошен settings.php
<12:27:57> [MSG] Запрошен avatars.php
<12:27:57> [MSG] Запрошен rooms.php
<12:28:20> [MSG] Запрошен settings.php
<12:28:20> [MSG] Запрошен avatars.php
<12:28:20> [MSG] Запрошен rooms.php
<12:28:22> [MSG] Запрошен users.php
<12:28:53> [MSG] Запрошен settings.php
<12:28:53> [MSG] Запрошен rooms.php
<12:28:53> [MSG] Запрошен avatars.php
<12:31:45> [MSG] Запрошен avatars.php
<12:31:45> [MSG] Запрошен settings.php
<12:31:45> [MSG] Запрошен rooms.php
<12:32:54> [MSG] Запрошен avatars.php
<12:32:54> [MSG] Запрошен settings.php
<12:32:54> [MSG] Запрошен rooms.php
<12:33:23> [MSG] Запрошен rating.php
<12:33:37> [MSG] Запрошен users.php
<12:38:38> [MSG] Запрошен avatars.php
<12:38:38> [MSG] Запрошен rooms.php
<12:38:38> [MSG] Запрошен settings.php
<12:38:40> [MSG] Запрошен users.php
<12:38:42> [MSG] Запрошен notifications.php
<12:38:54> [MSG] Запрошен avatars.php
<12:38:54> [MSG] Запрошен settings.php
<12:38:54> [MSG] Запрошен rooms.php
<12:38:56> [MSG] Запрошен users.php
<12:38:58> [MSG] Запрошен notifications.php
<12:39:38> [MSG] Запрошен notifications.php
<12:39:42> [MSG] Запрошен avatars.php
<12:39:42> [MSG] Запрошен rooms.php
<12:39:42> [MSG] Запрошен settings.php
<12:40:47> [MSG] Запрошен settings.php
<12:40:47> [MSG] Запрошен rooms.php
<12:40:47> [MSG] Запрошен avatars.php
<12:43:47> [MSG] Запрошен settings.php
<12:44:16> [MSG] Запрошен settings.php
<12:44:16> [MSG] Запрошен avatars.php
<12:44:16> [MSG] Запрошен rooms.php
<12:46:14> [MSG] Запрошен settings.php
<12:46:14> [MSG] Запрошен avatars.php
<12:46:14> [MSG] Запрошен rooms.php
<12:46:22> [MSG] Запрошен settings.php
<12:46:22> [MSG] Запрошен rooms.php
<12:46:22> [MSG] Запрошен avatars.php
<12:46:24> [MSG] Запрошен settings.php
<12:46:45> [MSG] Запрошен settings.php
<12:46:45> [MSG] Запрошен avatars.php
<12:46:45> [MSG] Запрошен rooms.php
<12:46:59> [MSG] Запрошен settings.php
<12:47:03> [MSG] Запрошен settings.php
<12:47:03> [MSG] Запрошен avatars.php
<12:47:03> [MSG] Запрошен rooms.php
<12:48:14> [MSG] Запрошен avatars.php
<12:48:14> [MSG] Запрошен settings.php
<12:48:14> [MSG] Запрошен rooms.php
<12:48:15> [MSG] Запрошен settings.php
<12:48:49> [MSG] Запрошен settings.php
<12:48:49> [MSG] Запрошен rooms.php
<12:48:49> [MSG] Запрошен avatars.php
<12:48:55> [MSG] Запрошен settings.php
<12:55:12> [MSG] Запрошен settings.php
<14:33:08> [MSG] Запрошен avatars.php
<14:33:08> [MSG] Запрошен settings.php
<14:33:08> [MSG] Запрошен rooms.php
<14:33:10> [MSG] Запрошен rating.php
<14:33:43> [MSG] Запрошен users.php
<14:34:22> [MSG] Запрошен rooms.php
<16:33:02> [MSG] Запрошен rooms.php
<16:33:03> [MSG] Запрошен rooms.php
<16:33:12> [MSG] Запрошен rating.php
<16:33:12> [WARN] Неавторизированный польз. попытался получить рейтинги
<16:33:15> [MSG] Запрошен rating.php
<16:33:15> [WARN] Неавторизированный польз. попытался получить рейтинги
<16:33:25> [MSG] Запрошен login.php
<16:33:25> [MSG] Аутентифицирован пользователь ""
<16:33:25> [MSG] Запрошен avatars.php
<16:33:25> [MSG] Запрошен settings.php
<16:33:25> [MSG] Запрошен rooms.php
<16:33:31> [MSG] Запрошен rating.php
<16:38:05> [MSG] Запрошен avatars.php
<16:38:05> [MSG] Запрошен rooms.php
<16:38:05> [MSG] Запрошен settings.php
<16:43:04> [MSG] Запрошен avatars.php
<16:43:04> [MSG] Запрошен settings.php
<16:43:04> [MSG] Запрошен rooms.php
<17:05:45> [MSG] Запрошен settings.php
<17:05:45> [MSG] Запрошен avatars.php
<17:05:45> [MSG] Запрошен rooms.php
<17:06:41> [MSG] Запрошен settings.php
<17:06:41> [MSG] Запрошен rooms.php
<17:06:41> [MSG] Запрошен avatars.php
<17:11:08> [MSG] Запрошен settings.php
<17:11:08> [MSG] Запрошен avatars.php
<17:11:08> [MSG] Запрошен rooms.php
<17:17:13> [MSG] Запрошен settings.php
<17:17:13> [MSG] Запрошен rooms.php
<17:17:13> [MSG] Запрошен avatars.php
<17:22:01> [MSG] Запрошен avatars.php
<17:22:01> [MSG] Запрошен settings.php
<17:22:01> [MSG] Запрошен rooms.php
<17:22:09> [MSG] Запрошен avatars.php
<17:22:09> [MSG] Запрошен settings.php
<17:22:09> [MSG] Запрошен rooms.php
<17:23:27> [MSG] Запрошен settings.php
<17:23:27> [MSG] Запрошен rooms.php
<17:23:27> [MSG] Запрошен avatars.php
<17:25:15> [MSG] Запрошен avatars.php
<17:25:15> [MSG] Запрошен rooms.php
<17:25:15> [MSG] Запрошен settings.php
<17:28:40> [MSG] Запрошен avatars.php
<17:28:40> [MSG] Запрошен settings.php
<17:28:40> [MSG] Запрошен rooms.php
<17:32:06> [MSG] Запрошен avatars.php
<17:32:06> [MSG] Запрошен settings.php
<17:32:06> [MSG] Запрошен rooms.php
<17:34:38> [MSG] Запрошен avatars.php
<17:34:38> [MSG] Запрошен settings.php
<17:34:38> [MSG] Запрошен rooms.php
<17:40:14> [MSG] Запрошен avatars.php
<17:40:14> [MSG] Запрошен settings.php
<17:40:14> [MSG] Запрошен rooms.php
<17:40:35> [MSG] Запрошен avatars.php
<17:40:35> [MSG] Запрошен settings.php
<17:40:35> [MSG] Запрошен rooms.php
<19:19:09> [MSG] Запрошен avatars.php
<19:19:09> [MSG] Запрошен settings.php
<19:19:09> [MSG] Запрошен rooms.php
<19:19:22> [MSG] Запрошен settings.php
<19:19:22> [MSG] Запрошен rooms.php
<19:19:22> [MSG] Запрошен avatars.php
<19:19:33> [MSG] Запрошен settings.php
<19:19:33> [MSG] Запрошен rooms.php
<19:19:33> [MSG] Запрошен avatars.php
<19:21:04> [MSG] Запрошен avatars.php
<19:21:04> [MSG] Запрошен rooms.php
<19:21:04> [MSG] Запрошен settings.php
<19:21:13> [MSG] Запрошен avatars.php
<19:21:13> [MSG] Запрошен settings.php
<19:21:13> [MSG] Запрошен rooms.php
<19:21:36> [MSG] Запрошен avatars.php
<19:21:36> [MSG] Запрошен settings.php
<19:21:36> [MSG] Запрошен rooms.php
<19:22:04> [MSG] Запрошен settings.php
<19:22:04> [MSG] Запрошен rooms.php
<19:22:04> [MSG] Запрошен avatars.php
<19:23:08> [MSG] Запрошен settings.php
<19:23:08> [MSG] Запрошен rooms.php
<19:23:08> [MSG] Запрошен avatars.php
<19:23:14> [MSG] Запрошен avatars.php
<19:23:14> [MSG] Запрошен settings.php
<19:23:14> [MSG] Запрошен rooms.php
<19:23:51> [MSG] Запрошен settings.php
<19:23:51> [MSG] Запрошен avatars.php
<19:23:51> [MSG] Запрошен rooms.php
<19:25:08> [MSG] Запрошен settings.php
<19:25:08> [MSG] Запрошен rooms.php
<19:25:08> [MSG] Запрошен avatars.php
<19:25:48> [MSG] Запрошен settings.php
<19:25:48> [MSG] Запрошен rooms.php
<19:25:48> [MSG] Запрошен avatars.php
<19:26:38> [MSG] Запрошен login.php
<19:26:38> [MSG] Аутентифицирован пользователь ""
<19:26:38> [MSG] Запрошен avatars.php
<19:26:38> [MSG] Запрошен settings.php
<19:26:38> [MSG] Запрошен rooms.php
<19:28:46> [MSG] Запрошен avatars.php
<19:28:46> [MSG] Запрошен settings.php
<19:28:46> [MSG] Запрошен rooms.php
<19:54:04> [MSG] Запрошен settings.php
<19:54:04> [MSG] Запрошен avatars.php
<19:54:04> [MSG] Запрошен rooms.php
<20:07:06> [MSG] Запрошен settings.php
<20:07:06> [MSG] Запрошен rooms.php
<20:07:06> [MSG] Запрошен avatars.php
<20:15:58> [MSG] Запрошен settings.php
<20:15:58> [MSG] Запрошен avatars.php
<20:15:58> [MSG] Запрошен rooms.php
<20:16:19> [MSG] Запрошен avatars.php
<20:16:19> [MSG] Запрошен settings.php
<20:16:19> [MSG] Запрошен rooms.php
<20:17:41> [MSG] Запрошен avatars.php
<20:17:41> [MSG] Запрошен settings.php
<20:17:41> [MSG] Запрошен rooms.php
<20:19:45> [MSG] Запрошен settings.php
<20:19:45> [MSG] Запрошен rooms.php
<20:19:45> [MSG] Запрошен avatars.php
<20:31:21> [MSG] Запрошен users.php
<20:34:40> [MSG] Запрошен login.php
<20:34:40> [MSG] Аутентифицирован пользователь ""
<20:34:40> [MSG] Запрошен settings.php
<20:34:40> [MSG] Запрошен rooms.php
<20:34:40> [MSG] Запрошен avatars.php
<20:34:51> [MSG] Запрошен settings.php
<20:34:51> [MSG] Запрошен rooms.php
<20:34:51> [MSG] Запрошен avatars.php
<20:36:27> [MSG] Запрошен avatars.php
<20:36:27> [MSG] Запрошен rooms.php
<20:36:27> [MSG] Запрошен settings.php
<20:36:44> [MSG] Запрошен settings.php
<20:36:44> [MSG] Запрошен avatars.php
<20:36:44> [MSG] Запрошен rooms.php
<20:36:55> [MSG] Запрошен avatars.php
<20:36:55> [MSG] Запрошен settings.php
<20:36:55> [MSG] Запрошен rooms.php
<20:38:06> [MSG] Запрошен avatars.php
<20:38:06> [MSG] Запрошен settings.php
<20:38:06> [MSG] Запрошен rooms.php
<20:38:08> [MSG] Запрошен users.php
<20:38:12> [MSG] Запрошен avatars.php
<20:38:12> [MSG] Запрошен settings.php
<20:38:12> [MSG] Запрошен rooms.php
<20:38:13> [MSG] Запрошен settings.php
<20:38:13> [MSG] Запрошен avatars.php
<20:38:13> [MSG] Запрошен rooms.php
<20:39:13> [MSG] Запрошен avatars.php
<20:39:13> [MSG] Запрошен settings.php
<20:39:13> [MSG] Запрошен rooms.php
<20:39:54> [MSG] Запрошен avatars.php
<20:39:54> [MSG] Запрошен settings.php
<20:39:54> [MSG] Запрошен rooms.php
<20:41:10> [MSG] Запрошен avatars.php
<20:41:10> [MSG] Запрошен settings.php
<20:41:10> [MSG] Запрошен rooms.php
<20:43:30> [MSG] Запрошен settings.php
<20:43:31> [MSG] Запрошен avatars.php
<20:43:31> [MSG] Запрошен rooms.php
<20:43:32> [MSG] Запрошен avatars.php
<20:43:32> [MSG] Запрошен rooms.php
<20:43:32> [MSG] Запрошен settings.php
<20:44:57> [MSG] Запрошен settings.php
<20:44:57> [MSG] Запрошен rooms.php
<20:44:57> [MSG] Запрошен avatars.php
<20:46:57> [MSG] Запрошен avatars.php
<20:46:57> [MSG] Запрошен settings.php
<20:46:57> [MSG] Запрошен rooms.php
<20:54:30> [MSG] Запрошен settings.php
<20:54:30> [MSG] Запрошен rooms.php
<20:54:30> [MSG] Запрошен avatars.php
<20:55:43> [MSG] Запрошен avatars.php
<20:55:43> [MSG] Запрошен settings.php
<20:55:43> [MSG] Запрошен rooms.php
<20:56:01> [MSG] Запрошен users.php
<20:56:04> [MSG] Запрошен private-messages.php
<20:56:04> [MSG] Запущена sse слушатель сообщений [deamon-msg-listen.php]
<20:56:40> [MSG] Запрошен users.php
<20:59:53> [MSG] Запрошен avatars.php
<20:59:53> [MSG] Запрошен settings.php
<20:59:53> [MSG] Запрошен rooms.php
<21:01:07> [MSG] Запрошен settings.php
<21:02:06> [MSG] Запрошен settings.php
<21:02:06> [MSG] Запрошен avatars.php
<21:02:06> [MSG] Запрошен rooms.php
<21:02:14> [MSG] Запрошен users.php
<21:02:16> [MSG] Запрошен private-messages.php
<21:02:16> [MSG] Запущена sse слушатель сообщений [deamon-msg-listen.php]
<21:02:40> [MSG] Запрошен settings.php
<21:02:40> [MSG] Запрошен avatars.php
<21:02:40> [MSG] Запрошен rooms.php
<21:03:12> [MSG] Запрошен avatars.php
<21:03:12> [MSG] Запрошен settings.php
<21:03:12> [MSG] Запрошен rooms.php
<21:04:13> [MSG] Запрошен avatars.php
<21:04:13> [MSG] Запрошен settings.php
<21:04:13> [MSG] Запрошен rooms.php
<21:04:59> [MSG] Запрошен avatars.php
<21:04:59> [MSG] Запрошен settings.php
<21:04:59> [MSG] Запрошен rooms.php
<21:05:30> [MSG] Запрошен settings.php
<21:05:30> [MSG] Запрошен rooms.php
<21:05:30> [MSG] Запрошен avatars.php
<21:06:49> [MSG] Запрошен avatars.php
<21:06:49> [MSG] Запрошен settings.php
<21:06:49> [MSG] Запрошен rooms.php
<21:08:21> [MSG] Запрошен settings.php
<21:14:22> [MSG] Запрошен avatars.php
<21:14:22> [MSG] Запрошен settings.php
<21:14:22> [MSG] Запрошен rooms.php
<21:26:27> [MSG] Запрошен users.php
<21:26:41> [MSG] Запрошен rating.php
<21:54:59> [MSG] Запрошен settings.php
<21:54:59> [MSG] Запрошен rooms.php
<21:54:59> [MSG] Запрошен avatars.php
<21:55:11> [MSG] Запрошен avatars.php
<21:55:11> [MSG] Запрошен settings.php
<21:55:11> [MSG] Запрошен rooms.php
<21:55:13> [MSG] Запрошен settings.php
<22:02:45> [MSG] Запрошен settings.php
<22:02:45> [MSG] Запрошен avatars.php
<22:02:45> [MSG] Запрошен rooms.php
<22:02:47> [MSG] Запрошен rating.php
<22:03:38> [MSG] Запрошен settings.php
<22:03:38> [MSG] Запрошен avatars.php
<22:03:38> [MSG] Запрошен rooms.php
<22:03:40> [MSG] Запрошен topics.php
<22:05:20> [MSG] Запрошен settings.php
<22:05:20> [MSG] Запрошен avatars.php
<22:05:20> [MSG] Запрошен rooms.php
<22:05:21> [MSG] Запрошен topics.php
<22:06:12> [MSG] Запрошен avatars.php
<22:06:12> [MSG] Запрошен settings.php
<22:06:12> [MSG] Запрошен rooms.php
<22:06:14> [MSG] Запрошен topics.php
<22:07:07> [MSG] Запрошен avatars.php
<22:07:07> [MSG] Запрошен settings.php
<22:07:07> [MSG] Запрошен rooms.php
<22:07:09> [MSG] Запрошен topics.php
<22:09:33> [MSG] Запрошен avatars.php
<22:09:33> [MSG] Запрошен settings.php
<22:09:33> [MSG] Запрошен rooms.php
<22:09:36> [MSG] Запрошен topics.php
<22:10:22> [MSG] Запрошен avatars.php
<22:10:22> [MSG] Запрошен rooms.php
<22:10:22> [MSG] Запрошен settings.php
<22:10:24> [MSG] Запрошен users.php
<22:10:26> [MSG] Запрошен private-messages.php
<22:10:26> [MSG] Запущена sse слушатель сообщений [deamon-msg-listen.php]
<22:10:29> [MSG] Запрошен private-messages.php
<22:13:26> [MSG] Запущена sse слушатель сообщений [deamon-msg-listen.php]
<22:14:16> [MSG] Запрошен avatars.php
<22:14:16> [MSG] Запрошен settings.php
<22:14:16> [MSG] Запрошен rooms.php
<22:14:22> [MSG] Запрошен settings.php
<22:14:22> [MSG] Запрошен avatars.php
<22:14:22> [MSG] Запрошен rooms.php
<22:14:23> [MSG] Запрошен users.php
<22:14:47> [MSG] Запрошен topics.php
<22:15:31> [MSG] Запрошен login.php
<22:15:31> [MSG] Аутентифицирован пользователь ""
<22:15:31> [MSG] Запрошен settings.php
<22:15:31> [MSG] Запрошен rooms.php
<22:15:31> [MSG] Запрошен avatars.php
<22:15:38> [MSG] Запрошен topics.php
<22:19:25> [MSG] Запрошен avatars.php
<22:19:25> [MSG] Запрошен settings.php
<22:19:25> [MSG] Запрошен rooms.php
<22:19:27> [MSG] Запрошен topics.php
<22:20:11> [MSG] Запрошен settings.php
<22:20:11> [MSG] Запрошен avatars.php
<22:20:11> [MSG] Запрошен rooms.php
<22:20:13> [MSG] Запрошен topics.php
<22:20:22> [MSG] Запущена sse слушатель сообщений [deamon-msg-listen.php]
<22:21:34> [MSG] Запрошен avatars.php
<22:21:34> [MSG] Запрошен settings.php
<22:21:34> [MSG] Запрошен rooms.php
<22:21:37> [MSG] Запрошен topics.php
<22:23:07> [MSG] Запрошен settings.php
<22:23:07> [MSG] Запрошен avatars.php
<22:23:07> [MSG] Запрошен rooms.php
<22:23:10> [MSG] Запрошен topics.php
<22:24:06> [MSG] Запрошен topics.php
<22:25:56> [MSG] Запрошен settings.php
<22:25:56> [MSG] Запрошен rooms.php
<22:25:56> [MSG] Запрошен avatars.php
<22:26:04> [MSG] Запрошен topics.php
<22:28:00> [MSG] Запрошен settings.php
<22:28:00> [MSG] Запрошен rooms.php
<22:28:00> [MSG] Запрошен avatars.php
<22:28:02> [MSG] Запрошен topics.php
<22:28:03> [MSG] Запущена sse слушатель сообщений [deamon-msg-listen.php]
<22:29:04> [MSG] Запрошен avatars.php
<22:29:04> [MSG] Запрошен settings.php
<22:29:04> [MSG] Запрошен rooms.php
<22:29:06> [MSG] Запрошен topics.php
<22:30:00> [MSG] Запущена sse слушатель сообщений [deamon-msg-listen.php]
<22:31:47> [MSG] Запущена sse слушатель сообщений [deamon-msg-listen.php]
<22:36:57> [MSG] Запрошен avatars.php
<22:36:57> [MSG] Запрошен settings.php
<22:36:57> [MSG] Запрошен rooms.php
<22:37:00> [MSG] Запрошен topics.php
<22:38:16> [MSG] Запущена sse слушатель сообщений [deamon-msg-listen.php]
<22:45:33> [MSG] Запрошен logout.php
<22:45:33> [MSG] Пользователь "thesourcecode.max@yandex.ru" вышел
<22:46:22> [MSG] Запущена sse слушатель сообщений [deamon-msg-listen.php]
<22:48:38> [MSG] Запущена sse слушатель сообщений [deamon-msg-listen.php]
<22:50:31> [MSG] Запущена sse слушатель сообщений [deamon-msg-listen.php]
<22:50:38> [MSG] Запрошен login.php
<22:50:38> [MSG] Аутентифицирован пользователь ""
<22:50:38> [MSG] Запрошен settings.php
<22:50:38> [MSG] Запрошен avatars.php
<22:50:38> [MSG] Запрошен rooms.php
<22:50:42> [MSG] Запрошен topics.php
<22:52:03> [MSG] Запрошен avatars.php
<22:52:03> [MSG] Запрошен settings.php
<22:52:03> [MSG] Запрошен rooms.php
<22:53:29> [MSG] Запущена sse слушатель сообщений [deamon-msg-listen.php]
<23:14:03> [MSG] Запущена sse слушатель сообщений [deamon-msg-listen.php]
<23:15:51> [MSG] Запущена sse слушатель сообщений [deamon-msg-listen.php]
<23:29:23> [MSG] Запущена sse слушатель сообщений [deamon-msg-listen.php]
<23:31:11> [MSG] Запущена sse слушатель сообщений [deamon-msg-listen.php]
<23:33:19> [MSG] Запущена sse слушатель сообщений [deamon-msg-listen.php]
<23:35:23> [MSG] Запущена sse слушатель сообщений [deamon-msg-listen.php]
<23:37:24> [MSG] Запущена sse слушатель сообщений [deamon-msg-listen.php]
<23:41:24> [MSG] Запущена sse слушатель сообщений [deamon-msg-listen.php]
<23:41:24> [MSG] Запрошен logout.php
<23:41:24> [MSG] Пользователь "sexy@sexy.com" вышел
<23:43:55> [MSG] Запущена sse слушатель сообщений [deamon-msg-listen.php]
<23:48:34> [MSG] Запрошен signup.php
<23:48:34> [ERROR] Ошибка MYSQL: Duplicate entry 'sexy' for key 'users.nick'
<23:48:34> [ERROR] Ошибка регистрации [aboba@abo.ba]
<23:48:35> [MSG] Запущена sse слушатель сообщений [deamon-msg-listen.php]
<23:48:36> [MSG] Запрошен signup.php
<23:48:36> [ERROR] Ошибка MYSQL: Duplicate entry 'sexy' for key 'users.nick'
<23:48:36> [ERROR] Ошибка регистрации [aboba@abo.ba]
<23:48:43> [MSG] Запрошен signup.php
<23:48:43> [ERROR] Ошибка MYSQL: Duplicate entry 'sexy' for key 'users.nick'
<23:48:43> [ERROR] Ошибка регистрации [aboba@abo.ba]
<23:49:36> [MSG] Запрошен rooms.php
<23:49:36> [MSG] Запрошен avatars.php
<23:49:36> [MSG] Запрошен settings.php
<23:51:26> [MSG] Запущена sse слушатель сообщений [deamon-msg-listen.php]
<23:53:39> [MSG] Запущена sse слушатель сообщений [deamon-msg-listen.php]
<23:59:01> [MSG] Запущена sse слушатель сообщений [deamon-msg-listen.php]
