<17:04:53> [MSG] Запрошен login.php
<17:04:53> [MSG] Аутентифицирован пользователь "Lucors"
<17:04:53> [MSG] Запрошен rooms.php
<17:04:53> [MSG] Запрошен avatars.php
<17:04:53> [MSG] Запрошен settings.php
<17:04:56> [MSG] Запрошен users.php
<17:04:59> [MSG] Запрошен rooms.php
<17:04:59> [MSG] Запрошен avatars.php
<17:04:59> [MSG] Запрошен settings.php
<17:05:02> [MSG] Запрошен rooms.php
<17:05:02> [MSG] Запрошен settings.php
<17:05:02> [MSG] Запрошен avatars.php
<19:54:04> [MSG] Запрошен rooms.php
<19:54:04> [MSG] Запрошен avatars.php
<19:54:04> [MSG] Запрошен settings.php
<20:33:55> [MSG] Запрошен login.php
<20:33:55> [MSG] Аутентифицирован пользователь "Lucors"
<20:33:55> [MSG] Запрошен rooms.php
<20:33:55> [MSG] Запрошен settings.php
<20:33:55> [MSG] Запрошен avatars.php
