<01:36:12> [MSG] Запрошен rooms.php
<01:36:12> [MSG] Запрошен settings.php
<01:36:12> [MSG] Запрошен avatars.php
<02:18:30> [MSG] Запрошен rooms.php
<02:18:30> [MSG] Запрошен avatars.php
<02:18:30> [MSG] Запрошен settings.php
<02:18:33> [MSG] Запрошен rooms.php
<02:23:56> [MSG] Запрошен rooms.php
<02:23:59> [MSG] Запрошен avatars.php
<02:23:59> [MSG] Запрошен settings.php
<02:24:01> [MSG] Запрошен users.php
<02:24:02> [MSG] Запрошен private-messages.php
<02:24:02> [WARN] Запрощены сообщения с неправильным польз. id ()
<02:24:07> [MSG] Запрошен private-messages.php
<02:24:07> [WARN] Запрощены сообщения с неправильным польз. id ()
<02:24:09> [MSG] Запрошен private-messages.php
<02:24:09> [WARN] Запрощены сообщения с неправильным польз. id ()
<02:27:22> [MSG] Запрошен rooms.php
<02:27:22> [MSG] Запрошен avatars.php
<02:27:22> [MSG] Запрошен settings.php
<02:27:24> [MSG] Запрошен users.php
<02:27:25> [MSG] Запрошен private-messages.php
<02:27:25> [WARN] Запрощены сообщения с неправильным польз. id ()
<02:27:30> [MSG] Запрошен private-messages.php
<02:27:30> [WARN] Запрощены сообщения с неправильным польз. id ()
<02:29:18> [MSG] Запрошен rooms.php
<02:29:18> [MSG] Запрошен avatars.php
<02:29:18> [MSG] Запрошен settings.php
<02:29:19> [MSG] Запрошен users.php
<02:29:20> [MSG] Запрошен private-messages.php
<02:29:20> [WARN] Запрощены сообщения с неправильным польз. id ()
<02:29:24> [MSG] Запрошен private-messages.php
<02:29:24> [WARN] Запрощены сообщения с неправильным польз. id ()
<02:30:24> [MSG] Запрошен rooms.php
<02:30:24> [MSG] Запрошен avatars.php
<02:30:24> [MSG] Запрошен settings.php
<02:30:25> [MSG] Запрошен users.php
<02:30:26> [MSG] Запрошен private-messages.php
<02:30:28> [MSG] Запрошен private-messages.php
<02:30:30> [MSG] Запрошен private-messages.php
<02:30:32> [MSG] Запрошен private-messages.php
<02:30:33> [MSG] Запрошен private-messages.php
<05:22:16> [MSG] Запрошен rooms.php
<05:22:16> [MSG] Запрошен avatars.php
<05:22:16> [MSG] Запрошен settings.php
<05:55:18> [MSG] Запрошен rooms.php
<05:55:18> [MSG] Запрошен avatars.php
<05:55:18> [MSG] Запрошен settings.php
<18:16:54> [ERROR] Ошибка MYSQL: Table 'u3905860fl_admin.users_roles' doesn't exist
<18:19:45> [MSG] Запрошен users.php
<18:27:39> [MSG] Запрошен login.php
<18:27:39> [MSG] Аутентифицирован пользователь "Lucors"
<18:27:39> [MSG] Запрошен settings.php
<18:27:39> [MSG] Запрошен avatars.php
<18:27:39> [MSG] Запрошен rooms.php
<19:16:31> [MSG] Запрошен login.php
<19:16:31> [MSG] Аутентифицирован пользователь "Pepsico"
<19:16:31> [MSG] Запрошен rooms.php
<19:16:31> [MSG] Запрошен avatars.php
<19:16:31> [MSG] Запрошен settings.php
<19:16:32> [MSG] Запрошен users.php
<19:16:34> [MSG] Запрошен users.php
<19:16:35> [MSG] Запрошен notifications.php
<19:16:38> [MSG] Запрошен users.php
<19:16:39> [MSG] Запрошен notifications.php
<19:16:48> [MSG] Запрошен users.php
<19:16:48> [MSG] Запрошен notifications.php
<19:18:14> [MSG] Запрошен rooms.php
<19:18:14> [MSG] Запрошен settings.php
<19:18:14> [MSG] Запрошен avatars.php
<19:18:16> [MSG] Запрошен users.php
<19:18:22> [MSG] Запрошен notifications.php
<19:19:13> [MSG] Запрошен rooms.php
<19:19:13> [MSG] Запрошен avatars.php
<19:19:13> [MSG] Запрошен settings.php
<19:19:15> [MSG] Запрошен users.php
<19:19:16> [MSG] Запрошен notifications.php
<19:19:23> [MSG] Запрошен rooms.php
<19:19:23> [MSG] Запрошен avatars.php
<19:19:23> [MSG] Запрошен settings.php
<19:19:25> [MSG] Запрошен users.php
<19:21:17> [MSG] Запрошен rooms.php
<19:21:17> [MSG] Запрошен settings.php
<19:21:17> [MSG] Запрошен avatars.php
<19:21:19> [MSG] Запрошен users.php
<19:21:25> [MSG] Запрошен users.php
<19:21:37> [MSG] Запрошен users.php
<19:21:38> [MSG] Запрошен notifications.php
<19:22:02> [MSG] Запрошен notifications.php
<19:22:03> [MSG] Запрошен users.php
<19:22:08> [MSG] Запрошен rooms.php
<19:22:08> [MSG] Запрошен settings.php
<19:22:08> [MSG] Запрошен avatars.php
<19:22:10> [MSG] Запрошен users.php
<19:22:11> [MSG] Запрошен users.php
<19:22:13> [MSG] Запрошен users.php
<19:22:16> [MSG] Запрошен notifications.php
<19:22:29> [MSG] Запрошен users.php
<19:22:55> [MSG] Запрошен rooms.php
<19:22:55> [MSG] Запрошен avatars.php
<19:22:55> [MSG] Запрошен settings.php
<19:22:57> [MSG] Запрошен users.php
<19:22:58> [MSG] Запрошен notifications.php
<19:23:03> [MSG] Запрошен users.php
<19:23:04> [MSG] Запрошен notifications.php
<19:23:06> [MSG] Запрошен notifications.php
<19:23:09> [MSG] Запрошен users.php
<19:23:09> [MSG] Запрошен notifications.php
<19:23:45> [MSG] Запрошен rooms.php
<19:23:45> [MSG] Запрошен avatars.php
<19:23:45> [MSG] Запрошен settings.php
<19:23:47> [MSG] Запрошен users.php
<19:23:51> [MSG] Запрошен avatars.php
<19:23:51> [MSG] Запрошен settings.php
<19:23:51> [MSG] Запрошен rooms.php
<19:23:54> [MSG] Запрошен avatars.php
<19:23:54> [MSG] Запрошен rooms.php
<19:23:54> [MSG] Запрошен settings.php
<19:23:56> [MSG] Запрошен users.php
<19:23:57> [MSG] Запрошен notifications.php
<19:24:00> [MSG] Запрошен notifications.php
<19:46:08> [MSG] Запрошен private-messages.php
<19:46:10> [MSG] Запрошен private-messages.php
<19:46:11> [MSG] Запрошен private-messages.php
<19:46:12> [MSG] Запрошен private-messages.php
<19:46:14> [MSG] Запрошен private-messages.php
<20:02:01> [MSG] Запрошен private-messages.php
<20:02:01> [MSG] Запрошен private-messages.php
<20:02:54> [MSG] Запрошен private-messages.php
<20:02:55> [MSG] Запрошен private-messages.php
<22:29:12> [MSG] Запрошен login.php
<22:29:12> [MSG] Аутентифицирован пользователь "Lucors"
<22:29:12> [MSG] Запрошен rooms.php
<22:29:12> [MSG] Запрошен avatars.php
<22:29:12> [MSG] Запрошен settings.php
<22:29:16> [MSG] Запрошен users.php
<23:53:50> [MSG] Запрошен rooms.php
<23:53:50> [MSG] Запрошен settings.php
<23:53:50> [MSG] Запрошен avatars.php
<23:53:53> [MSG] Запрошен users.php
<23:54:17> [MSG] Запрошен rooms.php
<23:54:17> [MSG] Запрошен avatars.php
<23:54:17> [MSG] Запрошен settings.php
<23:54:39> [MSG] Запрошен login.php
<23:54:39> [WARN] Не найден пользователь "fontes99@mail.ru"
<23:54:59> [MSG] Запрошен signup.php
<23:54:59> [MSG] Зарегистрирован пользователь "Crimson_Fury:crimson_fury@mail.ru"
<23:55:00> [MSG] Запрошен rooms.php
<23:55:00> [MSG] Запрошен avatars.php
<23:55:00> [MSG] Запрошен settings.php
<23:55:12> [MSG] Запрошен signup.php
<23:55:12> [MSG] Зарегистрирован пользователь "Heregat:fontes99@mail.ru"
<23:55:13> [MSG] Запрошен avatars.php
<23:55:13> [MSG] Запрошен rooms.php
<23:55:13> [MSG] Запрошен settings.php
<23:55:13> [MSG] Запрошен rooms.php
<23:55:13> [MSG] Запрошен topics.php
<23:55:13> [MSG] Запрошен login.php
<23:55:14> [MSG] Аутентифицирован пользователь "Pepsico"
<23:55:14> [MSG] Запрошен rooms.php
<23:55:14> [MSG] Запрошен avatars.php
<23:55:14> [MSG] Запрошен settings.php
<23:55:16> [MSG] Запрошен logout.php
<23:55:16> [MSG] Пользователь "pepsi@yandex.ru" вышел
<23:55:16> [MSG] Запрошен topics.php
<23:55:17> [MSG] Запрошен maps.php
<23:55:22> [MSG] Запрошен login.php
<23:55:22> [MSG] Аутентифицирован пользователь "Lucors"
<23:55:22> [MSG] Запрошен rooms.php
<23:55:22> [MSG] Запрошен avatars.php
<23:55:22> [MSG] Запрошен settings.php
<23:55:23> [MSG] Запрошен users.php
<23:55:30> [MSG] Запрошен users.php
<23:55:30> [MSG] Запрошен rooms.php
<23:55:30> [ERROR] 
				INSERT INTO
					rooms (name, privacy, password, step_time, stage, creator_id, map_id)
				VALUES 
					('1111', 0, '',
						10, 0, 22, 2)
			
<23:55:32> [MSG] Запрошен notifications.php
<23:55:36> [MSG] Запрошен users.php
<23:55:39> [MSG] Запрошен rooms.php
<23:55:39> [MSG] Запрошен rooms.php
<23:55:41> [MSG] Запрошен users.php
<23:55:41> [MSG] Запрошен users.php
<23:55:44> [MSG] Запрошен users.php
<23:55:45> [MSG] Запрошен notifications.php
<23:55:45> [MSG] Запрошен users.php
<23:55:47> [MSG] Запрошен notifications.php
<23:55:49> [MSG] Запрошен notifications.php
<23:55:50> [MSG] Запрошен users.php
<23:55:56> [MSG] Запрошен users.php
<23:55:56> [MSG] Запрошен private-messages.php
<23:55:58> [MSG] Запрошен users.php
<23:56:00> [MSG] Запрошен private-messages.php
<23:56:05> [MSG] Запрошен users.php
<23:56:07> [MSG] Запрошен notifications.php
<23:56:11> [MSG] Запрошен users.php
<23:56:12> [MSG] Запрошен notifications.php
<23:56:12> [MSG] Запрошен users.php
<23:56:13> [MSG] Запрошен notifications.php
<23:56:14> [MSG] Запрошен notifications.php
<23:56:15> [MSG] Запрошен users.php
<23:56:16> [MSG] Запрошен users.php
<23:56:19> [MSG] Запрошен users.php
<23:56:20> [MSG] Запрошен settings.php
<23:56:20> [MSG] Запрошен notifications.php
<23:56:24> [MSG] Запрошен users.php
<23:56:25> [MSG] Запрошен users.php
<23:56:27> [MSG] Запрошен users.php
<23:56:28> [MSG] Запрошен users.php
<23:56:29> [MSG] Запрошен private-messages.php
<23:56:31> [MSG] Запрошен users.php
<23:56:32> [MSG] Запрошен notifications.php
<23:56:34> [MSG] Запрошен private-messages.php
<23:56:34> [MSG] Запрошен notifications.php
<23:56:36> [MSG] Запрошен users.php
<23:56:38> [MSG] Запрошен users.php
<23:56:39> [MSG] Запрошен users.php
<23:56:40> [MSG] Запрошен private-messages.php
<23:56:42> [MSG] Запрошен private-messages.php
<23:56:42> [MSG] Запрошен private-messages.php
<23:56:45> [MSG] Запрошен private-messages.php
<23:56:47> [MSG] Запрошен private-messages.php
<23:56:50> [MSG] Запрошен users.php
<23:56:51> [MSG] Запрошен private-messages.php
<23:57:00> [MSG] Запрошен private-messages.php
<23:57:01> [MSG] Запрошен private-messages.php
<23:57:02> [MSG] Запрошен private-messages.php
<23:57:05> [MSG] Запрошен users.php
<23:57:06> [MSG] Запрошен private-messages.php
<23:57:10> [MSG] Запрошен private-messages.php
<23:57:10> [MSG] Запрошен private-messages.php
<23:57:11> [MSG] Запрошен private-messages.php
<23:57:11> [MSG] Запрошен private-messages.php
<23:57:11> [MSG] Запрошен private-messages.php
<23:57:12> [MSG] Запрошен private-messages.php
<23:57:12> [MSG] Запрошен private-messages.php
<23:57:14> [MSG] Запрошен private-messages.php
<23:57:17> [MSG] Запрошен private-messages.php
<23:57:18> [MSG] Запрошен private-messages.php
<23:57:18> [MSG] Запрошен private-messages.php
<23:57:20> [MSG] Запрошен private-messages.php
<23:57:21> [MSG] Запрошен private-messages.php
<23:57:22> [MSG] Запрошен private-messages.php
<23:57:23> [MSG] Запрошен private-messages.php
<23:57:24> [MSG] Запрошен private-messages.php
<23:57:31> [MSG] Запрошен private-messages.php
<23:57:33> [MSG] Запрошен private-messages.php
<23:57:34> [MSG] Запрошен notifications.php
<23:57:34> [MSG] Запрошен notifications.php
<23:57:35> [MSG] Запрошен users.php
<23:57:36> [MSG] Запрошен private-messages.php
<23:57:41> [MSG] Запрошен private-messages.php
<23:57:46> [MSG] Запрошен settings.php
<23:57:47> [MSG] Запрошен notifications.php
<23:57:48> [MSG] Запрошен rating.php
<23:57:50> [MSG] Запрошен settings.php
<23:57:52> [MSG] Запрошен rating.php
<23:57:54> [MSG] Запрошен settings.php
<23:57:57> [MSG] Запрошен rating.php
<23:58:00> [MSG] Запрошен users.php
<23:58:00> [MSG] Запрошен users.php
<23:58:03> [MSG] Запрошен settings.php
<23:58:03> [MSG] Запрошен settings.php
<23:58:05> [MSG] Запрошен settings.php
<23:58:07> [MSG] Запрошен settings.php
<23:58:10> [MSG] Запрошен settings.php
<23:58:11> [MSG] Запрошен rooms.php
<23:58:11> [MSG] Запрошен topics.php
<23:58:11> [MSG] Запрошен settings.php
<23:58:13> [MSG] Запрошен rating.php
<23:58:15> [MSG] Запрошен rooms.php
<23:58:15> [MSG] Запрошен topics.php
<23:58:18> [MSG] Запрошен rooms.php
<23:58:18> [MSG] Запрошен topics.php
<23:58:57> [MSG] Запрошен topics.php
<23:58:57> [MSG] Запрошен maps.php
<23:59:01> [MSG] Запрошен rooms.php
<23:59:55> [MSG] Запрошен rooms.php
<23:59:55> [MSG] Запрошен topics.php
