<01:39:51> [MSG] Запрошен login.php
<01:39:51> [MSG] Аутентифицирован пользователь "Lucors"
<01:39:51> [MSG] Запрошен rooms.php
<01:39:51> [MSG] Запрошен avatars.php
<01:39:51> [MSG] Запрошен settings.php
<03:49:51> [MSG] Аутентифицирован "lucors_admin"
<03:49:54> [MSG] Запрошен rooms.php
<03:49:54> [MSG] Запрошен settings.php
<03:49:54> [MSG] Запрошен avatars.php
<03:49:56> [MSG] Запрошен users.php
<03:50:04> [MSG] Пользователь "admin@lucors.ru" вышел
<03:50:17> [MSG] Аутентифицирован "Lucors"
<03:50:20> [MSG] Запрошен rooms.php
<03:50:20> [MSG] Запрошен avatars.php
<03:50:20> [MSG] Запрошен settings.php
<03:50:21> [MSG] Запрошен users.php
<03:50:48> [MSG] Запрошен users.php
<03:57:15> [MSG] Запрошен private-messages.php
<03:57:20> [MSG] Запрошен private-messages.php
<03:57:22> [MSG] Запрошен private-messages.php
<03:57:26> [MSG] Запрошен private-messages.php
<04:03:01> [MSG] Запрошен rooms.php
<04:03:01> [MSG] Запрошен avatars.php
<04:03:01> [MSG] Запрошен settings.php
<04:03:03> [MSG] Запрошен users.php
<04:03:20> [MSG] Запрошен rooms.php
<04:03:20> [MSG] Запрошен avatars.php
<04:03:20> [MSG] Запрошен settings.php
<04:03:25> [MSG] Запрошен rooms.php
<04:03:25> [MSG] Запрошен topics.php
<04:03:25> [MSG] Запрошен rooms.php
<04:03:25> [MSG] Запрошен topics.php
<04:03:26> [MSG] Запрошен rooms.php
<04:03:26> [MSG] Запрошен topics.php
<04:03:28> [MSG] Запрошен users.php
<04:03:29> [MSG] Запрошен private-messages.php
<04:03:30> [MSG] Запрошен private-messages.php
<04:05:58> [MSG] Запрошен rooms.php
<04:05:58> [MSG] Запрошен avatars.php
<04:05:58> [MSG] Запрошен settings.php
<04:05:59> [MSG] Запрошен rooms.php
<04:05:59> [MSG] Запрошен avatars.php
<04:05:59> [MSG] Запрошен settings.php
<04:06:01> [MSG] Запрошен users.php
<04:06:05> [MSG] Запрошен rooms.php
<04:06:05> [MSG] Запрошен settings.php
<04:06:05> [MSG] Запрошен avatars.php
<04:06:06> [MSG] Запрошен users.php
<04:06:17> [MSG] Запрошен users.php
<04:06:26> [MSG] Запрошен private-messages.php
<04:06:31> [MSG] Запрошен private-messages.php
<04:06:33> [MSG] Запрошен private-messages.php
<04:06:36> [MSG] Запрошен private-messages.php
<04:06:38> [MSG] Запрошен private-messages.php
<04:06:40> [MSG] Запрошен private-messages.php
<04:06:45> [MSG] Запрошен private-messages.php
<04:06:47> [MSG] Запрошен private-messages.php
<04:06:58> [MSG] Запрошен users.php
<04:07:35> [MSG] Запрошен users.php
<04:07:37> [MSG] Запрошен users.php
<04:07:40> [MSG] Запрошен users.php
<04:07:41> [MSG] Запрошен users.php
<04:07:43> [MSG] Запрошен users.php
<04:07:48> [MSG] Запрошен users.php
<04:07:50> [MSG] Запрошен users.php
<04:07:52> [MSG] Запрошен notifications.php
<04:08:04> [MSG] Запрошен rooms.php
<04:08:04> [MSG] Запрошен avatars.php
<04:08:04> [MSG] Запрошен settings.php
<22:52:51> [MSG] Аутентифицирован "Lucors"
<22:55:17> [MSG] Запрошен rooms.php
<22:55:17> [MSG] Запрошен avatars.php
<22:55:17> [MSG] Запрошен settings.php
<23:19:29> [MSG] Запрошен rooms.php
<23:19:29> [MSG] Запрошен topics.php
