<00:09:07> [MSG] Аутентифицирован "Lucors"
<02:07:05> [MSG] Аутентифицирован "Lucors"
<05:57:05> [MSG] Аутентифицирован "Lucors"
<05:57:08> [MSG] Пользователь "thesourcecode.max@yandex.ru" вышел
<06:01:31> [MSG] Аутентифицирован "Lucors"
<06:01:32> [MSG] Пользователь "thesourcecode.max@yandex.ru" вышел
<06:06:45> [MSG] Аутентифицирован "Lucors"
<06:07:02> [MSG] Пользователь "thesourcecode.max@yandex.ru" вышел
<06:07:44> [MSG] Аутентифицирован "Lucors"
<06:07:45> [ERROR] Ошибка MYSQL: Unknown column 'creator_id' in 'field list'
<06:07:48> [ERROR] Ошибка MYSQL: Unknown column 'creator_id' in 'field list'
<06:08:40> [ERROR] Ошибка MYSQL: Unknown column 'creator_id' in 'field list'
<06:16:23> [MSG] Аутентифицирован "Lucors"
<06:16:53> [MSG] Пользователь "thesourcecode.max@yandex.ru" вышел
<06:16:59> [MSG] Аутентифицирован "Lucors"
<06:17:04> [ERROR] Ошибка MYSQL: You have an error in your SQL syntax; check the manual that corresponds to your MySQL server version for the right syntax to use near '' at line 6
<16:55:20> [MSG] Аутентифицирован "Slave"
<16:55:20> [ERROR] Ошибка получения настроек
<16:55:27> [ERROR] Ошибка получения настроек
<16:55:34> [ERROR] Ошибка получения настроек
<16:55:35> [ERROR] Ошибка получения настроек
<16:55:39> [ERROR] Ошибка получения настроек
<16:55:41> [ERROR] Ошибка получения настроек
<16:55:47> [ERROR] Ошибка получения настроек
<16:55:59> [ERROR] Ошибка получения настроек
<16:56:03> [ERROR] Ошибка получения настроек
<16:56:39> [ERROR] Ошибка получения настроек
<16:57:14> [ERROR] Ошибка получения настроек
<16:57:22> [ERROR] Ошибка получения настроек
<16:57:23> [ERROR] Ошибка получения настроек
<16:57:23> [ERROR] Ошибка получения настроек
<16:57:24> [ERROR] Ошибка получения настроек
<16:57:24> [ERROR] Ошибка получения настроек
<16:57:24> [ERROR] Ошибка получения настроек
<16:57:25> [ERROR] Ошибка получения настроек
<16:57:43> [MSG] Аутентифицирован "Slave"
<16:57:43> [ERROR] Ошибка получения настроек
<16:57:49> [ERROR] Ошибка получения настроек
<16:57:55> [MSG] Аутентифицирован "Lucors"
<16:58:40> [ERROR] Ошибка получения настроек
<18:14:31> [MSG] Аутентифицирован "Lucors"
<18:14:39> [MSG] Пользователь "thesourcecode.max@yandex.ru" вышел
<18:14:42> [MSG] Аутентифицирован "Lucors"
<18:14:48> [MSG] Пользователь "thesourcecode.max@yandex.ru" вышел
<18:14:53> [MSG] Аутентифицирован "Lucors"
<18:14:54> [MSG] Пользователь "thesourcecode.max@yandex.ru" вышел
<18:22:04> [MSG] Аутентифицирован "Lucors"
<18:48:26> [MSG] Аутентифицирован "Lucors"
<20:54:21> [MSG] Аутентифицирован "Lucors"
<22:20:25> [MSG] Аутентифицирован "Slave"
