<00:03:46> [ERROR] Ошибка MYSQL: (1064) You have an error in your SQL syntax; check the manual that corresponds to your MySQL server version for the right syntax to use near '' at line 11
<01:41:33> [ERROR] Ошибка MYSQL: (1064) You have an error in your SQL syntax; check the manual that corresponds to your MySQL server version for the right syntax to use near '' at line 11
<01:56:06> [ERROR] Ошибка MYSQL: (1064) You have an error in your SQL syntax; check the manual that corresponds to your MySQL server version for the right syntax to use near '' at line 11
<01:59:13> [ERROR] Ошибка MYSQL: (1064) You have an error in your SQL syntax; check the manual that corresponds to your MySQL server version for the right syntax to use near '' at line 11
<02:15:27> [ERROR] Ошибка MYSQL: (1064) You have an error in your SQL syntax; check the manual that corresponds to your MySQL server version for the right syntax to use near '' at line 11
<02:16:39> [ERROR] Ошибка MYSQL: (1064) You have an error in your SQL syntax; check the manual that corresponds to your MySQL server version for the right syntax to use near '' at line 11
<02:24:16> [ERROR] Ошибка MYSQL: (1064) You have an error in your SQL syntax; check the manual that corresponds to your MySQL server version for the right syntax to use near '' at line 11
<02:28:11> [ERROR] Ошибка MYSQL: (1064) You have an error in your SQL syntax; check the manual that corresponds to your MySQL server version for the right syntax to use near '' at line 11
<02:32:09> [ERROR] Ошибка MYSQL: (1064) You have an error in your SQL syntax; check the manual that corresponds to your MySQL server version for the right syntax to use near '' at line 11
<02:36:15> [ERROR] Ошибка MYSQL: (1064) You have an error in your SQL syntax; check the manual that corresponds to your MySQL server version for the right syntax to use near '' at line 11
<02:42:30> [ERROR] Ошибка MYSQL: (1064) You have an error in your SQL syntax; check the manual that corresponds to your MySQL server version for the right syntax to use near '' at line 11
<02:45:44> [ERROR] Ошибка MYSQL: (1064) You have an error in your SQL syntax; check the manual that corresponds to your MySQL server version for the right syntax to use near '' at line 11
<03:00:24> [ERROR] Ошибка MYSQL: (1064) You have an error in your SQL syntax; check the manual that corresponds to your MySQL server version for the right syntax to use near '' at line 11
<05:44:58> [WARN] Не определен путь запроса (route) /home/u3905860fl/domains/chaoticgame.ru/public_html/api/index.php[36]
<05:46:46> [WARN] Не определен путь запроса (route) /home/u3905860fl/domains/chaoticgame.ru/public_html/api/index.php[36]
<05:47:04> [WARN] Не определен путь запроса (route) /home/u3905860fl/domains/chaoticgame.ru/public_html/api/index.php[36]
<05:47:05> [WARN] Не определен путь запроса (route) /home/u3905860fl/domains/chaoticgame.ru/public_html/api/index.php[36]
<05:47:09> [WARN] Не определен путь запроса (route) /home/u3905860fl/domains/chaoticgame.ru/public_html/api/index.php[36]
<05:48:14> [WARN] Не задан параметр OPERATION (op) /home/u3905860fl/domains/chaoticgame.ru/public_html/api/handler_base.php[3]
<05:48:39> [WARN] Не задан параметр ROOM_ID (room_id) /home/u3905860fl/domains/chaoticgame.ru/public_html/api/question/handler.php[9]
<23:41:32> [WARN] Не задан параметр ANSWER (answer) /home/u3905860fl/domains/chaoticgame.ru/public_html/api/question/handler.php[30]
<23:41:56> [WARN] Не задан параметр ANSWER (answer) /home/u3905860fl/domains/chaoticgame.ru/public_html/api/question/handler.php[30]
<23:41:57> [WARN] Не задан параметр ANSWER (answer) /home/u3905860fl/domains/chaoticgame.ru/public_html/api/question/handler.php[30]
<23:41:58> [WARN] Не задан параметр ANSWER (answer) /home/u3905860fl/domains/chaoticgame.ru/public_html/api/question/handler.php[30]
<23:42:10> [WARN] Не задан параметр ANSWER (answer) /home/u3905860fl/domains/chaoticgame.ru/public_html/api/question/handler.php[30]
<23:42:32> [WARN] Не задан параметр ANSWER (answer) /home/u3905860fl/domains/chaoticgame.ru/public_html/api/question/handler.php[30]
<23:43:03> [WARN] Не задан параметр ANSWER (answer) /home/u3905860fl/domains/chaoticgame.ru/public_html/api/question/handler.php[30]
<23:59:18> [MSG] Аутентифицирован "jekarws"
