<01:42:44> [MSG] Аутентифицирован "Pepsico"
<01:43:05> [MSG] Аутентифицирован "test"
<01:44:30> [MSG] Аутентифицирован "Братишка"
<01:45:31> [MSG] Аутентифицирован "Братишка"
<01:45:45> [MSG] Пользователь "test.max@yandex.ru" вышел
<01:45:51> [MSG] Аутентифицирован "Pepsico"
<01:46:03> [ERROR] Ошибка MYSQL: You have an error in your SQL syntax; check the manual that corresponds to your MySQL server version for the right syntax to use near '' at line 6
<01:51:27> [ERROR] Ошибка MYSQL: You have an error in your SQL syntax; check the manual that corresponds to your MySQL server version for the right syntax to use near '' at line 6
<02:33:32> [MSG] Пользователь "pepsi@yandex.ru" вышел
<02:33:46> [MSG] Аутентифицирован "Pepsico"
<02:45:32> [ERROR] Ошибка MYSQL: Unknown column 'maps.name' in 'field list'
<02:46:22> [ERROR] Ошибка MYSQL: Unknown column 'maps.name' in 'field list'
<02:48:24> [MSG] Аутентифицирован "Slave"
<04:00:43> [ERROR] Ошибка MYSQL: You have an error in your SQL syntax; check the manual that corresponds to your MySQL server version for the right syntax to use near '' at line 6
<04:22:52> [MSG] Аутентифицирован "jekarws"
<04:24:32> [MSG] Пользователь "jekarws@gmail.com" вышел
<04:24:36> [MSG] Аутентифицирован "jekarws"
<04:35:47> [ERROR] Ошибка MYSQL: You have an error in your SQL syntax; check the manual that corresponds to your MySQL server version for the right syntax to use near '' at line 6
<04:36:43> [ERROR] Ошибка MYSQL: You have an error in your SQL syntax; check the manual that corresponds to your MySQL server version for the right syntax to use near '' at line 6
<04:43:38> [MSG] Аутентифицирован "Pepsico"
<05:24:48> [ERROR] Ошибка MYSQL: You have an error in your SQL syntax; check the manual that corresponds to your MySQL server version for the right syntax to use near 'GROUP BY
                room_id, rooms.name, privacy' at line 17
<05:27:32> [ERROR] Ошибка MYSQL: You have an error in your SQL syntax; check the manual that corresponds to your MySQL server version for the right syntax to use near 'GROUP BY
                room_id, rooms.name, privacy' at line 17
<05:28:21> [ERROR] Ошибка MYSQL: You have an error in your SQL syntax; check the manual that corresponds to your MySQL server version for the right syntax to use near 'GROUP BY
                room_id, rooms.name, privacy' at line 17
<05:34:00> [ERROR] Ошибка MYSQL: You have an error in your SQL syntax; check the manual that corresponds to your MySQL server version for the right syntax to use near 'GROUP BY
                room_id, rooms.name, privacy' at line 17
<05:34:22> [ERROR] Ошибка MYSQL: You have an error in your SQL syntax; check the manual that corresponds to your MySQL server version for the right syntax to use near 'GROUP BY
                room_id, rooms.name, privacy' at line 17
<05:54:40> [ERROR] Ошибка MYSQL: You have an error in your SQL syntax; check the manual that corresponds to your MySQL server version for the right syntax to use near '' at line 6
<05:55:31> [ERROR] Ошибка MYSQL: You have an error in your SQL syntax; check the manual that corresponds to your MySQL server version for the right syntax to use near '' at line 6
<08:52:49> [ERROR] Ошибка MYSQL: You have an error in your SQL syntax; check the manual that corresponds to your MySQL server version for the right syntax to use near '' at line 6
<09:00:38> [MSG] Аутентифицирован "Pepsico"
<09:42:20> [ERROR] Ошибка MYSQL: Unknown column 'undefined' in 'where clause'
<09:44:37> [ERROR] Ошибка MYSQL: You have an error in your SQL syntax; check the manual that corresponds to your MySQL server version for the right syntax to use near '' at line 10
<09:45:36> [ERROR] Ошибка MYSQL: You have an error in your SQL syntax; check the manual that corresponds to your MySQL server version for the right syntax to use near '' at line 10
<10:38:15> [ERROR] Ошибка MYSQL: You have an error in your SQL syntax; check the manual that corresponds to your MySQL server version for the right syntax to use near '' at line 6
<10:49:08> [MSG] Аутентифицирован "test"
<10:52:19> [MSG] Аутентифицирован "test"
<10:59:52> [MSG] Пользователь "test.max@yandex.ru" вышел
<10:59:59> [MSG] Аутентифицирован "Pepsico"
<11:21:19> [MSG] Аутентифицирован "Pepsico"
<11:23:28> [ERROR] Ошибка MYSQL: You have an error in your SQL syntax; check the manual that corresponds to your MySQL server version for the right syntax to use near '' at line 6
<22:47:25> [MSG] Аутентифицирован "Lucors"
<22:48:20> [MSG] Аутентифицирован "Pepsico"
<22:50:17> [ERROR] Ошибка MYSQL: You have an error in your SQL syntax; check the manual that corresponds to your MySQL server version for the right syntax to use near '' at line 6
<22:57:00> [MSG] Аутентифицирован "Pepsico"
<22:57:49> [ERROR] Ошибка MYSQL: You have an error in your SQL syntax; check the manual that corresponds to your MySQL server version for the right syntax to use near '' at line 6
<23:31:56> [MSG] Аутентифицирован "Pepsico"
<23:37:09> [ERROR] Ошибка MYSQL: You have an error in your SQL syntax; check the manual that corresponds to your MySQL server version for the right syntax to use near '' at line 6
<23:37:11> [ERROR] Ошибка MYSQL: You have an error in your SQL syntax; check the manual that corresponds to your MySQL server version for the right syntax to use near '' at line 6
