<00:11:54> [ERROR] Ошибка MYSQL: (1064) You have an error in your SQL syntax; check the manual that corresponds to your MySQL server version for the right syntax to use near ''СООБЩЕНИЕ\', 0)' at line 4
<00:14:45> [MSG] Пользователь "thesourcecode.max@yandex.ru" вышел
<00:22:36> [MSG] Аутентифицирован "Lucors"
<00:22:38> [MSG] Пользователь "thesourcecode.max@yandex.ru" вышел
<00:39:05> [MSG] Аутентифицирован "Lucors"
<05:28:53> [MSG] Аутентифицирован "Pepsico"
<06:00:24> [ERROR] Ошибка MYSQL: (1064) You have an error in your SQL syntax; check the manual that corresponds to your MySQL server version for the right syntax to use near '' at line 6
<06:00:27> [MSG] Пользователь "thesourcecode.max@yandex.ru" вышел
<06:04:49> [MSG] Аутентифицирован "Lucors"
<06:05:32> [MSG] Аутентифицирован "Pepsico"
<06:05:43> [ERROR] Ошибка MYSQL: (1064) You have an error in your SQL syntax; check the manual that corresponds to your MySQL server version for the right syntax to use near '' at line 6
<06:09:56> [MSG] Аутентифицирован "Pepsico"
<07:04:09> [ERROR] Ошибка MYSQL: (1064) You have an error in your SQL syntax; check the manual that corresponds to your MySQL server version for the right syntax to use near '' at line 6
<07:07:50> [ERROR] Ошибка MYSQL: (1064) You have an error in your SQL syntax; check the manual that corresponds to your MySQL server version for the right syntax to use near '' at line 6
<11:49:55> [MSG] Аутентифицирован "Pepsico"
<11:50:42> [MSG] Аутентифицирован "test"
<11:58:00> [ERROR] Ошибка MYSQL: (1064) You have an error in your SQL syntax; check the manual that corresponds to your MySQL server version for the right syntax to use near '' at line 6
<13:07:10> [ERROR] Ошибка MYSQL: (1064) You have an error in your SQL syntax; check the manual that corresponds to your MySQL server version for the right syntax to use near '' at line 6
<13:27:59> [ERROR] Ошибка MYSQL: (1064) You have an error in your SQL syntax; check the manual that corresponds to your MySQL server version for the right syntax to use near '' at line 6
<13:28:22> [MSG] Аутентифицирован "Lucors"
<13:28:40> [MSG] Аутентифицирован "Lucors"
<13:37:46> [MSG] Аутентифицирован "Lucors"
<13:38:24> [MSG] Аутентифицирован "Pepsico"
<13:39:52> [MSG] Аутентифицирован "Pepsico"
<14:21:38> [ERROR] Ошибка MYSQL: (1064) You have an error in your SQL syntax; check the manual that corresponds to your MySQL server version for the right syntax to use near '' at line 6
<14:28:39> [MSG] Аутентифицирован "Pepsico"
<14:45:44> [ERROR] Ошибка MYSQL: (1064) You have an error in your SQL syntax; check the manual that corresponds to your MySQL server version for the right syntax to use near '' at line 6
<14:45:56> [ERROR] Ошибка MYSQL: (1064) You have an error in your SQL syntax; check the manual that corresponds to your MySQL server version for the right syntax to use near '' at line 6
<14:48:34> [ERROR] Ошибка MYSQL: (1064) You have an error in your SQL syntax; check the manual that corresponds to your MySQL server version for the right syntax to use near '' at line 6
<14:50:08> [ERROR] Ошибка MYSQL: (1064) You have an error in your SQL syntax; check the manual that corresponds to your MySQL server version for the right syntax to use near '' at line 6
<14:58:39> [ERROR] Ошибка MYSQL: (1064) You have an error in your SQL syntax; check the manual that corresponds to your MySQL server version for the right syntax to use near '' at line 6
<15:01:52> [ERROR] Ошибка MYSQL: (1064) You have an error in your SQL syntax; check the manual that corresponds to your MySQL server version for the right syntax to use near '' at line 6
<23:49:57> [ERROR] Ошибка MYSQL: (1054) Unknown column 'rooms.step_max' in 'field list'
<23:50:12> [ERROR] Ошибка MYSQL: (1054) Unknown column 'rooms.step_max' in 'field list'
<23:50:37> [MSG] Аутентифицирован "jekarws"
<23:50:52> [ERROR] Ошибка MYSQL: (1054) Unknown column 'rooms.step_max' in 'field list'
<23:51:01> [ERROR] Ошибка MYSQL: (1054) Unknown column 'rooms.step_max' in 'field list'
<23:51:06> [ERROR] Ошибка MYSQL: (1054) Unknown column 'rooms.step_max' in 'field list'
