<13:41:32> [MSG] Аутентифицирован "Lucors"
<13:41:36> [MSG] Пользователь "thesourcecode.max@yandex.ru" вышел
<13:43:14> [MSG] Аутентифицирован "Lucors"
<13:45:08> [MSG] Аутентифицирован "Pepsico"
<13:55:20> [MSG] Пользователь "pepsi@yandex.ru" вышел
<13:55:35> [MSG] Аутентифицирован "Lucors"
<13:55:43> [MSG] Пользователь "thesourcecode.max@yandex.ru" вышел
<13:56:01> [MSG] Аутентифицирован "Lucors"
<13:56:05> [MSG] Пользователь "thesourcecode.max@yandex.ru" вышел
<13:58:52> [MSG] Аутентифицирован "Lucors"
<13:59:06> [MSG] Пользователь "thesourcecode.max@yandex.ru" вышел
<13:59:26> [MSG] Аутентифицирован "Pepsico"
<13:59:37> [MSG] Пользователь "pepsi@yandex.ru" вышел
<14:00:02> [MSG] Аутентифицирован "test"
<14:01:43> [MSG] Пользователь "test.max@yandex.ru" вышел
<14:02:25> [MSG] Аутентифицирован "test"
<14:02:43> [MSG] Пользователь "test.max@yandex.ru" вышел
<14:06:45> [MSG] Аутентифицирован "Pepsico"
<14:08:22> [MSG] Пользователь "pepsi@yandex.ru" вышел
<14:08:26> [ERROR] Сервера перегружены, повторите попытку позже /home/u3905860fl/domains/chaoticgame.ru/public_html/api/auth/methods.php[54]
<14:08:35> [ERROR] Сервера перегружены, повторите попытку позже /home/u3905860fl/domains/chaoticgame.ru/public_html/api/auth/methods.php[54]
<14:08:51> [MSG] Пользователь "thesourcecode.max@yandex.ru" вышел
<14:08:53> [ERROR] Сервера перегружены, повторите попытку позже /home/u3905860fl/domains/chaoticgame.ru/public_html/api/auth/methods.php[54]
<14:08:54> [ERROR] Сервера перегружены, повторите попытку позже /home/u3905860fl/domains/chaoticgame.ru/public_html/api/auth/methods.php[54]
<14:08:55> [ERROR] Сервера перегружены, повторите попытку позже /home/u3905860fl/domains/chaoticgame.ru/public_html/api/auth/methods.php[54]
<14:08:56> [ERROR] Сервера перегружены, повторите попытку позже /home/u3905860fl/domains/chaoticgame.ru/public_html/api/auth/methods.php[54]
<14:08:57> [ERROR] Сервера перегружены, повторите попытку позже /home/u3905860fl/domains/chaoticgame.ru/public_html/api/auth/methods.php[54]
<14:08:58> [ERROR] Сервера перегружены, повторите попытку позже /home/u3905860fl/domains/chaoticgame.ru/public_html/api/auth/methods.php[54]
<14:09:00> [ERROR] Сервера перегружены, повторите попытку позже /home/u3905860fl/domains/chaoticgame.ru/public_html/api/auth/methods.php[54]
<14:09:17> [MSG] Аутентифицирован "Lucors"
<14:09:22> [ERROR] Сервера перегружены, повторите попытку позже /home/u3905860fl/domains/chaoticgame.ru/public_html/api/auth/methods.php[54]
<14:20:21> [MSG] Аутентифицирован "Pepsico"
<14:21:17> [MSG] Пользователь "pepsi@yandex.ru" вышел
<14:21:41> [WARN] Ошибка получения данных комнаты #1 /home/u3905860fl/domains/chaoticgame.ru/public_html/api/room/methods.php[62]
<14:23:01> [WARN] Ошибка получения данных комнаты #1 /home/u3905860fl/domains/chaoticgame.ru/public_html/api/room/methods.php[62]
<14:23:57> [WARN] Ошибка получения данных комнаты #1 /home/u3905860fl/domains/chaoticgame.ru/public_html/api/room/methods.php[62]
<14:26:12> [WARN] Ошибка получения данных комнаты #1 /home/u3905860fl/domains/chaoticgame.ru/public_html/api/room/methods.php[62]
<14:26:15> [MSG] Аутентифицирован "test"
<14:26:17> [ERROR] Ошибка MYSQL: (1064) You have an error in your SQL syntax; check the manual that corresponds to your MySQL server version for the right syntax to use near '' at line 11
<15:54:51> [MSG] Аутентифицирован "Lucors"
<16:49:59> [WARN] Ошибка получения данных комнаты #1 /home/u3905860fl/domains/chaoticgame.ru/public_html/api/room/methods.php[62]
<16:54:45> [WARN] Ошибка получения данных комнаты #1 /home/u3905860fl/domains/chaoticgame.ru/public_html/api/room/methods.php[62]
<16:55:07> [WARN] Ошибка получения данных комнаты #1 /home/u3905860fl/domains/chaoticgame.ru/public_html/api/room/methods.php[62]
<16:56:04> [WARN] Ошибка получения данных комнаты #1 /home/u3905860fl/domains/chaoticgame.ru/public_html/api/room/methods.php[62]
<16:56:24> [WARN] Ошибка получения данных комнаты #1 /home/u3905860fl/domains/chaoticgame.ru/public_html/api/room/methods.php[62]
<16:57:10> [WARN] Ошибка получения данных комнаты #1 /home/u3905860fl/domains/chaoticgame.ru/public_html/api/room/methods.php[62]
<16:59:04> [WARN] Ошибка получения данных комнаты #1 /home/u3905860fl/domains/chaoticgame.ru/public_html/api/room/methods.php[62]
<17:05:09> [WARN] Ошибка получения данных комнаты #1 /home/u3905860fl/domains/chaoticgame.ru/public_html/api/room/methods.php[62]
<17:05:36> [WARN] Ошибка получения данных комнаты #1 /home/u3905860fl/domains/chaoticgame.ru/public_html/api/room/methods.php[62]
<17:06:16> [WARN] Ошибка получения данных комнаты #1 /home/u3905860fl/domains/chaoticgame.ru/public_html/api/room/methods.php[62]
<17:07:05> [WARN] Ошибка получения данных комнаты #1 /home/u3905860fl/domains/chaoticgame.ru/public_html/api/room/methods.php[62]
<17:07:53> [WARN] Ошибка получения данных комнаты #1 /home/u3905860fl/domains/chaoticgame.ru/public_html/api/room/methods.php[62]
<17:08:05> [WARN] Ошибка получения данных комнаты #1 /home/u3905860fl/domains/chaoticgame.ru/public_html/api/room/methods.php[62]
