<14:27:07> [ERROR] Ошибка MYSQL: (1040) Too many connections
<20:01:49> [MSG] Запрошен settings.php
<20:01:49> [MSG] Запрошен rooms.php
<20:01:50> [MSG] Запрошен avatars.php
<20:01:52> [MSG] Запрошен users.php
<20:01:53> [MSG] Запрошен users.php
<20:01:55> [MSG] Запрошен logout.php
<20:01:55> [MSG] Пользователь "thesourcecode.max@yandex.ru" вышел
<20:02:00> [MSG] Запрошен login.php
<20:02:00> [MSG] Аутентифицирован пользователь ""
<20:02:00> [MSG] Запрошен settings.php
<20:02:00> [MSG] Запрошен avatars.php
<20:02:00> [MSG] Запрошен rooms.php
<20:02:02> [MSG] Запрошен users.php
<20:02:12> [MSG] Запрошен logout.php
<20:02:12> [MSG] Пользователь "thesourcecode.max@yandex.ru" вышел
<20:02:21> [MSG] Запрошен login.php
<20:02:21> [MSG] Аутентифицирован пользователь ""
<20:02:21> [MSG] Запрошен settings.php
<20:02:22> [MSG] Запрошен rooms.php
<20:02:22> [MSG] Запрошен avatars.php
<20:02:24> [MSG] Запрошен logout.php
<20:02:24> [MSG] Пользователь "thesourcecode.max@yandex.ru" вышел
<20:09:52> [MSG] Запрошен login.php
<20:09:52> [MSG] Аутентифицирован пользователь ""
<20:09:52> [MSG] Запрошен settings.php
<20:09:52> [MSG] Запрошен rooms.php
<20:09:52> [MSG] Запрошен avatars.php
<20:09:54> [MSG] Запрошен users.php
<20:09:56> [MSG] Запрошен users.php
<20:09:58> [MSG] Запрошен users.php
<20:09:59> [MSG] Запрошен users.php
<20:10:01> [MSG] Запрошен users.php
<20:10:10> [MSG] Запрошен users.php
<20:10:20> [MSG] Запрошен settings.php
<20:10:20> [MSG] Запрошен rooms.php
<20:10:20> [MSG] Запрошен avatars.php
<20:10:23> [MSG] Запрошен rooms.php
<20:10:24> [MSG] Запрошен rooms.php
<20:10:25> [MSG] Запрошен topics.php
