<01:00:43> [MSG] Запрошен avatars.php
<01:00:43> [MSG] Запрошен rooms.php
<01:00:43> [MSG] Запрошен settings.php
<01:00:48> [MSG] Запрошен settings.php
<01:00:48> [MSG] Запрошен avatars.php
<01:00:48> [MSG] Запрошен rooms.php
<01:01:09> [MSG] Запрошен logout.php
<01:01:09> [MSG] Пользователь "thesourcecode.max@yandex.ru" вышел
<01:01:32> [MSG] Запрошен login.php
<01:01:32> [MSG] Аутентифицирован пользователь ""
<01:01:33> [MSG] Запрошен settings.php
<01:01:33> [MSG] Запрошен avatars.php
<01:01:33> [MSG] Запрошен rooms.php
<01:04:37> [MSG] Запрошен avatars.php
<01:04:37> [MSG] Запрошен settings.php
<01:04:37> [MSG] Запрошен rooms.php
<01:04:48> [MSG] Запрошен avatars.php
<01:04:48> [MSG] Запрошен settings.php
<01:04:48> [MSG] Запрошен rooms.php
<01:04:51> [MSG] Запрошен rating.php
<01:04:55> [MSG] Запрошен topics.php
<01:05:00> [MSG] Запрошен rooms.php
<01:05:01> [MSG] Запрошен rooms.php
<01:05:32> [MSG] Запрошен rating.php
<01:06:55> [MSG] Запрошен avatars.php
<01:06:55> [MSG] Запрошен settings.php
<01:06:55> [MSG] Запрошен rooms.php
<01:06:57> [MSG] Запрошен settings.php
<01:07:00> [MSG] Запрошен rating.php
<01:07:46> [MSG] Запрошен avatars.php
<01:07:46> [MSG] Запрошен settings.php
<01:07:46> [MSG] Запрошен rooms.php
<01:07:48> [MSG] Запрошен settings.php
<01:07:53> [MSG] Запрошен settings.php
<01:07:57> [MSG] Запрошен settings.php
<01:08:10> [MSG] Запрошен settings.php
<01:08:13> [MSG] Запрошен settings.php
<01:08:56> [MSG] Запрошен rooms.php
<01:08:57> [MSG] Запрошен rooms.php
<01:08:59> [MSG] Запрошен users.php
<01:09:01> [MSG] Запрошен users.php
<01:10:27> [MSG] Запрошен avatars.php
<01:10:27> [MSG] Запрошен settings.php
<01:10:27> [MSG] Запрошен rooms.php
<01:10:29> [MSG] Запрошен users.php
<01:10:32> [MSG] Запрошен private-messages.php
<01:12:38> [MSG] Запрошен private-messages.php
<01:13:12> [MSG] Запрошен rating.php
<01:13:43> [MSG] Запрошен avatars.php
<01:13:43> [MSG] Запрошен settings.php
<01:13:43> [MSG] Запрошен rooms.php
<01:13:44> [MSG] Запрошен settings.php
<01:13:48> [MSG] Запрошен users.php
<01:13:49> [MSG] Запрошен private-messages.php
<01:13:51> [MSG] Запрошен private-messages.php
<01:16:17> [MSG] Запрошен logout.php
<01:16:17> [MSG] Пользователь "thesourcecode.max@yandex.ru" вышел
<01:23:34> [MSG] Запрошен login.php
<01:23:34> [MSG] Аутентифицирован пользователь ""
<01:23:34> [MSG] Запрошен avatars.php
<01:23:34> [MSG] Запрошен settings.php
<01:23:34> [MSG] Запрошен rooms.php
<01:23:37> [MSG] Запрошен users.php
<01:23:40> [MSG] Запрошен logout.php
<01:23:40> [MSG] Пользователь "thesourcecode.max@yandex.ru" вышел
<01:23:45> [MSG] Запрошен login.php
<01:23:45> [MSG] Аутентифицирован пользователь ""
<01:23:45> [MSG] Запрошен avatars.php
<01:23:45> [MSG] Запрошен rooms.php
<01:23:45> [MSG] Запрошен settings.php
<01:23:47> [MSG] Запрошен users.php
<01:24:53> [MSG] Запрошен users.php
<01:24:56> [MSG] Запрошен settings.php
<01:24:56> [MSG] Запрошен rooms.php
<01:24:56> [MSG] Запрошен avatars.php
<01:24:58> [MSG] Запрошен logout.php
<01:24:58> [MSG] Пользователь "thesourcecode.max@yandex.ru" вышел
<01:35:42> [MSG] Запрошен login.php
<01:35:42> [MSG] Аутентифицирован пользователь ""
<01:35:42> [MSG] Запрошен avatars.php
<01:35:42> [MSG] Запрошен rooms.php
<01:35:42> [MSG] Запрошен settings.php
<01:35:44> [MSG] Запрошен logout.php
<01:35:44> [MSG] Пользователь "thesourcecode.max@yandex.ru" вышел
<01:38:57> [MSG] Запрошен login.php
<01:38:57> [MSG] Аутентифицирован пользователь ""
<01:38:57> [MSG] Запрошен avatars.php
<01:38:57> [MSG] Запрошен rooms.php
<01:38:57> [MSG] Запрошен settings.php
<01:38:58> [MSG] Запрошен logout.php
<01:38:58> [MSG] Пользователь "thesourcecode.max@yandex.ru" вышел
<01:42:45> [MSG] Запрошен login.php
<01:42:45> [MSG] Аутентифицирован пользователь ""
<01:42:45> [MSG] Запрошен settings.php
<01:42:45> [MSG] Запрошен rooms.php
<01:42:45> [MSG] Запрошен avatars.php
<01:45:53> [MSG] Запрошен avatars.php
<01:45:53> [MSG] Запрошен settings.php
<01:45:53> [MSG] Запрошен rooms.php
<01:45:55> [MSG] Запрошен users.php
<01:53:12> [MSG] Запрошен avatars.php
<01:53:12> [MSG] Запрошен rooms.php
<01:53:12> [MSG] Запрошен settings.php
<01:54:18> [MSG] Запрошен avatars.php
<01:54:18> [MSG] Запрошен settings.php
<01:54:18> [MSG] Запрошен rooms.php
<01:54:30> [MSG] Запрошен avatars.php
<01:54:30> [MSG] Запрошен settings.php
<01:54:30> [MSG] Запрошен rooms.php
<01:55:48> [MSG] Запрошен settings.php
<01:55:48> [MSG] Запрошен rooms.php
<01:55:48> [MSG] Запрошен avatars.php
<01:56:49> [MSG] Запрошен avatars.php
<01:56:49> [MSG] Запрошен settings.php
<01:56:49> [MSG] Запрошен rooms.php
<01:56:56> [MSG] Запрошен avatars.php
<01:56:56> [MSG] Запрошен settings.php
<01:56:56> [MSG] Запрошен rooms.php
<01:57:00> [MSG] Запрошен avatars.php
<01:57:00> [MSG] Запрошен settings.php
<01:57:00> [MSG] Запрошен rooms.php
<01:58:24> [MSG] Запрошен settings.php
<01:58:24> [MSG] Запрошен rooms.php
<01:58:24> [MSG] Запрошен avatars.php
<01:58:35> [MSG] Запрошен users.php
<01:58:38> [MSG] Запрошен logout.php
<01:58:38> [MSG] Пользователь "thesourcecode.max@yandex.ru" вышел
<01:58:47> [MSG] Запрошен login.php
<01:58:47> [MSG] Аутентифицирован пользователь ""
<01:58:47> [MSG] Запрошен avatars.php
<01:58:47> [MSG] Запрошен rooms.php
<01:58:47> [MSG] Запрошен settings.php
<01:58:50> [MSG] Запрошен logout.php
<01:58:50> [MSG] Пользователь "thesourcecode.max@yandex.ru" вышел
<02:00:17> [MSG] Запрошен login.php
<02:00:17> [MSG] Аутентифицирован пользователь ""
<02:00:17> [MSG] Запрошен avatars.php
<02:00:17> [MSG] Запрошен rooms.php
<02:00:17> [MSG] Запрошен settings.php
<02:00:20> [MSG] Запрошен users.php
<02:00:41> [MSG] Запрошен logout.php
<02:00:41> [MSG] Пользователь "thesourcecode.max@yandex.ru" вышел
<02:01:39> [MSG] Запрошен login.php
<02:01:39> [MSG] Аутентифицирован пользователь ""
<02:01:39> [MSG] Запрошен avatars.php
<02:01:39> [MSG] Запрошен rooms.php
<02:01:39> [MSG] Запрошен settings.php
<02:03:42> [MSG] Запрошен avatars.php
<02:03:42> [MSG] Запрошен settings.php
<02:03:42> [MSG] Запрошен rooms.php
<02:03:53> [MSG] Запрошен users.php
<02:05:45> [MSG] Запрошен avatars.php
<02:05:45> [MSG] Запрошен settings.php
<02:05:45> [MSG] Запрошен rooms.php
<02:05:50> [MSG] Запрошен logout.php
<02:05:50> [MSG] Пользователь "thesourcecode.max@yandex.ru" вышел
<02:07:15> [MSG] Запрошен login.php
<02:07:15> [MSG] Аутентифицирован пользователь ""
<02:07:15> [MSG] Запрошен avatars.php
<02:07:15> [MSG] Запрошен rooms.php
<02:07:15> [MSG] Запрошен settings.php
<02:07:28> [MSG] Запрошен settings.php
<02:07:28> [MSG] Запрошен rooms.php
<02:07:28> [MSG] Запрошен avatars.php
<02:07:30> [MSG] Запрошен settings.php
<02:07:30> [MSG] Запрошен rooms.php
<02:07:30> [MSG] Запрошен avatars.php
<02:07:33> [MSG] Запрошен logout.php
<02:07:33> [MSG] Пользователь "thesourcecode.max@yandex.ru" вышел
<02:07:49> [MSG] Запрошен login.php
<02:07:50> [MSG] Аутентифицирован пользователь ""
<02:07:50> [MSG] Запрошен avatars.php
<02:07:50> [MSG] Запрошен settings.php
<02:07:50> [MSG] Запрошен rooms.php
<02:08:03> [MSG] Запрошен logout.php
<02:08:03> [MSG] Пользователь "thesourcecode.max@yandex.ru" вышел
<02:08:08> [MSG] Запрошен login.php
<02:08:08> [MSG] Аутентифицирован пользователь ""
<02:08:08> [MSG] Запрошен avatars.php
<02:08:08> [MSG] Запрошен rooms.php
<02:08:08> [MSG] Запрошен settings.php
<02:08:14> [MSG] Запрошен logout.php
<02:08:14> [MSG] Пользователь "thesourcecode.max@yandex.ru" вышел
<02:08:21> [MSG] Запрошен login.php
<02:08:21> [MSG] Аутентифицирован пользователь ""
<02:08:21> [MSG] Запрошен avatars.php
<02:08:21> [MSG] Запрошен settings.php
<02:08:21> [MSG] Запрошен rooms.php
<02:08:46> [MSG] Запрошен logout.php
<02:08:46> [MSG] Пользователь "thesourcecode.max@yandex.ru" вышел
<02:08:56> [MSG] Запрошен login.php
<02:08:56> [MSG] Аутентифицирован пользователь ""
<02:08:56> [MSG] Запрошен avatars.php
<02:08:56> [MSG] Запрошен rooms.php
<02:08:56> [MSG] Запрошен settings.php
<02:09:13> [MSG] Запрошен logout.php
<02:09:13> [MSG] Пользователь "thesourcecode.max@yandex.ru" вышел
<02:11:00> [MSG] Запрошен login.php
<02:11:00> [MSG] Аутентифицирован пользователь ""
<02:11:00> [MSG] Запрошен avatars.php
<02:11:00> [MSG] Запрошен rooms.php
<02:11:00> [MSG] Запрошен settings.php
<02:11:03> [MSG] Запрошен logout.php
<02:11:03> [MSG] Пользователь "thesourcecode.max@yandex.ru" вышел
<02:11:07> [MSG] Запрошен login.php
<02:11:07> [MSG] Аутентифицирован пользователь ""
<02:11:07> [MSG] Запрошен avatars.php
<02:11:07> [MSG] Запрошен settings.php
<02:11:08> [MSG] Запрошен rooms.php
<02:11:30> [MSG] Запрошен rooms.php
<02:11:47> [MSG] Запрошен logout.php
<02:11:47> [MSG] Пользователь "thesourcecode.max@yandex.ru" вышел
<02:11:52> [MSG] Запрошен login.php
<02:11:52> [MSG] Аутентифицирован пользователь ""
<02:11:52> [MSG] Запрошен settings.php
<02:11:52> [MSG] Запрошен avatars.php
<02:11:52> [MSG] Запрошен rooms.php
<02:12:36> [MSG] Запрошен logout.php
<02:12:36> [MSG] Пользователь "thesourcecode.max@yandex.ru" вышел
<02:12:43> [MSG] Запрошен login.php
<02:12:43> [MSG] Аутентифицирован пользователь ""
<02:12:43> [MSG] Запрошен avatars.php
<02:12:43> [MSG] Запрошен rooms.php
<02:12:43> [MSG] Запрошен settings.php
<02:13:43> [MSG] Запрошен avatars.php
<02:13:43> [MSG] Запрошен settings.php
<02:13:43> [MSG] Запрошен rooms.php
<02:13:57> [MSG] Запрошен avatars.php
<02:13:57> [MSG] Запрошен settings.php
<02:13:57> [MSG] Запрошен rooms.php
<02:14:00> [MSG] Запрошен logout.php
<02:14:00> [MSG] Пользователь "thesourcecode.max@yandex.ru" вышел
<02:14:15> [MSG] Запрошен login.php
<02:14:16> [MSG] Аутентифицирован пользователь ""
<02:14:16> [MSG] Запрошен avatars.php
<02:14:16> [MSG] Запрошен settings.php
<02:14:16> [MSG] Запрошен rooms.php
<02:14:20> [MSG] Запрошен users.php
<02:14:43> [MSG] Запрошен settings.php
<02:14:43> [MSG] Запрошен rooms.php
<02:14:43> [MSG] Запрошен avatars.php
<02:14:50> [MSG] Запрошен users.php
<02:14:51> [MSG] Запрошен private-messages.php
<02:16:38> [MSG] Запрошен users.php
<02:16:39> [MSG] Запрошен private-messages.php
<02:17:44> [MSG] Запрошен avatars.php
<02:17:44> [MSG] Запрошен settings.php
<02:17:44> [MSG] Запрошен rooms.php
<02:18:22> [MSG] Запрошен avatars.php
<02:18:22> [MSG] Запрошен settings.php
<02:18:22> [MSG] Запрошен rooms.php
<02:18:24> [MSG] Запрошен users.php
<02:18:25> [MSG] Запрошен private-messages.php
<02:18:53> [MSG] Запрошен avatars.php
<02:18:53> [MSG] Запрошен settings.php
<02:18:53> [MSG] Запрошен rooms.php
<02:18:55> [MSG] Запрошен users.php
<02:18:56> [MSG] Запрошен private-messages.php
<02:19:54> [MSG] Запрошен settings.php
<02:19:54> [MSG] Запрошен rooms.php
<02:19:54> [MSG] Запрошен avatars.php
<02:20:02> [MSG] Запрошен settings.php
<02:20:02> [MSG] Запрошен rooms.php
<02:20:02> [MSG] Запрошен avatars.php
<02:20:04> [MSG] Запрошен users.php
<02:20:05> [MSG] Запрошен private-messages.php
<02:20:14> [MSG] Запрошен logout.php
<02:20:14> [MSG] Пользователь "thesourcecode.max@yandex.ru" вышел
<02:21:28> [MSG] Запрошен login.php
<02:21:28> [MSG] Аутентифицирован пользователь ""
<02:21:28> [MSG] Запрошен avatars.php
<02:21:28> [MSG] Запрошен rooms.php
<02:21:28> [MSG] Запрошен settings.php
<02:21:39> [MSG] Запрошен users.php
<02:21:41> [MSG] Запрошен private-messages.php
<02:21:46> [MSG] Запрошен private-messages.php
<02:21:46> [MSG] Запрошен private-messages.php
<02:22:22> [MSG] Запрошен avatars.php
<02:22:22> [MSG] Запрошен settings.php
<02:22:22> [MSG] Запрошен rooms.php
<02:22:37> [MSG] Запрошен users.php
<02:22:38> [MSG] Запрошен private-messages.php
<02:23:11> [MSG] Запрошен logout.php
<02:23:11> [MSG] Пользователь "thesourcecode.max@yandex.ru" вышел
<02:25:30> [MSG] Запрошен login.php
<02:25:30> [MSG] Аутентифицирован пользователь ""
<02:25:30> [MSG] Запрошен settings.php
<02:25:30> [MSG] Запрошен avatars.php
<02:25:30> [MSG] Запрошен rooms.php
<02:26:46> [MSG] Запрошен avatars.php
<02:26:46> [MSG] Запрошен rooms.php
<02:26:46> [MSG] Запрошен settings.php
<02:26:50> [MSG] Запрошен logout.php
<02:26:50> [MSG] Пользователь "thesourcecode.max@yandex.ru" вышел
<02:27:09> [MSG] Запрошен login.php
<02:27:09> [MSG] Аутентифицирован пользователь ""
<02:27:09> [MSG] Запрошен avatars.php
<02:27:09> [MSG] Запрошен rooms.php
<02:27:09> [MSG] Запрошен settings.php
<02:27:11> [MSG] Запрошен logout.php
<02:27:11> [MSG] Пользователь "thesourcecode.max@yandex.ru" вышел
<02:27:23> [MSG] Запрошен login.php
<02:27:23> [MSG] Аутентифицирован пользователь ""
<02:27:23> [MSG] Запрошен avatars.php
<02:27:23> [MSG] Запрошен rooms.php
<02:27:23> [MSG] Запрошен settings.php
<02:27:25> [MSG] Запрошен settings.php
<02:27:27> [MSG] Запрошен settings.php
<02:27:34> [MSG] Запрошен users.php
<02:28:46> [MSG] Запрошен rating.php
<02:28:47> [MSG] Запрошен settings.php
<02:28:49> [MSG] Запрошен settings.php
<02:28:50> [MSG] Запрошен logout.php
<02:28:50> [MSG] Пользователь "thesourcecode.max@yandex.ru" вышел
<02:31:07> [MSG] Запрошен login.php
<02:31:07> [MSG] Аутентифицирован пользователь ""
<02:31:07> [MSG] Запрошен settings.php
<02:31:07> [MSG] Запрошен avatars.php
<02:31:07> [MSG] Запрошен rooms.php
<02:32:00> [MSG] Запрошен rating.php
<02:32:03> [MSG] Запрошен users.php
<02:34:19> [MSG] Запрошен rooms.php
<02:34:23> [MSG] Запрошен users.php
<02:34:27> [MSG] Запрошен private-messages.php
<02:34:30> [MSG] Запрошен users.php
<02:41:13> [MSG] Запрошен login.php
<02:41:13> [MSG] Аутентифицирован пользователь ""
<02:41:13> [MSG] Запрошен avatars.php
<02:41:13> [MSG] Запрошен rooms.php
<02:41:13> [MSG] Запрошен settings.php
<02:41:22> [MSG] Запрошен users.php
<02:41:23> [MSG] Запрошен private-messages.php
<02:41:42> [MSG] Запрошен users.php
<02:41:46> [MSG] Запрошен private-messages.php
<02:41:54> [MSG] Запрошен private-messages.php
<02:42:00> [MSG] Запрошен avatars.php
<02:42:00> [MSG] Запрошен settings.php
<02:42:00> [MSG] Запрошен rooms.php
<02:42:03> [MSG] Запрошен logout.php
<02:42:03> [MSG] Пользователь "thesourcecode.max@yandex.ru" вышел
<02:42:10> [MSG] Запрошен login.php
<02:42:10> [MSG] Аутентифицирован пользователь ""
<02:42:10> [MSG] Запрошен settings.php
<02:42:10> [MSG] Запрошен avatars.php
<02:42:10> [MSG] Запрошен rooms.php
<02:42:12> [MSG] Запрошен logout.php
<02:42:12> [MSG] Пользователь "thesourcecode.max@yandex.ru" вышел
<02:42:19> [MSG] Запрошен login.php
<02:42:19> [MSG] Аутентифицирован пользователь ""
<02:42:19> [MSG] Запрошен settings.php
<02:42:19> [MSG] Запрошен avatars.php
<02:42:19> [MSG] Запрошен rooms.php
<02:42:21> [MSG] Запрошен users.php
<02:42:22> [MSG] Запрошен notifications.php
<02:42:23> [MSG] Запрошен users.php
<02:42:26> [MSG] Запрошен logout.php
<02:42:26> [MSG] Пользователь "thesourcecode.max@yandex.ru" вышел
<02:42:36> [MSG] Запрошен login.php
<02:42:36> [MSG] Аутентифицирован пользователь ""
<02:42:36> [MSG] Запрошен settings.php
<02:42:36> [MSG] Запрошен avatars.php
<02:42:36> [MSG] Запрошен rooms.php
<02:42:38> [MSG] Запрошен users.php
<02:42:39> [MSG] Запрошен private-messages.php
<02:43:01> [MSG] Запрошен private-messages.php
<02:43:06> [MSG] Запрошен private-messages.php
<02:43:13> [MSG] Запрошен avatars.php
<02:43:13> [MSG] Запрошен settings.php
<02:43:13> [MSG] Запрошен rooms.php
<02:43:15> [MSG] Запрошен users.php
<02:43:18> [MSG] Запрошен logout.php
<02:43:18> [MSG] Пользователь "brat@yandex.ru" вышел
<02:43:22> [MSG] Запрошен login.php
<02:43:22> [MSG] Аутентифицирован пользователь ""
<02:43:22> [MSG] Запрошен avatars.php
<02:43:22> [MSG] Запрошен rooms.php
<02:43:22> [MSG] Запрошен settings.php
<02:43:25> [MSG] Запрошен rooms.php
<02:43:52> [MSG] Запрошен avatars.php
<02:43:52> [MSG] Запрошен settings.php
<02:43:52> [MSG] Запрошен rooms.php
<02:43:54> [MSG] Запрошен users.php
<02:43:55> [MSG] Запрошен private-messages.php
<02:44:00> [MSG] Запрошен private-messages.php
<02:44:12> [MSG] Запрошен private-messages.php
<02:44:15> [MSG] Запрошен users.php
<02:44:17> [MSG] Запрошен private-messages.php
<02:44:26> [MSG] Запрошен rating.php
<02:44:36> [MSG] Запрошен rooms.php
<02:44:37> [MSG] Запрошен rooms.php
<02:44:39> [MSG] Запрошен users.php
<02:44:58> [MSG] Запрошен logout.php
<02:44:58> [MSG] Пользователь "thesourcecode.max@yandex.ru" вышел
<02:46:41> [MSG] Запрошен login.php
<02:46:41> [MSG] Аутентифицирован пользователь ""
<02:46:41> [MSG] Запрошен avatars.php
<02:46:41> [MSG] Запрошен settings.php
<02:46:41> [MSG] Запрошен rooms.php
<02:46:45> [MSG] Запрошен users.php
<02:46:46> [MSG] Запрошен private-messages.php
<02:47:26> [MSG] Запрошен users.php
<02:48:10> [MSG] Запрошен avatars.php
<02:48:10> [MSG] Запрошен settings.php
<02:48:10> [MSG] Запрошен rooms.php
<02:48:16> [MSG] Запрошен users.php
<02:48:18> [MSG] Запрошен private-messages.php
<02:48:27> [MSG] Запрошен logout.php
<02:48:27> [MSG] Пользователь "thesourcecode.max@yandex.ru" вышел
<02:48:45> [MSG] Запрошен users.php
<02:52:30> [MSG] Запрошен login.php
<02:52:30> [MSG] Аутентифицирован пользователь ""
<02:52:30> [MSG] Запрошен avatars.php
<02:52:30> [MSG] Запрошен rooms.php
<02:52:30> [MSG] Запрошен settings.php
<02:52:32> [MSG] Запрошен users.php
<02:52:33> [MSG] Запрошен private-messages.php
<02:53:31> [MSG] Запрошен avatars.php
<02:53:31> [MSG] Запрошен settings.php
<02:53:31> [MSG] Запрошен rooms.php
<02:53:48> [MSG] Запрошен users.php
<02:53:51> [MSG] Запрошен logout.php
<02:53:51> [MSG] Пользователь "thesourcecode.max@yandex.ru" вышел
<02:54:08> [MSG] Запрошен login.php
<02:54:08> [MSG] Аутентифицирован пользователь ""
<02:54:08> [MSG] Запрошен avatars.php
<02:54:08> [MSG] Запрошен rooms.php
<02:54:08> [MSG] Запрошен settings.php
<02:54:10> [MSG] Запрошен logout.php
<02:54:10> [MSG] Пользователь "thesourcecode.max@yandex.ru" вышел
<02:55:05> [MSG] Запрошен login.php
<02:55:05> [MSG] Аутентифицирован пользователь ""
<02:55:05> [MSG] Запрошен avatars.php
<02:55:05> [MSG] Запрошен rooms.php
<02:55:05> [MSG] Запрошен settings.php
<02:55:08> [MSG] Запрошен logout.php
<02:55:08> [MSG] Пользователь "thesourcecode.max@yandex.ru" вышел
<02:55:33> [MSG] Запрошен login.php
<02:55:33> [MSG] Аутентифицирован пользователь ""
<02:55:33> [MSG] Запрошен avatars.php
<02:55:33> [MSG] Запрошен rooms.php
<02:55:33> [MSG] Запрошен settings.php
<02:55:50> [MSG] Запрошен users.php
<02:55:51> [MSG] Запрошен logout.php
<02:55:51> [MSG] Пользователь "thesourcecode.max@yandex.ru" вышел
<02:56:14> [MSG] Запрошен login.php
<02:56:15> [MSG] Аутентифицирован пользователь ""
<02:56:15> [MSG] Запрошен settings.php
<02:56:15> [MSG] Запрошен rooms.php
<02:56:15> [MSG] Запрошен avatars.php
<02:56:20> [MSG] Запрошен users.php
<02:56:21> [MSG] Запрошен avatars.php
<02:56:21> [MSG] Запрошен settings.php
<02:56:21> [MSG] Запрошен rooms.php
<02:56:23> [MSG] Запрошен settings.php
<02:56:23> [MSG] Запрошен rooms.php
<02:56:23> [MSG] Запрошен avatars.php
<02:56:38> [MSG] Запрошен settings.php
<02:56:38> [MSG] Запрошен avatars.php
<02:56:38> [MSG] Запрошен rooms.php
<02:56:40> [MSG] Запрошен users.php
<02:56:44> [MSG] Запрошен logout.php
<02:56:44> [MSG] Пользователь "thesourcecode.max@yandex.ru" вышел
<02:56:55> [MSG] Запрошен login.php
<02:56:55> [MSG] Аутентифицирован пользователь ""
<02:56:55> [MSG] Запрошен settings.php
<02:56:55> [MSG] Запрошен rooms.php
<02:56:55> [MSG] Запрошен avatars.php
<02:56:59> [MSG] Запрошен settings.php
<02:56:59> [MSG] Запрошен avatars.php
<02:56:59> [MSG] Запрошен rooms.php
<11:25:34> [MSG] Запрошен avatars.php
<11:25:34> [MSG] Запрошен settings.php
<11:25:34> [MSG] Запрошен rooms.php
<11:26:37> [MSG] Запрошен settings.php
<11:26:37> [MSG] Запрошен avatars.php
<11:26:37> [MSG] Запрошен rooms.php
<11:26:59> [MSG] Запрошен settings.php
<11:26:59> [MSG] Запрошен avatars.php
<11:26:59> [MSG] Запрошен rooms.php
<11:27:34> [MSG] Запрошен users.php
<11:27:36> [MSG] Запрошен private-messages.php
<11:28:33> [MSG] Запрошен settings.php
<11:28:33> [MSG] Запрошен rooms.php
<11:28:33> [MSG] Запрошен avatars.php
<11:28:35> [MSG] Запрошен users.php
<15:44:21> [MSG] Запрошен login.php
<15:44:21> [WARN] Переданы неверные значения email&pass
<21:32:36> [MSG] Запрошен login.php
<21:32:36> [MSG] Аутентифицирован пользователь ""
<21:32:36> [MSG] Запрошен avatars.php
<21:32:36> [MSG] Запрошен rooms.php
<21:32:36> [MSG] Запрошен settings.php
<21:32:38> [MSG] Запрошен users.php
<21:32:39> [MSG] Запрошен private-messages.php
<21:32:43> [MSG] Запрошен settings.php
<21:32:46> [MSG] Запрошен rating.php
<21:32:51> [MSG] Запрошен settings.php
<21:32:51> [MSG] Запрошен avatars.php
<21:32:51> [MSG] Запрошен rooms.php
<21:33:00> [MSG] Запрошен settings.php
<21:33:00> [MSG] Запрошен rooms.php
<21:33:00> [MSG] Запрошен avatars.php
<21:33:15> [MSG] Запрошен logout.php
<21:33:15> [MSG] Пользователь "thesourcecode.max@yandex.ru" вышел
<21:33:20> [MSG] Запрошен login.php
<21:33:20> [MSG] Аутентифицирован пользователь ""
<21:33:20> [MSG] Запрошен avatars.php
<21:33:20> [MSG] Запрошен settings.php
<21:33:20> [MSG] Запрошен rooms.php
<21:33:21> [MSG] Запрошен login.php
<21:33:23> [MSG] Запрошен login.php
<21:33:24> [MSG] Запрошен login.php
<21:33:24> [MSG] Запрошен login.php
<21:33:24> [MSG] Запрошен login.php
<21:33:24> [MSG] Запрошен login.php
<21:33:24> [MSG] Запрошен login.php
<21:33:25> [MSG] Запрошен login.php
<21:33:25> [MSG] Запрошен login.php
<21:33:25> [MSG] Запрошен login.php
<21:33:25> [MSG] Запрошен login.php
<21:33:27> [MSG] Запрошен logout.php
<21:33:27> [MSG] Пользователь "thesourcecode.max@yandex.ru" вышел
<21:33:40> [MSG] Запрошен login.php
<21:33:40> [MSG] Аутентифицирован пользователь ""
<21:33:40> [MSG] Запрошен settings.php
<21:33:40> [MSG] Запрошен avatars.php
<21:33:40> [MSG] Запрошен rooms.php
<21:47:14> [MSG] Запрошен login.php
<21:49:00> [MSG] Запрошен settings.php
<21:49:01> [MSG] Запрошен rooms.php
<21:49:01> [MSG] Запрошен avatars.php
<21:49:04> [MSG] Запрошен logout.php
<21:49:04> [MSG] Пользователь "thesourcecode.max@yandex.ru" вышел
<21:49:09> [MSG] Запрошен login.php
<21:49:10> [MSG] Аутентифицирован пользователь ""
<21:49:10> [MSG] Запрошен avatars.php
<21:49:10> [MSG] Запрошен settings.php
<21:49:10> [MSG] Запрошен rooms.php
<21:49:14> [MSG] Запрошен users.php
<21:49:16> [MSG] Запрошен private-messages.php
<21:49:18> [MSG] Запрошен settings.php
<21:51:53> [MSG] Запрошен avatars.php
<21:51:53> [MSG] Запрошен settings.php
<21:51:53> [MSG] Запрошен rooms.php
<21:51:58> [MSG] Запрошен settings.php
<21:56:32> [MSG] Запрошен avatars.php
<21:56:32> [MSG] Запрошен rooms.php
<21:56:32> [MSG] Запрошен settings.php
<21:56:34> [MSG] Запрошен avatars.php
<21:56:34> [MSG] Запрошен settings.php
<21:56:34> [MSG] Запрошен rooms.php
<21:56:35> [MSG] Запрошен settings.php
<21:56:42> [MSG] Запрошен settings.php
<21:56:42> [MSG] Запрошен rooms.php
<21:56:42> [MSG] Запрошен avatars.php
<21:56:44> [MSG] Запрошен rating.php
<21:56:48> [MSG] Запрошен avatars.php
<21:56:48> [MSG] Запрошен settings.php
<21:56:48> [MSG] Запрошен rooms.php
<21:57:51> [MSG] Запрошен settings.php
<21:57:51> [MSG] Запрошен rooms.php
<21:57:51> [MSG] Запрошен avatars.php
<21:58:49> [MSG] Запрошен avatars.php
<21:58:49> [MSG] Запрошен settings.php
<21:58:49> [MSG] Запрошен rooms.php
<21:58:51> [MSG] Запрошен settings.php
<21:58:53> [MSG] Запрошен topics.php
<22:00:10> [MSG] Запрошен avatars.php
<22:00:10> [MSG] Запрошен settings.php
<22:00:10> [MSG] Запрошен rooms.php
<22:00:11> [MSG] Запрошен settings.php
<22:03:16> [MSG] Запрошен avatars.php
<22:03:16> [MSG] Запрошен settings.php
<22:03:16> [MSG] Запрошен rooms.php
<22:03:18> [MSG] Запрошен avatars.php
<22:03:18> [MSG] Запрошен settings.php
<22:03:18> [MSG] Запрошен rooms.php
<22:03:28> [MSG] Запрошен settings.php
<22:03:58> [MSG] Запрошен settings.php
<22:03:59> [MSG] Запрошен avatars.php
<22:03:59> [MSG] Запрошен settings.php
<22:03:59> [MSG] Запрошен rooms.php
<22:04:01> [MSG] Запрошен settings.php
<22:05:40> [MSG] Запрошен avatars.php
<22:05:40> [MSG] Запрошен settings.php
<22:05:40> [MSG] Запрошен rooms.php
<22:05:43> [MSG] Запрошен settings.php
<22:06:19> [MSG] Запрошен avatars.php
<22:06:19> [MSG] Запрошен settings.php
<22:06:19> [MSG] Запрошен rooms.php
<22:06:21> [MSG] Запрошен settings.php
<22:07:13> [MSG] Запрошен avatars.php
<22:07:13> [MSG] Запрошен settings.php
<22:07:13> [MSG] Запрошен rooms.php
<22:07:14> [MSG] Запрошен settings.php
<22:08:02> [MSG] Запрошен settings.php
<22:08:14> [MSG] Запрошен rooms.php
<22:08:34> [MSG] Запрошен settings.php
<22:09:03> [MSG] Запрошен settings.php
<22:10:23> [MSG] Запрошен avatars.php
<22:10:24> [MSG] Запрошен settings.php
<22:10:24> [MSG] Запрошен rooms.php
<22:10:28> [MSG] Запрошен settings.php
<22:13:22> [MSG] Запрошен avatars.php
<22:13:22> [MSG] Запрошен settings.php
<22:13:22> [MSG] Запрошен rooms.php
<22:13:26> [MSG] Запрошен settings.php
<22:14:57> [MSG] Запрошен avatars.php
<22:14:57> [MSG] Запрошен settings.php
<22:14:57> [MSG] Запрошен rooms.php
<22:14:59> [MSG] Запрошен settings.php
<22:15:16> [MSG] Запрошен avatars.php
<22:15:16> [MSG] Запрошен settings.php
<22:15:16> [MSG] Запрошен rooms.php
<22:15:17> [MSG] Запрошен settings.php
<22:16:36> [MSG] Запрошен avatars.php
<22:16:36> [MSG] Запрошен settings.php
<22:16:36> [MSG] Запрошен rooms.php
<22:16:40> [MSG] Запрошен avatars.php
<22:16:40> [MSG] Запрошен settings.php
<22:16:40> [MSG] Запрошен rooms.php
<22:16:43> [MSG] Запрошен settings.php
<22:17:33> [MSG] Запрошен avatars.php
<22:17:33> [MSG] Запрошен settings.php
<22:17:33> [MSG] Запрошен rooms.php
<22:17:35> [MSG] Запрошен settings.php
<22:18:48> [MSG] Запрошен settings.php
<22:18:51> [MSG] Запрошен avatars.php
<22:18:51> [MSG] Запрошен settings.php
<22:18:51> [MSG] Запрошен rooms.php
<22:18:53> [MSG] Запрошен rating.php
<22:19:27> [MSG] Запрошен avatars.php
<22:19:27> [MSG] Запрошен settings.php
<22:19:27> [MSG] Запрошен rooms.php
<22:19:33> [MSG] Запрошен settings.php
<22:19:36> [MSG] Запрошен rating.php
<22:20:45> [MSG] Запрошен settings.php
<22:27:46> [MSG] Запрошен rating.php
<22:28:36> [MSG] Запрошен topics.php
<22:57:11> [MSG] Запрошен settings.php
<22:57:11> [MSG] Запрошен rooms.php
<22:57:11> [MSG] Запрошен avatars.php
<22:57:13> [MSG] Запрошен settings.php
<22:58:33> [MSG] Запрошен settings.php
<22:58:49> [MSG] Запрошен settings.php
<22:59:11> [MSG] Запрошен avatars.php
<22:59:11> [MSG] Запрошен settings.php
<22:59:11> [MSG] Запрошен rooms.php
<22:59:20> [MSG] Запрошен settings.php
<23:00:40> [MSG] Запрошен settings.php
<23:00:54> [MSG] Запрошен settings.php
<23:00:56> [MSG] Запрошен topics.php
<23:01:48> [MSG] Запрошен settings.php
<23:01:50> [MSG] Запрошен rating.php
<23:01:53> [MSG] Запрошен logout.php
<23:01:53> [MSG] Пользователь "thesourcecode.max@yandex.ru" вышел
<23:07:42> [MSG] Запрошен login.php
<23:07:42> [MSG] Аутентифицирован пользователь ""
<23:07:42> [MSG] Запрошен avatars.php
<23:07:42> [MSG] Запрошен settings.php
<23:07:42> [MSG] Запрошен rooms.php
<23:07:47> [MSG] Запрошен settings.php
<23:08:00> [MSG] Запрошен users.php
<23:08:04> [MSG] Запрошен settings.php
<23:08:41> [MSG] Запрошен avatars.php
<23:08:41> [MSG] Запрошен settings.php
<23:08:41> [MSG] Запрошен rooms.php
<23:08:45> [MSG] Запрошен users.php
<23:09:21> [MSG] Запрошен users.php
<23:10:36> [MSG] Запрошен logout.php
<23:10:36> [MSG] Пользователь "thesourcecode.max@yandex.ru" вышел
<23:11:37> [MSG] Запрошен login.php
<23:11:37> [MSG] Аутентифицирован пользователь ""
<23:11:37> [MSG] Запрошен avatars.php
<23:11:37> [MSG] Запрошен rooms.php
<23:11:37> [MSG] Запрошен settings.php
<23:12:26> [MSG] Запрошен logout.php
<23:12:26> [MSG] Пользователь "thesourcecode.max@yandex.ru" вышел
<23:12:45> [MSG] Запрошен users.php
<23:12:48> [MSG] Запрошен users.php
<23:13:40> [MSG] Запрошен users.php
<23:13:45> [MSG] Запрошен login.php
<23:13:45> [MSG] Аутентифицирован пользователь ""
<23:13:45> [MSG] Запрошен avatars.php
<23:13:45> [MSG] Запрошен rooms.php
<23:13:45> [MSG] Запрошен settings.php
<23:13:49> [MSG] Запрошен users.php
<23:13:50> [MSG] Запрошен notifications.php
<23:13:51> [MSG] Запрошен users.php
<23:13:53> [MSG] Запрошен private-messages.php
<23:14:15> [MSG] Запрошен users.php
<23:14:17> [MSG] Запрошен private-messages.php
<23:16:35> [MSG] Запрошен avatars.php
<23:16:35> [MSG] Запрошен settings.php
<23:16:35> [MSG] Запрошен rooms.php
<23:16:36> [MSG] Запрошен users.php
<23:16:37> [MSG] Запрошен private-messages.php
<23:19:30> [MSG] Запрошен avatars.php
<23:19:30> [MSG] Запрошен settings.php
<23:19:30> [MSG] Запрошен rooms.php
<23:19:35> [MSG] Запрошен avatars.php
<23:19:35> [MSG] Запрошен settings.php
<23:19:35> [MSG] Запрошен rooms.php
<23:19:36> [MSG] Запрошен users.php
<23:19:38> [MSG] Запрошен private-messages.php
<23:26:02> [MSG] Запрошен settings.php
<23:26:02> [MSG] Запрошен avatars.php
<23:26:02> [MSG] Запрошен rooms.php
<23:26:04> [MSG] Запрошен users.php
<23:26:05> [MSG] Запрошен private-messages.php
<23:26:08> [MSG] Запрошен private-messages.php
<23:27:19> [MSG] Запрошен users.php
<23:27:20> [MSG] Запрошен private-messages.php
<23:29:11> [MSG] Запрошен avatars.php
<23:29:11> [MSG] Запрошен settings.php
<23:29:11> [MSG] Запрошен rooms.php
<23:29:13> [MSG] Запрошен users.php
<23:29:14> [MSG] Запрошен private-messages.php
<23:31:17> [MSG] Запрошен settings.php
<23:31:17> [MSG] Запрошен rooms.php
<23:31:17> [MSG] Запрошен avatars.php
<23:31:19> [MSG] Запрошен users.php
<23:31:20> [MSG] Запрошен private-messages.php
<23:31:44> [MSG] Запрошен private-messages.php
<23:33:32> [MSG] Запрошен avatars.php
<23:33:32> [MSG] Запрошен settings.php
<23:33:32> [MSG] Запрошен rooms.php
<23:33:34> [MSG] Запрошен users.php
<23:33:35> [MSG] Запрошен private-messages.php
<23:34:19> [MSG] Запрошен avatars.php
<23:34:19> [MSG] Запрошен settings.php
<23:34:19> [MSG] Запрошен rooms.php
<23:34:21> [MSG] Запрошен users.php
<23:34:22> [MSG] Запрошен private-messages.php
<23:35:31> [MSG] Запрошен avatars.php
<23:35:31> [MSG] Запрошен settings.php
<23:35:31> [MSG] Запрошен rooms.php
<23:35:33> [MSG] Запрошен users.php
<23:35:34> [MSG] Запрошен private-messages.php
<23:38:36> [MSG] Запрошен avatars.php
<23:38:36> [MSG] Запрошен settings.php
<23:38:36> [MSG] Запрошен rooms.php
<23:38:38> [MSG] Запрошен users.php
<23:38:40> [MSG] Запрошен private-messages.php
<23:38:52> [MSG] Запрошен settings.php
<23:38:52> [MSG] Запрошен rooms.php
<23:38:52> [MSG] Запрошен avatars.php
<23:38:53> [MSG] Запрошен users.php
<23:38:54> [MSG] Запрошен private-messages.php
<23:40:09> [MSG] Запрошен avatars.php
<23:40:09> [MSG] Запрошен settings.php
<23:40:09> [MSG] Запрошен rooms.php
<23:40:12> [MSG] Запрошен users.php
<23:40:13> [MSG] Запрошен private-messages.php
<23:40:33> [MSG] Запрошен settings.php
<23:40:33> [MSG] Запрошен rooms.php
<23:40:33> [MSG] Запрошен avatars.php
<23:40:35> [MSG] Запрошен users.php
<23:40:36> [MSG] Запрошен private-messages.php
<23:40:59> [MSG] Запрошен users.php
<23:41:00> [MSG] Запрошен private-messages.php
<23:42:20> [MSG] Запрошен settings.php
<23:42:20> [MSG] Запрошен rooms.php
<23:42:20> [MSG] Запрошен avatars.php
<23:42:24> [MSG] Запрошен users.php
<23:42:25> [MSG] Запрошен private-messages.php
<23:42:42> [MSG] Запрошен settings.php
<23:42:42> [MSG] Запрошен rooms.php
<23:42:42> [MSG] Запрошен avatars.php
<23:42:43> [MSG] Запрошен users.php
<23:42:44> [MSG] Запрошен private-messages.php
<23:43:28> [MSG] Запрошен settings.php
<23:43:28> [MSG] Запрошен avatars.php
<23:43:28> [MSG] Запрошен rooms.php
<23:43:30> [MSG] Запрошен users.php
<23:43:31> [MSG] Запрошен private-messages.php
<23:44:35> [MSG] Запрошен private-messages.php
<23:44:36> [MSG] Запрошен settings.php
<23:44:36> [MSG] Запрошен avatars.php
<23:44:36> [MSG] Запрошен rooms.php
<23:44:38> [MSG] Запрошен users.php
<23:44:39> [MSG] Запрошен private-messages.php
<23:45:48> [MSG] Запрошен settings.php
<23:45:48> [MSG] Запрошен avatars.php
<23:45:48> [MSG] Запрошен rooms.php
<23:45:49> [MSG] Запрошен users.php
<23:45:51> [MSG] Запрошен private-messages.php
<23:47:01> [MSG] Запрошен avatars.php
<23:47:01> [MSG] Запрошен settings.php
<23:47:01> [MSG] Запрошен rooms.php
<23:47:58> [MSG] Запрошен users.php
<23:47:59> [MSG] Запрошен private-messages.php
<23:48:02> [MSG] Запрошен private-messages.php
<23:48:46> [MSG] Запрошен settings.php
<23:50:33> [MSG] Запрошен settings.php
<23:50:33> [MSG] Запрошен avatars.php
<23:50:33> [MSG] Запрошен rooms.php
<23:50:36> [MSG] Запрошен users.php
<23:50:37> [MSG] Запрошен private-messages.php
<23:50:41> [MSG] Запрошен rating.php
<23:50:59> [MSG] Запрошен avatars.php
<23:50:59> [MSG] Запрошен settings.php
<23:50:59> [MSG] Запрошен rooms.php
<23:51:00> [MSG] Запрошен rating.php
<23:51:57> [MSG] Запрошен avatars.php
<23:51:57> [MSG] Запрошен settings.php
<23:51:57> [MSG] Запрошен rooms.php
<23:51:59> [MSG] Запрошен users.php
<23:52:00> [MSG] Запрошен private-messages.php
<23:53:09> [MSG] Запрошен users.php
<23:53:10> [MSG] Запрошен private-messages.php
<23:53:29> [MSG] Запрошен settings.php
<23:55:14> [MSG] Запрошен settings.php
<23:55:14> [MSG] Запрошен avatars.php
<23:55:14> [MSG] Запрошен rooms.php
<23:55:15> [MSG] Запрошен rating.php
<23:55:49> [MSG] Запрошен avatars.php
<23:55:49> [MSG] Запрошен settings.php
<23:55:49> [MSG] Запрошен rooms.php
<23:55:51> [MSG] Запрошен rating.php
<23:55:54> [MSG] Запрошен users.php
<23:55:56> [MSG] Запрошен private-messages.php
