<12:13:25> [MSG] Запрошен login.php
<12:13:25> [WARN] Не найден пользователь "thesourcecodde.max@yandex.ru"
<12:13:31> [MSG] Запрошен login.php
<12:13:31> [WARN] Не найден пользователь "thesourcecodde.max@yandex.ru"
<12:13:36> [MSG] Запрошен login.php
<12:13:36> [MSG] Аутентифицирован пользователь ""
<12:13:36> [MSG] Запрошен avatars.php
<12:13:36> [MSG] Запрошен settings.php
<12:13:36> [MSG] Запрошен rooms.php
<12:13:49> [MSG] Запрошен topics.php
<12:13:56> [MSG] Запрошен users.php
<12:13:59> [MSG] Запрошен private-messages.php
<12:14:09> [MSG] Запрошен users.php
<12:14:12> [MSG] Запрошен users.php
<12:14:19> [MSG] Запрошен rating.php
<12:14:28> [MSG] Запрошен settings.php
<12:14:37> [MSG] Запрошен logout.php
<12:14:37> [MSG] Пользователь "thesourcecode.max@yandex.ru" вышел
<13:59:39> [MSG] Запрошен settings.php
<13:59:39> [MSG] Запрошен rooms.php
<13:59:39> [MSG] Запрошен avatars.php
<13:59:47> [MSG] Запрошен users.php
<13:59:48> [MSG] Запрошен private-messages.php
<14:00:00> [MSG] Запрошен settings.php
<14:00:00> [MSG] Запрошен rooms.php
<14:00:00> [MSG] Запрошен avatars.php
<14:00:07> [MSG] Запрошен users.php
