<09:32:14> [MSG] Запрошен avatars.php
<09:32:14> [MSG] Запрошен rooms.php
<09:32:14> [MSG] Запрошен settings.php
<09:32:17> [MSG] Запрошен users.php
<09:32:19> [MSG] Запрошен settings.php
<09:32:19> [MSG] Запрошен rooms.php
<09:32:19> [MSG] Запрошен avatars.php
<09:32:22> [MSG] Запрошен settings.php
<09:32:25> [MSG] Запрошен avatars.php
<09:32:25> [MSG] Запрошен settings.php
<09:32:25> [MSG] Запрошен rooms.php
<09:32:28> [MSG] Запрошен rating.php
<09:32:30> [MSG] Запрошен settings.php
<09:32:40> [MSG] Запрошен settings.php
<09:32:42> [MSG] Запрошен settings.php
<09:32:42> [MSG] Запрошен avatars.php
<09:32:42> [MSG] Запрошен rooms.php
<09:32:44> [MSG] Запрошен settings.php
<09:32:46> [MSG] Запрошен settings.php
<09:32:48> [MSG] Запрошен avatars.php
<09:32:48> [MSG] Запрошен settings.php
<09:32:48> [MSG] Запрошен rooms.php
<09:32:50> [MSG] Запрошен settings.php
<09:32:51> [MSG] Запрошен settings.php
<09:32:53> [MSG] Запрошен users.php
<09:33:51> [MSG] Запрошен settings.php
<09:34:01> [MSG] Запрошен topics.php
<09:34:01> [MSG] Запрошен maps.php
<09:35:06> [MSG] Запрошен rooms.php
<09:35:16> [MSG] Запрошен rating.php
<09:35:26> [MSG] Запрошен users.php
<09:35:27> [MSG] Запрошен private-messages.php
<09:35:32> [MSG] Запрошен private-messages.php
<09:35:34> [MSG] Запрошен private-messages.php
<09:35:37> [MSG] Запрошен private-messages.php
<09:35:38> [MSG] Запрошен private-messages.php
<09:35:39> [MSG] Запрошен private-messages.php
<09:35:43> [MSG] Запрошен private-messages.php
<09:35:45> [MSG] Запрошен private-messages.php
<09:35:47> [MSG] Запрошен private-messages.php
<09:35:48> [MSG] Запрошен users.php
<09:35:49> [MSG] Запрошен notifications.php
<09:35:53> [MSG] Запрошен users.php
<09:35:56> [MSG] Запрошен users.php
<09:35:58> [MSG] Запрошен users.php
<09:36:00> [MSG] Запрошен users.php
<09:36:10> [MSG] Запрошен users.php
<09:36:12> [MSG] Запрошен users.php
<09:36:14> [MSG] Запрошен users.php
<09:36:27> [MSG] Запрошен notifications.php
<09:36:28> [MSG] Запрошен settings.php
<09:36:28> [MSG] Запрошен rooms.php
<09:36:28> [MSG] Запрошен avatars.php
<09:36:30> [MSG] Запрошен users.php
<09:36:32> [MSG] Запрошен users.php
<09:36:33> [MSG] Запрошен notifications.php
<09:37:00> [MSG] Запрошен avatars.php
<09:37:00> [MSG] Запрошен rooms.php
<09:37:00> [MSG] Запрошен settings.php
<09:37:02> [MSG] Запрошен users.php
<09:37:04> [MSG] Запрошен users.php
<09:37:05> [MSG] Запрошен notifications.php
<09:37:09> [MSG] Запрошен users.php
<09:38:47> [MSG] Запрошен settings.php
<09:38:47> [MSG] Запрошен avatars.php
<09:38:47> [MSG] Запрошен rooms.php
<09:45:12> [MSG] Запрошен avatars.php
<09:45:12> [MSG] Запрошен settings.php
<09:45:12> [MSG] Запрошен rooms.php
<09:45:15> [MSG] Запрошен settings.php
<09:46:01> [MSG] Запрошен users.php
<09:46:02> [MSG] Запрошен users.php
<09:46:33> [MSG] Запрошен users.php
<09:47:03> [MSG] Запрошен logout.php
<09:47:03> [WARN] Попытка выхода не аутентифиц. пользователя
<10:28:50> [MSG] Запрошен login.php
<10:28:50> [MSG] Запрошен avatars.php
<10:28:50> [MSG] Запрошен rooms.php
<10:28:50> [MSG] Запрошен settings.php
<10:28:53> [MSG] Запрошен avatars.php
<10:28:53> [MSG] Запрошен rooms.php
<10:28:53> [MSG] Запрошен settings.php
<10:28:59> [MSG] Запрошен settings.php
<10:28:59> [MSG] Запрошен rooms.php
<10:28:59> [MSG] Запрошен avatars.php
<10:29:00> [MSG] Запрошен settings.php
<10:29:00> [MSG] Запрошен rooms.php
<10:29:00> [MSG] Запрошен avatars.php
<10:29:00> [MSG] Запрошен avatars.php
<10:29:00> [MSG] Запрошен settings.php
<10:29:00> [MSG] Запрошен rooms.php
<10:29:01> [MSG] Запрошен avatars.php
<10:29:01> [MSG] Запрошен settings.php
<10:29:01> [MSG] Запрошен rooms.php
<10:29:01> [MSG] Запрошен avatars.php
<10:29:01> [MSG] Запрошен settings.php
<10:29:01> [MSG] Запрошен rooms.php
<10:29:02> [MSG] Запрошен avatars.php
<10:29:02> [MSG] Запрошен settings.php
<10:29:02> [MSG] Запрошен rooms.php
<10:29:02> [MSG] Запрошен settings.php
<10:29:02> [MSG] Запрошен avatars.php
<10:29:02> [MSG] Запрошен rooms.php
<10:29:02> [MSG] Запрошен avatars.php
<10:29:02> [MSG] Запрошен settings.php
<10:29:02> [MSG] Запрошен rooms.php
<10:29:03> [MSG] Запрошен avatars.php
<10:29:03> [MSG] Запрошен rooms.php
<10:29:03> [MSG] Запрошен settings.php
<10:29:04> [MSG] Запрошен settings.php
<10:29:04> [MSG] Запрошен rooms.php
<10:29:04> [MSG] Запрошен avatars.php
<10:29:04> [MSG] Запрошен settings.php
<10:29:04> [MSG] Запрошен rooms.php
<10:29:04> [MSG] Запрошен avatars.php
<10:29:04> [MSG] Запрошен settings.php
<10:29:04> [MSG] Запрошен avatars.php
<10:29:04> [MSG] Запрошен rooms.php
<10:29:05> [MSG] Запрошен settings.php
<10:29:05> [MSG] Запрошен avatars.php
<10:29:05> [MSG] Запрошен rooms.php
<10:29:06> [MSG] Запрошен avatars.php
<10:29:06> [MSG] Запрошен rooms.php
<10:29:06> [MSG] Запрошен settings.php
<10:29:26> [MSG] Запрошен settings.php
<10:29:26> [MSG] Запрошен rooms.php
<10:29:26> [MSG] Запрошен avatars.php
<10:30:09> [MSG] Запрошен settings.php
<10:30:09> [MSG] Запрошен rooms.php
<10:30:09> [MSG] Запрошен avatars.php
<10:30:26> [MSG] Запрошен rooms.php
<10:30:30> [MSG] Запрошен users.php
<10:30:33> [MSG] Запрошен rating.php
<23:22:45> [MSG] Запрошен settings.php
<23:22:45> [MSG] Запрошен rooms.php
<23:22:45> [MSG] Запрошен avatars.php
<23:24:12> [MSG] Запрошен settings.php
<23:24:12> [MSG] Запрошен avatars.php
<23:24:12> [MSG] Запрошен rooms.php
<23:25:18> [MSG] Запрошен avatars.php
<23:25:18> [MSG] Запрошен settings.php
<23:25:18> [MSG] Запрошен rooms.php
<23:25:54> [MSG] Запрошен avatars.php
<23:25:54> [MSG] Запрошен settings.php
<23:25:54> [MSG] Запрошен rooms.php
<23:26:56> [MSG] Запрошен settings.php
<23:26:56> [MSG] Запрошен rooms.php
<23:26:56> [MSG] Запрошен avatars.php
<23:27:44> [MSG] Запрошен avatars.php
<23:27:44> [MSG] Запрошен settings.php
<23:27:44> [MSG] Запрошен rooms.php
<23:27:44> [MSG] Запрошен avatars.php
<23:27:44> [MSG] Запрошен settings.php
<23:27:44> [MSG] Запрошен rooms.php
<23:32:31> [MSG] Запрошен login.php
<23:32:31> [WARN] Не найден пользователь "sexy@sexy.ru"
<23:32:34> [MSG] Запрошен login.php
<23:32:34> [WARN] Не найден пользователь "sexy@sexy.ru"
<23:32:43> [MSG] Запрошен login.php
<23:32:43> [WARN] Не найден пользователь "sexy@sexy.com"
<23:32:47> [MSG] Запрошен login.php
<23:32:47> [MSG] Аутентифицирован пользователь "sexy"
<23:32:47> [MSG] Запрошен avatars.php
<23:32:47> [MSG] Запрошен settings.php
<23:32:47> [MSG] Запрошен rooms.php
<23:32:51> [MSG] Запрошен users.php
<23:33:16> [MSG] Запрошен settings.php
<23:33:16> [MSG] Запрошен avatars.php
<23:33:16> [MSG] Запрошен rooms.php
<23:36:35> [MSG] Запрошен avatars.php
<23:36:35> [MSG] Запрошен rooms.php
<23:36:35> [MSG] Запрошен settings.php
<23:36:37> [MSG] Запрошен users.php
