<18:09:52> [MSG] Запрошен login.php
<18:09:52> [MSG] Аутентифицирован пользователь ""
<18:09:52> [MSG] Запрошен settings.php
<18:09:52> [MSG] Запрошен avatars.php
<18:09:52> [MSG] Запрошен rooms.php
<18:09:57> [MSG] Запрошен avatars.php
<18:09:57> [MSG] Запрошен settings.php
<18:09:57> [MSG] Запрошен rooms.php
<18:09:59> [MSG] Запрошен users.php
<18:10:01> [MSG] Запрошен private-messages.php
<18:10:06> [MSG] Запрошен private-messages.php
<18:10:08> [MSG] Запрошен private-messages.php
<18:10:10> [MSG] Запрошен private-messages.php
<18:10:12> [MSG] Запрошен private-messages.php
<18:10:14> [MSG] Запрошен private-messages.php
<18:10:16> [MSG] Запрошен private-messages.php
<18:10:23> [MSG] Запрошен users.php
<18:10:24> [MSG] Запрошен private-messages.php
<18:10:29> [MSG] Запрошен rooms.php
<18:10:30> [MSG] Запрошен settings.php
