<17:08:41> [MSG] Запрошен login.php
<17:08:41> [MSG] Аутентифицирован пользователь ""
<17:08:41> [MSG] Запрошен settings.php
<17:08:41> [MSG] Запрошен avatars.php
<17:08:41> [MSG] Запрошен rooms.php
<17:08:44> [MSG] Запрошен users.php
<17:08:47> [MSG] Запрошен logout.php
<17:08:47> [MSG] Пользователь "thesourcecode.max@yandex.ru" вышел
<17:08:53> [MSG] Запрошен login.php
<17:08:53> [MSG] Аутентифицирован пользователь ""
<17:08:53> [MSG] Запрошен settings.php
<17:08:53> [MSG] Запрошен avatars.php
<17:08:53> [MSG] Запрошен rooms.php
<17:09:09> [MSG] Запрошен settings.php
<17:59:19> [MSG] Запрошен logout.php
<17:59:19> [MSG] Пользователь "thesourcecode.max@yandex.ru" вышел
<17:59:31> [MSG] Запрошен login.php
<17:59:31> [MSG] Аутентифицирован пользователь ""
<17:59:31> [MSG] Запрошен avatars.php
<17:59:31> [MSG] Запрошен settings.php
<17:59:31> [MSG] Запрошен rooms.php
<17:59:40> [MSG] Запрошен logout.php
<17:59:40> [MSG] Пользователь "thesourcecode.max@yandex.ru" вышел
