<13:35:57> [MSG] Запрошен avatars.php
<13:35:57> [MSG] Запрошен settings.php
<13:35:57> [MSG] Запрошен rooms.php
<13:35:59> [MSG] Запрошен users.php
<13:36:01> [MSG] Запрошен settings.php
<13:36:01> [MSG] Запрошен avatars.php
<13:36:01> [MSG] Запрошен rooms.php
<13:43:00> [MSG] Запрошен login.php
<13:43:00> [MSG] Аутентифицирован пользователь "Lucors"
<13:43:00> [MSG] Запрошен avatars.php
<13:43:00> [MSG] Запрошен settings.php
<13:43:00> [MSG] Запрошен rooms.php
<13:43:04> [MSG] Запрошен settings.php
<13:43:08> [MSG] Запрошен settings.php
<13:43:12> [MSG] Запрошен users.php
<13:43:16> [MSG] Запрошен logout.php
<13:43:16> [MSG] Пользователь "thesourcecode.max@yandex.ru" вышел
<13:43:22> [MSG] Запрошен login.php
<13:43:22> [MSG] Аутентифицирован пользователь "Lucors"
<13:43:22> [MSG] Запрошен avatars.php
<13:43:22> [MSG] Запрошен settings.php
<13:43:22> [MSG] Запрошен rooms.php
<13:43:23> [MSG] Запрошен settings.php
<13:43:26> [MSG] Запрошен settings.php
<13:43:43> [MSG] Запрошен settings.php
<13:43:46> [MSG] Запрошен users.php
<13:43:50> [MSG] Запрошен logout.php
<13:43:50> [MSG] Пользователь "thesourcecode.max@yandex.ru" вышел
<13:44:00> [MSG] Запрошен login.php
<13:44:00> [MSG] Аутентифицирован пользователь "Lucors"
<13:44:00> [MSG] Запрошен settings.php
<13:44:00> [MSG] Запрошен rooms.php
<13:44:00> [MSG] Запрошен avatars.php
<15:17:01> [MSG] Запрошен rooms.php
<15:17:18> [MSG] Запрошен topics.php
<15:17:18> [MSG] Запрошен maps.php
<15:48:16> [MSG] Запрошен rooms.php
<15:48:21> [MSG] Запрошен rating.php
<15:48:30> [MSG] Запрошен users.php
<15:48:32> [MSG] Запрошен private-messages.php
<16:50:13> [MSG] Запрошен avatars.php
<16:50:13> [MSG] Запрошен settings.php
<16:50:13> [MSG] Запрошен rooms.php
<16:52:10> [MSG] Запрошен settings.php
<16:52:10> [MSG] Запрошен rooms.php
<16:52:10> [MSG] Запрошен avatars.php
<17:03:17> [MSG] Запрошен rating.php
<17:04:13> [MSG] Запрошен settings.php
<17:06:42> [MSG] Запрошен settings.php
<17:06:42> [MSG] Запрошен rooms.php
<17:06:42> [MSG] Запрошен avatars.php
<17:06:45> [MSG] Запрошен logout.php
<17:06:45> [MSG] Пользователь "thesourcecode.max@yandex.ru" вышел
<17:26:35> [MSG] Запрошен login.php
<17:26:35> [MSG] Аутентифицирован пользователь "Lucors"
<17:26:35> [MSG] Запрошен avatars.php
<17:26:35> [MSG] Запрошен settings.php
<17:26:35> [MSG] Запрошен rooms.php
<17:26:37> [MSG] Запрошен users.php
<17:26:39> [MSG] Запрошен private-messages.php
<17:33:12> [MSG] Запрошен settings.php
<17:33:12> [MSG] Запрошен rooms.php
<17:33:12> [MSG] Запрошен avatars.php
<17:33:15> [MSG] Запрошен rating.php
<17:33:21> [MSG] Запрошен users.php
<17:33:23> [MSG] Запрошен users.php
<17:33:24> [MSG] Запрошен notifications.php
<17:33:24> [MSG] Запрошен users.php
<17:33:25> [MSG] Запрошен users.php
<17:33:26> [MSG] Запрошен users.php
<17:51:09> [MSG] Запрошен avatars.php
<17:51:09> [MSG] Запрошен settings.php
<17:51:09> [MSG] Запрошен rooms.php
<17:52:01> [MSG] Запрошен settings.php
<17:52:01> [MSG] Запрошен rooms.php
<17:52:01> [MSG] Запрошен avatars.php
<17:52:57> [MSG] Запрошен settings.php
<17:52:57> [MSG] Запрошен rooms.php
<17:52:57> [MSG] Запрошен avatars.php
<17:53:11> [MSG] Запрошен settings.php
<17:53:11> [MSG] Запрошен rooms.php
<17:53:11> [MSG] Запрошен avatars.php
<17:53:12> [MSG] Запрошен settings.php
<17:56:11> [MSG] Запрошен settings.php
<17:56:11> [MSG] Запрошен rooms.php
<17:56:11> [MSG] Запрошен avatars.php
<17:56:12> [MSG] Запрошен rooms.php
<17:56:12> [MSG] Запрошен settings.php
<17:56:12> [MSG] Запрошен avatars.php
<17:57:39> [MSG] Запрошен avatars.php
<17:57:39> [MSG] Запрошен settings.php
<17:57:39> [MSG] Запрошен rooms.php
<17:57:48> [MSG] Запрошен avatars.php
<17:57:48> [MSG] Запрошен settings.php
<17:57:48> [MSG] Запрошен rooms.php
<17:58:05> [MSG] Запрошен settings.php
<17:58:05> [MSG] Запрошен avatars.php
<17:58:05> [MSG] Запрошен rooms.php
<17:58:58> [MSG] Запрошен avatars.php
<17:58:58> [MSG] Запрошен settings.php
<17:58:58> [MSG] Запрошен rooms.php
<17:59:27> [MSG] Запрошен settings.php
<17:59:27> [MSG] Запрошен avatars.php
<17:59:27> [MSG] Запрошен rooms.php
<17:59:33> [MSG] Запрошен settings.php
<17:59:33> [MSG] Запрошен avatars.php
<17:59:33> [MSG] Запрошен rooms.php
<18:00:04> [MSG] Запрошен settings.php
<18:00:04> [MSG] Запрошен avatars.php
<18:00:04> [MSG] Запрошен rooms.php
<18:00:10> [MSG] Запрошен avatars.php
<18:00:15> [MSG] Запрошен settings.php
<18:00:17> [MSG] Запрошен rooms.php
<18:01:01> [MSG] Запрошен avatars.php
<18:01:04> [MSG] Запрошен settings.php
<18:01:04> [MSG] Запрошен rooms.php
<18:03:32> [MSG] Запрошен settings.php
<18:03:32> [MSG] Запрошен avatars.php
<18:03:32> [MSG] Запрошен rooms.php
<18:03:42> [MSG] Запрошен settings.php
<18:03:42> [MSG] Запрошен rooms.php
<18:03:42> [MSG] Запрошен avatars.php
<18:16:38> [MSG] Запрошен topics.php
<18:16:38> [MSG] Запрошен maps.php
<18:16:50> [MSG] Запрошен settings.php
<18:16:52> [MSG] Запрошен rating.php
<18:18:56> [MSG] Запрошен settings.php
<18:20:19> [MSG] Запрошен rating.php
<18:20:23> [MSG] Запрошен logout.php
<18:20:23> [MSG] Пользователь "thesourcecode.max@yandex.ru" вышел
<18:20:32> [MSG] Запрошен login.php
<18:20:32> [MSG] Аутентифицирован пользователь "Lucors"
<18:20:32> [MSG] Запрошен avatars.php
<18:20:32> [MSG] Запрошен rooms.php
<18:20:32> [MSG] Запрошен settings.php
<18:20:34> [MSG] Запрошен users.php
<18:21:26> [MSG] Запрошен private-messages.php
<18:21:38> [MSG] Запрошен users.php
<18:21:43> [MSG] Запрошен logout.php
<18:21:43> [MSG] Пользователь "thesourcecode.max@yandex.ru" вышел
<18:23:51> [MSG] Запрошен login.php
<18:23:51> [MSG] Аутентифицирован пользователь "Lucors"
<18:23:51> [MSG] Запрошен settings.php
<18:23:51> [MSG] Запрошен avatars.php
<18:23:51> [MSG] Запрошен rooms.php
<18:23:53> [MSG] Запрошен avatars.php
<18:23:53> [MSG] Запрошен settings.php
<18:23:53> [MSG] Запрошен rooms.php
<18:23:55> [MSG] Запрошен settings.php
<18:23:55> [MSG] Запрошен rooms.php
<18:23:55> [MSG] Запрошен avatars.php
<18:26:01> [MSG] Запрошен avatars.php
<18:26:01> [MSG] Запрошен settings.php
<18:26:01> [MSG] Запрошен rooms.php
<18:28:48> [MSG] Запрошен avatars.php
<18:28:48> [MSG] Запрошен rooms.php
<18:28:48> [MSG] Запрошен settings.php
<18:29:07> [MSG] Запрошен avatars.php
<18:29:07> [MSG] Запрошен rooms.php
<18:29:07> [MSG] Запрошен settings.php
<18:29:10> [MSG] Запрошен rooms.php
<18:29:10> [MSG] Запрошен avatars.php
<18:29:10> [MSG] Запрошен settings.php
<18:29:12> [MSG] Запрошен settings.php
<18:29:14> [MSG] Запрошен settings.php
<18:29:15> [MSG] Запрошен avatars.php
<18:29:15> [MSG] Запрошен rooms.php
<18:29:15> [MSG] Запрошен settings.php
<18:29:16> [MSG] Запрошен settings.php
<18:29:18> [MSG] Запрошен settings.php
<18:29:20> [MSG] Запрошен avatars.php
<18:29:20> [MSG] Запрошен rooms.php
<18:29:20> [MSG] Запрошен settings.php
<18:29:21> [MSG] Запрошен settings.php
<18:29:23> [MSG] Запрошен settings.php
<18:29:24> [MSG] Запрошен logout.php
<18:29:24> [MSG] Пользователь "thesourcecode.max@yandex.ru" вышел
<18:31:35> [MSG] Запрошен login.php
<18:31:35> [MSG] Аутентифицирован пользователь "Lucors"
<18:31:35> [MSG] Запрошен rooms.php
<18:31:35> [MSG] Запрошен avatars.php
<18:31:35> [MSG] Запрошен settings.php
<18:31:36> [MSG] Запрошен settings.php
<18:31:39> [MSG] Запрошен users.php
<18:31:43> [MSG] Запрошен logout.php
<18:31:43> [MSG] Пользователь "thesourcecode.max@yandex.ru" вышел
<18:31:47> [MSG] Запрошен login.php
<18:31:47> [MSG] Аутентифицирован пользователь "test"
<18:31:47> [MSG] Запрошен rooms.php
<18:31:47> [MSG] Запрошен avatars.php
<18:31:47> [MSG] Запрошен settings.php
<18:31:49> [MSG] Запрошен users.php
<18:31:50> [MSG] Запрошен notifications.php
<18:31:52> [MSG] Запрошен settings.php
<18:31:53> [MSG] Запрошен settings.php
<18:31:56> [MSG] Запрошен rooms.php
<18:31:56> [MSG] Запрошен avatars.php
<18:31:56> [MSG] Запрошен settings.php
<18:31:59> [MSG] Запрошен logout.php
<18:31:59> [MSG] Пользователь "test.max@yandex.ru" вышел
<18:32:02> [MSG] Запрошен login.php
<18:32:02> [MSG] Аутентифицирован пользователь "Lucors"
<18:32:02> [MSG] Запрошен rooms.php
<18:32:02> [MSG] Запрошен settings.php
<18:32:02> [MSG] Запрошен avatars.php
<18:32:03> [MSG] Запрошен logout.php
<18:32:03> [MSG] Пользователь "thesourcecode.max@yandex.ru" вышел
<18:32:06> [MSG] Запрошен login.php
<18:32:06> [MSG] Аутентифицирован пользователь "test"
<18:32:07> [MSG] Запрошен rooms.php
<18:32:07> [MSG] Запрошен settings.php
<18:32:07> [MSG] Запрошен avatars.php
