<07:26:37> [MSG] Запрошен login.php
<07:26:37> [MSG] Аутентифицирован пользователь "Lucors"
<07:26:37> [MSG] Запрошен rooms.php
<07:26:37> [MSG] Запрошен settings.php
<07:26:37> [MSG] Запрошен avatars.php
<07:26:40> [MSG] Запрошен rooms.php
<07:26:40> [MSG] Запрошен topics.php
<07:26:42> [MSG] Запрошен rooms.php
<07:26:42> [MSG] Запрошен topics.php
<07:26:44> [MSG] Запрошен settings.php
<07:26:47> [MSG] Запрошен settings.php
<07:26:50> [MSG] Запрошен users.php
<07:26:53> [MSG] Запрошен rooms.php
<07:26:55> [MSG] Запрошен rooms.php
<07:26:55> [MSG] Запрошен topics.php
<07:26:56> [MSG] Запрошен topics.php
<07:26:56> [MSG] Запрошен rooms.php
<07:26:58> [MSG] Запрошен rooms.php
<07:26:58> [MSG] Запрошен topics.php
<07:26:59> [MSG] Запрошен rooms.php
<07:26:59> [MSG] Запрошен topics.php
<07:27:01> [MSG] Запрошен rooms.php
<07:27:01> [MSG] Запрошен topics.php
<07:27:24> [MSG] Запрошен rooms.php
<07:27:24> [MSG] Запрошен settings.php
<07:27:24> [MSG] Запрошен avatars.php
