<07:55:43> [MSG] Запрошен users.php
<07:55:45> [MSG] Запрошен notifications.php
<07:55:48> [MSG] Запрошен notifications.php
<07:55:51> [MSG] Запрошен rooms.php
<07:55:51> [MSG] Запрошен avatars.php
<07:55:51> [MSG] Запрошен settings.php
<07:55:52> [MSG] Запрошен users.php
<07:55:58> [MSG] Запрошен logout.php
<07:55:58> [MSG] Пользователь "test.max@yandex.ru" вышел
<07:56:01> [MSG] Запрошен login.php
<07:56:01> [MSG] Аутентифицирован пользователь "Lucors"
<07:56:01> [MSG] Запрошен rooms.php
<07:56:01> [MSG] Запрошен avatars.php
<07:56:01> [MSG] Запрошен settings.php
<07:56:05> [MSG] Запрошен users.php
<07:56:08> [MSG] Запрошен users.php
<07:56:09> [MSG] Запрошен notifications.php
<07:56:12> [MSG] Запрошен logout.php
<07:56:12> [MSG] Пользователь "thesourcecode.max@yandex.ru" вышел
<07:56:19> [MSG] Запрошен login.php
<07:56:19> [MSG] Аутентифицирован пользователь "test"
<07:56:19> [MSG] Запрошен rooms.php
<07:56:19> [MSG] Запрошен settings.php
<07:56:19> [MSG] Запрошен avatars.php
<07:56:21> [MSG] Запрошен users.php
<10:34:55> [MSG] Запрошен settings.php
<10:34:55> [MSG] Запрошен avatars.php
<10:34:55> [MSG] Запрошен rooms.php
<10:35:11> [MSG] Запрошен users.php
<10:35:12> [MSG] Запрошен notifications.php
<10:35:16> [MSG] Запрошен logout.php
<10:35:16> [MSG] Пользователь "test.max@yandex.ru" вышел
<11:59:54> [MSG] Запрошен login.php
<11:59:54> [MSG] Аутентифицирован пользователь "Lucors"
<11:59:54> [MSG] Запрошен rooms.php
<11:59:54> [MSG] Запрошен avatars.php
<11:59:54> [MSG] Запрошен settings.php
<11:59:55> [MSG] Запрошен users.php
<12:00:29> [MSG] Запрошен logout.php
<12:00:29> [MSG] Пользователь "thesourcecode.max@yandex.ru" вышел
<12:00:32> [MSG] Запрошен login.php
<12:00:32> [MSG] Аутентифицирован пользователь "Lucors"
<12:00:32> [MSG] Запрошен rooms.php
<12:00:32> [MSG] Запрошен avatars.php
<12:00:32> [MSG] Запрошен settings.php
<12:00:33> [MSG] Запрошен settings.php
<12:00:34> [MSG] Запрошен settings.php
<12:00:37> [MSG] Запрошен rooms.php
<12:00:37> [MSG] Запрошен avatars.php
<12:00:37> [MSG] Запрошен settings.php
<12:43:32> [ERROR] Ошибка MYSQL: MySQL server has gone away
<12:43:32> [ERROR] Ошибка MYSQL: MySQL server has gone away
<12:43:38> [ERROR] Ошибка MYSQL: MySQL server has gone away
<12:43:38> [ERROR] Ошибка MYSQL: MySQL server has gone away
<12:43:44> [ERROR] Ошибка MYSQL: MySQL server has gone away
<12:43:44> [ERROR] Ошибка MYSQL: MySQL server has gone away
<12:43:50> [ERROR] Ошибка MYSQL: MySQL server has gone away
<12:43:50> [ERROR] Ошибка MYSQL: MySQL server has gone away
<12:43:56> [ERROR] Ошибка MYSQL: MySQL server has gone away
<12:43:56> [ERROR] Ошибка MYSQL: MySQL server has gone away
<12:44:02> [ERROR] Ошибка MYSQL: MySQL server has gone away
<12:44:02> [ERROR] Ошибка MYSQL: MySQL server has gone away
<12:44:08> [ERROR] Ошибка MYSQL: MySQL server has gone away
<12:44:08> [ERROR] Ошибка MYSQL: MySQL server has gone away
<12:44:14> [ERROR] Ошибка MYSQL: MySQL server has gone away
<12:44:14> [ERROR] Ошибка MYSQL: MySQL server has gone away
<12:44:20> [ERROR] Ошибка MYSQL: MySQL server has gone away
<12:44:20> [ERROR] Ошибка MYSQL: MySQL server has gone away
<12:44:26> [ERROR] Ошибка MYSQL: MySQL server has gone away
<12:44:26> [ERROR] Ошибка MYSQL: MySQL server has gone away
<12:44:32> [ERROR] Ошибка MYSQL: MySQL server has gone away
<12:44:32> [ERROR] Ошибка MYSQL: MySQL server has gone away
<12:44:38> [ERROR] Ошибка MYSQL: MySQL server has gone away
<12:44:38> [ERROR] Ошибка MYSQL: MySQL server has gone away
<12:44:44> [ERROR] Ошибка MYSQL: MySQL server has gone away
<12:44:44> [ERROR] Ошибка MYSQL: MySQL server has gone away
<12:44:50> [ERROR] Ошибка MYSQL: MySQL server has gone away
<12:44:50> [ERROR] Ошибка MYSQL: MySQL server has gone away
<12:44:56> [ERROR] Ошибка MYSQL: MySQL server has gone away
<12:44:56> [ERROR] Ошибка MYSQL: MySQL server has gone away
<12:45:02> [ERROR] Ошибка MYSQL: MySQL server has gone away
<12:45:02> [ERROR] Ошибка MYSQL: MySQL server has gone away
<12:45:08> [ERROR] Ошибка MYSQL: MySQL server has gone away
<12:45:08> [ERROR] Ошибка MYSQL: MySQL server has gone away
<12:45:14> [ERROR] Ошибка MYSQL: MySQL server has gone away
<12:45:14> [ERROR] Ошибка MYSQL: MySQL server has gone away
<12:45:20> [ERROR] Ошибка MYSQL: MySQL server has gone away
<12:45:20> [ERROR] Ошибка MYSQL: MySQL server has gone away
<12:45:26> [ERROR] Ошибка MYSQL: MySQL server has gone away
<12:45:26> [ERROR] Ошибка MYSQL: MySQL server has gone away
<12:45:32> [ERROR] Ошибка MYSQL: MySQL server has gone away
<12:45:32> [ERROR] Ошибка MYSQL: MySQL server has gone away
<12:45:38> [ERROR] Ошибка MYSQL: MySQL server has gone away
<12:45:38> [ERROR] Ошибка MYSQL: MySQL server has gone away
<12:45:44> [ERROR] Ошибка MYSQL: MySQL server has gone away
<12:45:44> [ERROR] Ошибка MYSQL: MySQL server has gone away
<12:45:50> [ERROR] Ошибка MYSQL: MySQL server has gone away
<12:45:50> [ERROR] Ошибка MYSQL: MySQL server has gone away
<12:45:56> [ERROR] Ошибка MYSQL: MySQL server has gone away
<12:45:56> [ERROR] Ошибка MYSQL: MySQL server has gone away
<12:46:02> [ERROR] Ошибка MYSQL: MySQL server has gone away
<12:46:02> [ERROR] Ошибка MYSQL: MySQL server has gone away
<12:46:08> [ERROR] Ошибка MYSQL: MySQL server has gone away
<12:46:08> [ERROR] Ошибка MYSQL: MySQL server has gone away
<12:46:14> [ERROR] Ошибка MYSQL: MySQL server has gone away
<12:46:14> [ERROR] Ошибка MYSQL: MySQL server has gone away
<12:46:20> [ERROR] Ошибка MYSQL: MySQL server has gone away
<12:46:20> [ERROR] Ошибка MYSQL: MySQL server has gone away
<12:46:26> [ERROR] Ошибка MYSQL: MySQL server has gone away
<12:46:26> [ERROR] Ошибка MYSQL: MySQL server has gone away
<14:42:52> [MSG] Запрошен users.php
<14:44:24> [MSG] Запрошен users.php
