<18:28:16> [MSG] Запрошен login.php
<18:28:16> [MSG] Аутентифицирован пользователь "Lucors"
<18:28:16> [MSG] Запрошен rooms.php
<18:28:16> [MSG] Запрошен settings.php
<18:28:16> [MSG] Запрошен avatars.php
<18:28:18> [MSG] Запрошен users.php
<18:28:21> [MSG] Запрошен logout.php
<18:28:21> [MSG] Пользователь "thesourcecode.max@yandex.ru" вышел
<19:02:48> [MSG] Запрошен login.php
<19:02:48> [MSG] Аутентифицирован пользователь "Lucors"
<19:02:48> [MSG] Запрошен rooms.php
<19:02:48> [MSG] Запрошен avatars.php
<19:02:48> [MSG] Запрошен settings.php
<19:02:50> [MSG] Запрошен users.php
<19:02:54> [MSG] Запрошен private-messages.php
<19:02:58> [MSG] Запрошен rooms.php
<19:02:59> [MSG] Запрошен topics.php
<19:02:59> [MSG] Запрошен maps.php
<19:07:36> [MSG] Запрошен settings.php
<19:31:23> [MSG] Запрошен users.php
<19:32:21> [MSG] Запрошен rooms.php
<19:32:21> [MSG] Запрошен settings.php
<19:32:21> [MSG] Запрошен avatars.php
<19:32:22> [MSG] Запрошен users.php
<19:34:00> [MSG] Запрошен users.php
<19:40:29> [MSG] Запрошен users.php
<19:40:31> [MSG] Запрошен users.php
<19:40:33> [MSG] Запрошен users.php
<19:42:11> [MSG] Запрошен users.php
<19:47:30> [MSG] Запрошен private-messages.php
<19:48:54> [MSG] Запрошен users.php
<19:49:31> [MSG] Запрошен users.php
<19:49:33> [MSG] Запрошен private-messages.php
<19:53:07> [MSG] Запрошен users.php
<19:56:07> [MSG] Запрошен users.php
<19:56:24> [MSG] Запрошен users.php
<19:57:13> [MSG] Запрошен topics.php
<19:57:13> [MSG] Запрошен maps.php
<20:03:07> [MSG] Запрошен users.php
<20:03:55> [MSG] Запрошен users.php
<20:05:39> [MSG] Запрошен topics.php
<20:05:39> [MSG] Запрошен maps.php
<20:07:45> [MSG] Запрошен users.php
<20:07:48> [MSG] Запрошен users.php
<20:07:50> [MSG] Запрошен users.php
<20:07:51> [MSG] Запрошен users.php
<20:07:53> [MSG] Запрошен users.php
<20:08:14> [MSG] Запрошен users.php
<20:08:46> [MSG] Запрошен users.php
<20:09:42> [MSG] Запрошен settings.php
<20:11:36> [MSG] Запрошен rating.php
<20:11:43> [MSG] Запрошен rooms.php
<20:11:44> [MSG] Запрошен users.php
<20:11:56> [MSG] Запрошен rooms.php
<20:11:56> [MSG] Запрошен avatars.php
<20:11:56> [MSG] Запрошен settings.php
<20:14:33> [MSG] Запрошен users.php
<20:14:37> [MSG] Запрошен users.php
<20:14:40> [MSG] Запрошен users.php
<20:14:44> [MSG] Запрошен users.php
<20:14:46> [MSG] Запрошен users.php
<20:14:47> [MSG] Запрошен users.php
<20:14:49> [MSG] Запрошен users.php
<20:14:51> [MSG] Запрошен users.php
<20:14:53> [MSG] Запрошен users.php
<20:21:33> [MSG] Запрошен settings.php
<20:21:56> [MSG] Запрошен users.php
<20:23:27> [MSG] Запрошен users.php
<20:24:38> [MSG] Запрошен private-messages.php
<20:24:41> [MSG] Запрошен private-messages.php
<20:26:55> [MSG] Запрошен users.php
<20:26:57> [MSG] Запрошен notifications.php
<20:26:57> [MSG] Запрошен users.php
<20:26:59> [MSG] Запрошен notifications.php
<20:27:00> [MSG] Запрошен users.php
<20:27:01> [MSG] Запрошен users.php
<20:27:02> [MSG] Запрошен notifications.php
<20:27:03> [MSG] Запрошен users.php
<20:29:07> [MSG] Запрошен private-messages.php
<20:29:11> [MSG] Запрошен private-messages.php
<20:34:41> [MSG] Запрошен private-messages.php
<20:34:44> [MSG] Запрошен private-messages.php
<20:34:44> [MSG] Запрошен private-messages.php
<20:34:45> [MSG] Запрошен private-messages.php
<20:45:52> [MSG] Запрошен rooms.php
<20:45:52> [MSG] Запрошен settings.php
<20:45:52> [MSG] Запрошен avatars.php
<20:46:34> [MSG] Запрошен users.php
<20:55:20> [MSG] Запрошен private-messages.php
<20:55:22> [MSG] Запрошен private-messages.php
<20:55:52> [MSG] Запрошен private-messages.php
<20:55:57> [MSG] Запрошен private-messages.php
<20:56:01> [MSG] Запрошен rooms.php
<20:56:01> [MSG] Запрошен settings.php
<20:56:01> [MSG] Запрошен avatars.php
<20:56:04> [MSG] Запрошен users.php
<20:57:02> [MSG] Запрошен users.php
<20:57:04> [MSG] Запрошен users.php
<20:57:06> [MSG] Запрошен users.php
<21:09:07> [MSG] Запрошен users.php
<21:09:10> [MSG] Запрошен logout.php
<21:09:10> [MSG] Пользователь "thesourcecode.max@yandex.ru" вышел
<21:09:15> [MSG] Запрошен login.php
<21:09:15> [MSG] Аутентифицирован пользователь "Lucors"
<21:09:15> [MSG] Запрошен rooms.php
<21:09:15> [MSG] Запрошен avatars.php
<21:09:15> [MSG] Запрошен settings.php
<21:09:16> [MSG] Запрошен logout.php
<21:09:16> [MSG] Пользователь "thesourcecode.max@yandex.ru" вышел
<21:12:25> [MSG] Запрошен login.php
<21:12:25> [MSG] Аутентифицирован пользователь "Lucors"
<21:12:25> [MSG] Запрошен rooms.php
<21:12:25> [MSG] Запрошен settings.php
<21:12:25> [MSG] Запрошен avatars.php
<21:12:26> [MSG] Запрошен users.php
<23:13:08> [MSG] Запрошен users.php
