<01:03:26> [MSG] Запрошен logout.php
<01:03:26> [MSG] Пользователь "lucors" вышел
<01:03:28> [MSG] Запрошен login.php
<01:03:28> [MSG] Аутентифицирован пользователь "lucors"
<01:03:30> [MSG] Запрошен logout.php
<01:03:30> [MSG] Пользователь "lucors" вышел
<01:03:36> [MSG] Запрошен login.php
<01:03:37> [MSG] Аутентифицирован пользователь "lucors"
<01:03:47> [MSG] Запрошен logout.php
<01:03:47> [MSG] Пользователь "lucors" вышел
<01:03:53> [MSG] Запрошен login.php
<01:03:53> [MSG] Аутентифицирован пользователь "lucors"
<01:08:20> [MSG] Запрошен logout.php
<01:08:20> [MSG] Пользователь "lucors" вышел
<01:08:24> [MSG] Запрошен logout.php
<01:08:24> [WARN] Попытка выхода не аутентифиц. пользователя
<01:37:05> [MSG] Запрошен settings.php
<01:37:15> [MSG] Запрошен settings.php
<01:38:53> [MSG] Запрошен settings.php
<01:42:51> [MSG] Запрошен settings.php
<01:43:12> [MSG] Запрошен settings.php
<01:58:01> [MSG] Запрошен settings.php
<01:58:19> [MSG] Запрошен settings.php
<01:58:20> [MSG] Запрошен settings.php
<01:59:21> [MSG] Запрошен settings.php
<01:59:42> [MSG] Запрошен settings.php
<02:00:00> [MSG] Запрошен settings.php
<02:01:09> [MSG] Запрошен settings.php
<02:05:50> [MSG] Запрошен settings.php
<02:06:28> [MSG] Запрошен settings.php
<02:09:02> [MSG] Запрошен settings.php
<02:09:46> [MSG] Запрошен settings.php
<02:10:03> [MSG] Запрошен settings.php
<14:02:32> [MSG] Запрошен login.php
<14:02:32> [MSG] Аутентифицирован пользователь "lucors"
<14:02:35> [MSG] Запрошен logout.php
<14:02:35> [MSG] Пользователь "lucors" вышел
<14:02:47> [MSG] Запрошен login.php
<14:02:47> [MSG] Аутентифицирован пользователь "lucors"
<14:03:53> [MSG] Запрошен settings.php
<14:15:37> [MSG] Запрошен logout.php
<14:15:37> [MSG] Пользователь "lucors" вышел
<14:31:08> [MSG] Запрошен login.php
<14:31:08> [MSG] Аутентифицирован пользователь "lucors"
<14:31:15> [MSG] Запрошен logout.php
<14:31:15> [MSG] Пользователь "lucors" вышел
<14:31:19> [MSG] Запрошен login.php
<14:31:19> [MSG] Аутентифицирован пользователь "lucors"
<14:31:22> [MSG] Запрошен logout.php
<14:31:22> [MSG] Пользователь "lucors" вышел
<14:34:01> [MSG] Запрошен login.php
<14:34:01> [MSG] Аутентифицирован пользователь "lucors"
<14:34:03> [MSG] Запрошен logout.php
<14:34:03> [MSG] Пользователь "lucors" вышел
<14:34:31> [MSG] Запрошен login.php
<14:34:31> [MSG] Аутентифицирован пользователь "lucors"
<14:34:34> [MSG] Запрошен logout.php
<14:34:34> [MSG] Пользователь "lucors" вышел
<14:36:47> [MSG] Запрошен login.php
<14:36:48> [MSG] Аутентифицирован пользователь "lucors"
<14:55:04> [MSG] Запрошен logout.php
<14:55:04> [MSG] Пользователь "lucors" вышел
<14:55:09> [MSG] Запрошен login.php
<14:55:09> [MSG] Аутентифицирован пользователь "lucors"
<14:55:53> [MSG] Запрошен logout.php
<14:55:53> [MSG] Пользователь "lucors" вышел
<14:55:58> [MSG] Запрошен login.php
<14:55:58> [MSG] Аутентифицирован пользователь "lucors"
<15:26:22> [MSG] Запрошен logout.php
<15:26:22> [MSG] Пользователь "lucors" вышел
<15:26:32> [MSG] Запрошен login.php
<15:26:32> [MSG] Аутентифицирован пользователь "lucors"
<15:26:33> [MSG] Запрошен logout.php
<15:26:33> [MSG] Пользователь "lucors" вышел
<15:28:24> [MSG] Запрошен login.php
<15:28:24> [MSG] Аутентифицирован пользователь "lucors"
<15:28:29> [MSG] Запрошен logout.php
<15:28:29> [MSG] Пользователь "lucors" вышел
<15:28:32> [MSG] Запрошен login.php
<15:28:32> [MSG] Аутентифицирован пользователь "lucors"
<22:48:20> [MSG] Запрошен logout.php
<22:48:20> [MSG] Пользователь "lucors" вышел
<23:40:31> [MSG] Запрошен logout.php
<23:40:31> [MSG] Пользователь "lucors" вышел
<23:40:42> [MSG] Запрошен login.php
<23:40:42> [MSG] Аутентифицирован пользователь "lucors"
