<09:47:35> [MSG] Запрошен rooms.php
<09:47:35> [MSG] Запрошен settings.php
<09:47:35> [MSG] Запрошен avatars.php
<10:40:35> [MSG] Запрошен rooms.php
<10:40:35> [MSG] Запрошен settings.php
<10:40:35> [MSG] Запрошен avatars.php
<10:40:47> [MSG] Запрошен rating.php
<10:40:50> [MSG] Запрошен users.php
<10:40:53> [MSG] Запрошен users.php
<10:40:56> [MSG] Запрошен rooms.php
<10:58:41> [MSG] Запрошен settings.php
<10:58:41> [MSG] Запрошен rooms.php
<10:58:41> [MSG] Запрошен avatars.php
<10:58:57> [MSG] Запрошен users.php
<21:41:12> [MSG] Запрошен login.php
<21:41:12> [MSG] Аутентифицирован пользователь "Lucors"
<21:41:12> [MSG] Запрошен rooms.php
<21:41:12> [MSG] Запрошен settings.php
<21:41:12> [MSG] Запрошен avatars.php
<21:41:14> [MSG] Запрошен users.php
<21:41:23> [MSG] Запрошен logout.php
<21:41:23> [MSG] Пользователь "thesourcecode.max@yandex.ru" вышел
<21:41:32> [MSG] Запрошен login.php
<21:41:32> [MSG] Аутентифицирован пользователь "Lucors"
<21:41:32> [MSG] Запрошен rooms.php
<21:41:32> [MSG] Запрошен avatars.php
<21:41:32> [MSG] Запрошен settings.php
<21:41:35> [MSG] Запрошен rating.php
<21:41:51> [MSG] Запрошен users.php
<21:50:29> [MSG] Запрошен users.php
<21:50:33> [MSG] Запрошен settings.php
<21:56:04> [MSG] Запрошен rating.php
<21:58:36> [MSG] Запрошен rooms.php
<21:58:36> [MSG] Запрошен settings.php
<21:58:36> [MSG] Запрошен avatars.php
<21:58:46> [MSG] Запрошен users.php
<21:59:51> [MSG] Запрошен rooms.php
<21:59:51> [MSG] Запрошен settings.php
<21:59:51> [MSG] Запрошен avatars.php
<22:31:21> [MSG] Запрошен rooms.php
<22:31:21> [MSG] Запрошен avatars.php
<22:31:21> [MSG] Запрошен settings.php
<22:36:01> [MSG] Запрошен rooms.php
<22:36:01> [MSG] Запрошен settings.php
<22:36:02> [MSG] Запрошен avatars.php
<22:38:38> [MSG] Запрошен rating.php
<22:38:51> [MSG] Запрошен users.php
<22:39:39> [MSG] Запрошен rooms.php
<22:39:39> [MSG] Запрошен settings.php
<22:39:39> [MSG] Запрошен avatars.php
<22:39:45> [MSG] Запрошен settings.php
<22:40:11> [MSG] Запрошен users.php
<22:40:14> [MSG] Запрошен logout.php
<22:40:14> [MSG] Пользователь "thesourcecode.max@yandex.ru" вышел
<22:41:13> [MSG] Запрошен login.php
<22:41:14> [MSG] Аутентифицирован пользователь "Lucors"
<22:41:14> [MSG] Запрошен rooms.php
<22:41:14> [MSG] Запрошен avatars.php
<22:41:14> [MSG] Запрошен settings.php
