<00:58:16> [MSG] Запрошен logout.php
<00:58:16> [MSG] Пользователь "lucors" вышел
<00:59:24> [MSG] Запрошен login.php
<00:59:24> [MSG] Аутентифицирован пользователь "lucors"
<00:59:30> [MSG] Запрошен logout.php
<00:59:30> [MSG] Пользователь "lucors" вышел
<01:01:07> [MSG] Запрошен login.php
<01:01:07> [MSG] Аутентифицирован пользователь "lucors"
<01:01:25> [MSG] Запрошен logout.php
<01:01:25> [MSG] Пользователь "lucors" вышел
<01:01:44> [MSG] Запрошен login.php
<01:01:44> [MSG] Аутентифицирован пользователь "lucors"
<01:23:02> [MSG] Запрошен login.php
<01:23:03> [MSG] Аутентифицирован пользователь "lucors"
<01:30:28> [MSG] Запрошен logout.php
<01:30:28> [MSG] Пользователь "lucors" вышел
<01:51:07> [MSG] Запрошен login.php
<01:51:07> [MSG] Аутентифицирован пользователь "lucors"
<01:51:11> [MSG] Запрошен logout.php
<01:51:11> [MSG] Пользователь "lucors" вышел
<01:51:17> [MSG] Запрошен login.php
<01:51:18> [ERROR] Введен неверный пароль пользователя "lucors"
<01:51:24> [MSG] Запрошен login.php
<01:51:24> [MSG] Аутентифицирован пользователь "lucors"
<01:51:45> [MSG] Запрошен login.php
<01:51:45> [DEBUG] Попытка аутен. ранее аутентифиц. пользователя "lucors"
<01:51:49> [MSG] Запрошен logout.php
<01:51:49> [MSG] Пользователь "lucors" вышел
<01:51:54> [MSG] Запрошен login.php
<01:51:54> [MSG] Аутентифицирован пользователь "lucors"
<01:54:12> [MSG] Запрошен logout.php
<01:54:12> [MSG] Пользователь "lucors" вышел
<02:02:26> [MSG] Запрошен login.php
<02:02:26> [MSG] Аутентифицирован пользователь "lucors"
<02:43:04> [MSG] Запрошен logout.php
<02:43:04> [MSG] Пользователь "lucors" вышел
<02:44:15> [MSG] Запрошен login.php
<02:44:15> [MSG] Аутентифицирован пользователь "lucors"
<03:35:04> [MSG] Запрошен logout.php
<03:35:04> [MSG] Пользователь "lucors" вышел
<04:20:50> [MSG] Запрошен login.php
<04:20:50> [MSG] Аутентифицирован пользователь "lucors"
<04:20:53> [MSG] Запрошен logout.php
<04:20:53> [MSG] Пользователь "lucors" вышел
<19:55:12> [MSG] Запрошен login.php
<19:55:12> [WARN] Не найден пользователь "jekarws"
<19:55:14> [MSG] Запрошен login.php
<19:55:14> [WARN] Не найден пользователь "jekarws"
<19:56:45> [MSG] Запрошен login.php
<19:56:45> [ERROR] Введен неверный пароль пользователя "Lucors"
<19:56:53> [MSG] Запрошен login.php
<19:56:53> [ERROR] Введен неверный пароль пользователя "Lucors"
<19:57:03> [MSG] Запрошен login.php
<19:57:04> [ERROR] Введен неверный пароль пользователя "Lucors"
<19:57:07> [MSG] Запрошен login.php
<19:57:07> [ERROR] Введен неверный пароль пользователя "Lucors"
<19:57:11> [MSG] Запрошен login.php
<19:57:11> [ERROR] Введен неверный пароль пользователя "Lucors"
<19:57:13> [MSG] Запрошен login.php
<19:57:13> [ERROR] Введен неверный пароль пользователя "Lucors"
<19:57:16> [MSG] Запрошен login.php
<19:57:16> [ERROR] Введен неверный пароль пользователя "Lucors"
<19:57:20> [MSG] Запрошен login.php
<19:57:20> [ERROR] Введен неверный пароль пользователя "Lucors"
<19:57:24> [MSG] Запрошен login.php
<19:57:24> [ERROR] Введен неверный пароль пользователя "Lucors"
<19:57:28> [MSG] Запрошен login.php
<19:57:28> [ERROR] Введен неверный пароль пользователя "Lucors"
<19:57:31> [MSG] Запрошен login.php
<19:57:31> [WARN] Не найден пользователь "admin"
<19:57:34> [MSG] Запрошен login.php
<19:57:34> [ERROR] Введен неверный пароль пользователя "lucors"
<19:57:36> [MSG] Запрошен login.php
<19:57:36> [ERROR] Введен неверный пароль пользователя "lucors"
<19:57:37> [MSG] Запрошен login.php
<19:57:38> [ERROR] Введен неверный пароль пользователя "lucors"
<20:02:57> [MSG] Запрошен login.php
<20:02:57> [ERROR] Введен неверный пароль пользователя "lucors"
<20:35:32> [MSG] Запрошен login.php
<20:35:32> [ERROR] Введен неверный пароль пользователя "lucors"
<20:35:38> [MSG] Запрошен login.php
<20:35:38> [WARN] Не найден пользователь "test"
<21:28:56> [MSG] Запрошен login.php
<21:28:56> [MSG] Аутентифицирован пользователь "lucors"
<21:29:20> [MSG] Запрошен logout.php
<21:29:20> [MSG] Пользователь "lucors" вышел
<23:01:02> [MSG] Запрошен login.php
<23:01:02> [MSG] Аутентифицирован пользователь "lucors"
<23:01:05> [MSG] Запрошен logout.php
<23:01:05> [MSG] Пользователь "lucors" вышел
<23:04:05> [MSG] Запрошен login.php
<23:04:05> [MSG] Аутентифицирован пользователь "lucors"
<23:04:07> [MSG] Запрошен logout.php
<23:04:07> [MSG] Пользователь "lucors" вышел
