<13:34:20> [MSG] Запрошен login.php
<13:34:20> [MSG] Аутентифицирован пользователь ""
<13:34:20> [MSG] Запрошен settings.php
<13:34:20> [MSG] Запрошен avatars.php
<13:34:20> [MSG] Запрошен rooms.php
<13:34:22> [MSG] Запрошен users.php
<13:34:24> [MSG] Запрошен users.php
<13:34:26> [MSG] Запрошен logout.php
<13:34:26> [MSG] Пользователь "thesourcecode.max@yandex.ru" вышел
<13:34:52> [MSG] Запрошен login.php
<13:34:52> [MSG] Аутентифицирован пользователь ""
<13:34:52> [MSG] Запрошен rooms.php
<13:34:52> [MSG] Запрошен avatars.php
<13:34:52> [MSG] Запрошен settings.php
<13:34:55> [MSG] Запрошен rooms.php
<13:34:56> [MSG] Запрошен users.php
<13:34:58> [MSG] Запрошен private-messages.php
<13:35:08> [MSG] Запрошен logout.php
<13:35:08> [MSG] Пользователь "thesourcecode.max@yandex.ru" вышел
<13:37:28> [MSG] Запрошен login.php
<13:37:28> [MSG] Аутентифицирован пользователь ""
<13:37:28> [MSG] Запрошен settings.php
<13:37:28> [MSG] Запрошен avatars.php
<13:37:28> [MSG] Запрошен rooms.php
<13:37:30> [MSG] Запрошен settings.php
<13:37:32> [MSG] Запрошен settings.php
<13:37:34> [MSG] Запрошен logout.php
<13:37:34> [MSG] Пользователь "thesourcecode.max@yandex.ru" вышел
<13:37:38> [MSG] Запрошен login.php
<13:37:39> [MSG] Аутентифицирован пользователь ""
<13:37:39> [MSG] Запрошен avatars.php
<13:37:39> [MSG] Запрошен settings.php
<13:37:39> [MSG] Запрошен rooms.php
<13:37:40> [MSG] Запрошен settings.php
<13:37:42> [MSG] Запрошен settings.php
<13:37:44> [MSG] Запрошен settings.php
<13:37:44> [MSG] Запрошен rooms.php
<13:37:44> [MSG] Запрошен avatars.php
<13:38:39> [MSG] Запрошен users.php
<13:38:41> [MSG] Запрошен users.php
<13:38:43> [MSG] Запрошен users.php
<13:44:18> [MSG] Запрошен settings.php
<13:52:35> [MSG] Запрошен users.php
<13:52:40> [MSG] Запрошен avatars.php
<13:52:40> [MSG] Запрошен settings.php
<13:52:40> [MSG] Запрошен rooms.php
<13:52:42> [MSG] Запрошен avatars.php
<13:52:42> [MSG] Запрошен settings.php
<13:52:42> [MSG] Запрошен rooms.php
<13:52:44> [MSG] Запрошен settings.php
<13:52:44> [MSG] Запрошен rooms.php
<13:52:44> [MSG] Запрошен avatars.php
<13:52:46> [MSG] Запрошен settings.php
<13:52:46> [MSG] Запрошен avatars.php
<13:52:46> [MSG] Запрошен rooms.php
<13:52:48> [MSG] Запрошен settings.php
<13:52:48> [MSG] Запрошен rooms.php
<13:52:48> [MSG] Запрошен avatars.php
<13:52:50> [MSG] Запрошен avatars.php
<13:52:50> [MSG] Запрошен rooms.php
<13:52:50> [MSG] Запрошен settings.php
<13:52:52> [MSG] Запрошен settings.php
<13:52:52> [MSG] Запрошен rooms.php
<13:52:52> [MSG] Запрошен avatars.php
<13:52:54> [MSG] Запрошен settings.php
<13:52:54> [MSG] Запрошен avatars.php
<13:52:54> [MSG] Запрошен rooms.php
<13:52:56> [MSG] Запрошен settings.php
<13:52:56> [MSG] Запрошен avatars.php
<13:52:56> [MSG] Запрошен rooms.php
<13:53:11> [MSG] Запрошен logout.php
<13:53:11> [MSG] Пользователь "thesourcecode.max@yandex.ru" вышел
<13:53:41> [MSG] Запрошен login.php
<13:53:41> [MSG] Аутентифицирован пользователь ""
<13:53:41> [MSG] Запрошен avatars.php
<13:53:41> [MSG] Запрошен rooms.php
<13:53:41> [MSG] Запрошен settings.php
