<21:52:44> [MSG] Запрошен login.php
<21:52:44> [MSG] Аутентифицирован пользователь ""
<21:52:44> [MSG] Запрошен settings.php
<21:52:44> [MSG] Запрошен avatars.php
<21:52:44> [MSG] Запрошен rooms.php
<21:52:47> [MSG] Запрошен settings.php
<21:52:49> [MSG] Запрошен settings.php
<21:52:51> [MSG] Запрошен settings.php
<21:52:53> [MSG] Запрошен logout.php
<21:52:53> [MSG] Пользователь "thesourcecode.max@yandex.ru" вышел
<21:52:58> [MSG] Запрошен login.php
<21:52:58> [MSG] Аутентифицирован пользователь ""
<21:52:58> [MSG] Запрошен avatars.php
<21:52:58> [MSG] Запрошен settings.php
<21:52:58> [MSG] Запрошен rooms.php
<21:53:00> [MSG] Запрошен users.php
<21:53:02> [MSG] Запрошен settings.php
<21:53:03> [MSG] Запрошен settings.php
<21:53:07> [MSG] Запрошен settings.php
<21:53:07> [MSG] Запрошен avatars.php
<21:53:07> [MSG] Запрошен rooms.php
