<23:30:17> [MSG] Запрошен login.php
<23:30:17> [MSG] Аутентифицирован пользователь ""
<23:30:18> [MSG] Запрошен settings.php
<23:30:18> [MSG] Запрошен rooms.php
<23:30:18> [MSG] Запрошен avatars.php
<23:30:19> [MSG] Запрошен users.php
<23:30:21> [MSG] Запрошен private-messages.php
<23:30:27> [MSG] Запрошен logout.php
<23:30:27> [MSG] Пользователь "thesourcecode.max@yandex.ru" вышел
<23:32:40> [MSG] Запрошен login.php
<23:32:40> [MSG] Аутентифицирован пользователь ""
<23:32:40> [MSG] Запрошен settings.php
<23:32:40> [MSG] Запрошен avatars.php
<23:32:40> [MSG] Запрошен rooms.php
<23:33:08> [MSG] Запрошен users.php
<23:33:26> [MSG] Запрошен rating.php
<23:33:37> [MSG] Запрошен users.php
<23:35:22> [MSG] Запрошен logout.php
<23:35:22> [MSG] Пользователь "thesourcecode.max@yandex.ru" вышел
<23:51:27> [MSG] Запрошен login.php
<23:51:27> [MSG] Аутентифицирован пользователь ""
<23:51:27> [MSG] Запрошен settings.php
<23:51:27> [MSG] Запрошен avatars.php
<23:51:27> [MSG] Запрошен rooms.php
<23:51:29> [MSG] Запрошен users.php
<23:51:38> [MSG] Запрошен private-messages.php
<23:51:43> [MSG] Запрошен private-messages.php
<23:51:45> [MSG] Запрошен private-messages.php
<23:51:49> [MSG] Запрошен private-messages.php
<23:52:42> [MSG] Запрошен settings.php
<23:52:57> [MSG] Запрошен settings.php
<23:53:01> [MSG] Запрошен rooms.php
<23:53:01> [MSG] Запрошен settings.php
<23:53:01> [MSG] Запрошен avatars.php
<23:53:04> [MSG] Запрошен settings.php
<23:53:04> [MSG] Запрошен avatars.php
<23:53:04> [MSG] Запрошен rooms.php
<23:53:07> [MSG] Запрошен settings.php
<23:53:08> [MSG] Запрошен settings.php
<23:53:29> [MSG] Запрошен settings.php
<23:53:32> [MSG] Запрошен users.php
<23:53:34> [MSG] Запрошен users.php
<23:53:34> [MSG] Запрошен notifications.php
<23:53:35> [MSG] Запрошен users.php
<23:53:37> [MSG] Запрошен users.php
<23:53:42> [MSG] Запрошен users.php
<23:53:47> [MSG] Запрошен users.php
<23:53:49> [MSG] Запрошен notifications.php
<23:53:49> [MSG] Запрошен users.php
<23:53:54> [MSG] Запрошен settings.php
<23:53:58> [MSG] Запрошен topics.php
