<10:51:14> [MSG] Запрошен login.php
<10:51:14> [MSG] Аутентифицирован пользователь ""
<10:51:14> [MSG] Запрошен settings.php
<10:51:14> [MSG] Запрошен rooms.php
<10:51:14> [MSG] Запрошен avatars.php
<11:06:57> [MSG] Запрошен avatars.php
<11:06:57> [MSG] Запрошен settings.php
<11:06:57> [MSG] Запрошен rooms.php
<11:09:09> [MSG] Запрошен settings.php
<11:10:41> [MSG] Запрошен users.php
<11:12:59> [MSG] Запрошен avatars.php
<11:12:59> [MSG] Запрошен settings.php
<11:12:59> [MSG] Запрошен rooms.php
<11:15:43> [MSG] Запрошен settings.php
<11:15:43> [MSG] Запрошен avatars.php
<11:15:43> [MSG] Запрошен rooms.php
<11:16:59> [MSG] Запрошен avatars.php
<11:16:59> [MSG] Запрошен settings.php
<11:16:59> [MSG] Запрошен rooms.php
<11:20:32> [MSG] Запрошен avatars.php
<11:20:32> [MSG] Запрошен settings.php
<11:20:32> [MSG] Запрошен rooms.php
<11:24:14> [MSG] Запрошен avatars.php
<11:24:14> [MSG] Запрошен settings.php
<11:24:14> [MSG] Запрошен rooms.php
<11:24:16> [MSG] Запрошен users.php
<11:27:46> [MSG] Запрошен users.php
<11:28:08> [MSG] Запрошен users.php
<11:37:31> [MSG] Запрошен settings.php
<11:37:31> [MSG] Запрошен avatars.php
<11:37:31> [MSG] Запрошен rooms.php
<11:37:35> [MSG] Запрошен settings.php
<11:37:37> [MSG] Запрошен users.php
<11:37:39> [MSG] Запрошен logout.php
<11:37:39> [MSG] Пользователь "thesourcecode.max@yandex.ru" вышел
<11:47:29> [MSG] Запрошен login.php
<11:47:29> [MSG] Аутентифицирован пользователь ""
<11:47:29> [MSG] Запрошен avatars.php
<11:47:29> [MSG] Запрошен settings.php
<11:47:29> [MSG] Запрошен rooms.php
<11:48:09> [MSG] Запрошен settings.php
<11:48:09> [MSG] Запрошен rooms.php
<11:48:09> [MSG] Запрошен avatars.php
<11:48:11> [MSG] Запрошен logout.php
<11:48:11> [MSG] Пользователь "thesourcecode.max@yandex.ru" вышел
<11:49:57> [MSG] Запрошен login.php
<11:49:57> [MSG] Аутентифицирован пользователь ""
<11:49:57> [MSG] Запрошен avatars.php
<11:49:57> [MSG] Запрошен rooms.php
<11:49:57> [MSG] Запрошен settings.php
<11:50:41> [MSG] Запрошен avatars.php
<11:50:41> [MSG] Запрошен settings.php
<11:50:41> [MSG] Запрошен rooms.php
<11:51:13> [MSG] Запрошен settings.php
<11:51:13> [MSG] Запрошен avatars.php
<11:51:13> [MSG] Запрошен rooms.php
<11:51:53> [MSG] Запрошен avatars.php
<11:51:53> [MSG] Запрошен settings.php
<11:51:53> [MSG] Запрошен rooms.php
<11:53:15> [MSG] Запрошен avatars.php
<11:53:15> [MSG] Запрошен settings.php
<11:53:15> [MSG] Запрошен rooms.php
<11:54:56> [MSG] Запрошен avatars.php
<11:54:57> [MSG] Запрошен settings.php
<11:54:57> [MSG] Запрошен rooms.php
<11:54:57> [MSG] Запрошен avatars.php
<11:55:01> [MSG] Запрошен settings.php
<11:55:01> [MSG] Запрошен rooms.php
<11:55:01> [MSG] Запрошен avatars.php
<11:55:07> [MSG] Запрошен users.php
<11:55:10> [MSG] Запрошен settings.php
<11:55:12> [MSG] Запрошен settings.php
<11:55:14> [MSG] Запрошен settings.php
<11:55:16> [MSG] Запрошен settings.php
<11:56:53> [MSG] Запрошен settings.php
<11:56:53> [MSG] Запрошен rooms.php
<11:56:53> [MSG] Запрошен avatars.php
<11:57:08> [MSG] Запрошен avatars.php
<11:57:08> [MSG] Запрошен settings.php
<11:57:08> [MSG] Запрошен rooms.php
<11:57:10> [MSG] Запрошен settings.php
<11:57:12> [MSG] Запрошен settings.php
<11:57:14> [MSG] Запрошен settings.php
<11:57:15> [MSG] Запрошен settings.php
<11:57:18> [MSG] Запрошен logout.php
<11:57:18> [MSG] Пользователь "thesourcecode.max@yandex.ru" вышел
<12:05:39> [MSG] Запрошен login.php
<12:05:39> [MSG] Аутентифицирован пользователь ""
<12:05:39> [MSG] Запрошен settings.php
<12:05:39> [MSG] Запрошен rooms.php
<12:05:39> [MSG] Запрошен avatars.php
<12:05:53> [MSG] Запрошен settings.php
<12:05:55> [MSG] Запрошен settings.php
<12:05:57> [MSG] Запрошен avatars.php
<12:05:57> [MSG] Запрошен settings.php
<12:05:57> [MSG] Запрошен rooms.php
<12:06:00> [MSG] Запрошен logout.php
<12:06:00> [MSG] Пользователь "thesourcecode.max@yandex.ru" вышел
<12:06:05> [MSG] Запрошен login.php
<12:06:05> [MSG] Аутентифицирован пользователь ""
<12:06:05> [MSG] Запрошен settings.php
<12:06:05> [MSG] Запрошен avatars.php
<12:06:05> [MSG] Запрошен rooms.php
<12:06:08> [MSG] Запрошен settings.php
<12:06:08> [MSG] Запрошен rooms.php
<12:06:08> [MSG] Запрошен avatars.php
<12:06:11> [MSG] Запрошен logout.php
<12:06:11> [MSG] Пользователь "thesourcecode.max@yandex.ru" вышел
<12:06:16> [MSG] Запрошен login.php
<12:06:16> [MSG] Аутентифицирован пользователь ""
<12:06:16> [MSG] Запрошен settings.php
<12:06:16> [MSG] Запрошен avatars.php
<12:06:16> [MSG] Запрошен rooms.php
<12:38:21> [MSG] Запрошен settings.php
<12:38:24> [MSG] Запрошен settings.php
<12:39:14> [MSG] Запрошен users.php
<12:39:18> [MSG] Запрошен users.php
<12:39:20> [MSG] Запрошен rating.php
<12:50:46> [MSG] Запрошен login.php
<12:50:46> [MSG] Аутентифицирован пользователь ""
<12:50:46> [MSG] Запрошен avatars.php
<12:50:46> [MSG] Запрошен settings.php
<12:50:46> [MSG] Запрошен rooms.php
<12:50:49> [MSG] Запрошен settings.php
<12:50:54> [MSG] Запрошен users.php
<13:14:01> [MSG] Запрошен users.php
<13:14:03> [MSG] Запрошен private-messages.php
<13:17:17> [MSG] Запрошен signup.php
<13:17:17> [MSG] Зарегистрирован пользователь "aaa:aaa@aaa.aaa"
<13:17:18> [MSG] Запрошен settings.php
<13:17:18> [MSG] Запрошен avatars.php
<13:17:18> [MSG] Запрошен rooms.php
<13:17:23> [MSG] Запрошен rooms.php
<13:17:24> [MSG] Запрошен settings.php
<13:17:26> [MSG] Запрошен settings.php
<13:17:28> [MSG] Запрошен topics.php
