<00:58:54> [MSG] Запрошен settings.php
<00:58:54> [MSG] Запрошен settings.php
<00:58:54> [MSG] Запрошен settings.php
<00:58:56> [MSG] Запрошен settings.php
<00:58:59> [MSG] Запрошен settings.php
<00:59:01> [MSG] Запрошен settings.php
<00:59:03> [MSG] Запрошен settings.php
<00:59:06> [MSG] Запрошен settings.php
<00:59:09> [MSG] Запрошен settings.php
<00:59:11> [MSG] Запрошен settings.php
<01:41:01> [MSG] Запрошен signup.php
<01:41:01> [MSG] Зарегистрирован пользователь "Lucors:thesourcecode.max@yandex.ru"
<01:41:02> [MSG] Запрошен avatars.php
<01:41:02> [MSG] Запрошен settings.php
<01:41:05> [MSG] Запрошен settings.php
<01:41:07> [MSG] Запрошен settings.php
<01:41:09> [MSG] Запрошен settings.php
<01:41:11> [MSG] Запрошен settings.php
<01:41:11> [MSG] Запрошен avatars.php
<01:41:13> [MSG] Запрошен settings.php
<01:41:14> [MSG] Запрошен settings.php
<01:41:17> [MSG] Запрошен settings.php
<02:12:14> [MSG] Запрошен settings.php
<02:12:16> [MSG] Запрошен settings.php
<02:16:20> [MSG] Запрошен settings.php
<02:16:20> [MSG] Запрошен avatars.php
<02:16:22> [MSG] Запрошен settings.php
<02:16:26> [MSG] Запрошен settings.php
<02:16:28> [MSG] Запрошен settings.php
<02:16:30> [MSG] Запрошен settings.php
<02:16:32> [MSG] Запрошен settings.php
<02:16:33> [MSG] Запрошен settings.php
<02:16:35> [MSG] Запрошен settings.php
<02:38:28> [MSG] Запрошен signup.php
<02:38:28> [MSG] Зарегистрирован пользователь "Lucors:thesourcecode.max@yandex.ru"
<02:38:29> [MSG] Запрошен avatars.php
<02:38:47> [MSG] Запрошен settings.php
<02:38:47> [MSG] Запрошен avatars.php
<02:38:49> [MSG] Запрошен settings.php
<02:38:53> [MSG] Запрошен settings.php
<02:38:55> [MSG] Запрошен settings.php
<02:38:58> [MSG] Запрошен settings.php
<02:39:00> [MSG] Запрошен settings.php
<02:42:02> [MSG] Запрошен login.php
<02:42:02> [DEBUG] Попытка аутен. ранее аутентифиц. пользователя "Lucors"
<02:42:02> [MSG] Запрошен logout.php
<02:42:02> [MSG] Пользователь "thesourcecode.max@yandex.ru" вышел
<02:42:05> [MSG] Запрошен login.php
<02:42:05> [MSG] Аутентифицирован пользователь ""
<02:42:06> [MSG] Запрошен settings.php
<02:42:06> [MSG] Запрошен avatars.php
<02:42:08> [MSG] Запрошен logout.php
<02:42:08> [MSG] Пользователь "thesourcecode.max@yandex.ru" вышел
<02:42:21> [MSG] Запрошен login.php
<02:42:21> [MSG] Аутентифицирован пользователь ""
<02:42:21> [MSG] Запрошен avatars.php
<02:42:21> [MSG] Запрошен settings.php
<02:42:23> [MSG] Запрошен avatars.php
<02:42:23> [MSG] Запрошен settings.php
<02:44:28> [MSG] Запрошен login.php
<02:44:28> [MSG] Аутентифицирован пользователь ""
<02:44:28> [MSG] Запрошен avatars.php
<02:44:28> [MSG] Запрошен settings.php
<02:44:36> [MSG] Запрошен login.php
<02:44:36> [MSG] Аутентифицирован пользователь ""
<02:44:36> [MSG] Запрошен avatars.php
<02:44:36> [MSG] Запрошен settings.php
<02:45:15> [MSG] Запрошен login.php
<02:45:15> [MSG] Аутентифицирован пользователь ""
<02:45:15> [MSG] Запрошен settings.php
<02:45:15> [MSG] Запрошен avatars.php
<02:45:18> [MSG] Запрошен settings.php
<02:45:18> [MSG] Запрошен avatars.php
<02:45:22> [MSG] Запрошен settings.php
<02:45:22> [MSG] Запрошен avatars.php
<02:52:58> [MSG] Запрошен settings.php
<02:52:58> [MSG] Запрошен avatars.php
<02:57:06> [MSG] Запрошен avatars.php
<02:57:06> [MSG] Запрошен settings.php
<02:58:10> [MSG] Запрошен settings.php
<02:58:10> [MSG] Запрошен avatars.php
<02:58:48> [MSG] Запрошен settings.php
<02:58:48> [MSG] Запрошен avatars.php
<03:02:01> [MSG] Запрошен settings.php
<03:02:01> [MSG] Запрошен avatars.php
<03:05:03> [MSG] Запрошен settings.php
<03:05:03> [MSG] Запрошен avatars.php
<03:05:13> [MSG] Запрошен logout.php
<03:05:13> [MSG] Пользователь "thesourcecode.max@yandex.ru" вышел
<03:05:30> [MSG] Запрошен signup.php
<03:05:31> [MSG] Зарегистрирован пользователь "Jeka:jeka@jeka.ru"
<03:05:34> [MSG] Запрошен avatars.php
<03:05:34> [DEBUG] Не найден пользовательский аватар
<03:05:34> [MSG] Запрошен settings.php
<03:05:38> [MSG] Запрошен logout.php
<03:05:38> [MSG] Пользователь "jeka@jeka.ru" вышел
<03:05:41> [MSG] Запрошен login.php
<03:05:41> [MSG] Аутентифицирован пользователь ""
<03:05:41> [MSG] Запрошен avatars.php
<03:05:41> [MSG] Запрошен settings.php
<03:10:41> [MSG] Запрошен logout.php
<03:10:41> [MSG] Пользователь "thesourcecode.max@yandex.ru" вышел
<03:10:57> [MSG] Запрошен login.php
<03:10:57> [MSG] Аутентифицирован пользователь ""
<03:10:57> [MSG] Запрошен avatars.php
<03:10:57> [MSG] Запрошен settings.php
<03:10:59> [MSG] Запрошен logout.php
<03:10:59> [MSG] Пользователь "thesourcecode.max@yandex.ru" вышел
<03:11:04> [MSG] Запрошен login.php
<03:11:04> [MSG] Аутентифицирован пользователь ""
<03:11:04> [MSG] Запрошен avatars.php
<03:11:04> [MSG] Запрошен settings.php
<03:11:09> [MSG] Запрошен logout.php
<03:11:09> [MSG] Пользователь "thesourcecode.max@yandex.ru" вышел
<03:11:14> [MSG] Запрошен login.php
<03:11:15> [MSG] Аутентифицирован пользователь ""
<03:11:15> [MSG] Запрошен settings.php
<03:11:15> [MSG] Запрошен avatars.php
<03:11:15> [DEBUG] Не найден пользовательский аватар
<03:12:31> [MSG] Запрошен settings.php
<03:12:34> [MSG] Запрошен settings.php
<03:12:37> [MSG] Запрошен settings.php
<03:12:41> [MSG] Запрошен settings.php
<03:12:49> [MSG] Запрошен settings.php
<03:15:04> [MSG] Запрошен avatars.php
<03:15:04> [DEBUG] Не найден пользовательский аватар
<03:15:04> [MSG] Запрошен settings.php
<03:15:07> [MSG] Запрошен settings.php
<03:15:10> [MSG] Запрошен settings.php
<03:15:12> [MSG] Запрошен settings.php
<03:17:00> [MSG] Запрошен avatars.php
<03:17:00> [DEBUG] Не найден пользовательский аватар
<03:17:01> [MSG] Запрошен settings.php
<03:17:08> [MSG] Запрошен settings.php
<03:17:12> [MSG] Запрошен settings.php
<03:18:04> [MSG] Запрошен settings.php
<03:18:07> [MSG] Запрошен settings.php
<03:18:16> [MSG] Запрошен settings.php
<03:18:31> [MSG] Запрошен settings.php
<03:19:03> [MSG] Запрошен settings.php
<03:19:18> [MSG] Запрошен settings.php
<03:19:27> [MSG] Запрошен settings.php
<03:21:43> [MSG] Запрошен settings.php
<03:21:43> [MSG] Запрошен avatars.php
<03:21:43> [DEBUG] Не найден пользовательский аватар
<03:21:43> [MSG] Запрошен settings.php
<03:21:51> [MSG] Запрошен settings.php
<03:22:20> [MSG] Запрошен settings.php
<03:22:38> [MSG] Запрошен avatars.php
<03:22:38> [DEBUG] Не найден пользовательский аватар
<03:22:38> [MSG] Запрошен settings.php
<03:22:45> [MSG] Запрошен settings.php
<03:22:49> [MSG] Запрошен settings.php
<03:23:58> [MSG] Запрошен logout.php
<03:23:58> [MSG] Пользователь "jeka@jeka.ru" вышел
<03:24:01> [MSG] Запрошен login.php
<03:24:01> [MSG] Аутентифицирован пользователь ""
<03:24:02> [MSG] Запрошен avatars.php
<03:24:02> [MSG] Запрошен settings.php
<03:27:12> [MSG] Запрошен avatars.php
<03:27:12> [MSG] Запрошен settings.php
<03:27:51> [MSG] Запрошен login.php
<03:27:51> [MSG] Аутентифицирован пользователь ""
<03:27:51> [MSG] Запрошен avatars.php
<03:27:51> [MSG] Запрошен settings.php
<03:27:53> [MSG] Запрошен settings.php
<03:27:56> [MSG] Запрошен settings.php
<03:27:59> [MSG] Запрошен settings.php
<03:28:00> [MSG] Запрошен settings.php
<03:28:16> [MSG] Запрошен settings.php
<03:29:54> [MSG] Запрошен settings.php
<03:30:37> [MSG] Запрошен avatars.php
<03:30:37> [MSG] Запрошен settings.php
<03:30:44> [MSG] Запрошен settings.php
<03:31:48> [MSG] Запрошен logout.php
<03:31:48> [MSG] Пользователь "thesourcecode.max@yandex.ru" вышел
<03:50:10> [MSG] Запрошен logout.php
<03:50:10> [MSG] Пользователь "thesourcecode.max@yandex.ru" вышел
<03:50:13> [MSG] Запрошен login.php
<03:50:13> [MSG] Аутентифицирован пользователь ""
<03:50:13> [MSG] Запрошен settings.php
<03:50:13> [MSG] Запрошен avatars.php
<03:50:13> [DEBUG] Не найден пользовательский аватар
<03:50:21> [MSG] Запрошен logout.php
<03:50:21> [MSG] Пользователь "jeka@jeka.ru" вышел
<03:54:07> [MSG] Запрошен login.php
<03:54:07> [MSG] Аутентифицирован пользователь ""
<03:54:07> [MSG] Запрошен settings.php
<03:54:07> [MSG] Запрошен avatars.php
<03:54:44> [MSG] Запрошен settings.php
<03:54:48> [MSG] Запрошен settings.php
<03:55:01> [MSG] Запрошен settings.php
<03:55:37> [MSG] Запрошен settings.php
<03:55:40> [MSG] Запрошен settings.php
<03:55:40> [MSG] Запрошен avatars.php
<03:55:42> [MSG] Запрошен settings.php
<03:55:50> [MSG] Запрошен settings.php
<03:56:10> [MSG] Запрошен settings.php
<03:56:10> [MSG] Запрошен avatars.php
<03:56:12> [MSG] Запрошен settings.php
<03:56:52> [MSG] Запрошен settings.php
<03:57:01> [MSG] Запрошен settings.php
<03:57:01> [MSG] Запрошен avatars.php
<03:57:03> [MSG] Запрошен settings.php
<03:57:29> [MSG] Запрошен settings.php
<03:57:29> [MSG] Запрошен avatars.php
<03:57:31> [MSG] Запрошен settings.php
<03:57:54> [MSG] Запрошен settings.php
<03:58:17> [MSG] Запрошен settings.php
<04:04:53> [MSG] Запрошен settings.php
<04:04:55> [MSG] Запрошен avatars.php
<04:04:55> [MSG] Запрошен settings.php
<04:05:21> [MSG] Запрошен settings.php
<04:05:21> [MSG] Запрошен avatars.php
<04:05:45> [MSG] Запрошен settings.php
<04:07:35> [MSG] Запрошен avatars.php
<04:07:35> [MSG] Запрошен settings.php
<04:08:14> [MSG] Запрошен settings.php
<04:08:14> [MSG] Запрошен avatars.php
<04:08:17> [MSG] Запрошен settings.php
<04:08:24> [MSG] Запрошен settings.php
<04:08:24> [MSG] Запрошен avatars.php
<04:09:11> [MSG] Запрошен settings.php
<04:09:11> [MSG] Запрошен avatars.php
<04:09:14> [MSG] Запрошен logout.php
<04:09:14> [MSG] Пользователь "jeka@jeka.ru" вышел
<04:09:20> [MSG] Запрошен settings.php
<04:09:20> [WARN] Неавторизированный польз. попытался получить настройки
<04:09:21> [MSG] Запрошен settings.php
<04:09:21> [WARN] Неавторизированный польз. попытался получить настройки
<04:09:26> [MSG] Запрошен settings.php
<04:09:26> [WARN] Неавторизированный польз. попытался получить настройки
<04:09:27> [MSG] Запрошен settings.php
<04:09:27> [WARN] Неавторизированный польз. попытался получить настройки
<04:09:27> [MSG] Запрошен settings.php
<04:09:27> [WARN] Неавторизированный польз. попытался получить настройки
<04:09:27> [MSG] Запрошен settings.php
<04:09:27> [WARN] Неавторизированный польз. попытался получить настройки
<04:09:28> [MSG] Запрошен settings.php
<04:09:28> [WARN] Неавторизированный польз. попытался получить настройки
<04:09:34> [MSG] Запрошен logout.php
<04:09:34> [WARN] Попытка выхода не аутентифиц. пользователя
<04:48:25> [MSG] Запрошен login.php
<04:48:25> [MSG] Аутентифицирован пользователь ""
<04:48:25> [MSG] Запрошен avatars.php
<04:48:25> [MSG] Запрошен settings.php
<04:48:28> [MSG] Запрошен logout.php
<04:48:28> [MSG] Пользователь "thesourcecode.max@yandex.ru" вышел
<07:02:14> [MSG] Запрошен login.php
<07:02:14> [MSG] Аутентифицирован пользователь ""
<07:02:14> [MSG] Запрошен avatars.php
<07:02:14> [MSG] Запрошен settings.php
<07:07:01> [MSG] Запрошен logout.php
<07:07:01> [MSG] Пользователь "thesourcecode.max@yandex.ru" вышел
<07:10:34> [MSG] Запрошен login.php
<07:10:34> [MSG] Аутентифицирован пользователь ""
<07:10:34> [MSG] Запрошен settings.php
<07:10:34> [MSG] Запрошен avatars.php
<07:28:58> [MSG] Запрошен settings.php
<07:29:11> [MSG] Запрошен settings.php
<07:29:24> [MSG] Запрошен settings.php
<07:41:08> [MSG] Запрошен login.php
<07:41:08> [WARN] Не найден пользователь "jekarws@gmail.com"
<07:41:13> [MSG] Запрошен login.php
<07:41:13> [WARN] Не найден пользователь "jekarws@gmail.com"
<07:41:22> [MSG] Запрошен signup.php
<07:41:22> [MSG] Зарегистрирован пользователь "jekarws:jekarws@gmail.com"
<07:41:55> [MSG] Запрошен settings.php
<07:41:55> [MSG] Запрошен avatars.php
<07:42:15> [MSG] Запрошен settings.php
<07:42:26> [MSG] Запрошен settings.php
<07:43:00> [MSG] Запрошен logout.php
<07:43:00> [MSG] Пользователь "jekarws@gmail.com" вышел
<07:44:00> [MSG] Запрошен avatars.php
<07:44:00> [MSG] Запрошен settings.php
<07:48:19> [MSG] Запрошен avatars.php
<07:48:19> [MSG] Запрошен settings.php
<07:49:23> [MSG] Запрошен avatars.php
<07:49:23> [MSG] Запрошен settings.php
<07:49:31> [MSG] Запрошен avatars.php
<07:49:31> [MSG] Запрошен settings.php
<07:50:12> [MSG] Запрошен avatars.php
<07:50:12> [MSG] Запрошен settings.php
<07:50:29> [MSG] Запрошен settings.php
<07:50:29> [MSG] Запрошен avatars.php
<07:52:11> [MSG] Запрошен avatars.php
<07:52:11> [MSG] Запрошен settings.php
<07:54:01> [MSG] Запрошен avatars.php
<07:54:01> [MSG] Запрошен settings.php
<07:54:06> [MSG] Запрошен settings.php
<07:54:06> [MSG] Запрошен avatars.php
<07:56:25> [MSG] Запрошен avatars.php
<07:56:25> [MSG] Запрошен settings.php
<07:58:20> [MSG] Запрошен avatars.php
<07:58:21> [MSG] Запрошен settings.php
<09:53:50> [MSG] Запрошен signup.php
<09:53:50> [MSG] Зарегистрирован пользователь "xxxmkxxx:xxxmkxxx@gmail.com"
<09:53:51> [MSG] Запрошен settings.php
<09:53:51> [MSG] Запрошен avatars.php
<09:53:51> [DEBUG] Не найден пользовательский аватар
<09:53:51> [MSG] Запрошен rooms.php
<09:53:56> [MSG] Запрошен rooms.php
<09:53:59> [MSG] Запрошен rooms.php
<09:54:03> [MSG] Запрошен rooms.php
<09:54:04> [MSG] Запрошен rooms.php
<09:54:24> [MSG] Запрошен rooms.php
<09:54:42> [MSG] Запрошен settings.php
<09:54:48> [MSG] Запрошен settings.php
<09:55:05> [MSG] Запрошен rooms.php
<09:55:06> [MSG] Запрошен rooms.php
<09:55:07> [MSG] Запрошен rooms.php
<09:55:07> [MSG] Запрошен rooms.php
<09:55:07> [MSG] Запрошен rooms.php
<09:55:08> [MSG] Запрошен rooms.php
<09:55:14> [MSG] Запрошен rooms.php
<09:55:15> [MSG] Запрошен rooms.php
<09:55:15> [MSG] Запрошен rooms.php
<09:55:37> [MSG] Запрошен settings.php
<09:56:09> [MSG] Запрошен avatars.php
<09:56:09> [MSG] Запрошен settings.php
<09:56:10> [MSG] Запрошен rooms.php
<09:56:25> [MSG] Запрошен rooms.php
<09:56:26> [MSG] Запрошен rooms.php
<09:56:26> [MSG] Запрошен rooms.php
<09:56:26> [MSG] Запрошен rooms.php
<09:56:26> [MSG] Запрошен rooms.php
<09:56:26> [MSG] Запрошен rooms.php
<09:56:26> [MSG] Запрошен rooms.php
<09:56:26> [MSG] Запрошен rooms.php
<09:58:45> [MSG] Запрошен rooms.php
<10:00:22> [MSG] Запрошен settings.php
<10:00:22> [MSG] Запрошен avatars.php
<10:00:27> [MSG] Запрошен rooms.php
<10:09:16> [MSG] Запрошен avatars.php
<10:09:16> [MSG] Запрошен settings.php
<10:09:16> [MSG] Запрошен rooms.php
<10:26:10> [MSG] Запрошен avatars.php
<10:26:10> [MSG] Запрошен settings.php
<10:26:11> [MSG] Запрошен rooms.php
<10:57:43> [MSG] Запрошен logout.php
<10:57:43> [MSG] Пользователь "thesourcecode.max@yandex.ru" вышел
<11:02:30> [MSG] Запрошен login.php
<11:02:30> [MSG] Аутентифицирован пользователь ""
<11:02:30> [MSG] Запрошен settings.php
<11:02:30> [MSG] Запрошен avatars.php
<11:02:30> [MSG] Запрошен rooms.php
<11:02:37> [MSG] Запрошен avatars.php
<11:02:37> [MSG] Запрошен settings.php
<11:02:37> [MSG] Запрошен rooms.php
<11:04:23> [MSG] Запрошен settings.php
<11:04:23> [MSG] Запрошен avatars.php
<11:04:24> [MSG] Запрошен rooms.php
<11:04:41> [MSG] Запрошен settings.php
<11:04:41> [MSG] Запрошен avatars.php
<11:04:41> [MSG] Запрошен rooms.php
<11:04:43> [MSG] Запрошен rooms.php
<11:05:15> [MSG] Запрошен rooms.php
<11:05:44> [MSG] Запрошен avatars.php
<11:05:44> [MSG] Запрошен settings.php
<11:05:45> [MSG] Запрошен rooms.php
<11:05:57> [MSG] Запрошен rooms.php
<17:30:16> [MSG] Запрошен settings.php
<17:30:16> [WARN] Неавторизированный польз. попытался получить настройки
<17:30:16> [MSG] Запрошен avatars.php
<17:30:16> [MSG] Запрошен rooms.php
<17:30:46> [MSG] Запрошен login.php
<17:30:46> [MSG] Аутентифицирован пользователь ""
<17:30:46> [MSG] Запрошен avatars.php
<17:30:46> [MSG] Запрошен settings.php
<17:30:47> [MSG] Запрошен rooms.php
<17:30:49> [MSG] Запрошен logout.php
<17:30:49> [MSG] Пользователь "thesourcecode.max@yandex.ru" вышел
<17:32:11> [MSG] Запрошен login.php
<17:32:11> [MSG] Аутентифицирован пользователь ""
<17:32:11> [MSG] Запрошен settings.php
<17:32:11> [MSG] Запрошен avatars.php
<17:36:18> [MSG] Запрошен rooms.php
<18:04:52> [MSG] Запрошен avatars.php
<18:04:52> [MSG] Запрошен settings.php
<18:04:55> [MSG] Запрошен rooms.php
<18:04:55> [MSG] Запрошена sse служба времени [time.php]
<18:05:56> [MSG] Запрошен avatars.php
<18:05:56> [MSG] Запрошен settings.php
<18:05:56> [MSG] Запрошен rooms.php
<18:05:56> [MSG] Запрошена sse служба времени [time.php]
<18:06:35> [MSG] Запрошен settings.php
<18:06:35> [MSG] Запрошен avatars.php
<18:06:35> [MSG] Запрошен rooms.php
<18:06:35> [MSG] Запрошена sse служба времени [time.php]
<18:07:02> [MSG] Запрошен settings.php
<18:07:02> [MSG] Запрошен avatars.php
<18:07:02> [MSG] Запрошен rooms.php
<18:07:02> [MSG] Запрошен rooms.php
<18:07:02> [MSG] Запрошен settings.php
<18:07:02> [MSG] Запрошен avatars.php
<18:07:02> [MSG] Запрошена sse служба времени [time.php]
<18:07:35> [MSG] Запрошен login.php
<18:07:35> [WARN] Переданы неверные значения email&pass
<18:07:43> [MSG] Запрошен login.php
<18:07:43> [WARN] Не найден пользователь "33@mail.ru"
<18:07:46> [MSG] Запрошен login.php
<18:07:46> [WARN] Не найден пользователь "33@mail.ru"
<18:08:14> [MSG] Запрошен signup.php
<18:08:14> [MSG] Зарегистрирован пользователь "ooo:ooo@mail.ru"
<18:08:14> [MSG] Запрошен settings.php
<18:08:14> [MSG] Запрошен rooms.php
<18:08:14> [MSG] Запрошена sse служба времени [time.php]
<18:10:18> [MSG] Запрошен avatars.php
<18:10:18> [DEBUG] Не найден пользовательский аватар
<18:10:18> [MSG] Запрошен settings.php
<18:10:18> [MSG] Запрошен rooms.php
<18:10:18> [MSG] Запрошен rooms.php
<18:10:18> [MSG] Запрошен logout.php
<18:10:18> [MSG] Пользователь "ooo@mail.ru" вышел
<18:10:18> [MSG] Запрошен rooms.php
<18:10:54> [MSG] Запрошен settings.php
<18:10:54> [MSG] Запрошен avatars.php
<18:10:54> [MSG] Запрошен rooms.php
<18:10:54> [MSG] Запрошена sse служба времени [time.php]
<18:10:55> [MSG] Запрошен rooms.php
<18:10:55> [MSG] Запрошена sse служба времени [time.php]
<18:10:55> [MSG] Запрошен avatars.php
<18:10:55> [MSG] Запрошен settings.php
<18:10:56> [MSG] Запрошен settings.php
<18:10:56> [MSG] Запрошен rooms.php
<18:10:56> [MSG] Запрошен avatars.php
<18:10:56> [MSG] Запрошена sse служба времени [time.php]
<18:11:02> [MSG] Запрошен settings.php
<18:11:02> [MSG] Запрошен avatars.php
<18:11:02> [MSG] Запрошен rooms.php
<18:11:02> [MSG] Запрошена sse служба времени [time.php]
<18:11:10> [MSG] Запрошен settings.php
<18:11:10> [MSG] Запрошен rooms.php
<18:11:10> [MSG] Запрошена sse служба времени [time.php]
<18:11:26> [MSG] Запрошен avatars.php
<18:11:27> [MSG] Запрошен settings.php
<18:11:27> [MSG] Запрошен rooms.php
<18:11:27> [MSG] Запрошен avatars.php
<18:11:27> [MSG] Запрошена sse служба времени [time.php]
<18:11:30> [MSG] Запрошен settings.php
<18:11:30> [MSG] Запрошен rooms.php
<18:11:30> [MSG] Запрошена sse служба времени [time.php]
<18:12:12> [MSG] Запрошен avatars.php
<18:12:12> [MSG] Запрошен rooms.php
<18:12:12> [MSG] Запрошен settings.php
<18:12:12> [MSG] Запрошен avatars.php
<18:12:12> [MSG] Запрошена sse служба времени [time.php]
<18:12:14> [MSG] Запрошен avatars.php
<18:12:14> [MSG] Запрошен settings.php
<18:12:14> [MSG] Запрошен rooms.php
<18:12:14> [MSG] Запрошена sse служба времени [time.php]
<18:12:16> [MSG] Запрошен settings.php
<18:12:16> [MSG] Запрошен avatars.php
<18:12:16> [MSG] Запрошен rooms.php
<18:12:16> [MSG] Запрошена sse служба времени [time.php]
<18:13:18> [MSG] Запрошен signup.php
<18:13:18> [MSG] Зарегистрирован пользователь "mechik123:pilla12@mail.ru"
<18:13:18> [MSG] Запрошен avatars.php
<18:13:18> [DEBUG] Не найден пользовательский аватар
<18:13:18> [MSG] Запрошен settings.php
<18:13:18> [MSG] Запрошен rooms.php
<18:13:19> [MSG] Запрошена sse служба времени [time.php]
<18:15:39> [MSG] Запрошен settings.php
<18:15:39> [MSG] Запрошен avatars.php
<18:15:39> [MSG] Запрошен rooms.php
<18:15:39> [MSG] Запрошена sse служба времени [time.php]
<18:16:27> [MSG] Запрошен settings.php
<18:16:27> [MSG] Запрошен rooms.php
<18:16:27> [MSG] Запрошен avatars.php
<18:16:27> [MSG] Запрошена sse служба времени [time.php]
<18:20:10> [MSG] Запрошен avatars.php
<18:20:10> [MSG] Запрошен rooms.php
<18:20:10> [MSG] Запрошен settings.php
<18:20:10> [MSG] Запрошена sse служба времени [time.php]
<18:22:23> [MSG] Запрошен login.php
<18:22:23> [WARN] Переданы неверные значения email&pass
<18:22:31> [MSG] Запрошен login.php
<18:22:31> [MSG] Аутентифицирован пользователь ""
<18:22:31> [MSG] Запрошен avatars.php
<18:22:31> [DEBUG] Не найден пользовательский аватар
<18:22:31> [MSG] Запрошен settings.php
<18:22:31> [MSG] Запрошен rooms.php
<18:22:31> [MSG] Запрошена sse служба времени [time.php]
<18:22:40> [MSG] Запрошен avatars.php
<18:22:40> [MSG] Запрошен settings.php
<18:22:40> [MSG] Запрошен rooms.php
<18:22:40> [MSG] Запрошена sse служба времени [time.php]
<18:25:24> [MSG] Запрошен rooms.php
<18:25:24> [MSG] Запрошен rooms.php
<18:25:24> [MSG] Запрошен avatars.php
<18:25:24> [DEBUG] Не найден пользовательский аватар
<18:25:24> [MSG] Запрошен settings.php
<18:25:24> [MSG] Запрошен rooms.php
<18:25:24> [MSG] Запрошена sse служба времени [time.php]
<18:25:31> [MSG] Запрошен settings.php
<18:25:31> [MSG] Запрошен avatars.php
<18:25:31> [DEBUG] Не найден пользовательский аватар
<18:25:31> [MSG] Запрошена sse служба времени [time.php]
<18:25:40> [MSG] Запрошен rooms.php
<18:25:40> [MSG] Запрошен rooms.php
<18:25:40> [MSG] Запрошен rooms.php
<18:25:40> [MSG] Запрошен settings.php
<18:25:40> [MSG] Запрошен avatars.php
<18:25:40> [DEBUG] Не найден пользовательский аватар
<18:25:40> [MSG] Запрошен rooms.php
<18:25:40> [MSG] Запрошена sse служба времени [time.php]
<18:26:10> [MSG] Запрошен settings.php
<18:26:11> [MSG] Запрошен settings.php
<18:26:11> [MSG] Запрошен rooms.php
<18:26:11> [MSG] Запрошена sse служба времени [time.php]
<18:29:51> [MSG] Запрошен avatars.php
<18:29:51> [MSG] Запрошен settings.php
<18:29:51> [MSG] Запрошен rooms.php
<18:29:51> [MSG] Запрошена sse служба времени [time.php]
<18:31:00> [MSG] Запрошен avatars.php
<18:31:00> [MSG] Запрошен settings.php
<18:31:00> [MSG] Запрошен rooms.php
<18:31:00> [MSG] Запрошена sse служба времени [time.php]
<18:31:52> [MSG] Запрошен avatars.php
<18:31:52> [MSG] Запрошен settings.php
<18:31:52> [MSG] Запрошен rooms.php
<18:31:52> [MSG] Запрошена sse служба времени [time.php]
<18:32:49> [MSG] Запрошен avatars.php
<18:32:49> [MSG] Запрошен settings.php
<18:32:49> [MSG] Запрошен rooms.php
<18:32:49> [MSG] Запрошена sse служба времени [time.php]
<18:32:50> [MSG] Запрошен avatars.php
<18:32:50> [MSG] Запрошен rooms.php
<18:32:50> [MSG] Запрошен settings.php
<18:32:50> [MSG] Запрошена sse служба времени [time.php]
<18:32:54> [MSG] Запрошен avatars.php
<18:32:54> [DEBUG] Не найден пользовательский аватар
<18:32:54> [MSG] Запрошен settings.php
<18:32:54> [MSG] Запрошен avatars.php
<18:32:54> [DEBUG] Не найден пользовательский аватар
<18:32:54> [MSG] Запрошен settings.php
<18:32:54> [MSG] Запрошен logout.php
<18:32:54> [MSG] Пользователь "xxxmkxxx@gmail.com" вышел
<18:32:54> [MSG] Запрошен logout.php
<18:32:54> [WARN] Попытка выхода не аутентифиц. пользователя
<18:32:57> [MSG] Запрошена sse служба времени [time.php]
<18:32:57> [MSG] Запрошена sse служба времени [time.php]
<18:34:08> [MSG] Запрошен settings.php
<18:34:08> [MSG] Запрошен rooms.php
<18:34:08> [MSG] Запрошен avatars.php
<18:34:08> [MSG] Запрошена sse служба времени [time.php]
<18:34:09> [MSG] Запрошен avatars.php
<18:34:09> [MSG] Запрошен rooms.php
<18:34:09> [MSG] Запрошен settings.php
<18:34:09> [MSG] Запрошена sse служба времени [time.php]
<18:34:40> [MSG] Запрошен settings.php
<18:34:40> [MSG] Запрошен avatars.php
<18:34:40> [MSG] Запрошен rooms.php
<18:34:40> [MSG] Запрошена sse служба времени [time.php]
<18:42:05> [MSG] Запрошен login.php
<18:42:05> [MSG] Аутентифицирован пользователь ""
<18:42:05> [MSG] Запрошен avatars.php
<18:42:05> [DEBUG] Не найден пользовательский аватар
<18:42:05> [MSG] Запрошен rooms.php
<18:42:05> [MSG] Запрошен settings.php
<18:42:05> [MSG] Запрошена sse служба времени [time.php]
<18:42:39> [MSG] Запрошен settings.php
<18:43:39> [MSG] Запрошена sse служба времени [time.php]
<18:43:39> [MSG] Запрошена sse служба времени [time.php]
<18:43:39> [MSG] Запрошена sse служба времени [time.php]
<18:44:02> [MSG] Запрошен settings.php
<18:44:02> [MSG] Запрошен rooms.php
<18:44:02> [MSG] Запрошен avatars.php
<18:44:02> [MSG] Запрошена sse служба времени [time.php]
<18:44:38> [MSG] Запрошен settings.php
<18:44:38> [MSG] Запрошен rooms.php
<18:44:39> [MSG] Запрошен settings.php
<18:44:39> [MSG] Запрошен avatars.php
<18:44:39> [MSG] Запрошен rooms.php
<18:44:39> [MSG] Запрошена sse служба времени [time.php]
<18:45:08> [MSG] Запрошен settings.php
<18:45:08> [MSG] Запрошен rooms.php
<18:45:08> [MSG] Запрошен rooms.php
<18:45:11> [MSG] Запрошен rooms.php
<18:45:11> [MSG] Запрошен rooms.php
<18:46:35> [MSG] Запрошен avatars.php
<18:46:35> [MSG] Запрошен settings.php
<18:46:35> [MSG] Запрошен rooms.php
<18:46:35> [MSG] Запрошена sse служба времени [time.php]
<18:47:13> [MSG] Запрошен rooms.php
<18:47:13> [MSG] Запрошен rooms.php
<18:47:13> [MSG] Запрошен rooms.php
<18:47:13> [MSG] Запрошен settings.php
<18:47:13> [MSG] Запрошен rooms.php
<18:47:13> [MSG] Запрошен settings.php
<18:47:13> [MSG] Запрошен avatars.php
<18:47:13> [MSG] Запрошена sse служба времени [time.php]
<18:47:34> [MSG] Запрошен settings.php
<18:47:34> [MSG] Запрошен avatars.php
<18:47:34> [MSG] Запрошен settings.php
<18:47:34> [MSG] Запрошен rooms.php
<18:47:35> [MSG] Запрошена sse служба времени [time.php]
<18:47:58> [MSG] Запрошен rooms.php
<18:47:58> [MSG] Запрошен rooms.php
<18:47:58> [MSG] Запрошен avatars.php
<18:47:58> [MSG] Запрошен settings.php
<18:47:58> [MSG] Запрошен rooms.php
<18:47:58> [MSG] Запрошена sse служба времени [time.php]
<18:48:09> [MSG] Запрошен rooms.php
<18:48:09> [MSG] Запрошен rooms.php
<18:48:09> [MSG] Запрошен settings.php
<18:48:09> [MSG] Запрошен avatars.php
<18:48:09> [MSG] Запрошен rooms.php
<18:48:10> [MSG] Запрошена sse служба времени [time.php]
<18:48:30> [MSG] Запрошена sse служба времени [time.php]
<18:48:30> [MSG] Запрошена sse служба времени [time.php]
<18:49:04> [MSG] Запрошен avatars.php
<18:49:04> [MSG] Запрошен settings.php
<18:49:04> [MSG] Запрошен rooms.php
<18:49:04> [MSG] Запрошена sse служба времени [time.php]
<18:52:34> [MSG] Запрошен login.php
<18:52:34> [WARN] Не найден пользователь "thesourcecode.max@yandex.rui"
<18:52:45> [MSG] Запрошен login.php
<18:52:45> [MSG] Аутентифицирован пользователь ""
<18:52:45> [MSG] Запрошен settings.php
<18:52:45> [MSG] Запрошен rooms.php
<18:52:45> [MSG] Запрошена sse служба времени [time.php]
<19:03:54> [MSG] Запрошен settings.php
<19:03:54> [MSG] Запрошен rooms.php
<19:03:54> [MSG] Запрошен logout.php
<19:03:54> [MSG] Пользователь "thesourcecode.max@yandex.ru" вышел
<19:03:55> [MSG] Запрошен settings.php
<19:03:55> [WARN] Неавторизированный польз. попытался получить настройки
<19:03:55> [MSG] Запрошен rooms.php
<19:03:55> [MSG] Запрошен avatars.php
<19:03:55> [MSG] Запрошена sse служба времени [time.php]
<19:03:59> [MSG] Запрошен rooms.php
<19:04:00> [MSG] Запрошен settings.php
<19:04:00> [WARN] Неавторизированный польз. попытался получить настройки
<19:04:01> [MSG] Запрошен logout.php
<19:04:01> [WARN] Попытка выхода не аутентифиц. пользователя
<19:04:04> [MSG] Запрошен login.php
<19:04:04> [MSG] Аутентифицирован пользователь ""
<19:04:04> [MSG] Запрошен avatars.php
<19:04:04> [MSG] Запрошен rooms.php
<19:04:04> [MSG] Запрошена sse служба времени [time.php]
<19:04:04> [MSG] Запрошен settings.php
<19:04:09> [MSG] Запрошен rooms.php
<19:04:10> [MSG] Запрошен settings.php
<19:04:29> [MSG] Запрошен settings.php
<19:04:29> [MSG] Запрошен rooms.php
<19:04:29> [MSG] Запрошен avatars.php
<19:05:20> [MSG] Запрошен settings.php
<19:05:20> [MSG] Запрошен rooms.php
<19:05:20> [MSG] Запрошен avatars.php
<19:05:20> [MSG] Запрошена sse служба времени [time.php]
<19:05:25> [MSG] Запрошен rooms.php
<19:05:25> [MSG] Запрошен settings.php
<19:06:10> [MSG] Запрошен settings.php
<19:15:08> [MSG] Запрошен login.php
<19:15:08> [WARN] Не найден пользователь "gryaznova2000@gmail.com"
<19:15:19> [MSG] Запрошен login.php
<19:15:19> [WARN] Не найден пользователь "gryaznova2000@gmail.com"
<19:16:06> [MSG] Запрошен avatars.php
<19:16:06> [MSG] Запрошен settings.php
<19:16:06> [MSG] Запрошен rooms.php
<19:16:07> [MSG] Запрошена sse служба времени [time.php]
<19:16:33> [MSG] Запрошен signup.php
<19:16:33> [MSG] Зарегистрирован пользователь "anya:gryaznova2000@gmail.com"
<19:16:34> [MSG] Запрошен settings.php
<19:16:34> [MSG] Запрошен avatars.php
<19:16:34> [DEBUG] Не найден пользовательский аватар
<19:16:34> [MSG] Запрошен rooms.php
<19:16:34> [MSG] Запрошена sse служба времени [time.php]
<19:16:59> [MSG] Запрошен settings.php
<19:17:23> [MSG] Запрошен rooms.php
<19:17:53> [MSG] Запрошен login.php
<19:17:53> [MSG] Аутентифицирован пользователь ""
<19:17:58> [MSG] Запрошен settings.php
<19:18:04> [MSG] Запрошен settings.php
<19:18:04> [MSG] Запрошен rooms.php
<19:18:04> [MSG] Запрошен avatars.php
<19:18:04> [DEBUG] Не найден пользовательский аватар
<19:18:04> [MSG] Запрошена sse служба времени [time.php]
<19:18:05> [MSG] Запрошен settings.php
<19:18:10> [MSG] Запрошен settings.php
<19:18:10> [MSG] Запрошен settings.php
<19:18:10> [MSG] Запрошен rooms.php
<19:18:10> [MSG] Запрошен avatars.php
<19:18:10> [DEBUG] Не найден пользовательский аватар
<19:18:10> [MSG] Запрошена sse служба времени [time.php]
<19:18:11> [MSG] Запрошен settings.php
<19:18:12> [MSG] Запрошен settings.php
<19:18:12> [MSG] Запрошен rooms.php
<19:18:12> [MSG] Запрошен avatars.php
<19:18:12> [DEBUG] Не найден пользовательский аватар
<19:18:12> [MSG] Запрошена sse служба времени [time.php]
<19:18:13> [MSG] Запрошен settings.php
<19:18:14> [MSG] Запрошен settings.php
<19:18:15> [MSG] Запрошен rooms.php
<19:18:15> [MSG] Запрошен avatars.php
<19:18:15> [DEBUG] Не найден пользовательский аватар
<19:18:15> [MSG] Запрошена sse служба времени [time.php]
<19:18:15> [MSG] Запрошен settings.php
<19:18:16> [MSG] Запрошен settings.php
<19:18:19> [MSG] Запрошен avatars.php
<19:18:19> [DEBUG] Не найден пользовательский аватар
<19:18:19> [MSG] Запрошен rooms.php
<19:18:19> [MSG] Запрошен settings.php
<19:18:19> [MSG] Запрошена sse служба времени [time.php]
<19:18:20> [MSG] Запрошен settings.php
<19:18:28> [MSG] Запрошен settings.php
<19:18:34> [MSG] Запрошен settings.php
<19:19:04> [MSG] Запрошен rooms.php
<19:19:05> [MSG] Запрошен logout.php
<19:19:05> [MSG] Пользователь "thesourcecode.max@yandex.ru" вышел
<19:19:10> [MSG] Запрошен login.php
<19:19:10> [MSG] Аутентифицирован пользователь ""
<19:19:11> [MSG] Запрошен settings.php
<19:19:11> [MSG] Запрошен avatars.php
<19:19:11> [MSG] Запрошен rooms.php
<19:19:11> [MSG] Запрошена sse служба времени [time.php]
<19:19:14> [MSG] Запрошен rooms.php
<19:19:16> [MSG] Запрошен login.php
<19:19:16> [MSG] Аутентифицирован пользователь ""
<19:19:16> [MSG] Запрошен avatars.php
<19:19:16> [DEBUG] Не найден пользовательский аватар
<19:19:16> [MSG] Запрошен settings.php
<19:19:16> [MSG] Запрошен rooms.php
<19:19:16> [MSG] Запрошена sse служба времени [time.php]
<19:19:21> [MSG] Запрошен rooms.php
<19:19:26> [MSG] Запрошен rooms.php
<19:19:33> [MSG] Запрошен rooms.php
<19:19:36> [MSG] Запрошен rooms.php
<19:19:39> [MSG] Запрошен rooms.php
<19:19:42> [MSG] Запрошен settings.php
<19:19:45> [MSG] Запрошен settings.php
<19:19:49> [MSG] Запрошен settings.php
<19:19:53> [MSG] Запрошен rooms.php
<19:19:59> [MSG] Запрошен rooms.php
<19:20:07> [MSG] Запрошен logout.php
<19:20:07> [MSG] Пользователь "jekarws@gmail.com" вышел
<19:20:14> [MSG] Запрошен login.php
<19:20:14> [MSG] Аутентифицирован пользователь ""
<19:20:14> [MSG] Запрошен settings.php
<19:20:14> [MSG] Запрошен avatars.php
<19:20:14> [DEBUG] Не найден пользовательский аватар
<19:20:14> [MSG] Запрошен rooms.php
<19:20:14> [MSG] Запрошена sse служба времени [time.php]
<19:20:16> [MSG] Запрошен settings.php
<19:20:18> [MSG] Запрошен settings.php
<19:20:24> [MSG] Запрошен settings.php
<19:20:26> [MSG] Запрошен rooms.php
<19:20:26> [MSG] Запрошен settings.php
<19:20:28> [MSG] Запрошен settings.php
<19:20:33> [MSG] Запрошен logout.php
<19:20:33> [MSG] Пользователь "thesourcecode.max@yandex.ru" вышел
<19:20:43> [MSG] Запрошен settings.php
<19:20:48> [MSG] Запрошен signup.php
<19:20:48> [ERROR] Недопустимый символ "#" в никнейме [dapsuzikno@desoz.com]
<19:20:49> [MSG] Запрошен settings.php
<19:20:52> [MSG] Запрошен rooms.php
<19:20:58> [MSG] Запрошен settings.php
<19:21:00> [MSG] Запрошен settings.php
<19:21:01> [MSG] Запрошен settings.php
<19:21:04> [MSG] Запрошен signup.php
<19:21:04> [ERROR] Недопустимый символ "#" в никнейме [dapsuzikno@desoz.com]
<19:21:07> [MSG] Запрошен rooms.php
<19:21:22> [MSG] Запрошен login.php
<19:21:22> [MSG] Аутентифицирован пользователь ""
<19:21:22> [MSG] Запрошен settings.php
<19:21:22> [MSG] Запрошен rooms.php
<19:21:22> [MSG] Запрошен avatars.php
<19:21:22> [MSG] Запрошена sse служба времени [time.php]
<19:22:24> [MSG] Запрошен avatars.php
<19:22:24> [MSG] Запрошен settings.php
<19:22:24> [MSG] Запрошен rooms.php
<19:22:24> [MSG] Запрошена sse служба времени [time.php]
<19:22:56> [MSG] Запрошен avatars.php
<19:22:56> [MSG] Запрошен rooms.php
<19:22:56> [MSG] Запрошен settings.php
<19:22:56> [MSG] Запрошена sse служба времени [time.php]
<19:22:56> [MSG] Запрошен logout.php
<19:22:56> [MSG] Пользователь "gryaznova2000@gmail.com" вышел
<19:41:14> [MSG] Запрошен rooms.php
<19:41:14> [MSG] Запрошен avatars.php
<19:41:14> [MSG] Запрошен rooms.php
<19:48:34> [MSG] Запрошена sse служба времени [time.php]
<19:48:47> [MSG] Запрошена sse служба времени [time.php]
<19:48:56> [MSG] Запрошен settings.php
<19:48:56> [MSG] Запрошен rooms.php
<19:48:56> [MSG] Запрошен avatars.php
<19:48:56> [MSG] Запрошена sse служба времени [time.php]
<19:49:08> [MSG] Запрошен settings.php
<19:49:08> [MSG] Запрошен rooms.php
<19:49:08> [MSG] Запрошена sse служба времени [time.php]
<19:49:08> [MSG] Запрошен avatars.php
<19:50:05> [MSG] Запрошен settings.php
<19:50:05> [MSG] Запрошен avatars.php
<19:50:05> [MSG] Запрошен rooms.php
<19:50:05> [MSG] Запрошена sse служба времени [time.php]
<19:51:56> [MSG] Запрошен avatars.php
<19:51:56> [MSG] Запрошен settings.php
<19:51:56> [MSG] Запрошен rooms.php
<19:51:56> [MSG] Запрошена sse служба времени [time.php]
<19:53:09> [MSG] Запрошен settings.php
<19:53:09> [MSG] Запрошен avatars.php
<19:53:09> [MSG] Запрошен rooms.php
<19:53:09> [MSG] Запрошена sse служба времени [time.php]
<19:56:07> [MSG] Запрошен settings.php
<19:56:07> [MSG] Запрошен avatars.php
<19:56:07> [MSG] Запрошен rooms.php
<19:56:07> [MSG] Запрошена sse служба времени [time.php]
<20:01:17> [MSG] Запрошен avatars.php
<20:01:17> [MSG] Запрошен settings.php
<20:01:17> [MSG] Запрошен rooms.php
<20:01:17> [MSG] Запрошена sse служба времени [time.php]
<20:02:18> [MSG] Запрошен avatars.php
<20:02:18> [MSG] Запрошен settings.php
<20:02:18> [MSG] Запрошен rooms.php
<20:02:18> [MSG] Запрошена sse служба времени [time.php]
<20:09:09> [MSG] Запрошен settings.php
<20:09:09> [MSG] Запрошен rooms.php
<20:09:09> [MSG] Запрошен avatars.php
<20:09:09> [MSG] Запрошена sse служба времени [time.php]
<20:09:23> [MSG] Запрошен avatars.php
<20:09:23> [MSG] Запрошен settings.php
<20:09:23> [MSG] Запрошен rooms.php
<20:09:23> [MSG] Запрошена sse служба времени [time.php]
<20:12:06> [MSG] Запрошен avatars.php
<20:12:06> [MSG] Запрошен settings.php
<20:12:06> [MSG] Запрошен rooms.php
<20:12:06> [MSG] Запрошена sse служба времени [time.php]
<20:13:28> [MSG] Запрошена sse служба времени [time.php]
<20:13:29> [MSG] Запрошена sse служба времени [time.php]
<20:13:36> [MSG] Запрошен avatars.php
<20:13:36> [MSG] Запрошен settings.php
<20:13:36> [MSG] Запрошен rooms.php
<20:13:37> [MSG] Запрошена sse служба времени [time.php]
<20:14:00> [MSG] Запрошен avatars.php
<20:14:00> [MSG] Запрошен settings.php
<20:14:00> [MSG] Запрошен rooms.php
<20:14:09> [MSG] Запрошен settings.php
<20:14:09> [MSG] Запрошен rooms.php
<20:14:09> [MSG] Запрошен avatars.php
<20:15:49> [MSG] Запрошен avatars.php
<20:15:49> [MSG] Запрошен settings.php
<20:15:49> [MSG] Запрошен rooms.php
<20:17:32> [MSG] Запрошен avatars.php
<20:17:32> [MSG] Запрошен settings.php
<20:17:32> [MSG] Запрошен rooms.php
<20:17:50> [MSG] Запрошена sse служба времени [time.php]
<20:18:25> [MSG] Запрошен avatars.php
<20:18:25> [MSG] Запрошен settings.php
<20:18:25> [MSG] Запрошен rooms.php
<20:20:40> [MSG] Запрошена sse служба времени [time.php]
<20:21:54> [MSG] Запрошен settings.php
<20:21:54> [MSG] Запрошен avatars.php
<20:21:54> [MSG] Запрошен rooms.php
<20:22:41> [MSG] Запрошена sse служба времени [time.php]
<20:30:07> [MSG] Запрошен avatars.php
<20:30:07> [MSG] Запрошен settings.php
<20:30:07> [MSG] Запрошен rooms.php
<20:31:07> [MSG] Запрошен avatars.php
<20:31:07> [MSG] Запрошен settings.php
<20:31:07> [MSG] Запрошен rooms.php
<20:32:08> [MSG] Запрошен settings.php
<20:32:08> [MSG] Запрошен avatars.php
<20:32:08> [MSG] Запрошен rooms.php
<20:37:44> [MSG] Запрошен settings.php
<20:37:44> [MSG] Запрошен avatars.php
<20:37:44> [MSG] Запрошен rooms.php
<20:37:59> [MSG] Запрошен settings.php
<20:37:59> [MSG] Запрошен avatars.php
<20:37:59> [MSG] Запрошен rooms.php
<20:39:31> [MSG] Запрошен avatars.php
<20:39:31> [MSG] Запрошен settings.php
<20:39:31> [MSG] Запрошен rooms.php
<20:41:00> [MSG] Запрошен settings.php
<20:41:00> [MSG] Запрошен avatars.php
<20:41:00> [MSG] Запрошен rooms.php
<20:41:33> [MSG] Запрошен avatars.php
<20:41:33> [MSG] Запрошен settings.php
<20:41:33> [MSG] Запрошен rooms.php
<20:41:53> [MSG] Запрошен settings.php
<20:41:53> [MSG] Запрошен rooms.php
<20:41:53> [MSG] Запрошен avatars.php
<20:42:06> [MSG] Запрошен settings.php
<20:42:06> [MSG] Запрошен avatars.php
<20:42:06> [MSG] Запрошен rooms.php
<20:42:20> [MSG] Запрошен settings.php
<20:42:20> [MSG] Запрошен avatars.php
<20:42:20> [MSG] Запрошен rooms.php
<20:43:12> [MSG] Запрошен settings.php
<20:43:12> [MSG] Запрошен rooms.php
<20:43:12> [MSG] Запрошен avatars.php
<20:43:21> [MSG] Запрошен settings.php
<20:43:21> [MSG] Запрошен avatars.php
<20:43:21> [MSG] Запрошен rooms.php
<20:43:39> [MSG] Запрошен avatars.php
<20:43:39> [MSG] Запрошен settings.php
<20:43:39> [MSG] Запрошен rooms.php
<20:44:37> [MSG] Запрошен avatars.php
<20:44:37> [MSG] Запрошен settings.php
<20:44:37> [MSG] Запрошен rooms.php
<20:45:29> [MSG] Запрошен settings.php
<20:45:29> [MSG] Запрошен rooms.php
<20:45:29> [MSG] Запрошен avatars.php
<20:46:25> [MSG] Запрошен avatars.php
<20:46:25> [MSG] Запрошен settings.php
<20:46:25> [MSG] Запрошен rooms.php
<20:50:02> [MSG] Запрошен avatars.php
<20:50:02> [MSG] Запрошен settings.php
<20:50:02> [MSG] Запрошен rooms.php
<20:50:14> [MSG] Запрошен settings.php
<20:50:14> [MSG] Запрошен rooms.php
<20:50:14> [MSG] Запрошен avatars.php
<20:52:05> [MSG] Запрошен avatars.php
<20:52:05> [MSG] Запрошен settings.php
<20:52:05> [MSG] Запрошен rooms.php
<20:52:54> [MSG] Запрошен avatars.php
<20:52:54> [MSG] Запрошен settings.php
<20:52:54> [MSG] Запрошен rooms.php
<20:58:29> [MSG] Запрошен avatars.php
<20:58:29> [MSG] Запрошен settings.php
<20:58:29> [MSG] Запрошен rooms.php
<21:02:40> [MSG] Запрошен avatars.php
<21:02:40> [MSG] Запрошен settings.php
<21:02:40> [MSG] Запрошен rooms.php
<21:03:28> [MSG] Запрошен avatars.php
<21:03:28> [MSG] Запрошен settings.php
<21:03:28> [MSG] Запрошен rooms.php
<21:08:10> [MSG] Запрошен avatars.php
<21:08:10> [MSG] Запрошен rooms.php
<21:08:10> [MSG] Запрошен settings.php
<21:09:28> [MSG] Запрошен avatars.php
<21:09:28> [MSG] Запрошен settings.php
<21:09:28> [MSG] Запрошен rooms.php
<21:11:26> [MSG] Запрошен settings.php
<21:11:26> [MSG] Запрошен rooms.php
<21:11:26> [MSG] Запрошен avatars.php
<21:13:40> [MSG] Запрошен avatars.php
<21:13:40> [MSG] Запрошен settings.php
<21:13:40> [MSG] Запрошен rooms.php
<21:15:16> [MSG] Запрошен avatars.php
<21:15:16> [MSG] Запрошен settings.php
<21:15:16> [MSG] Запрошен rooms.php
<21:18:09> [MSG] Запрошен avatars.php
<21:18:09> [MSG] Запрошен settings.php
<21:18:09> [MSG] Запрошен rooms.php
<21:20:09> [MSG] Запрошен avatars.php
<21:20:09> [MSG] Запрошен settings.php
<21:20:09> [MSG] Запрошен rooms.php
<21:20:57> [MSG] Запрошен settings.php
<21:20:57> [MSG] Запрошен rooms.php
<21:20:57> [MSG] Запрошен avatars.php
<21:22:48> [MSG] Запрошен settings.php
<21:22:48> [MSG] Запрошен avatars.php
<21:22:48> [MSG] Запрошен rooms.php
<21:24:08> [MSG] Запрошен settings.php
<21:24:08> [MSG] Запрошен avatars.php
<21:24:08> [MSG] Запрошен rooms.php
<21:32:22> [MSG] Запрошен avatars.php
<21:32:22> [MSG] Запрошен settings.php
<21:32:22> [MSG] Запрошен rooms.php
<21:33:13> [MSG] Запрошен settings.php
<21:33:13> [MSG] Запрошен avatars.php
<21:33:13> [MSG] Запрошен rooms.php
<21:34:20> [MSG] Запрошен settings.php
<21:34:20> [MSG] Запрошен avatars.php
<21:34:20> [MSG] Запрошен rooms.php
<21:35:09> [MSG] Запрошен settings.php
<21:35:09> [MSG] Запрошен avatars.php
<21:35:09> [MSG] Запрошен rooms.php
<21:35:19> [MSG] Запрошен avatars.php
<21:35:19> [MSG] Запрошен settings.php
<21:35:19> [MSG] Запрошен rooms.php
<21:35:34> [MSG] Запрошен settings.php
<21:35:34> [MSG] Запрошен avatars.php
<21:35:34> [MSG] Запрошен rooms.php
<21:36:21> [MSG] Запрошен settings.php
<21:36:21> [MSG] Запрошен avatars.php
<21:36:21> [MSG] Запрошен rooms.php
<21:36:49> [MSG] Запрошен settings.php
<21:36:49> [MSG] Запрошен avatars.php
<21:36:49> [MSG] Запрошен rooms.php
<21:37:21> [MSG] Запрошен settings.php
<21:37:21> [MSG] Запрошен avatars.php
<21:37:21> [MSG] Запрошен rooms.php
<21:39:24> [MSG] Запрошен avatars.php
<21:39:24> [MSG] Запрошен settings.php
<21:39:36> [MSG] Запрошен settings.php
<21:39:36> [MSG] Запрошен rooms.php
<21:39:36> [MSG] Запрошен avatars.php
<21:39:40> [MSG] Запрошен avatars.php
<21:39:40> [MSG] Запрошен settings.php
<21:39:40> [MSG] Запрошен rooms.php
<21:41:02> [MSG] Запрошен avatars.php
<21:41:02> [MSG] Запрошен settings.php
<21:41:02> [MSG] Запрошен rooms.php
<21:41:21> [MSG] Запрошен rooms.php
<21:41:21> [MSG] Запрошен settings.php
<21:41:21> [MSG] Запрошен avatars.php
<22:11:54> [MSG] Запрошен avatars.php
<22:11:54> [MSG] Запрошен settings.php
<22:11:54> [MSG] Запрошен rooms.php
<22:12:14> [MSG] Запрошен login.php
<22:12:14> [MSG] Аутентифицирован пользователь ""
<22:12:14> [MSG] Запрошен avatars.php
<22:12:14> [DEBUG] Не найден пользовательский аватар
<22:12:14> [MSG] Запрошен settings.php
<22:12:14> [MSG] Запрошен rooms.php
<22:12:14> [MSG] Запрошена sse служба времени [time.php]
<22:12:26> [MSG] Запрошен settings.php
<22:12:26> [MSG] Запрошен avatars.php
<22:12:26> [MSG] Запрошен rooms.php
<22:12:29> [MSG] Запрошен friends.php
<22:12:29> [MSG] Запрошен settings.php
<22:12:33> [MSG] Запрошен settings.php
<22:12:35> [MSG] Запрошен settings.php
<22:12:44> [MSG] Запрошен settings.php
<22:12:48> [MSG] Запрошен logout.php
<22:12:48> [MSG] Пользователь "ooo@mail.ru" вышел
<22:12:53> [MSG] Запрошен login.php
<22:12:53> [MSG] Аутентифицирован пользователь ""
<22:12:53> [MSG] Запрошен settings.php
<22:12:53> [MSG] Запрошен avatars.php
<22:12:53> [DEBUG] Не найден пользовательский аватар
<22:12:53> [MSG] Запрошен rooms.php
<22:12:53> [MSG] Запрошена sse служба времени [time.php]
<22:12:56> [MSG] Запрошен settings.php
<22:13:16> [MSG] Запрошен settings.php
<22:13:20> [MSG] Запрошен rooms.php
<22:13:20> [MSG] Запрошен settings.php
<22:13:20> [MSG] Запрошен rooms.php
<22:13:20> [MSG] Запрошен avatars.php
<22:13:22> [MSG] Запрошен settings.php
<22:13:23> [MSG] Запрошен friends.php
<22:13:41> [MSG] Запрошен friends.php
<22:15:56> [MSG] Запрошен avatars.php
<22:15:56> [MSG] Запрошен settings.php
<22:15:56> [MSG] Запрошен rooms.php
<22:15:57> [MSG] Запрошен friends.php
<22:19:07> [MSG] Запрошен avatars.php
<22:19:07> [MSG] Запрошен settings.php
<22:19:07> [MSG] Запрошен rooms.php
<22:19:09> [MSG] Запрошен friends.php
<22:19:30> [MSG] Запрошен settings.php
<22:19:30> [MSG] Запрошен avatars.php
<22:19:30> [MSG] Запрошен rooms.php
<22:19:32> [MSG] Запрошен friends.php
<22:20:03> [MSG] Запрошен settings.php
<22:20:03> [MSG] Запрошен rooms.php
<22:20:03> [MSG] Запрошен avatars.php
<22:20:27> [MSG] Запрошен friends.php
<22:21:12> [MSG] Запрошен settings.php
<22:21:12> [MSG] Запрошен avatars.php
<22:21:12> [MSG] Запрошен rooms.php
<22:21:14> [MSG] Запрошен friends.php
<22:23:03> [MSG] Запрошен avatars.php
<22:23:03> [MSG] Запрошен settings.php
<22:23:03> [MSG] Запрошен rooms.php
<22:23:04> [MSG] Запрошен friends.php
<22:24:52> [MSG] Запрошен avatars.php
<22:24:52> [MSG] Запрошен settings.php
<22:24:52> [MSG] Запрошен rooms.php
<22:24:54> [MSG] Запрошен friends.php
<22:36:52> [MSG] Запрошен avatars.php
<22:36:52> [MSG] Запрошен settings.php
<22:36:52> [MSG] Запрошен rooms.php
<22:36:54> [MSG] Запрошен friends.php
<22:39:22> [MSG] Запрошен friends.php
<22:39:24> [MSG] Запрошен settings.php
<22:39:24> [MSG] Запрошен avatars.php
<22:39:24> [MSG] Запрошен rooms.php
<22:39:25> [MSG] Запрошен friends.php
<22:39:56> [MSG] Запрошен settings.php
<22:39:56> [MSG] Запрошен rooms.php
<22:39:56> [MSG] Запрошен avatars.php
<22:39:57> [MSG] Запрошен friends.php
<22:40:32> [MSG] Запрошен avatars.php
<22:40:32> [MSG] Запрошен settings.php
<22:40:32> [MSG] Запрошен rooms.php
<22:40:33> [MSG] Запрошен friends.php
<22:42:06> [MSG] Запрошен settings.php
<22:42:06> [MSG] Запрошен rooms.php
<22:42:06> [MSG] Запрошен avatars.php
<22:42:08> [MSG] Запрошен friends.php
<22:43:45> [MSG] Запрошен settings.php
<22:43:45> [MSG] Запрошен avatars.php
<22:43:45> [MSG] Запрошен rooms.php
<22:43:47> [MSG] Запрошен friends.php
<23:06:29> [MSG] Запрошен avatars.php
<23:06:29> [MSG] Запрошен settings.php
<23:07:16> [MSG] Запрошен settings.php
<23:07:16> [MSG] Запрошен avatars.php
<23:07:16> [MSG] Запрошен rooms.php
<23:07:17> [MSG] Запрошен friends.php
<23:08:12> [MSG] Запрошен settings.php
<23:08:12> [MSG] Запрошен rooms.php
<23:08:12> [MSG] Запрошен avatars.php
<23:08:13> [MSG] Запрошен friends.php
<23:08:24> [MSG] Запрошен settings.php
<23:08:24> [MSG] Запрошен rooms.php
<23:08:24> [MSG] Запрошен avatars.php
<23:08:26> [MSG] Запрошен friends.php
<23:08:56> [MSG] Запрошен friends.php
<23:09:20> [MSG] Запрошен settings.php
<23:09:20> [MSG] Запрошен avatars.php
<23:09:20> [MSG] Запрошен rooms.php
<23:09:23> [MSG] Запрошен friends.php
<23:11:13> [MSG] Запрошен avatars.php
<23:11:13> [MSG] Запрошен settings.php
<23:11:13> [MSG] Запрошен rooms.php
<23:11:14> [MSG] Запрошен friends.php
<23:14:54> [MSG] Запрошен avatars.php
<23:14:54> [MSG] Запрошен settings.php
<23:14:54> [MSG] Запрошен rooms.php
<23:17:20> [MSG] Запрошен friends.php
<23:23:36> [MSG] Запрошен avatars.php
<23:23:36> [MSG] Запрошен settings.php
<23:23:36> [MSG] Запрошен rooms.php
<23:23:38> [MSG] Запрошен friends.php
<23:23:59> [MSG] Запрошен settings.php
<23:23:59> [MSG] Запрошен avatars.php
<23:23:59> [MSG] Запрошен rooms.php
<23:24:01> [MSG] Запрошен friends.php
<23:24:32> [MSG] Запрошен friends.php
<23:30:25> [MSG] Запрошен settings.php
<23:30:25> [MSG] Запрошен rooms.php
<23:30:25> [MSG] Запрошен avatars.php
<23:30:27> [MSG] Запрошен friends.php
<23:31:37> [MSG] Запрошен avatars.php
<23:31:37> [MSG] Запрошен settings.php
<23:31:37> [MSG] Запрошен rooms.php
<23:31:39> [MSG] Запрошен friends.php
<23:32:21> [MSG] Запрошен settings.php
<23:32:21> [MSG] Запрошен rooms.php
<23:32:21> [MSG] Запрошен avatars.php
<23:32:23> [MSG] Запрошен friends.php
<23:32:48> [MSG] Запрошен avatars.php
<23:32:48> [MSG] Запрошен settings.php
<23:32:48> [MSG] Запрошен rooms.php
<23:32:50> [MSG] Запрошен friends.php
<23:33:18> [MSG] Запрошен settings.php
<23:33:18> [MSG] Запрошен avatars.php
<23:33:18> [MSG] Запрошен rooms.php
<23:33:20> [MSG] Запрошен friends.php
<23:35:03> [MSG] Запрошен settings.php
<23:35:03> [MSG] Запрошен avatars.php
<23:35:03> [MSG] Запрошен rooms.php
<23:35:05> [MSG] Запрошен friends.php
<23:35:10> [MSG] Запрошен friends.php
<23:35:14> [MSG] Запрошен friends.php
<23:35:18> [MSG] Запрошен friends.php
<23:35:28> [MSG] Запрошен friends.php
<23:35:32> [MSG] Запрошен friends.php
<23:36:31> [MSG] Запрошен settings.php
<23:36:31> [MSG] Запрошен avatars.php
<23:36:31> [MSG] Запрошен rooms.php
<23:36:33> [MSG] Запрошен friends.php
<23:37:32> [MSG] Запрошен avatars.php
<23:37:32> [MSG] Запрошен settings.php
<23:37:32> [MSG] Запрошен rooms.php
<23:37:33> [MSG] Запрошен settings.php
<23:37:33> [MSG] Запрошен rooms.php
<23:37:33> [MSG] Запрошен avatars.php
<23:37:35> [MSG] Запрошен friends.php
<23:39:29> [MSG] Запрошен avatars.php
<23:39:29> [MSG] Запрошен settings.php
<23:39:29> [MSG] Запрошен rooms.php
<23:39:31> [MSG] Запрошен friends.php
<23:40:17> [MSG] Запрошен friends.php
<23:40:49> [MSG] Запрошен settings.php
<23:40:49> [MSG] Запрошен rooms.php
<23:40:49> [MSG] Запрошен avatars.php
<23:40:51> [MSG] Запрошен friends.php
<23:42:26> [MSG] Запрошен avatars.php
<23:42:26> [MSG] Запрошен settings.php
<23:42:26> [MSG] Запрошен rooms.php
<23:42:28> [MSG] Запрошен friends.php
<23:42:37> [MSG] Запрошен avatars.php
<23:42:37> [MSG] Запрошен settings.php
<23:42:37> [MSG] Запрошен rooms.php
<23:42:38> [MSG] Запрошен friends.php
<23:43:06> [MSG] Запрошен avatars.php
<23:43:06> [MSG] Запрошен settings.php
<23:43:06> [MSG] Запрошен rooms.php
<23:43:08> [MSG] Запрошен friends.php
<23:43:49> [MSG] Запрошен settings.php
<23:43:49> [MSG] Запрошен rooms.php
<23:43:49> [MSG] Запрошен avatars.php
<23:43:50> [MSG] Запрошен friends.php
<23:44:21> [MSG] Запрошен avatars.php
<23:44:21> [MSG] Запрошен settings.php
<23:44:21> [MSG] Запрошен rooms.php
<23:44:23> [MSG] Запрошен friends.php
<23:46:00> [MSG] Запрошен avatars.php
<23:46:00> [MSG] Запрошен settings.php
<23:46:00> [MSG] Запрошен rooms.php
<23:46:07> [MSG] Запрошен friends.php
<23:46:12> [MSG] Запрошен friends.php
<23:46:13> [MSG] Запрошен friends.php
<23:46:14> [MSG] Запрошен friends.php
<23:46:14> [MSG] Запрошен friends.php
<23:46:14> [MSG] Запрошен friends.php
<23:46:15> [MSG] Запрошен friends.php
<23:46:15> [MSG] Запрошен friends.php
<23:46:15> [MSG] Запрошен friends.php
<23:46:15> [MSG] Запрошен friends.php
<23:46:15> [MSG] Запрошен friends.php
<23:46:15> [MSG] Запрошен friends.php
<23:46:16> [MSG] Запрошен friends.php
<23:46:16> [MSG] Запрошен friends.php
<23:46:16> [MSG] Запрошен friends.php
<23:46:16> [MSG] Запрошен friends.php
<23:46:16> [MSG] Запрошен friends.php
<23:46:17> [MSG] Запрошен friends.php
<23:46:17> [MSG] Запрошен friends.php
<23:46:17> [MSG] Запрошен friends.php
<23:46:17> [MSG] Запрошен friends.php
<23:46:17> [MSG] Запрошен friends.php
<23:46:17> [MSG] Запрошен friends.php
<23:47:26> [MSG] Запрошен avatars.php
<23:47:26> [MSG] Запрошен settings.php
<23:47:26> [MSG] Запрошен rooms.php
<23:47:27> [MSG] Запрошен friends.php
<23:47:28> [MSG] Запрошен friends.php
<23:47:29> [MSG] Запрошен friends.php
<23:47:31> [MSG] Запрошен friends.php
<23:55:11> [MSG] Запрошен avatars.php
<23:55:11> [DEBUG] Не найден пользовательский аватар
<23:55:11> [MSG] Запрошен settings.php
<23:55:11> [MSG] Запрошен rooms.php
<23:55:11> [MSG] Запрошена sse служба времени [time.php]
<23:55:25> [MSG] Запрошен settings.php
<23:55:25> [MSG] Запрошен rooms.php
<23:55:25> [MSG] Запрошен avatars.php
<23:55:25> [DEBUG] Не найден пользовательский аватар
<23:55:25> [MSG] Запрошена sse служба времени [time.php]
<23:58:26> [MSG] Запрошена sse служба времени [time.php]
