<20:29:31> [MSG] Запрошен login.php
<20:29:32> [MSG] Аутентифицирован пользователь ""
<20:29:32> [MSG] Запрошен avatars.php
<20:29:32> [MSG] Запрошен settings.php
<20:29:32> [MSG] Запрошен rooms.php
<20:29:36> [MSG] Запрошен users.php
<20:30:23> [MSG] Запрошен rooms.php
<20:30:24> [MSG] Запрошен logout.php
<20:30:24> [MSG] Пользователь "brat@yandex.ru" вышел
<23:20:09> [MSG] Запрошен login.php
<23:20:09> [MSG] Аутентифицирован пользователь ""
<23:20:09> [MSG] Запрошен avatars.php
<23:20:09> [MSG] Запрошен rooms.php
<23:20:09> [MSG] Запрошен settings.php
<23:20:11> [MSG] Запрошен users.php
<23:20:13> [MSG] Запрошен settings.php
<23:20:20> [MSG] Запрошен settings.php
<23:20:23> [MSG] Запрошен settings.php
<23:20:31> [MSG] Запрошен rooms.php
<23:20:34> [MSG] Запрошен rooms.php
<23:20:34> [MSG] Запрошен rooms.php
<23:20:35> [MSG] Запрошен rooms.php
<23:20:35> [MSG] Запрошен rooms.php
<23:20:35> [MSG] Запрошен rooms.php
<23:20:36> [MSG] Запрошен rooms.php
<23:20:36> [MSG] Запрошен rooms.php
<23:20:36> [MSG] Запрошен rooms.php
<23:20:36> [MSG] Запрошен rooms.php
<23:20:36> [MSG] Запрошен rooms.php
<23:20:37> [MSG] Запрошен rooms.php
<23:20:37> [MSG] Запрошен rooms.php
<23:20:38> [MSG] Запрошен rooms.php
<23:20:38> [MSG] Запрошен rooms.php
<23:20:38> [MSG] Запрошен rooms.php
<23:20:39> [MSG] Запрошен rooms.php
<23:20:39> [MSG] Запрошен rooms.php
<23:20:42> [MSG] Запрошен users.php
<23:20:43> [MSG] Запрошен users.php
<23:20:44> [MSG] Запрошен users.php
<23:20:49> [MSG] Запрошен users.php
<23:22:58> [MSG] Запрошен logout.php
<23:22:58> [MSG] Пользователь "thesourcecode.max@yandex.ru" вышел
<23:23:31> [MSG] Запрошен login.php
<23:23:32> [MSG] Аутентифицирован пользователь ""
<23:23:32> [MSG] Запрошен settings.php
<23:23:32> [MSG] Запрошен avatars.php
<23:23:32> [MSG] Запрошен rooms.php
<23:23:39> [MSG] Запрошен rating.php
<23:24:53> [MSG] Запрошен login.php
<23:24:54> [MSG] Аутентифицирован пользователь ""
<23:24:54> [MSG] Запрошен settings.php
<23:24:54> [MSG] Запрошен rooms.php
<23:24:54> [MSG] Запрошен avatars.php
<23:24:56> [MSG] Запрошен users.php
<23:24:58> [MSG] Запрошен logout.php
<23:24:58> [MSG] Пользователь "brat@yandex.ru" вышел
<23:26:38> [MSG] Запрошен settings.php
<23:26:41> [MSG] Запрошен settings.php
<23:26:43> [MSG] Запрошен settings.php
<23:26:46> [MSG] Запрошен settings.php
<23:26:47> [MSG] Запрошен settings.php
