<00:06:48> [MSG] Запрошен avatars.php
<00:06:48> [MSG] Запрошен settings.php
<00:06:48> [MSG] Запрошен rooms.php
<00:06:50> [MSG] Запрошен settings.php
<00:06:50> [MSG] Запрошен avatars.php
<00:06:50> [MSG] Запрошен rooms.php
<00:07:23> [MSG] Запрошен users.php
<00:07:25> [MSG] Запрошен private-messages.php
<00:07:25> [MSG] Запущена sse слушатель сообщений [deamon-msg-listen.php]
<00:07:32> [MSG] Запрошен private-messages.php
<00:07:32> [MSG] Запущена sse слушатель сообщений [deamon-msg-listen.php]
<00:07:49> [MSG] Запрошен login.php
<00:07:49> [MSG] Аутентифицирован пользователь ""
<00:07:49> [MSG] Запрошен avatars.php
<00:07:49> [MSG] Запрошен settings.php
<00:07:49> [MSG] Запрошен rooms.php
<00:07:51> [MSG] Запрошен users.php
<00:07:52> [MSG] Запрошен private-messages.php
<00:07:52> [MSG] Запущена sse слушатель сообщений [deamon-msg-listen.php]
<00:08:04> [MSG] Запрошен private-messages.php
<00:08:07> [MSG] Запрошен private-messages.php
<00:08:10> [MSG] Запрошен private-messages.php
<00:08:13> [MSG] Запрошен private-messages.php
<00:08:18> [MSG] Запрошен private-messages.php
<00:08:22> [MSG] Запрошен private-messages.php
<00:09:21> [MSG] Запущена sse слушатель сообщений [deamon-msg-listen.php]
<00:09:22> [MSG] Запрошен private-messages.php
<00:09:30> [MSG] Запрошен private-messages.php
<00:09:34> [MSG] Запрошен private-messages.php
<00:09:34> [MSG] Запущена sse слушатель сообщений [deamon-msg-listen.php]
<00:10:18> [MSG] Запрошен avatars.php
<00:10:18> [MSG] Запрошен settings.php
<00:10:18> [MSG] Запрошен rooms.php
<00:10:19> [MSG] Запрошен users.php
<00:10:20> [MSG] Запрошен private-messages.php
<00:10:20> [MSG] Запущена sse слушатель сообщений [deamon-msg-listen.php]
<00:10:28> [MSG] Запрошен private-messages.php
<00:11:37> [MSG] Запущена sse слушатель сообщений [deamon-msg-listen.php]
<00:12:51> [MSG] Запрошен private-messages.php
<00:12:52> [MSG] Запущена sse слушатель сообщений [deamon-msg-listen.php]
<00:12:52> [MSG] Запрошен private-messages.php
<00:12:52> [MSG] Запущена sse слушатель сообщений [deamon-msg-listen.php]
<00:13:26> [MSG] Запущена sse слушатель сообщений [deamon-msg-listen.php]
<00:16:21> [MSG] Запрошен private-messages.php
<00:16:21> [MSG] Запущена sse слушатель сообщений [deamon-msg-listen.php]
<00:16:22> [MSG] Запрошен private-messages.php
<00:16:22> [MSG] Запущена sse слушатель сообщений [deamon-msg-listen.php]
<00:16:25> [MSG] Запрошен private-messages.php
<00:16:25> [MSG] Запущена sse слушатель сообщений [deamon-msg-listen.php]
<00:16:28> [MSG] Запрошен settings.php
<00:16:28> [MSG] Запрошен rooms.php
<00:16:28> [MSG] Запрошен avatars.php
<00:16:30> [MSG] Запрошен users.php
<00:16:31> [MSG] Запрошен private-messages.php
<00:16:31> [MSG] Запущена sse слушатель сообщений [deamon-msg-listen.php]
<00:16:32> [MSG] Запрошен private-messages.php
<00:16:33> [MSG] Запущена sse слушатель сообщений [deamon-msg-listen.php]
<00:17:34> [MSG] Запрошен settings.php
<00:17:34> [MSG] Запрошен rooms.php
<00:17:34> [MSG] Запрошен avatars.php
<00:17:37> [MSG] Запрошен users.php
<00:17:41> [MSG] Запрошен users.php
<00:17:42> [MSG] Запрошен private-messages.php
<00:17:42> [MSG] Запущена sse слушатель сообщений [deamon-msg-listen.php]
<00:17:43> [MSG] Запрошен private-messages.php
<00:17:43> [MSG] Запущена sse слушатель сообщений [deamon-msg-listen.php]
<00:17:44> [MSG] Запрошен private-messages.php
<00:17:44> [MSG] Запущена sse слушатель сообщений [deamon-msg-listen.php]
<00:17:47> [MSG] Запрошен private-messages.php
<00:17:47> [MSG] Запущена sse слушатель сообщений [deamon-msg-listen.php]
<00:17:52> [MSG] Запрошен private-messages.php
<00:17:52> [MSG] Запущена sse слушатель сообщений [deamon-msg-listen.php]
<00:18:00> [MSG] Запрошен settings.php
<00:18:00> [MSG] Запрошен rooms.php
<00:18:00> [MSG] Запрошен avatars.php
<00:18:01> [MSG] Запрошен users.php
<00:18:03> [MSG] Запрошен private-messages.php
<00:18:03> [MSG] Запущена sse слушатель сообщений [deamon-msg-listen.php]
<00:18:04> [MSG] Запрошен rooms.php
<00:18:05> [MSG] Запрошен users.php
<00:18:06> [MSG] Запрошен private-messages.php
<00:18:06> [MSG] Запущена sse слушатель сообщений [deamon-msg-listen.php]
<00:20:17> [MSG] Запущена sse слушатель сообщений [deamon-msg-listen.php]
<00:29:52> [MSG] Запрошен private-messages.php
<00:29:52> [MSG] Запущена sse слушатель сообщений [deamon-msg-listen.php]
<00:30:22> [MSG] Запрошен private-messages.php
<00:30:22> [MSG] Запущена sse слушатель сообщений [deamon-msg-listen.php]
<00:30:26> [MSG] Запрошен private-messages.php
<00:30:28> [MSG] Запрошен private-messages.php
<00:30:28> [MSG] Запущена sse слушатель сообщений [deamon-msg-listen.php]
<00:30:33> [MSG] Запрошен private-messages.php
<00:30:36> [MSG] Запрошен private-messages.php
<00:31:06> [MSG] Запрошен settings.php
<00:31:06> [MSG] Запрошен avatars.php
<00:31:06> [MSG] Запрошен rooms.php
<00:31:08> [MSG] Запрошен avatars.php
<00:31:08> [MSG] Запрошен settings.php
<00:31:08> [MSG] Запрошен rooms.php
<00:31:09> [MSG] Запрошен users.php
<00:31:10> [MSG] Запрошен private-messages.php
<00:31:10> [MSG] Запущена sse слушатель сообщений [deamon-msg-listen.php]
<00:31:11> [MSG] Запрошен users.php
<00:31:12> [MSG] Запрошен private-messages.php
<00:31:12> [MSG] Запущена sse слушатель сообщений [deamon-msg-listen.php]
<00:31:20> [MSG] Запрошен private-messages.php
<00:31:23> [MSG] Запрошен private-messages.php
<00:31:28> [MSG] Запрошен private-messages.php
<00:31:33> [MSG] Запрошен private-messages.php
<00:31:38> [MSG] Запрошен private-messages.php
<00:31:47> [MSG] Запрошен private-messages.php
<00:33:07> [MSG] Запрошен avatars.php
<00:33:07> [MSG] Запрошен settings.php
<00:33:07> [MSG] Запрошен rooms.php
<00:33:09> [MSG] Запрошен avatars.php
<00:33:09> [MSG] Запрошен settings.php
<00:33:09> [MSG] Запрошен rooms.php
<00:33:10> [MSG] Запрошен users.php
<00:33:11> [MSG] Запрошен private-messages.php
<00:33:11> [MSG] Запущена sse слушатель сообщений [deamon-msg-listen.php]
<00:33:16> [MSG] Запрошен private-messages.php
<00:33:29> [MSG] Запрошен settings.php
<00:33:29> [MSG] Запрошен avatars.php
<00:33:29> [MSG] Запрошен rooms.php
<00:33:31> [MSG] Запрошен users.php
<00:33:32> [MSG] Запрошен private-messages.php
<00:33:32> [MSG] Запущена sse слушатель сообщений [deamon-msg-listen.php]
<00:33:36> [MSG] Запрошен private-messages.php
<00:33:38> [MSG] Запрошен users.php
<00:33:39> [MSG] Запрошен private-messages.php
<00:33:40> [MSG] Запущена sse слушатель сообщений [deamon-msg-listen.php]
<00:33:42> [MSG] Запрошен private-messages.php
<00:33:54> [MSG] Запрошен avatars.php
<00:33:54> [MSG] Запрошен settings.php
<00:33:54> [MSG] Запрошен rooms.php
<00:33:56> [MSG] Запрошен avatars.php
<00:33:56> [MSG] Запрошен settings.php
<00:33:56> [MSG] Запрошен rooms.php
<00:33:56> [MSG] Запрошен users.php
<00:33:57> [MSG] Запрошен private-messages.php
<00:33:57> [MSG] Запущена sse слушатель сообщений [deamon-msg-listen.php]
<00:34:03> [MSG] Запрошен private-messages.php
<00:34:13> [MSG] Запрошен private-messages.php
<00:34:30> [MSG] Запрошен private-messages.php
<00:34:37> [MSG] Запрошен private-messages.php
<00:34:49> [MSG] Запрошен private-messages.php
<00:34:50> [MSG] Запрошен users.php
<00:34:52> [MSG] Запрошен private-messages.php
<00:34:52> [MSG] Запущена sse слушатель сообщений [deamon-msg-listen.php]
<00:35:03> [MSG] Запрошен avatars.php
<00:35:03> [MSG] Запрошен settings.php
<00:35:03> [MSG] Запрошен rooms.php
<00:35:04> [MSG] Запрошен avatars.php
<00:35:04> [MSG] Запрошен settings.php
<00:35:04> [MSG] Запрошен rooms.php
<00:35:59> [MSG] Запрошен avatars.php
<00:35:59> [MSG] Запрошен settings.php
<00:35:59> [MSG] Запрошен rooms.php
<00:36:04> [MSG] Запрошен avatars.php
<00:36:04> [MSG] Запрошен settings.php
<00:36:04> [MSG] Запрошен rooms.php
<00:36:13> [MSG] Запрошен users.php
<00:36:16> [MSG] Запрошен avatars.php
<00:36:16> [MSG] Запрошен settings.php
<00:36:16> [MSG] Запрошен rooms.php
<00:36:17> [MSG] Запрошен avatars.php
<00:36:17> [MSG] Запрошен settings.php
<00:36:17> [MSG] Запрошен rooms.php
<00:36:18> [MSG] Запрошен users.php
<00:36:19> [MSG] Запрошен private-messages.php
<00:36:19> [MSG] Запущена sse слушатель сообщений [deamon-msg-listen.php]
<00:36:23> [MSG] Запрошен private-messages.php
<00:36:24> [MSG] Запрошен users.php
<00:36:25> [MSG] Запрошен private-messages.php
<00:36:25> [MSG] Запущена sse слушатель сообщений [deamon-msg-listen.php]
<00:36:27> [MSG] Запрошен private-messages.php
<00:36:35> [MSG] Запрошен private-messages.php
<00:37:00> [MSG] Запрошен users.php
<00:37:10> [MSG] Запрошен private-messages.php
<00:37:10> [MSG] Запущена sse слушатель сообщений [deamon-msg-listen.php]
<00:50:37> [ERROR] Ошибка MYSQL: MySQL server has gone away
<00:50:48> [MSG] Запрошен settings.php
<00:50:48> [MSG] Запрошен avatars.php
<00:50:48> [MSG] Запрошен rooms.php
<00:50:50> [MSG] Запрошен users.php
<00:50:51> [MSG] Запрошен private-messages.php
<00:51:07> [MSG] Запрошен private-messages.php
<00:51:07> [MSG] Запрошен login.php
<00:51:07> [WARN] Не найден пользователь "sexy@sexy.ru"
<00:51:12> [MSG] Запрошен login.php
<00:51:12> [MSG] Аутентифицирован пользователь ""
<00:51:12> [MSG] Запрошен avatars.php
<00:51:12> [MSG] Запрошен rooms.php
<00:51:12> [MSG] Запрошен settings.php
<00:51:14> [MSG] Запрошен users.php
<00:51:20> [MSG] Запрошен private-messages.php
<00:51:27> [MSG] Запрошен private-messages.php
<00:51:32> [ERROR] Ошибка MYSQL: MySQL server has gone away
<00:51:39> [MSG] Запрошен private-messages.php
<00:51:42> [MSG] Запрошен private-messages.php
<00:51:53> [MSG] Запрошен private-messages.php
<00:51:55> [MSG] Запрошен private-messages.php
<00:51:56> [MSG] Запрошен private-messages.php
<00:51:58> [MSG] Запрошен private-messages.php
<00:52:21> [MSG] Запрошен private-messages.php
<00:52:28> [MSG] Запрошен private-messages.php
<00:52:32> [MSG] Запрошен private-messages.php
<00:52:35> [MSG] Запрошен private-messages.php
<00:59:08> [MSG] Запрошен notifications.php
<00:59:09> [MSG] Запрошен users.php
<00:59:11> [MSG] Запрошен private-messages.php
<00:59:12> [MSG] Запрошен notifications.php
<00:59:13> [MSG] Запрошен users.php
<00:59:17> [MSG] Запрошен notifications.php
<00:59:18> [MSG] Запрошен users.php
<00:59:19> [MSG] Запрошен notifications.php
<00:59:23> [MSG] Запрошен users.php
<00:59:30> [MSG] Запрошен notifications.php
<00:59:31> [MSG] Запрошен users.php
<00:59:31> [MSG] Запрошен notifications.php
<00:59:32> [MSG] Запрошен users.php
<00:59:33> [MSG] Запрошен notifications.php
<00:59:36> [MSG] Запрошен users.php
<01:01:42> [MSG] Запрошен private-messages.php
<01:01:44> [MSG] Запрошен users.php
<01:01:45> [MSG] Запрошен private-messages.php
<01:01:46> [MSG] Запрошен private-messages.php
<01:01:48> [MSG] Запрошен private-messages.php
<01:01:49> [MSG] Запрошен avatars.php
<01:01:49> [MSG] Запрошен settings.php
<01:01:49> [MSG] Запрошен rooms.php
<01:01:51> [MSG] Запрошен users.php
<01:01:52> [MSG] Запрошен private-messages.php
<01:01:54> [MSG] Запрошен settings.php
<01:01:54> [MSG] Запрошен rooms.php
<01:01:54> [MSG] Запрошен avatars.php
<01:01:57> [MSG] Запрошен rooms.php
<01:02:03> [MSG] Запрошен users.php
<01:02:04> [MSG] Запрошен private-messages.php
<01:02:06> [MSG] Запрошен private-messages.php
<01:02:07> [MSG] Запрошен private-messages.php
<01:02:08> [MSG] Запрошен private-messages.php
<01:02:09> [MSG] Запрошен private-messages.php
<01:02:12> [MSG] Запрошен private-messages.php
<01:10:48> [MSG] Запрошен private-messages.php
<01:10:49> [MSG] Запрошен notifications.php
<01:11:22> [MSG] Запрошен avatars.php
<01:11:22> [MSG] Запрошен settings.php
<01:11:22> [MSG] Запрошен rooms.php
<01:11:43> [MSG] Запрошен avatars.php
<01:11:43> [MSG] Запрошен settings.php
<01:11:43> [MSG] Запрошен rooms.php
<01:12:37> [MSG] Запрошен settings.php
<01:12:37> [MSG] Запрошен rooms.php
<01:12:37> [MSG] Запрошен avatars.php
<01:12:45> [MSG] Запрошен avatars.php
<01:12:45> [MSG] Запрошен settings.php
<01:12:45> [MSG] Запрошен rooms.php
<01:12:47> [MSG] Запрошен users.php
<01:12:48> [MSG] Запрошен private-messages.php
<01:12:52> [MSG] Запрошен private-messages.php
<01:14:07> [MSG] Запрошен users.php
<01:16:45> [MSG] Запрошен settings.php
<01:16:45> [MSG] Запрошен rooms.php
<01:16:45> [MSG] Запрошен avatars.php
<01:16:48> [MSG] Запрошен users.php
<01:16:53> [MSG] Запрошен users.php
<01:17:41> [MSG] Запрошен avatars.php
<01:17:41> [MSG] Запрошен settings.php
<01:17:41> [MSG] Запрошен rooms.php
<01:17:43> [MSG] Запрошен users.php
<01:17:48> [MSG] Запрошен avatars.php
<01:17:48> [MSG] Запрошен settings.php
<01:17:48> [MSG] Запрошен rooms.php
<01:19:49> [MSG] Запрошен settings.php
<01:19:49> [MSG] Запрошен rooms.php
<01:19:49> [MSG] Запрошен avatars.php
<01:19:55> [MSG] Запрошен users.php
<01:19:57> [MSG] Запрошен users.php
<01:20:04> [MSG] Запрошен avatars.php
<01:20:04> [MSG] Запрошен settings.php
<01:20:04> [MSG] Запрошен rooms.php
<01:20:06> [MSG] Запрошен users.php
<01:20:11> [MSG] Запрошен users.php
<01:20:12> [MSG] Запрошен private-messages.php
<01:20:24> [MSG] Запрошен private-messages.php
<01:21:10> [MSG] Запрошен settings.php
<01:21:10> [MSG] Запрошен avatars.php
<01:21:10> [MSG] Запрошен rooms.php
<01:21:14> [MSG] Запрошен users.php
<01:21:18> [MSG] Запрошен private-messages.php
<01:22:15> [MSG] Запрошен avatars.php
<01:22:15> [MSG] Запрошен settings.php
<01:22:15> [MSG] Запрошен rooms.php
<01:22:45> [MSG] Запрошен users.php
<01:22:55> [MSG] Запрошен private-messages.php
<01:23:23> [MSG] Запрошен avatars.php
<01:23:23> [MSG] Запрошен settings.php
<01:23:23> [MSG] Запрошен rooms.php
<01:23:31> [MSG] Запрошен users.php
<01:23:35> [MSG] Запрошен private-messages.php
<01:40:34> [MSG] Запрошен private-messages.php
<01:40:38> [MSG] Запрошен private-messages.php
<01:40:48> [MSG] Запрошен users.php
<01:40:49> [MSG] Запрошен private-messages.php
<01:40:58> [MSG] Запрошен private-messages.php
<01:41:06> [MSG] Запрошен private-messages.php
<01:41:10> [MSG] Запрошен users.php
<01:41:14> [MSG] Запрошен users.php
<01:41:49> [MSG] Запрошен users.php
<09:27:21> [MSG] Запрошен users.php
<09:29:44> [MSG] Запрошен avatars.php
<09:29:44> [MSG] Запрошен settings.php
<09:30:37> [MSG] Запрошен avatars.php
<09:30:37> [MSG] Запрошен settings.php
<09:30:37> [MSG] Запрошен rooms.php
<09:31:39> [MSG] Запрошен avatars.php
<09:31:39> [MSG] Запрошен settings.php
<09:31:39> [MSG] Запрошен rooms.php
<09:31:40> [MSG] Запрошен users.php
<09:33:51> [MSG] Запрошен settings.php
<09:33:51> [MSG] Запрошен avatars.php
<09:33:51> [MSG] Запрошен rooms.php
<09:33:57> [MSG] Запрошен settings.php
<09:33:57> [MSG] Запрошен avatars.php
<09:33:57> [MSG] Запрошен rooms.php
<09:34:04> [MSG] Запрошен users.php
<09:34:05> [MSG] Запрошен private-messages.php
<09:34:06> [MSG] Запрошен private-messages.php
<09:34:12> [MSG] Запрошен avatars.php
<09:34:12> [MSG] Запрошен settings.php
<09:34:12> [MSG] Запрошен rooms.php
<09:34:29> [MSG] Запрошен login.php
<09:34:29> [MSG] Аутентифицирован пользователь ""
<09:34:29> [MSG] Запрошен avatars.php
<09:34:29> [MSG] Запрошен settings.php
<09:34:29> [MSG] Запрошен rooms.php
<09:34:31> [MSG] Запрошен users.php
<09:34:32> [MSG] Запрошен private-messages.php
<09:34:42> [MSG] Запрошен private-messages.php
<09:34:46> [MSG] Запрошен users.php
<09:34:54> [MSG] Запрошен avatars.php
<09:34:54> [MSG] Запрошен settings.php
<09:34:54> [MSG] Запрошен rooms.php
<09:34:57> [MSG] Запрошен private-messages.php
<09:35:03> [MSG] Запрошен private-messages.php
<09:35:08> [MSG] Запрошен users.php
<09:35:10> [MSG] Запрошен private-messages.php
<09:35:16> [MSG] Запрошен settings.php
<09:35:16> [MSG] Запрошен rooms.php
<09:35:16> [MSG] Запрошен avatars.php
<09:35:17> [MSG] Запрошен settings.php
<09:35:17> [MSG] Запрошен rooms.php
<09:35:17> [MSG] Запрошен avatars.php
<09:37:12> [MSG] Запрошен users.php
<09:37:45> [MSG] Запрошен settings.php
<09:37:45> [MSG] Запрошен avatars.php
<09:37:45> [MSG] Запрошен rooms.php
<09:37:46> [MSG] Запрошен avatars.php
<09:37:46> [MSG] Запрошен settings.php
<09:37:46> [MSG] Запрошен rooms.php
<09:37:48> [MSG] Запрошен users.php
<09:37:50> [MSG] Запрошен private-messages.php
<09:37:53> [MSG] Запрошен private-messages.php
<09:37:59> [MSG] Запрошен users.php
<09:38:23> [MSG] Запрошен avatars.php
<09:38:23> [MSG] Запрошен settings.php
<09:38:23> [MSG] Запрошен rooms.php
<09:38:25> [MSG] Запрошен users.php
<09:38:52> [MSG] Запрошен avatars.php
<09:38:52> [MSG] Запрошен settings.php
<09:38:52> [MSG] Запрошен rooms.php
<09:38:56> [MSG] Запрошен users.php
<09:39:34> [MSG] Запрошен users.php
<09:39:45> [MSG] Запрошен users.php
<09:43:35> [MSG] Запрошен avatars.php
<09:43:35> [MSG] Запрошен settings.php
<09:43:35> [MSG] Запрошен rooms.php
<09:43:37> [MSG] Запрошен users.php
<09:45:29> [MSG] Запрошен avatars.php
<09:45:29> [MSG] Запрошен settings.php
<09:45:29> [MSG] Запрошен rooms.php
<09:45:31> [MSG] Запрошен users.php
<09:47:41> [MSG] Запрошен users.php
<09:56:31> [MSG] Запрошен settings.php
<09:56:31> [MSG] Запрошен rooms.php
<09:56:31> [MSG] Запрошен avatars.php
<09:56:32> [MSG] Запрошен users.php
<09:56:36> [MSG] Запрошен private-messages.php
<09:56:42> [MSG] Запрошен users.php
<09:59:25> [MSG] Запрошен avatars.php
<09:59:25> [MSG] Запрошен settings.php
<09:59:25> [MSG] Запрошен rooms.php
<09:59:32> [MSG] Запрошен private-messages.php
<09:59:37> [MSG] Запрошен users.php
<09:59:57> [MSG] Запрошен login.php
<09:59:57> [MSG] Аутентифицирован пользователь ""
<09:59:57> [MSG] Запрошен avatars.php
<09:59:57> [MSG] Запрошен rooms.php
<09:59:57> [MSG] Запрошен settings.php
<09:59:59> [MSG] Запрошен users.php
<10:00:01> [MSG] Запрошен private-messages.php
<10:00:11> [MSG] Запрошен private-messages.php
<10:00:43> [MSG] Запрошен private-messages.php
<10:00:48> [MSG] Запрошен private-messages.php
<10:01:08> [MSG] Запрошен avatars.php
<10:01:08> [MSG] Запрошен settings.php
<10:01:08> [MSG] Запрошен rooms.php
<10:01:22> [MSG] Запрошен users.php
<10:01:23> [MSG] Запрошен private-messages.php
<10:01:52> [MSG] Запрошен users.php
<10:01:53> [MSG] Запрошен users.php
<10:02:04> [MSG] Запрошен logout.php
<10:02:04> [MSG] Пользователь "thesourcecode.max@yandex.ru" вышел
<10:02:47> [MSG] Запрошен signup.php
<10:02:47> [MSG] Зарегистрирован пользователь "Братишка:brat@yandex.ru"
<10:02:48> [MSG] Запрошен avatars.php
<10:02:48> [MSG] Запрошен settings.php
<10:02:48> [MSG] Запрошен rooms.php
<10:02:51> [MSG] Запрошен users.php
<10:02:57> [MSG] Запрошен users.php
<10:02:59> [MSG] Запрошен notifications.php
<10:03:03> [MSG] Запрошен notifications.php
<10:03:06> [MSG] Запрошен notifications.php
<10:03:09> [MSG] Запрошен users.php
<10:03:10> [MSG] Запрошен users.php
<10:03:38> [MSG] Запрошен users.php
<10:03:39> [MSG] Запрошен notifications.php
<10:04:14> [MSG] Запрошен login.php
<10:04:14> [MSG] Аутентифицирован пользователь ""
<10:04:14> [MSG] Запрошен avatars.php
<10:04:14> [MSG] Запрошен rooms.php
<10:04:14> [MSG] Запрошен settings.php
<10:04:15> [MSG] Запрошен users.php
<10:04:17> [MSG] Запрошен notifications.php
<10:04:25> [MSG] Запрошен notifications.php
<10:04:27> [MSG] Запрошен users.php
<10:04:29> [MSG] Запрошен users.php
<10:04:31> [MSG] Запрошен private-messages.php
<10:04:39> [MSG] Запрошен private-messages.php
<10:04:46> [MSG] Запрошен private-messages.php
<10:05:07> [MSG] Запрошен users.php
<10:05:12> [MSG] Запрошен private-messages.php
<10:05:32> [MSG] Запрошен private-messages.php
<10:05:38> [MSG] Запрошен users.php
<10:05:41> [MSG] Запрошен private-messages.php
<10:06:01> [MSG] Запрошен users.php
<10:31:57> [MSG] Запрошен logout.php
<10:31:57> [MSG] Пользователь "thesourcecode.max@yandex.ru" вышел
<10:33:46> [MSG] Запрошен login.php
<10:33:46> [MSG] Аутентифицирован пользователь ""
<10:33:46> [MSG] Запрошен avatars.php
<10:33:46> [MSG] Запрошен rooms.php
<10:33:46> [MSG] Запрошен settings.php
<10:33:48> [MSG] Запрошен users.php
<10:40:46> [MSG] Запрошен avatars.php
<10:40:46> [MSG] Запрошен settings.php
<10:40:46> [MSG] Запрошен rooms.php
<10:40:48> [MSG] Запрошен users.php
<10:41:14> [MSG] Запрошен login.php
<10:41:14> [MSG] Аутентифицирован пользователь ""
<10:41:15> [MSG] Запрошен avatars.php
<10:41:15> [MSG] Запрошен settings.php
<10:41:15> [MSG] Запрошен rooms.php
<10:41:17> [MSG] Запрошен users.php
<10:41:19> [MSG] Запрошен settings.php
<10:41:19> [MSG] Запрошен rooms.php
<10:41:19> [MSG] Запрошен avatars.php
<10:41:20> [MSG] Запрошен users.php
<10:41:35> [MSG] Запрошен avatars.php
<10:41:35> [MSG] Запрошен settings.php
<10:41:35> [MSG] Запрошен rooms.php
<10:41:36> [MSG] Запрошен users.php
<10:41:50> [MSG] Запрошен login.php
<10:41:50> [MSG] Аутентифицирован пользователь ""
<10:41:50> [MSG] Запрошен avatars.php
<10:41:50> [MSG] Запрошен settings.php
<10:41:50> [MSG] Запрошен rooms.php
<10:41:52> [MSG] Запрошен users.php
<10:42:12> [MSG] Запрошен settings.php
<10:42:12> [MSG] Запрошен rooms.php
<10:42:12> [MSG] Запрошен avatars.php
<10:42:18> [MSG] Запрошен users.php
<10:43:08> [MSG] Запрошен settings.php
<10:43:08> [MSG] Запрошен rooms.php
<10:43:08> [MSG] Запрошен avatars.php
<10:44:24> [MSG] Запрошен avatars.php
<10:44:24> [MSG] Запрошен rooms.php
<10:44:24> [MSG] Запрошен settings.php
<10:44:27> [MSG] Запрошен users.php
<10:44:51> [MSG] Запрошен login.php
<10:44:51> [MSG] Аутентифицирован пользователь ""
<10:44:51> [MSG] Запрошен avatars.php
<10:44:51> [MSG] Запрошен settings.php
<10:44:51> [MSG] Запрошен rooms.php
<10:44:53> [MSG] Запрошен users.php
<10:44:55> [MSG] Запрошен avatars.php
<10:44:55> [MSG] Запрошен rooms.php
<10:44:55> [MSG] Запрошен settings.php
<10:44:57> [MSG] Запрошен users.php
<10:46:01> [MSG] Запрошен avatars.php
<10:46:01> [MSG] Запрошен settings.php
<10:46:01> [MSG] Запрошен rooms.php
<10:46:03> [MSG] Запрошен users.php
<10:46:09> [MSG] Запрошен settings.php
<10:46:09> [MSG] Запрошен avatars.php
<10:46:09> [MSG] Запрошен rooms.php
<10:46:11> [MSG] Запрошен users.php
<10:46:22> [MSG] Запрошен avatars.php
<10:46:22> [MSG] Запрошен rooms.php
<10:46:22> [MSG] Запрошен settings.php
<10:46:24> [MSG] Запрошен users.php
<10:48:13> [MSG] Запрошен users.php
<10:48:15> [MSG] Запрошен private-messages.php
<10:48:16> [MSG] Запрошен private-messages.php
<10:48:18> [MSG] Запрошен private-messages.php
<10:48:19> [MSG] Запрошен private-messages.php
<10:48:22> [MSG] Запрошен users.php
<10:48:27> [MSG] Запрошен settings.php
<10:48:30> [MSG] Запрошен settings.php
<10:48:31> [MSG] Запрошен users.php
<10:48:32> [MSG] Запрошен private-messages.php
<10:48:35> [MSG] Запрошен private-messages.php
<10:48:35> [MSG] Запрошен private-messages.php
<10:48:36> [MSG] Запрошен private-messages.php
<10:48:40> [MSG] Запрошен settings.php
<10:48:42> [MSG] Запрошен settings.php
<10:48:44> [MSG] Запрошен users.php
<10:49:19> [MSG] Запрошен users.php
<10:50:39> [MSG] Запрошен settings.php
<10:50:39> [MSG] Запрошен rooms.php
<10:50:39> [MSG] Запрошен avatars.php
<10:50:40> [MSG] Запрошен users.php
<10:51:05> [MSG] Запрошен settings.php
<10:51:05> [MSG] Запрошен avatars.php
<10:51:05> [MSG] Запрошен rooms.php
<10:51:06> [MSG] Запрошен users.php
<10:51:08> [MSG] Запрошен avatars.php
<10:51:08> [MSG] Запрошен settings.php
<10:51:08> [MSG] Запрошен rooms.php
<10:51:10> [MSG] Запрошен users.php
<10:51:41> [MSG] Запрошен login.php
<10:51:41> [MSG] Аутентифицирован пользователь ""
<10:51:41> [MSG] Запрошен avatars.php
<10:51:41> [MSG] Запрошен settings.php
<10:51:41> [MSG] Запрошен rooms.php
<10:51:43> [MSG] Запрошен users.php
<10:51:45> [MSG] Запрошен private-messages.php
<10:53:37> [MSG] Запрошен users.php
<10:53:48> [MSG] Запрошен avatars.php
<10:53:48> [MSG] Запрошен settings.php
<10:53:48> [MSG] Запрошен rooms.php
<10:53:49> [MSG] Запрошен users.php
<10:54:09> [MSG] Запрошен users.php
<10:54:36> [MSG] Запрошен login.php
<10:54:36> [MSG] Аутентифицирован пользователь ""
<10:54:36> [MSG] Запрошен avatars.php
<10:54:36> [MSG] Запрошен rooms.php
<10:54:36> [MSG] Запрошен settings.php
<10:54:38> [MSG] Запрошен users.php
<10:54:41> [MSG] Запрошен settings.php
<10:54:41> [MSG] Запрошен avatars.php
<10:54:41> [MSG] Запрошен rooms.php
<10:54:43> [MSG] Запрошен users.php
<10:54:44> [MSG] Запрошен private-messages.php
<10:54:54> [MSG] Запрошен private-messages.php
<10:55:02> [MSG] Запрошен users.php
<10:55:20> [MSG] Запрошен notifications.php
<10:55:21> [MSG] Запрошен users.php
<10:55:22> [MSG] Запрошен private-messages.php
<10:55:29> [MSG] Запрошен private-messages.php
<10:56:49> [MSG] Запрошен private-messages.php
<10:56:57> [MSG] Запрошен private-messages.php
<10:57:01> [MSG] Запрошен settings.php
<10:57:01> [MSG] Запрошен rooms.php
<10:57:01> [MSG] Запрошен avatars.php
<10:57:03> [MSG] Запрошен users.php
<10:58:07> [MSG] Запрошен avatars.php
<10:58:07> [MSG] Запрошен settings.php
<10:58:07> [MSG] Запрошен rooms.php
<10:58:33> [MSG] Запрошен users.php
<10:58:36> [MSG] Запрошен users.php
<10:58:39> [MSG] Запрошен users.php
<10:58:47> [MSG] Запрошен users.php
<11:00:28> [MSG] Запрошен users.php
<11:00:35> [MSG] Запрошен users.php
<11:00:55> [MSG] Запрошен rooms.php
<11:04:14> [MSG] Запрошен users.php
<11:04:17> [MSG] Запрошен settings.php
<11:04:21> [MSG] Запрошен logout.php
<11:04:21> [MSG] Пользователь "brat@yandex.ru" вышел
<11:04:55> [MSG] Запрошен login.php
<11:04:55> [MSG] Аутентифицирован пользователь ""
<11:04:55> [MSG] Запрошен avatars.php
<11:04:55> [MSG] Запрошен settings.php
<11:04:55> [MSG] Запрошен rooms.php
<11:05:08> [MSG] Запрошен users.php
<11:14:05> [MSG] Запрошен settings.php
<11:14:05> [MSG] Запрошен avatars.php
<11:14:05> [MSG] Запрошен rooms.php
<11:14:06> [MSG] Запрошен avatars.php
<11:14:06> [MSG] Запрошен settings.php
<11:14:06> [MSG] Запрошен rooms.php
<11:14:09> [MSG] Запрошен users.php
<11:14:17> [MSG] Запрошен users.php
<11:14:18> [MSG] Запрошен private-messages.php
<11:14:26> [MSG] Запрошен private-messages.php
<11:14:36> [MSG] Запрошен private-messages.php
<11:28:30> [MSG] Запрошен users.php
<11:30:10> [MSG] Запрошен avatars.php
<11:30:10> [MSG] Запрошен settings.php
<11:30:10> [MSG] Запрошен rooms.php
<11:34:27> [MSG] Запрошен rooms.php
<11:34:27> [MSG] Запрошен rooms.php
<11:34:31> [MSG] Запрошен settings.php
<11:45:49> [MSG] Запрошен logout.php
<11:45:49> [MSG] Пользователь "thesourcecode.max@yandex.ru" вышел
<12:33:24> [MSG] Запрошен login.php
<12:33:24> [MSG] Аутентифицирован пользователь ""
<12:33:24> [MSG] Запрошен avatars.php
<12:33:24> [MSG] Запрошен settings.php
<12:33:24> [MSG] Запрошен rooms.php
<13:17:40> [MSG] Запрошен settings.php
<13:17:40> [MSG] Запрошен avatars.php
<13:17:40> [MSG] Запрошен rooms.php
<13:17:46> [MSG] Запрошен settings.php
<13:17:46> [MSG] Запрошен rooms.php
<13:17:46> [MSG] Запрошен avatars.php
<13:17:51> [MSG] Запрошен avatars.php
<13:17:51> [MSG] Запрошен settings.php
<13:17:51> [MSG] Запрошен rooms.php
<13:17:52> [MSG] Запрошен settings.php
<13:17:52> [MSG] Запрошен avatars.php
<13:17:52> [MSG] Запрошен rooms.php
<13:17:58> [MSG] Запрошен rooms.php
<13:17:59> [MSG] Запрошен rooms.php
<13:18:00> [MSG] Запрошен rooms.php
<14:24:37> [MSG] Запрошен users.php
<14:24:42> [MSG] Запрошен users.php
<14:24:45> [MSG] Запрошен private-messages.php
<14:24:49> [MSG] Запрошен private-messages.php
<14:24:54> [MSG] Запрошен users.php
<14:24:56> [MSG] Запрошен private-messages.php
<14:25:17> [MSG] Запрошен users.php
<14:25:18> [MSG] Запрошен users.php
<14:25:20> [MSG] Запрошен settings.php
<14:25:21> [MSG] Запрошен settings.php
<14:25:24> [MSG] Запрошен users.php
<14:25:36> [MSG] Запрошен avatars.php
<14:25:36> [MSG] Запрошен settings.php
<14:25:36> [MSG] Запрошен rooms.php
<14:25:40> [MSG] Запрошен users.php
<14:25:49> [MSG] Запрошен settings.php
<14:25:49> [MSG] Запрошен rooms.php
<14:25:49> [MSG] Запрошен avatars.php
<14:26:35> [MSG] Запрошен users.php
<14:33:58> [MSG] Запрошен notifications.php
<14:34:56> [MSG] Запрошен users.php
<14:34:59> [MSG] Запрошен avatars.php
<14:34:59> [MSG] Запрошен settings.php
<14:34:59> [MSG] Запрошен rooms.php
<14:35:01> [MSG] Запрошен users.php
<14:35:06> [MSG] Запрошен users.php
<14:35:14> [MSG] Запрошен users.php
<14:35:15> [MSG] Запрошен notifications.php
<14:35:19> [MSG] Запрошен users.php
<14:35:21> [MSG] Запрошен notifications.php
<14:35:25> [MSG] Запрошен users.php
<14:35:28> [MSG] Запрошен users.php
<14:35:29> [MSG] Запрошен notifications.php
<14:35:32> [MSG] Запрошен users.php
<14:35:34> [MSG] Запрошен notifications.php
<14:35:49> [MSG] Запрошен notifications.php
<14:35:51> [MSG] Запрошен users.php
<14:35:53> [MSG] Запрошен notifications.php
<14:35:54> [MSG] Запрошен notifications.php
<14:35:58> [MSG] Запрошен users.php
<14:36:00> [MSG] Запрошен notifications.php
<14:36:00> [MSG] Запрошен users.php
<14:36:01> [MSG] Запрошен notifications.php
<14:36:02> [MSG] Запрошен users.php
<14:36:03> [MSG] Запрошен notifications.php
<14:36:03> [MSG] Запрошен users.php
<14:36:04> [MSG] Запрошен notifications.php
<14:36:05> [MSG] Запрошен notifications.php
<14:36:05> [MSG] Запрошен notifications.php
<14:36:05> [MSG] Запрошен notifications.php
<14:36:05> [MSG] Запрошен notifications.php
<14:36:05> [MSG] Запрошен notifications.php
<14:36:05> [MSG] Запрошен notifications.php
<14:36:06> [MSG] Запрошен notifications.php
<14:36:06> [MSG] Запрошен users.php
<14:36:06> [MSG] Запрошен notifications.php
<14:36:06> [MSG] Запрошен notifications.php
<14:36:06> [MSG] Запрошен notifications.php
<14:36:06> [MSG] Запрошен notifications.php
<14:36:06> [MSG] Запрошен notifications.php
<14:36:07> [MSG] Запрошен notifications.php
<14:36:07> [MSG] Запрошен notifications.php
<14:36:07> [MSG] Запрошен notifications.php
<14:36:07> [MSG] Запрошен notifications.php
<14:36:07> [MSG] Запрошен notifications.php
<14:36:07> [MSG] Запрошен notifications.php
<14:36:07> [MSG] Запрошен notifications.php
<14:36:08> [MSG] Запрошен notifications.php
<14:36:08> [MSG] Запрошен notifications.php
<14:36:09> [MSG] Запрошен notifications.php
<14:36:10> [MSG] Запрошен users.php
<14:36:12> [MSG] Запрошен notifications.php
<14:36:14> [MSG] Запрошен notifications.php
<14:36:21> [MSG] Запрошен notifications.php
<14:36:24> [MSG] Запрошен notifications.php
<14:36:25> [MSG] Запрошен users.php
<14:36:26> [MSG] Запрошен users.php
<14:36:27> [MSG] Запрошен notifications.php
<14:36:27> [MSG] Запрошен notifications.php
<14:36:28> [MSG] Запрошен notifications.php
<14:36:30> [MSG] Запрошен users.php
<14:36:31> [MSG] Запрошен notifications.php
<14:36:32> [MSG] Запрошен users.php
<14:36:33> [MSG] Запрошен notifications.php
<14:36:33> [MSG] Запрошен notifications.php
<14:36:34> [MSG] Запрошен users.php
<14:36:36> [MSG] Запрошен notifications.php
<14:36:37> [MSG] Запрошен notifications.php
<14:36:38> [MSG] Запрошен users.php
<14:36:39> [MSG] Запрошен notifications.php
<14:36:39> [MSG] Запрошен users.php
<14:36:40> [MSG] Запрошен users.php
<14:36:40> [MSG] Запрошен users.php
<14:36:40> [MSG] Запрошен users.php
<14:36:41> [MSG] Запрошен users.php
<14:36:42> [MSG] Запрошен notifications.php
<14:37:40> [MSG] Запрошен notifications.php
<14:37:40> [MSG] Запрошен users.php
<14:38:42> [MSG] Запрошен avatars.php
<14:38:42> [MSG] Запрошен settings.php
<14:38:42> [MSG] Запрошен rooms.php
<14:38:43> [MSG] Запрошен users.php
<14:38:45> [MSG] Запрошен notifications.php
<14:39:58> [MSG] Запрошен users.php
<14:39:59> [MSG] Запрошен settings.php
<14:39:59> [MSG] Запрошен avatars.php
<14:39:59> [MSG] Запрошен rooms.php
<14:40:00> [MSG] Запрошен avatars.php
<14:40:00> [MSG] Запрошен settings.php
<14:40:00> [MSG] Запрошен rooms.php
<14:40:02> [MSG] Запрошен users.php
<14:40:13> [MSG] Запрошен users.php
<14:40:13> [MSG] Запрошен notifications.php
<14:40:15> [MSG] Запрошен users.php
<14:40:17> [MSG] Запрошен notifications.php
<14:40:19> [MSG] Запрошен users.php
<14:40:21> [MSG] Запрошен notifications.php
<14:40:23> [MSG] Запрошен users.php
<14:40:26> [MSG] Запрошен users.php
<14:40:27> [MSG] Запрошен users.php
<14:40:28> [MSG] Запрошен notifications.php
<14:40:29> [MSG] Запрошен notifications.php
<14:40:29> [MSG] Запрошен users.php
<14:40:31> [MSG] Запрошен notifications.php
<14:40:32> [MSG] Запрошен users.php
<14:40:35> [MSG] Запрошен users.php
<14:40:35> [MSG] Запрошен notifications.php
<14:40:37> [MSG] Запрошен users.php
<14:40:38> [MSG] Запрошен notifications.php
<14:40:39> [MSG] Запрошен users.php
<14:43:40> [MSG] Запрошен avatars.php
<14:43:40> [MSG] Запрошен settings.php
<14:43:40> [MSG] Запрошен rooms.php
<14:43:41> [MSG] Запрошен users.php
<14:43:42> [MSG] Запрошен notifications.php
<14:43:43> [MSG] Запрошен users.php
<14:43:44> [MSG] Запрошен users.php
<14:43:47> [MSG] Запрошен users.php
<14:43:50> [MSG] Запрошен users.php
<14:43:51> [MSG] Запрошен notifications.php
<14:43:53> [MSG] Запрошен users.php
<14:43:56> [MSG] Запрошен notifications.php
<14:43:57> [MSG] Запрошен notifications.php
<14:43:58> [MSG] Запрошен users.php
<14:43:58> [MSG] Запрошен users.php
<14:43:59> [MSG] Запрошен users.php
<14:43:59> [MSG] Запрошен users.php
<14:44:00> [MSG] Запрошен users.php
<14:48:37> [MSG] Запрошен users.php
<14:56:00> [MSG] Запрошен users.php
<14:56:01> [MSG] Запрошен users.php
<14:56:02> [MSG] Запрошен private-messages.php
<14:56:04> [MSG] Запрошен private-messages.php
<14:56:20> [MSG] Запрошен login.php
<14:56:20> [MSG] Аутентифицирован пользователь ""
<14:56:20> [MSG] Запрошен avatars.php
<14:56:20> [MSG] Запрошен rooms.php
<14:56:20> [MSG] Запрошен settings.php
<14:56:55> [MSG] Запрошен users.php
<14:56:57> [MSG] Запрошен private-messages.php
<14:57:40> [MSG] Запрошен private-messages.php
<14:58:11> [MSG] Запрошен users.php
<14:58:25> [MSG] Запрошен users.php
<14:58:25> [MSG] Запрошен private-messages.php
<14:59:43> [MSG] Запрошен users.php
<15:01:03> [MSG] Запрошен notifications.php
<15:02:31> [MSG] Запрошен users.php
<15:03:58> [MSG] Запрошен private-messages.php
<15:06:34> [MSG] Запрошен avatars.php
<15:06:34> [MSG] Запрошен settings.php
<15:06:34> [MSG] Запрошен rooms.php
<15:06:44> [MSG] Запрошен logout.php
<15:06:44> [MSG] Пользователь "thesourcecode.max@yandex.ru" вышел
<15:06:47> [MSG] Запрошен login.php
<15:06:47> [MSG] Аутентифицирован пользователь ""
<15:06:47> [MSG] Запрошен settings.php
<15:06:47> [MSG] Запрошен avatars.php
<15:06:47> [MSG] Запрошен rooms.php
<15:06:59> [MSG] Запрошен users.php
<15:07:05> [MSG] Запрошен users.php
<15:07:11> [MSG] Запрошен private-messages.php
<15:08:07> [MSG] Запрошен users.php
<15:08:08> [MSG] Запрошен private-messages.php
<15:08:15> [MSG] Запрошен private-messages.php
<15:08:54> [MSG] Запрошен notifications.php
<15:08:55> [MSG] Запрошен users.php
<15:08:56> [MSG] Запрошен private-messages.php
<15:09:08> [MSG] Запрошен users.php
<15:13:40> [MSG] Запрошен users.php
<15:13:54> [MSG] Запрошен private-messages.php
<15:14:28> [MSG] Запрошен settings.php
<15:14:28> [MSG] Запрошен rooms.php
<15:14:28> [MSG] Запрошен avatars.php
<15:14:33> [MSG] Запрошен settings.php
<15:14:33> [MSG] Запрошен avatars.php
<15:14:33> [MSG] Запрошен rooms.php
<15:14:36> [MSG] Запрошен settings.php
<15:14:36> [MSG] Запрошен avatars.php
<15:14:36> [MSG] Запрошен rooms.php
<15:14:38> [MSG] Запрошен settings.php
<15:14:38> [MSG] Запрошен rooms.php
<15:14:38> [MSG] Запрошен avatars.php
<15:22:51> [MSG] Запрошен users.php
<15:22:57> [MSG] Запрошен private-messages.php
<15:22:59> [MSG] Запрошен private-messages.php
<15:25:01> [MSG] Запрошен avatars.php
<15:25:01> [MSG] Запрошен settings.php
<15:25:01> [MSG] Запрошен rooms.php
<15:25:03> [MSG] Запрошен settings.php
<15:25:03> [MSG] Запрошен avatars.php
<15:25:03> [MSG] Запрошен rooms.php
<15:25:04> [MSG] Запрошен users.php
<15:25:06> [MSG] Запрошен private-messages.php
<15:25:18> [MSG] Запрошен private-messages.php
<15:25:27> [MSG] Запрошен private-messages.php
<15:25:30> [MSG] Запрошен private-messages.php
<15:25:32> [MSG] Запрошен private-messages.php
<15:25:36> [MSG] Запрошен users.php
<15:25:40> [MSG] Запрошен notifications.php
<15:25:44> [MSG] Запрошен users.php
<15:28:08> [MSG] Запрошен users.php
<16:16:53> [MSG] Запрошен users.php
<16:16:56> [MSG] Запрошен users.php
<16:16:57> [MSG] Запрошен notifications.php
<16:16:58> [MSG] Запрошен notifications.php
<16:16:59> [MSG] Запрошен notifications.php
<16:17:00> [MSG] Запрошен notifications.php
<16:17:07> [MSG] Запрошен notifications.php
<16:17:07> [MSG] Запрошен notifications.php
<16:17:08> [MSG] Запрошен notifications.php
<16:17:08> [MSG] Запрошен notifications.php
<16:17:09> [MSG] Запрошен notifications.php
<16:26:02> [MSG] Запрошен users.php
<16:26:04> [MSG] Запрошен private-messages.php
<16:26:11> [MSG] Запрошен private-messages.php
<16:27:28> [MSG] Запрошен settings.php
<16:27:31> [MSG] Запрошен users.php
<16:29:32> [MSG] Запрошен settings.php
<16:29:32> [MSG] Запрошен avatars.php
<16:29:32> [MSG] Запрошен rooms.php
<16:29:34> [MSG] Запрошен logout.php
<16:29:34> [MSG] Пользователь "thesourcecode.max@yandex.ru" вышел
<16:35:00> [MSG] Запрошен login.php
<16:35:00> [MSG] Аутентифицирован пользователь ""
<16:35:00> [MSG] Запрошен avatars.php
<16:35:00> [MSG] Запрошен settings.php
<16:35:00> [MSG] Запрошен rooms.php
<16:35:01> [MSG] Запрошен login.php
<16:35:04> [MSG] Запрошен avatars.php
<16:35:04> [MSG] Запрошен settings.php
<16:35:04> [MSG] Запрошен rooms.php
<16:35:06> [MSG] Запрошен users.php
<16:35:13> [MSG] Запрошен private-messages.php
<16:36:09> [MSG] Запрошен settings.php
<16:36:09> [MSG] Запрошен rooms.php
<16:36:09> [MSG] Запрошен avatars.php
<16:36:11> [MSG] Запрошен users.php
<16:36:12> [MSG] Запрошен private-messages.php
<16:36:19> [MSG] Запрошен private-messages.php
<16:36:38> [MSG] Запрошен users.php
<16:36:40> [MSG] Запрошен private-messages.php
<16:36:41> [MSG] Запрошен private-messages.php
<16:36:41> [MSG] Запрошен private-messages.php
<16:36:42> [MSG] Запрошен private-messages.php
<16:37:53> [MSG] Запрошен rooms.php
<16:51:01> [MSG] Запрошен signup.php
<16:51:01> [MSG] Зарегистрирован пользователь "mechik123:pilla12@mail.ru"
<16:51:02> [MSG] Запрошен settings.php
<16:51:02> [MSG] Запрошен avatars.php
<16:51:02> [MSG] Запрошен rooms.php
<17:26:12> [MSG] Запрошен settings.php
<17:26:12> [MSG] Запрошен avatars.php
<17:26:12> [MSG] Запрошен rooms.php
<17:26:14> [MSG] Запрошен users.php
<17:29:03> [MSG] Запрошен users.php
<17:29:06> [MSG] Запрошен settings.php
<17:29:06> [MSG] Запрошен rooms.php
<17:29:06> [MSG] Запрошен avatars.php
<17:29:17> [MSG] Запрошен settings.php
<18:22:07> [MSG] Запрошен settings.php
<18:22:07> [MSG] Запрошен avatars.php
<18:22:07> [MSG] Запрошен rooms.php
<18:22:53> [MSG] Запрошен avatars.php
<18:22:53> [MSG] Запрошен settings.php
<18:22:53> [MSG] Запрошен rooms.php
<18:23:02> [MSG] Запрошен settings.php
<18:23:02> [MSG] Запрошен avatars.php
<18:23:02> [MSG] Запрошен rooms.php
<18:23:18> [MSG] Запрошен settings.php
<18:23:18> [MSG] Запрошен rooms.php
<18:23:18> [MSG] Запрошен avatars.php
<18:24:38> [MSG] Запрошен signup.php
<18:24:38> [MSG] Зарегистрирован пользователь "aaaa:annn@gmail.com"
<18:24:38> [MSG] Запрошен avatars.php
<18:24:38> [MSG] Запрошен rooms.php
<18:24:38> [MSG] Запрошен settings.php
<18:24:50> [MSG] Запрошен users.php
<18:25:02> [MSG] Запрошен avatars.php
<18:25:02> [MSG] Запрошен settings.php
<18:25:02> [MSG] Запрошен rooms.php
<18:25:09> [MSG] Запрошен logout.php
<18:25:09> [MSG] Пользователь "annn@gmail.com" вышел
<18:26:02> [MSG] Запрошен settings.php
<18:26:02> [MSG] Запрошен avatars.php
<18:26:02> [MSG] Запрошен rooms.php
<19:43:22> [MSG] Запрошен settings.php
<19:43:22> [MSG] Запрошен avatars.php
<19:43:22> [MSG] Запрошен rooms.php
<20:28:21> [MSG] Запрошен users.php
<22:32:38> [MSG] Запрошен avatars.php
<22:32:38> [MSG] Запрошен settings.php
<22:32:38> [MSG] Запрошен rooms.php
<22:32:41> [MSG] Запрошен users.php
<22:32:45> [MSG] Запрошен users.php
<22:32:51> [MSG] Запрошен users.php
<22:32:57> [MSG] Запрошен users.php
<22:33:04> [MSG] Запрошен users.php
<22:33:04> [MSG] Запрошен users.php
