<00:14:47> [MSG] Запрошен avatars.php
<00:14:47> [MSG] Запрошен rooms.php
<00:14:47> [MSG] Запрошен settings.php
<08:33:07> [MSG] Запрошен avatars.php
<08:33:08> [MSG] Запрошен rooms.php
<08:33:08> [MSG] Запрошен settings.php
<08:33:31> [MSG] Запрошен avatars.php
<08:33:31> [MSG] Запрошен settings.php
<08:33:31> [MSG] Запрошен rooms.php
<08:34:18> [MSG] Запрошен avatars.php
<08:34:18> [MSG] Запрошен settings.php
<08:34:18> [MSG] Запрошен rooms.php
<10:22:12> [MSG] Запрошен login.php
<10:22:12> [WARN] Не найден пользователь "bob@gmail.com"
<10:26:38> [MSG] Запрошен users.php
<10:26:40> [MSG] Запрошен users.php
<10:26:41> [MSG] Запрошен notifications.php
<10:26:43> [MSG] Запрошен notifications.php
<10:26:44> [MSG] Запрошен notifications.php
<10:26:45> [MSG] Запрошен users.php
<10:26:49> [MSG] Запрошен users.php
<10:26:50> [MSG] Запрошен notifications.php
<10:26:51> [MSG] Запрошен users.php
<10:26:52> [MSG] Запрошен users.php
<10:26:58> [MSG] Запрошен users.php
<10:28:53> [MSG] Запрошен users.php
<10:28:56> [MSG] Запрошен avatars.php
<10:28:56> [MSG] Запрошен settings.php
<10:28:56> [MSG] Запрошен rooms.php
<10:29:00> [MSG] Запрошен users.php
<10:29:02> [MSG] Запрошен users.php
<10:29:06> [MSG] Запрошен users.php
<10:29:06> [MSG] Запрошен notifications.php
<10:44:09> [MSG] Запрошен settings.php
<10:44:09> [MSG] Запрошен rooms.php
<10:44:09> [MSG] Запрошен avatars.php
<10:44:12> [MSG] Запрошен users.php
<10:44:15> [MSG] Запрошен users.php
<10:44:17> [MSG] Запрошен notifications.php
<10:44:18> [MSG] Запрошен notifications.php
<10:44:19> [MSG] Запрошен notifications.php
<10:44:19> [MSG] Запрошен notifications.php
<10:44:19> [MSG] Запрошен notifications.php
<10:44:19> [MSG] Запрошен notifications.php
<10:44:20> [MSG] Запрошен notifications.php
<10:44:20> [MSG] Запрошен notifications.php
<10:44:20> [MSG] Запрошен notifications.php
<10:44:21> [MSG] Запрошен notifications.php
<10:44:21> [MSG] Запрошен users.php
<10:44:22> [MSG] Запрошен notifications.php
<10:44:23> [MSG] Запрошен users.php
<10:44:24> [MSG] Запрошен users.php
<10:44:31> [MSG] Запрошен login.php
<10:44:31> [MSG] Аутентифицирован пользователь ""
<10:44:31> [MSG] Запрошен avatars.php
<10:44:31> [MSG] Запрошен settings.php
<10:44:31> [MSG] Запрошен rooms.php
<10:44:37> [MSG] Запрошен users.php
<10:44:39> [MSG] Запрошен users.php
<10:44:39> [MSG] Запрошен notifications.php
<10:44:40> [MSG] Запрошен users.php
<10:44:42> [MSG] Запрошен notifications.php
<10:44:43> [MSG] Запрошен users.php
<10:45:02> [MSG] Запрошен users.php
<10:45:06> [MSG] Запрошен notifications.php
<10:45:08> [MSG] Запрошен notifications.php
<10:45:10> [MSG] Запрошен notifications.php
<10:45:12> [MSG] Запрошен notifications.php
<10:45:13> [MSG] Запрошен users.php
<10:45:18> [MSG] Запрошен users.php
<10:45:57> [MSG] Запрошен notifications.php
<10:46:21> [MSG] Запрошен notifications.php
<10:48:41> [MSG] Запрошен notifications.php
<10:48:45> [MSG] Запрошен settings.php
<10:48:45> [MSG] Запрошен rooms.php
<10:48:45> [MSG] Запрошен avatars.php
<10:48:47> [MSG] Запрошен users.php
<10:48:52> [MSG] Запрошен users.php
<10:52:16> [MSG] Запрошен notifications.php
<10:52:17> [MSG] Запрошен settings.php
<10:52:17> [MSG] Запрошен avatars.php
<10:52:17> [MSG] Запрошен rooms.php
<10:52:18> [MSG] Запрошен users.php
<10:52:21> [MSG] Запрошен users.php
<10:52:24> [MSG] Запрошен settings.php
<10:52:24> [MSG] Запрошен avatars.php
<10:52:24> [MSG] Запрошен rooms.php
<10:53:05> [MSG] Запрошен settings.php
<10:53:05> [MSG] Запрошен rooms.php
<10:53:05> [MSG] Запрошен avatars.php
<10:53:06> [MSG] Запрошен settings.php
<10:53:06> [MSG] Запрошен avatars.php
<10:53:06> [MSG] Запрошен rooms.php
<10:53:08> [MSG] Запрошен avatars.php
<10:53:08> [MSG] Запрошен settings.php
<10:53:08> [MSG] Запрошен rooms.php
<10:53:09> [MSG] Запрошен settings.php
<10:53:09> [MSG] Запрошен avatars.php
<10:53:09> [MSG] Запрошен rooms.php
<10:53:11> [MSG] Запрошен users.php
<10:53:14> [MSG] Запрошен users.php
<10:53:15> [MSG] Запрошен notifications.php
<10:53:17> [MSG] Запрошен notifications.php
<10:53:17> [MSG] Запрошен users.php
<10:53:18> [MSG] Запрошен users.php
<10:53:19> [MSG] Запрошен users.php
<10:53:19> [MSG] Запрошен notifications.php
<10:53:20> [MSG] Запрошен notifications.php
<10:53:20> [MSG] Запрошен notifications.php
<10:53:20> [MSG] Запрошен notifications.php
<10:53:34> [MSG] Запрошен notifications.php
<10:53:51> [MSG] Запрошен avatars.php
<10:53:51> [MSG] Запрошен settings.php
<10:53:51> [MSG] Запрошен rooms.php
<10:53:53> [MSG] Запрошен users.php
<10:53:57> [MSG] Запрошен users.php
<10:53:59> [MSG] Запрошен notifications.php
<10:55:19> [MSG] Запрошен settings.php
<10:55:19> [MSG] Запрошен rooms.php
<10:55:19> [MSG] Запрошен avatars.php
<10:55:23> [MSG] Запрошен users.php
<10:55:24> [MSG] Запрошен notifications.php
<10:55:26> [MSG] Запрошен users.php
<10:55:27> [MSG] Запрошен private-messages.php
<10:55:33> [MSG] Запрошен private-messages.php
<11:15:49> [MSG] Запрошен users.php
<11:21:25> [MSG] Запрошен login.php
<11:21:25> [WARN] Не найден пользователь "bob@mail.ru"
<11:22:03> [MSG] Запрошен signup.php
<11:22:03> [MSG] Зарегистрирован пользователь "bob:bob@mail.ru"
<11:22:03> [MSG] Запрошен signup.php
<11:22:03> [MSG] Запрошен avatars.php
<11:22:03> [MSG] Запрошен settings.php
<11:22:03> [MSG] Запрошен rooms.php
<11:22:14> [MSG] Запрошен settings.php
<11:38:45> [MSG] Запрошен notifications.php
<11:38:47> [MSG] Запрошен notifications.php
<11:48:53> [MSG] Запрошен avatars.php
<11:48:53> [MSG] Запрошен settings.php
<11:48:53> [MSG] Запрошен rooms.php
<11:48:58> [MSG] Запрошен settings.php
<12:29:41> [MSG] Запрошен login.php
<12:29:45> [MSG] Запрошен logout.php
<12:29:45> [MSG] Пользователь "gryaznova2000@gmail.com" вышел
<12:29:54> [MSG] Запрошен login.php
<12:29:54> [MSG] Аутентифицирован пользователь ""
<12:29:54> [MSG] Запрошен settings.php
<12:29:54> [MSG] Запрошен avatars.php
<12:29:54> [MSG] Запрошен rooms.php
<12:30:10> [MSG] Запрошен avatars.php
<12:30:10> [MSG] Запрошен settings.php
<12:30:10> [MSG] Запрошен rooms.php
<12:30:18> [MSG] Запрошен avatars.php
<12:30:18> [MSG] Запрошен rooms.php
<12:30:18> [MSG] Запрошен settings.php
<12:30:24> [MSG] Запрошен settings.php
<12:30:24> [MSG] Запрошен avatars.php
<12:30:24> [MSG] Запрошен rooms.php
<12:30:35> [MSG] Запрошен settings.php
<12:30:35> [MSG] Запрошен avatars.php
<12:30:35> [MSG] Запрошен rooms.php
<12:31:04> [MSG] Запрошен settings.php
<12:31:04> [MSG] Запрошен rooms.php
<12:31:04> [MSG] Запрошен avatars.php
<12:31:24> [MSG] Запрошен avatars.php
<12:31:24> [MSG] Запрошен settings.php
<12:31:24> [MSG] Запрошен rooms.php
<12:38:54> [MSG] Запрошен settings.php
<12:38:54> [MSG] Запрошен avatars.php
<12:38:54> [MSG] Запрошен rooms.php
<12:38:55> [MSG] Запрошен users.php
<12:39:01> [MSG] Запрошен users.php
<12:39:02> [MSG] Запрошен notifications.php
<12:39:25> [MSG] Запрошен users.php
<12:39:28> [MSG] Запрошен notifications.php
<12:39:33> [MSG] Запрошен users.php
<12:39:37> [MSG] Запрошен users.php
<12:39:38> [MSG] Запрошен users.php
<12:39:38> [MSG] Запрошен users.php
<12:39:39> [MSG] Запрошен users.php
<12:39:40> [MSG] Запрошен users.php
<14:31:30> [MSG] Запрошен login.php
<14:31:30> [WARN] Переданы неверные значения email&pass
<14:31:37> [MSG] Запрошен login.php
<14:31:37> [MSG] Аутентифицирован пользователь ""
<14:31:37> [MSG] Запрошен settings.php
<14:31:37> [MSG] Запрошен rooms.php
<14:31:37> [MSG] Запрошен avatars.php
<14:59:00> [MSG] Запрошен login.php
<14:59:00> [WARN] Не найден пользователь "jekarws@gmail.com"
<14:59:03> [MSG] Запрошен login.php
<14:59:03> [WARN] Не найден пользователь "jekarws@gmail.com"
<14:59:16> [MSG] Запрошен signup.php
<14:59:16> [MSG] Зарегистрирован пользователь "jekarws:jekarws@gmail.com"
<14:59:17> [MSG] Запрошен avatars.php
<14:59:17> [MSG] Запрошен settings.php
<14:59:17> [MSG] Запрошен rooms.php
<14:59:24> [MSG] Запрошен rooms.php
<14:59:25> [MSG] Запрошен settings.php
<14:59:28> [MSG] Запрошен users.php
<14:59:30> [MSG] Запрошен notifications.php
<14:59:31> [MSG] Запрошен users.php
<14:59:32> [MSG] Запрошен users.php
<14:59:37> [MSG] Запрошен settings.php
<15:00:01> [MSG] Запрошен logout.php
<15:00:01> [MSG] Пользователь "jekarws@gmail.com" вышел
<15:00:04> [MSG] Запрошен login.php
<15:00:04> [MSG] Аутентифицирован пользователь ""
<15:00:04> [MSG] Запрошен avatars.php
<15:00:04> [MSG] Запрошен settings.php
<15:00:04> [MSG] Запрошен rooms.php
<15:00:06> [MSG] Запрошен rooms.php
<15:00:10> [MSG] Запрошен users.php
<15:00:15> [MSG] Запрошен users.php
<15:00:20> [MSG] Запрошен notifications.php
<15:00:35> [MSG] Запрошен users.php
<15:00:39> [MSG] Запрошен avatars.php
<15:00:39> [MSG] Запрошен settings.php
<15:00:39> [MSG] Запрошен rooms.php
<15:00:40> [MSG] Запрошен users.php
<15:00:41> [MSG] Запрошен users.php
<15:00:42> [MSG] Запрошен notifications.php
<15:00:43> [MSG] Запрошен notifications.php
<15:00:44> [MSG] Запрошен users.php
<15:00:45> [MSG] Запрошен notifications.php
<15:00:46> [MSG] Запрошен notifications.php
<15:00:46> [MSG] Запрошен avatars.php
<15:00:46> [MSG] Запрошен rooms.php
<15:00:46> [MSG] Запрошен settings.php
<15:00:48> [MSG] Запрошен users.php
<15:00:48> [MSG] Запрошен users.php
<15:00:49> [MSG] Запрошен notifications.php
<15:00:50> [MSG] Запрошен notifications.php
<15:00:50> [MSG] Запрошен users.php
<15:00:51> [MSG] Запрошен users.php
<15:00:51> [MSG] Запрошен users.php
<15:00:51> [MSG] Запрошен users.php
<15:00:52> [MSG] Запрошен private-messages.php
<15:00:52> [MSG] Запрошен private-messages.php
<15:00:55> [MSG] Запрошен private-messages.php
<15:00:58> [MSG] Запрошен private-messages.php
<15:01:10> [MSG] Запрошен private-messages.php
<15:01:13> [MSG] Запрошен private-messages.php
<15:01:18> [MSG] Запрошен users.php
<15:01:19> [MSG] Запрошен notifications.php
<15:01:21> [MSG] Запрошен settings.php
<15:01:24> [MSG] Запрошен users.php
<15:01:34> [MSG] Запрошен private-messages.php
<15:01:42> [MSG] Запрошен private-messages.php
<15:01:48> [MSG] Запрошен private-messages.php
<15:01:51> [MSG] Запрошен private-messages.php
<15:01:54> [MSG] Запрошен users.php
<15:01:55> [MSG] Запрошен users.php
<15:01:56> [MSG] Запрошен users.php
<15:01:58> [MSG] Запрошен users.php
<15:01:59> [MSG] Запрошен users.php
<15:01:59> [MSG] Запрошен notifications.php
<15:02:01> [MSG] Запрошен users.php
<16:38:17> [MSG] Запрошен settings.php
<16:38:17> [MSG] Запрошен rooms.php
<16:38:17> [MSG] Запрошен avatars.php
<16:42:18> [ERROR] Ошибка MYSQL: MySQL server has gone away
<16:42:18> [ERROR] Ошибка MYSQL: MySQL server has gone away
<16:42:24> [ERROR] Ошибка MYSQL: MySQL server has gone away
<16:42:24> [ERROR] Ошибка MYSQL: MySQL server has gone away
<16:42:30> [ERROR] Ошибка MYSQL: MySQL server has gone away
<16:42:30> [ERROR] Ошибка MYSQL: MySQL server has gone away
<16:42:36> [ERROR] Ошибка MYSQL: MySQL server has gone away
<16:42:36> [ERROR] Ошибка MYSQL: MySQL server has gone away
<16:42:42> [ERROR] Ошибка MYSQL: MySQL server has gone away
<16:42:42> [ERROR] Ошибка MYSQL: MySQL server has gone away
<16:42:48> [ERROR] Ошибка MYSQL: MySQL server has gone away
<16:42:48> [ERROR] Ошибка MYSQL: MySQL server has gone away
<16:42:54> [ERROR] Ошибка MYSQL: MySQL server has gone away
<16:42:54> [ERROR] Ошибка MYSQL: MySQL server has gone away
<16:43:00> [ERROR] Ошибка MYSQL: MySQL server has gone away
<16:43:00> [ERROR] Ошибка MYSQL: MySQL server has gone away
<16:43:06> [ERROR] Ошибка MYSQL: MySQL server has gone away
<16:43:06> [ERROR] Ошибка MYSQL: MySQL server has gone away
<16:43:12> [ERROR] Ошибка MYSQL: MySQL server has gone away
<16:43:12> [ERROR] Ошибка MYSQL: MySQL server has gone away
<16:43:18> [ERROR] Ошибка MYSQL: MySQL server has gone away
<16:43:18> [ERROR] Ошибка MYSQL: MySQL server has gone away
<16:43:24> [ERROR] Ошибка MYSQL: MySQL server has gone away
<16:43:24> [ERROR] Ошибка MYSQL: MySQL server has gone away
<16:43:30> [ERROR] Ошибка MYSQL: MySQL server has gone away
<16:43:30> [ERROR] Ошибка MYSQL: MySQL server has gone away
<16:43:36> [ERROR] Ошибка MYSQL: MySQL server has gone away
<16:43:36> [ERROR] Ошибка MYSQL: MySQL server has gone away
<16:43:42> [ERROR] Ошибка MYSQL: MySQL server has gone away
<16:43:42> [ERROR] Ошибка MYSQL: MySQL server has gone away
<16:43:48> [ERROR] Ошибка MYSQL: MySQL server has gone away
<16:43:48> [ERROR] Ошибка MYSQL: MySQL server has gone away
<16:43:54> [ERROR] Ошибка MYSQL: MySQL server has gone away
<16:43:54> [ERROR] Ошибка MYSQL: MySQL server has gone away
<16:44:00> [ERROR] Ошибка MYSQL: MySQL server has gone away
<16:44:00> [ERROR] Ошибка MYSQL: MySQL server has gone away
<16:44:06> [ERROR] Ошибка MYSQL: MySQL server has gone away
<16:44:06> [ERROR] Ошибка MYSQL: MySQL server has gone away
<16:44:12> [ERROR] Ошибка MYSQL: MySQL server has gone away
<16:44:12> [ERROR] Ошибка MYSQL: MySQL server has gone away
<16:44:18> [ERROR] Ошибка MYSQL: MySQL server has gone away
<16:44:18> [ERROR] Ошибка MYSQL: MySQL server has gone away
<16:44:24> [ERROR] Ошибка MYSQL: MySQL server has gone away
<16:44:24> [ERROR] Ошибка MYSQL: MySQL server has gone away
<16:44:30> [ERROR] Ошибка MYSQL: MySQL server has gone away
<16:44:30> [ERROR] Ошибка MYSQL: MySQL server has gone away
<16:44:36> [ERROR] Ошибка MYSQL: MySQL server has gone away
<16:44:36> [ERROR] Ошибка MYSQL: MySQL server has gone away
<16:44:42> [ERROR] Ошибка MYSQL: MySQL server has gone away
<16:44:42> [ERROR] Ошибка MYSQL: MySQL server has gone away
<16:44:48> [ERROR] Ошибка MYSQL: MySQL server has gone away
<16:44:48> [ERROR] Ошибка MYSQL: MySQL server has gone away
<16:44:54> [ERROR] Ошибка MYSQL: MySQL server has gone away
<16:44:54> [ERROR] Ошибка MYSQL: MySQL server has gone away
<16:45:00> [ERROR] Ошибка MYSQL: MySQL server has gone away
<16:45:00> [ERROR] Ошибка MYSQL: MySQL server has gone away
<16:45:06> [ERROR] Ошибка MYSQL: MySQL server has gone away
<16:45:06> [ERROR] Ошибка MYSQL: MySQL server has gone away
<16:45:12> [ERROR] Ошибка MYSQL: MySQL server has gone away
<16:45:12> [ERROR] Ошибка MYSQL: MySQL server has gone away
<16:45:18> [ERROR] Ошибка MYSQL: MySQL server has gone away
<16:45:18> [ERROR] Ошибка MYSQL: MySQL server has gone away
<16:45:24> [ERROR] Ошибка MYSQL: MySQL server has gone away
<16:45:24> [ERROR] Ошибка MYSQL: MySQL server has gone away
<16:45:30> [ERROR] Ошибка MYSQL: MySQL server has gone away
<16:45:30> [ERROR] Ошибка MYSQL: MySQL server has gone away
<16:45:36> [ERROR] Ошибка MYSQL: MySQL server has gone away
<16:45:36> [ERROR] Ошибка MYSQL: MySQL server has gone away
<16:45:42> [ERROR] Ошибка MYSQL: MySQL server has gone away
<16:45:42> [ERROR] Ошибка MYSQL: MySQL server has gone away
<16:45:48> [ERROR] Ошибка MYSQL: MySQL server has gone away
<16:45:48> [ERROR] Ошибка MYSQL: MySQL server has gone away
<16:45:54> [ERROR] Ошибка MYSQL: MySQL server has gone away
<16:45:54> [ERROR] Ошибка MYSQL: MySQL server has gone away
<16:46:00> [ERROR] Ошибка MYSQL: MySQL server has gone away
<16:46:00> [ERROR] Ошибка MYSQL: MySQL server has gone away
<16:46:06> [ERROR] Ошибка MYSQL: MySQL server has gone away
<16:46:06> [ERROR] Ошибка MYSQL: MySQL server has gone away
<16:46:12> [ERROR] Ошибка MYSQL: MySQL server has gone away
<16:46:12> [ERROR] Ошибка MYSQL: MySQL server has gone away
<16:46:18> [ERROR] Ошибка MYSQL: MySQL server has gone away
<16:46:18> [ERROR] Ошибка MYSQL: MySQL server has gone away
<16:46:24> [ERROR] Ошибка MYSQL: MySQL server has gone away
<16:46:24> [ERROR] Ошибка MYSQL: MySQL server has gone away
<16:46:30> [ERROR] Ошибка MYSQL: MySQL server has gone away
<16:46:30> [ERROR] Ошибка MYSQL: MySQL server has gone away
<16:46:36> [ERROR] Ошибка MYSQL: MySQL server has gone away
<16:46:36> [ERROR] Ошибка MYSQL: MySQL server has gone away
<16:46:42> [ERROR] Ошибка MYSQL: MySQL server has gone away
<16:46:42> [ERROR] Ошибка MYSQL: MySQL server has gone away
<16:46:48> [ERROR] Ошибка MYSQL: MySQL server has gone away
<16:46:48> [ERROR] Ошибка MYSQL: MySQL server has gone away
<16:46:54> [ERROR] Ошибка MYSQL: MySQL server has gone away
<16:46:54> [ERROR] Ошибка MYSQL: MySQL server has gone away
<16:47:00> [ERROR] Ошибка MYSQL: MySQL server has gone away
<16:47:00> [ERROR] Ошибка MYSQL: MySQL server has gone away
<16:47:06> [ERROR] Ошибка MYSQL: MySQL server has gone away
<16:47:06> [ERROR] Ошибка MYSQL: MySQL server has gone away
<16:47:12> [ERROR] Ошибка MYSQL: MySQL server has gone away
<16:47:12> [ERROR] Ошибка MYSQL: MySQL server has gone away
<16:47:18> [ERROR] Ошибка MYSQL: MySQL server has gone away
<16:47:18> [ERROR] Ошибка MYSQL: MySQL server has gone away
<16:47:24> [ERROR] Ошибка MYSQL: MySQL server has gone away
<16:47:24> [ERROR] Ошибка MYSQL: MySQL server has gone away
<16:47:30> [ERROR] Ошибка MYSQL: MySQL server has gone away
<16:47:30> [ERROR] Ошибка MYSQL: MySQL server has gone away
<16:47:36> [ERROR] Ошибка MYSQL: MySQL server has gone away
<16:47:36> [ERROR] Ошибка MYSQL: MySQL server has gone away
<16:47:42> [ERROR] Ошибка MYSQL: MySQL server has gone away
<16:47:42> [ERROR] Ошибка MYSQL: MySQL server has gone away
<16:47:48> [ERROR] Ошибка MYSQL: MySQL server has gone away
<16:47:48> [ERROR] Ошибка MYSQL: MySQL server has gone away
<16:47:54> [ERROR] Ошибка MYSQL: MySQL server has gone away
<16:47:54> [ERROR] Ошибка MYSQL: MySQL server has gone away
<16:48:00> [ERROR] Ошибка MYSQL: MySQL server has gone away
<16:48:00> [ERROR] Ошибка MYSQL: MySQL server has gone away
<16:48:06> [ERROR] Ошибка MYSQL: MySQL server has gone away
<16:48:06> [ERROR] Ошибка MYSQL: MySQL server has gone away
<16:48:12> [ERROR] Ошибка MYSQL: MySQL server has gone away
<16:48:12> [ERROR] Ошибка MYSQL: MySQL server has gone away
<16:48:18> [ERROR] Ошибка MYSQL: MySQL server has gone away
<16:48:18> [ERROR] Ошибка MYSQL: MySQL server has gone away
<16:48:24> [ERROR] Ошибка MYSQL: MySQL server has gone away
<16:48:24> [ERROR] Ошибка MYSQL: MySQL server has gone away
<16:48:30> [ERROR] Ошибка MYSQL: MySQL server has gone away
<16:48:30> [ERROR] Ошибка MYSQL: MySQL server has gone away
<16:48:36> [ERROR] Ошибка MYSQL: MySQL server has gone away
<16:48:36> [ERROR] Ошибка MYSQL: MySQL server has gone away
<16:48:42> [ERROR] Ошибка MYSQL: MySQL server has gone away
<16:48:42> [ERROR] Ошибка MYSQL: MySQL server has gone away
<16:48:48> [ERROR] Ошибка MYSQL: MySQL server has gone away
<16:48:48> [ERROR] Ошибка MYSQL: MySQL server has gone away
<16:48:54> [ERROR] Ошибка MYSQL: MySQL server has gone away
<16:48:54> [ERROR] Ошибка MYSQL: MySQL server has gone away
<16:49:00> [ERROR] Ошибка MYSQL: MySQL server has gone away
<16:49:00> [ERROR] Ошибка MYSQL: MySQL server has gone away
<16:49:06> [ERROR] Ошибка MYSQL: MySQL server has gone away
<16:49:06> [ERROR] Ошибка MYSQL: MySQL server has gone away
<16:49:12> [ERROR] Ошибка MYSQL: MySQL server has gone away
<16:49:12> [ERROR] Ошибка MYSQL: MySQL server has gone away
<16:49:18> [ERROR] Ошибка MYSQL: MySQL server has gone away
<16:49:18> [ERROR] Ошибка MYSQL: MySQL server has gone away
<16:49:24> [ERROR] Ошибка MYSQL: MySQL server has gone away
<16:49:24> [ERROR] Ошибка MYSQL: MySQL server has gone away
<16:49:30> [ERROR] Ошибка MYSQL: MySQL server has gone away
<16:49:30> [ERROR] Ошибка MYSQL: MySQL server has gone away
<19:06:20> [MSG] Запрошен login.php
<19:06:20> [MSG] Аутентифицирован пользователь ""
<19:06:20> [MSG] Запрошен avatars.php
<19:06:20> [MSG] Запрошен settings.php
<19:06:20> [MSG] Запрошен rooms.php
<19:06:22> [MSG] Запрошен users.php
<19:06:24> [MSG] Запрошен notifications.php
<19:06:25> [MSG] Запрошен notifications.php
<19:06:26> [MSG] Запрошен users.php
<19:06:27> [MSG] Запрошен private-messages.php
<19:06:33> [MSG] Запрошен private-messages.php
<19:06:39> [MSG] Запрошен login.php
<19:06:39> [MSG] Аутентифицирован пользователь ""
<19:06:39> [MSG] Запрошен settings.php
<19:06:39> [MSG] Запрошен avatars.php
<19:06:39> [MSG] Запрошен rooms.php
<19:06:41> [MSG] Запрошен users.php
<19:06:59> [MSG] Запрошен users.php
<19:07:02> [MSG] Запрошен private-messages.php
<19:07:05> [MSG] Запрошен private-messages.php
<19:07:09> [MSG] Запрошен private-messages.php
<19:07:17> [MSG] Запрошен users.php
<19:07:19> [MSG] Запрошен users.php
<19:07:29> [MSG] Запрошен rooms.php
<19:07:31> [MSG] Запрошен users.php
<19:07:35> [MSG] Запрошен settings.php
<19:07:39> [MSG] Запрошен rooms.php
<19:07:40> [MSG] Запрошен rooms.php
<19:07:40> [MSG] Запрошен users.php
<19:07:42> [MSG] Запрошен users.php
<19:07:42> [MSG] Запрошен users.php
<19:07:42> [MSG] Запрошен users.php
<19:09:12> [MSG] Запрошен settings.php
<19:09:12> [MSG] Запрошен rooms.php
<19:09:12> [MSG] Запрошен avatars.php
<19:09:14> [MSG] Запрошен users.php
<19:09:16> [MSG] Запрошен settings.php
<19:09:16> [MSG] Запрошен avatars.php
<19:09:16> [MSG] Запрошен rooms.php
<19:09:17> [MSG] Запрошен private-messages.php
<19:09:21> [MSG] Запрошен users.php
<19:09:22> [MSG] Запрошен private-messages.php
<19:09:29> [MSG] Запрошен private-messages.php
<19:09:36> [MSG] Запрошен notifications.php
<19:09:37> [MSG] Запрошен users.php
<19:10:02> [MSG] Запрошен avatars.php
<19:10:02> [MSG] Запрошен settings.php
<19:10:02> [MSG] Запрошен rooms.php
<19:10:04> [MSG] Запрошен users.php
<19:10:06> [MSG] Запрошен users.php
<19:10:08> [MSG] Запрошен users.php
<19:10:09> [MSG] Запрошен users.php
<19:10:09> [MSG] Запрошен users.php
<19:10:10> [MSG] Запрошен settings.php
<19:10:10> [MSG] Запрошен rooms.php
<19:10:10> [MSG] Запрошен avatars.php
<19:10:12> [MSG] Запрошен users.php
<19:10:13> [MSG] Запрошен private-messages.php
<19:10:13> [MSG] Запрошен notifications.php
<19:10:13> [MSG] Запрошен users.php
<19:10:14> [MSG] Запрошен users.php
<19:10:14> [MSG] Запрошен users.php
<19:10:17> [MSG] Запрошен users.php
<19:10:17> [MSG] Запрошен users.php
<19:10:17> [MSG] Запрошен users.php
<19:10:17> [MSG] Запрошен users.php
<19:10:18> [MSG] Запрошен users.php
<19:10:18> [MSG] Запрошен users.php
<19:10:18> [MSG] Запрошен users.php
<19:10:19> [MSG] Запрошен users.php
<19:10:19> [MSG] Запрошен users.php
<19:10:19> [MSG] Запрошен users.php
<19:10:23> [MSG] Запрошен private-messages.php
<19:10:25> [MSG] Запрошен users.php
<19:10:26> [MSG] Запрошен users.php
<19:10:26> [MSG] Запрошен users.php
<19:10:27> [MSG] Запрошен users.php
<19:10:37> [MSG] Запрошен users.php
<19:10:38> [MSG] Запрошен users.php
<19:10:39> [MSG] Запрошен users.php
<19:10:41> [MSG] Запрошен settings.php
<19:10:41> [MSG] Запрошен avatars.php
<19:10:41> [MSG] Запрошен rooms.php
<19:10:41> [MSG] Запрошен private-messages.php
<19:10:43> [MSG] Запрошен users.php
<19:10:47> [MSG] Запрошен users.php
<19:10:48> [MSG] Запрошен notifications.php
<19:11:23> [MSG] Запрошен private-messages.php
<19:14:29> [MSG] Запрошен users.php
<19:47:13> [MSG] Запрошен avatars.php
<19:47:13> [MSG] Запрошен settings.php
<19:47:13> [MSG] Запрошен rooms.php
<19:47:50> [MSG] Запрошен users.php
<19:48:22> [MSG] Запрошен settings.php
<19:48:22> [MSG] Запрошен rooms.php
<19:48:22> [MSG] Запрошен avatars.php
<19:50:17> [MSG] Запрошен users.php
<20:36:29> [MSG] Запрошен login.php
<20:36:29> [MSG] Аутентифицирован пользователь ""
<20:36:29> [MSG] Запрошен avatars.php
<20:36:29> [MSG] Запрошен settings.php
<20:36:29> [MSG] Запрошен rooms.php
<22:08:54> [MSG] Запрошен login.php
<22:08:54> [MSG] Аутентифицирован пользователь ""
<22:08:54> [MSG] Запрошен settings.php
<22:08:54> [MSG] Запрошен avatars.php
<22:08:54> [MSG] Запрошен rooms.php
<22:09:01> [MSG] Запрошен settings.php
<22:09:05> [MSG] Запрошен users.php
<22:09:06> [MSG] Запрошен private-messages.php
<22:09:09> [MSG] Запрошен private-messages.php
<22:09:31> [MSG] Запрошен private-messages.php
<22:09:41> [MSG] Запрошен private-messages.php
<22:09:45> [MSG] Запрошен users.php
<22:12:00> [MSG] Запрошен login.php
<22:12:00> [ERROR] Введен неверный пароль пользователя "gryaznova2000@gmail.com"
<22:12:07> [MSG] Запрошен login.php
<22:12:07> [MSG] Аутентифицирован пользователь ""
<22:12:07> [MSG] Запрошен avatars.php
<22:12:07> [MSG] Запрошен settings.php
<22:12:07> [MSG] Запрошен rooms.php
<22:49:25> [MSG] Запрошен login.php
<22:49:25> [WARN] Переданы неверные значения email&pass
<22:49:33> [MSG] Запрошен login.php
<22:49:33> [MSG] Аутентифицирован пользователь ""
<22:49:33> [MSG] Запрошен avatars.php
<22:49:33> [MSG] Запрошен settings.php
<22:49:33> [MSG] Запрошен rooms.php
