<18:57:05> [MSG] Запрошен login.php
<18:57:05> [MSG] Аутентифицирован пользователь ""
<18:57:05> [MSG] Запрошен settings.php
<18:57:05> [MSG] Запрошен avatars.php
<18:57:05> [MSG] Запрошен rooms.php
<18:57:09> [MSG] Запрошен settings.php
<18:57:11> [MSG] Запрошен topics.php
<18:57:46> [MSG] Запрошен users.php
<18:59:17> [MSG] Запрошен avatars.php
<18:59:17> [MSG] Запрошен settings.php
<18:59:17> [MSG] Запрошен rooms.php
<19:06:50> [MSG] Запрошен avatars.php
<19:06:50> [MSG] Запрошен rooms.php
<19:06:50> [MSG] Запрошен settings.php
<19:06:58> [MSG] Запрошен logout.php
<19:06:58> [MSG] Пользователь "thesourcecode.max@yandex.ru" вышел
<19:08:45> [MSG] Запрошен login.php
<19:08:45> [MSG] Аутентифицирован пользователь ""
<19:08:45> [MSG] Запрошен settings.php
<19:08:45> [MSG] Запрошен rooms.php
<19:08:45> [MSG] Запрошен avatars.php
<19:09:47> [MSG] Запрошен settings.php
<19:10:46> [MSG] Запрошен users.php
<19:11:00> [MSG] Запрошен private-messages.php
<19:11:34> [MSG] Запрошен topics.php
<19:11:38> [MSG] Запрошен rooms.php
<19:14:15> [MSG] Запрошен rooms.php
<19:14:15> [MSG] Запрошен rooms.php
<19:14:19> [MSG] Запрошен users.php
<19:30:12> [MSG] Запрошен users.php
<19:30:14> [MSG] Запрошен private-messages.php
<19:50:50> [MSG] Запрошен rating.php
<19:50:53> [MSG] Запрошен users.php
<19:50:56> [MSG] Запрошен logout.php
<19:50:56> [MSG] Пользователь "thesourcecode.max@yandex.ru" вышел
<19:50:59> [MSG] Запрошен login.php
<19:50:59> [MSG] Аутентифицирован пользователь ""
<19:50:59> [MSG] Запрошен avatars.php
<19:51:00> [MSG] Запрошен rooms.php
<19:51:00> [MSG] Запрошен settings.php
<19:51:28> [MSG] Запрошен users.php
<19:55:58> [MSG] Запрошен users.php
<19:56:18> [MSG] Запрошен settings.php
<19:56:21> [MSG] Запрошен logout.php
<19:56:21> [MSG] Пользователь "thesourcecode.max@yandex.ru" вышел
<19:56:33> [MSG] Запрошен login.php
<19:56:33> [MSG] Аутентифицирован пользователь ""
<19:56:33> [MSG] Запрошен avatars.php
<19:56:33> [MSG] Запрошен settings.php
<19:56:33> [MSG] Запрошен rooms.php
<19:56:36> [MSG] Запрошен login.php
<19:56:41> [MSG] Запрошен settings.php
<19:56:41> [MSG] Запрошен avatars.php
<19:56:41> [MSG] Запрошен rooms.php
