<10:25:57> [MSG] Запрошен login.php
<10:25:57> [MSG] Аутентифицирован пользователь ""
<10:25:58> [MSG] Запрошен avatars.php
<10:25:58> [MSG] Запрошен settings.php
<10:25:58> [MSG] Запрошен rooms.php
<10:26:03> [MSG] Запрошен settings.php
<10:26:10> [MSG] Запрошен settings.php
<10:27:07> [MSG] Запрошен settings.php
<10:28:55> [MSG] Запрошен users.php
<10:28:56> [MSG] Запрошен private-messages.php
<10:31:02> [MSG] Запрошен logout.php
<10:31:02> [MSG] Пользователь "thesourcecode.max@yandex.ru" вышел
<11:23:24> [MSG] Запрошен login.php
<11:23:24> [MSG] Аутентифицирован пользователь ""
<11:23:24> [MSG] Запрошен settings.php
<11:23:24> [MSG] Запрошен rooms.php
<11:23:24> [MSG] Запрошен avatars.php
<11:23:27> [MSG] Запрошен rating.php
<11:23:29> [MSG] Запрошен settings.php
<11:23:30> [MSG] Запрошен users.php
<11:23:32> [MSG] Запрошен private-messages.php
<11:23:35> [MSG] Запрошен logout.php
<11:23:35> [MSG] Пользователь "thesourcecode.max@yandex.ru" вышел
<11:23:54> [MSG] Запрошен login.php
<11:23:54> [MSG] Аутентифицирован пользователь ""
<11:23:54> [MSG] Запрошен avatars.php
<11:23:54> [MSG] Запрошен settings.php
<11:23:54> [MSG] Запрошен rooms.php
<11:23:56> [MSG] Запрошен users.php
<11:23:57> [MSG] Запрошен users.php
<11:23:58> [MSG] Запрошен notifications.php
<11:48:28> [MSG] Запрошен avatars.php
<11:48:28> [MSG] Запрошен settings.php
<11:48:28> [MSG] Запрошен rooms.php
<11:48:32> [MSG] Запрошен avatars.php
<11:48:32> [MSG] Запрошен settings.php
<11:48:32> [MSG] Запрошен rooms.php
<11:49:02> [MSG] Запрошен settings.php
<11:49:04> [MSG] Запрошен settings.php
<11:49:07> [MSG] Запрошен settings.php
<11:49:16> [MSG] Запрошен avatars.php
<11:49:16> [MSG] Запрошен settings.php
<11:49:16> [MSG] Запрошен rooms.php
<11:49:19> [MSG] Запрошен settings.php
<11:49:24> [MSG] Запрошен rooms.php
<11:49:25> [MSG] Запрошен users.php
<11:49:28> [MSG] Запрошен logout.php
<11:49:28> [MSG] Пользователь "thesourcecode.max@yandex.ru" вышел
<11:51:12> [MSG] Запрошен login.php
<11:51:12> [MSG] Аутентифицирован пользователь ""
<11:51:12> [MSG] Запрошен avatars.php
<11:51:12> [MSG] Запрошен settings.php
<11:51:12> [MSG] Запрошен rooms.php
<11:51:14> [MSG] Запрошен users.php
<11:51:16> [MSG] Запрошен private-messages.php
<11:51:17> [MSG] Запрошен users.php
<11:51:18> [MSG] Запрошен private-messages.php
