<00:06:19> [MSG] Запрошен avatars.php
<00:06:19> [MSG] Запрошен settings.php
<00:06:19> [MSG] Запрошен rooms.php
<00:09:39> [MSG] Запрошен settings.php
<00:09:39> [MSG] Запрошен rooms.php
<00:09:39> [MSG] Запрошен avatars.php
<00:18:28> [MSG] Запрошен settings.php
<00:18:28> [MSG] Запрошен avatars.php
<00:18:28> [MSG] Запрошен rooms.php
<00:18:29> [MSG] Запрошен users.php
<00:18:31> [MSG] Запрошен private-messages.php
<01:15:55> [MSG] Запрошен avatars.php
<01:15:55> [MSG] Запрошен rooms.php
<01:15:55> [MSG] Запрошен settings.php
<01:16:02> [MSG] Запрошен users.php
<01:16:04> [MSG] Запрошен users.php
<01:16:05> [MSG] Запрошен users.php
<01:16:05> [MSG] Запрошен notifications.php
<01:16:07> [MSG] Запрошен settings.php
<01:50:11> [MSG] Запрошен login.php
<01:50:11> [MSG] Аутентифицирован пользователь ""
<01:50:11> [MSG] Запрошен avatars.php
<01:50:11> [MSG] Запрошен rooms.php
<01:50:11> [MSG] Запрошен settings.php
<01:50:23> [MSG] Запрошен users.php
<02:01:51> [MSG] Запрошен users.php
<02:01:53> [MSG] Запрошен private-messages.php
<02:01:55> [MSG] Запрошен private-messages.php
<02:10:49> [MSG] Запрошен users.php
<02:11:01> [MSG] Запрошен users.php
<02:11:08> [MSG] Запрошен private-messages.php
<02:11:12> [MSG] Запрошен private-messages.php
<02:11:17> [MSG] Запрошен settings.php
<02:11:19> [MSG] Запрошен users.php
<02:11:20> [MSG] Запрошен private-messages.php
<02:11:24> [MSG] Запрошен settings.php
<02:11:26> [MSG] Запрошен rooms.php
<02:11:38> [MSG] Запрошен users.php
<02:12:07> [MSG] Запрошен login.php
<02:12:07> [MSG] Аутентифицирован пользователь ""
<02:12:07> [MSG] Запрошен avatars.php
<02:12:07> [MSG] Запрошен settings.php
<02:12:07> [MSG] Запрошен rooms.php
<02:12:11> [MSG] Запрошен users.php
<02:12:16> [MSG] Запрошен notifications.php
<02:12:22> [MSG] Запрошен notifications.php
<02:12:23> [MSG] Запрошен users.php
<02:12:24> [MSG] Запрошен private-messages.php
<02:12:26> [MSG] Запрошен notifications.php
<02:12:27> [MSG] Запрошен users.php
<02:12:27> [MSG] Запрошен private-messages.php
<02:12:33> [MSG] Запрошен private-messages.php
<02:12:40> [MSG] Запрошен private-messages.php
<02:13:05> [MSG] Запрошен settings.php
<02:13:05> [MSG] Запрошен rooms.php
<02:13:05> [MSG] Запрошен avatars.php
<02:13:14> [MSG] Запрошен settings.php
<02:18:12> [MSG] Запрошен settings.php
<10:00:51> [MSG] Запрошен settings.php
<10:00:51> [MSG] Запрошен rooms.php
<10:00:51> [MSG] Запрошен avatars.php
<15:23:00> [MSG] Запрошен login.php
<15:23:00> [MSG] Аутентифицирован пользователь ""
<15:23:00> [MSG] Запрошен avatars.php
<15:23:00> [MSG] Запрошен settings.php
<15:23:00> [MSG] Запрошен rooms.php
<15:23:49> [MSG] Запрошен settings.php
<15:23:49> [MSG] Запрошен avatars.php
<15:23:49> [MSG] Запрошен rooms.php
<16:16:57> [MSG] Запрошен avatars.php
<16:16:57> [MSG] Запрошен settings.php
<16:16:57> [MSG] Запрошен rooms.php
<16:16:59> [MSG] Запрошен avatars.php
<16:16:59> [MSG] Запрошен settings.php
<16:16:59> [MSG] Запрошен rooms.php
<16:17:01> [MSG] Запрошен users.php
<16:17:03> [MSG] Запрошен topics.php
<16:17:14> [MSG] Запрошен settings.php
<16:17:14> [MSG] Запрошен avatars.php
<16:17:14> [MSG] Запрошен rooms.php
<16:17:16> [MSG] Запрошен topics.php
<16:17:19> [MSG] Запрошен settings.php
<16:17:19> [MSG] Запрошен avatars.php
<16:17:19> [MSG] Запрошен rooms.php
<16:17:22> [MSG] Запрошен avatars.php
<16:17:22> [MSG] Запрошен rooms.php
<16:17:22> [MSG] Запрошен settings.php
<16:19:05> [MSG] Запрошен settings.php
<16:19:05> [MSG] Запрошен rooms.php
<16:19:05> [MSG] Запрошен avatars.php
<16:19:08> [MSG] Запрошен settings.php
<16:19:08> [MSG] Запрошен rooms.php
<16:19:08> [MSG] Запрошен avatars.php
<16:20:33> [MSG] Запрошен users.php
<16:22:15> [MSG] Запрошен rooms.php
<16:22:15> [MSG] Запрошен settings.php
<16:22:16> [MSG] Запрошен avatars.php
<16:22:17> [MSG] Запрошен topics.php
<16:23:00> [MSG] Запрошен settings.php
<16:23:00> [MSG] Запрошен rooms.php
<16:23:00> [MSG] Запрошен avatars.php
<16:23:13> [MSG] Запрошен users.php
<16:23:16> [MSG] Запрошен private-messages.php
<16:23:23> [MSG] Запрошен private-messages.php
<16:24:06> [MSG] Запрошен users.php
<16:24:08> [MSG] Запрошен private-messages.php
<16:25:02> [MSG] Запрошен settings.php
<16:25:02> [MSG] Запрошен rooms.php
<16:25:03> [MSG] Запрошен avatars.php
<16:25:04> [MSG] Запрошен topics.php
<16:25:06> [MSG] Запрошен rating.php
<16:28:08> [MSG] Запрошен avatars.php
<16:28:08> [MSG] Запрошен settings.php
<16:28:08> [MSG] Запрошен rooms.php
<16:28:12> [MSG] Запрошен users.php
<16:28:14> [MSG] Запрошен private-messages.php
<16:28:20> [MSG] Запрошен private-messages.php
<16:28:56> [MSG] Запрошен users.php
<16:28:58> [MSG] Запрошен private-messages.php
<16:29:02> [MSG] Запрошен private-messages.php
<16:29:13> [MSG] Запрошен users.php
<16:29:15> [MSG] Запрошен private-messages.php
<16:29:44> [MSG] Запрошен settings.php
<16:29:44> [MSG] Запрошен rooms.php
<16:29:44> [MSG] Запрошен avatars.php
<16:29:50> [MSG] Запрошен settings.php
<16:29:50> [MSG] Запрошен rooms.php
<16:29:50> [MSG] Запрошен avatars.php
<16:29:55> [MSG] Запрошен settings.php
<16:29:55> [MSG] Запрошен rooms.php
<16:29:55> [MSG] Запрошен avatars.php
<16:30:16> [MSG] Запрошен avatars.php
<16:30:16> [MSG] Запрошен rooms.php
<16:30:16> [MSG] Запрошен settings.php
<16:30:18> [MSG] Запрошен settings.php
<16:30:18> [MSG] Запрошен avatars.php
<16:30:18> [MSG] Запрошен rooms.php
<16:30:20> [MSG] Запрошен rooms.php
<16:30:21> [MSG] Запрошен rooms.php
<16:30:22> [MSG] Запрошен settings.php
<16:30:22> [MSG] Запрошен avatars.php
<16:30:22> [MSG] Запрошен rooms.php
<16:30:36> [MSG] Запрошен topics.php
<16:31:17> [MSG] Запрошен rooms.php
<16:31:23> [MSG] Запрошен rooms.php
<16:31:26> [MSG] Запрошен rooms.php
<16:31:26> [MSG] Запрошен rooms.php
<16:31:27> [MSG] Запрошен rooms.php
<16:31:27> [MSG] Запрошен rooms.php
<16:31:33> [MSG] Запрошен rooms.php
<16:31:34> [MSG] Запрошен rooms.php
<16:34:19> [MSG] Запрошен rooms.php
<16:36:10> [MSG] Запрошен rooms.php
<16:36:53> [MSG] Запрошен settings.php
<16:36:53> [MSG] Запрошен avatars.php
<16:36:53> [MSG] Запрошен rooms.php
<16:36:59> [MSG] Запрошен topics.php
<16:37:02> [MSG] Запрошен settings.php
<16:37:02> [MSG] Запрошен rooms.php
<16:37:02> [MSG] Запрошен avatars.php
<16:37:14> [MSG] Запрошен topics.php
<16:37:29> [MSG] Запрошен rooms.php
<16:38:14> [MSG] Запрошен settings.php
<16:38:14> [MSG] Запрошен rooms.php
<16:38:14> [MSG] Запрошен avatars.php
<16:38:18> [MSG] Запрошен rating.php
<16:38:21> [MSG] Запрошен users.php
<16:38:24> [MSG] Запрошен private-messages.php
<16:38:26> [MSG] Запрошен private-messages.php
<16:38:28> [MSG] Запрошен private-messages.php
<16:38:30> [MSG] Запрошен private-messages.php
<16:38:31> [MSG] Запрошен users.php
<16:38:34> [MSG] Запрошен private-messages.php
<16:38:39> [MSG] Запрошен private-messages.php
<16:38:41> [MSG] Запрошен private-messages.php
<16:38:42> [MSG] Запрошен private-messages.php
<16:38:46> [MSG] Запрошен private-messages.php
<16:38:48> [MSG] Запрошен users.php
<16:38:49> [MSG] Запрошен private-messages.php
<16:38:53> [MSG] Запрошен private-messages.php
<16:39:21> [MSG] Запрошен private-messages.php
<16:39:22> [MSG] Запрошен private-messages.php
<16:39:22> [MSG] Запрошен private-messages.php
<16:39:22> [MSG] Запрошен private-messages.php
<16:39:22> [MSG] Запрошен private-messages.php
<16:39:22> [MSG] Запрошен private-messages.php
<16:39:22> [MSG] Запрошен private-messages.php
<16:39:23> [MSG] Запрошен private-messages.php
<16:39:23> [MSG] Запрошен private-messages.php
<16:39:23> [MSG] Запрошен private-messages.php
<16:39:23> [MSG] Запрошен private-messages.php
<16:39:23> [MSG] Запрошен private-messages.php
<16:39:23> [MSG] Запрошен private-messages.php
<16:39:24> [MSG] Запрошен private-messages.php
<16:39:24> [MSG] Запрошен private-messages.php
<16:39:24> [MSG] Запрошен private-messages.php
<16:39:24> [MSG] Запрошен private-messages.php
<16:39:24> [MSG] Запрошен private-messages.php
<16:39:24> [MSG] Запрошен users.php
<16:39:25> [MSG] Запрошен private-messages.php
<16:39:25> [MSG] Запрошен private-messages.php
<16:39:25> [MSG] Запрошен private-messages.php
<16:39:25> [MSG] Запрошен private-messages.php
<16:39:25> [MSG] Запрошен private-messages.php
<16:39:25> [MSG] Запрошен private-messages.php
<16:39:26> [MSG] Запрошен private-messages.php
<16:39:26> [MSG] Запрошен private-messages.php
<16:39:27> [MSG] Запрошен private-messages.php
<16:39:27> [MSG] Запрошен private-messages.php
<16:39:27> [MSG] Запрошен private-messages.php
<16:39:27> [MSG] Запрошен private-messages.php
<16:39:28> [MSG] Запрошен avatars.php
<16:39:28> [MSG] Запрошен rooms.php
<16:39:28> [MSG] Запрошен settings.php
<16:39:29> [MSG] Запрошен private-messages.php
<16:39:29> [MSG] Запрошен private-messages.php
<16:39:29> [MSG] Запрошен private-messages.php
<16:39:30> [MSG] Запрошен private-messages.php
<16:39:30> [MSG] Запрошен private-messages.php
<16:39:30> [MSG] Запрошен avatars.php
<16:39:30> [MSG] Запрошен settings.php
<16:39:30> [MSG] Запрошен rooms.php
<16:39:30> [MSG] Запрошен private-messages.php
<16:39:31> [MSG] Запрошен private-messages.php
<16:39:31> [MSG] Запрошен users.php
<16:39:31> [MSG] Запрошен private-messages.php
<16:39:31> [MSG] Запрошен private-messages.php
<16:39:32> [MSG] Запрошен private-messages.php
<16:39:32> [MSG] Запрошен private-messages.php
<16:39:32> [MSG] Запрошен private-messages.php
<16:39:32> [MSG] Запрошен private-messages.php
<16:39:32> [MSG] Запрошен private-messages.php
<16:39:33> [MSG] Запрошен private-messages.php
<16:39:33> [MSG] Запрошен private-messages.php
<16:39:33> [MSG] Запрошен private-messages.php
<16:39:34> [MSG] Запрошен private-messages.php
<16:39:34> [MSG] Запрошен users.php
<16:43:05> [MSG] Запрошен users.php
<16:43:18> [MSG] Запрошен private-messages.php
<16:47:42> [MSG] Запрошен rooms.php
<16:47:42> [MSG] Запрошен rooms.php
<16:47:43> [MSG] Запрошен rooms.php
<16:47:43> [MSG] Запрошен rooms.php
<16:47:43> [MSG] Запрошен rooms.php
<16:47:44> [MSG] Запрошен topics.php
<16:47:49> [MSG] Запрошен rating.php
<16:47:59> [MSG] Запрошен users.php
<16:48:02> [MSG] Запрошен users.php
<16:48:07> [MSG] Запрошен users.php
<16:48:14> [MSG] Запрошен users.php
<16:48:26> [MSG] Запрошен users.php
<16:48:28> [MSG] Запрошен private-messages.php
<16:48:53> [MSG] Запрошен users.php
<16:48:56> [MSG] Запрошен private-messages.php
<16:50:26> [MSG] Запрошен users.php
<16:50:28> [MSG] Запрошен private-messages.php
<16:52:29> [MSG] Запрошен avatars.php
<16:52:29> [MSG] Запрошен rooms.php
<16:52:29> [MSG] Запрошен settings.php
<16:52:31> [MSG] Запрошен logout.php
<16:52:31> [MSG] Пользователь "thesourcecode.max@yandex.ru" вышел
<16:53:25> [MSG] Запрошен login.php
<16:53:25> [MSG] Аутентифицирован пользователь ""
<16:53:25> [MSG] Запрошен avatars.php
<16:53:25> [MSG] Запрошен rooms.php
<16:53:25> [MSG] Запрошен settings.php
<16:53:29> [MSG] Запрошен logout.php
<16:53:29> [MSG] Пользователь "thesourcecode.max@yandex.ru" вышел
<16:54:22> [MSG] Запрошен login.php
<16:54:22> [MSG] Аутентифицирован пользователь ""
<16:54:22> [MSG] Запрошен avatars.php
<16:54:22> [MSG] Запрошен settings.php
<16:54:22> [MSG] Запрошен rooms.php
<16:54:35> [MSG] Запрошен rooms.php
<17:07:05> [MSG] Запрошен avatars.php
<17:07:05> [MSG] Запрошен settings.php
<17:07:05> [MSG] Запрошен rooms.php
<17:07:07> [MSG] Запрошен rating.php
<17:29:29> [MSG] Запрошен settings.php
<17:29:29> [MSG] Запрошен avatars.php
<17:29:29> [MSG] Запрошен rooms.php
<17:42:53> [MSG] Запрошен users.php
<17:42:55> [MSG] Запрошен private-messages.php
<17:42:57> [MSG] Запрошен private-messages.php
<17:45:27> [MSG] Запрошен topics.php
<17:45:51> [MSG] Запрошен users.php
<17:53:37> [MSG] Запрошен users.php
<18:02:37> [MSG] Запрошен users.php
<18:02:42> [MSG] Запрошен rating.php
<19:02:24> [ERROR] Ошибка MYSQL: MySQL server has gone away
<19:02:24> [ERROR] Ошибка MYSQL: MySQL server has gone away
<19:02:24> [ERROR] Ошибка MYSQL: MySQL server has gone away
<19:02:24> [ERROR] Ошибка MYSQL: MySQL server has gone away
<19:02:24> [ERROR] Ошибка MYSQL: MySQL server has gone away
<19:02:24> [ERROR] Ошибка MYSQL: MySQL server has gone away
<19:02:24> [ERROR] Ошибка MYSQL: MySQL server has gone away
<19:02:24> [ERROR] Ошибка MYSQL: MySQL server has gone away
<19:02:30> [ERROR] Ошибка MYSQL: MySQL server has gone away
<19:02:30> [ERROR] Ошибка MYSQL: MySQL server has gone away
<19:02:30> [ERROR] Ошибка MYSQL: MySQL server has gone away
<19:02:30> [ERROR] Ошибка MYSQL: MySQL server has gone away
<19:02:30> [ERROR] Ошибка MYSQL: MySQL server has gone away
<19:02:30> [ERROR] Ошибка MYSQL: MySQL server has gone away
<19:02:30> [ERROR] Ошибка MYSQL: MySQL server has gone away
<19:02:30> [ERROR] Ошибка MYSQL: MySQL server has gone away
<19:02:36> [ERROR] Ошибка MYSQL: MySQL server has gone away
<19:02:36> [ERROR] Ошибка MYSQL: MySQL server has gone away
<19:02:36> [ERROR] Ошибка MYSQL: MySQL server has gone away
<19:02:36> [ERROR] Ошибка MYSQL: MySQL server has gone away
<19:02:36> [ERROR] Ошибка MYSQL: MySQL server has gone away
<19:02:36> [ERROR] Ошибка MYSQL: MySQL server has gone away
<19:02:36> [ERROR] Ошибка MYSQL: MySQL server has gone away
<19:02:36> [ERROR] Ошибка MYSQL: MySQL server has gone away
<19:02:42> [ERROR] Ошибка MYSQL: MySQL server has gone away
<19:02:42> [ERROR] Ошибка MYSQL: MySQL server has gone away
<19:02:42> [ERROR] Ошибка MYSQL: MySQL server has gone away
<19:02:42> [ERROR] Ошибка MYSQL: MySQL server has gone away
<19:02:42> [ERROR] Ошибка MYSQL: MySQL server has gone away
<19:02:42> [ERROR] Ошибка MYSQL: MySQL server has gone away
<19:02:42> [ERROR] Ошибка MYSQL: MySQL server has gone away
<19:02:42> [ERROR] Ошибка MYSQL: MySQL server has gone away
<19:02:48> [ERROR] Ошибка MYSQL: MySQL server has gone away
<19:02:48> [ERROR] Ошибка MYSQL: MySQL server has gone away
<19:02:48> [ERROR] Ошибка MYSQL: MySQL server has gone away
<19:02:48> [ERROR] Ошибка MYSQL: MySQL server has gone away
<19:02:48> [ERROR] Ошибка MYSQL: MySQL server has gone away
<19:02:48> [ERROR] Ошибка MYSQL: MySQL server has gone away
<19:02:48> [ERROR] Ошибка MYSQL: MySQL server has gone away
<19:02:48> [ERROR] Ошибка MYSQL: MySQL server has gone away
<19:02:54> [ERROR] Ошибка MYSQL: MySQL server has gone away
<19:02:54> [ERROR] Ошибка MYSQL: MySQL server has gone away
<19:02:54> [ERROR] Ошибка MYSQL: MySQL server has gone away
<19:02:54> [ERROR] Ошибка MYSQL: MySQL server has gone away
<19:02:54> [ERROR] Ошибка MYSQL: MySQL server has gone away
<19:02:54> [ERROR] Ошибка MYSQL: MySQL server has gone away
<19:02:54> [ERROR] Ошибка MYSQL: MySQL server has gone away
<19:02:54> [ERROR] Ошибка MYSQL: MySQL server has gone away
<19:03:00> [ERROR] Ошибка MYSQL: MySQL server has gone away
<19:03:00> [ERROR] Ошибка MYSQL: MySQL server has gone away
<19:03:00> [ERROR] Ошибка MYSQL: MySQL server has gone away
<19:03:00> [ERROR] Ошибка MYSQL: MySQL server has gone away
<19:03:00> [ERROR] Ошибка MYSQL: MySQL server has gone away
<19:03:00> [ERROR] Ошибка MYSQL: MySQL server has gone away
<19:03:00> [ERROR] Ошибка MYSQL: MySQL server has gone away
<19:03:00> [ERROR] Ошибка MYSQL: MySQL server has gone away
<19:03:06> [ERROR] Ошибка MYSQL: MySQL server has gone away
<19:03:06> [ERROR] Ошибка MYSQL: MySQL server has gone away
<19:03:06> [ERROR] Ошибка MYSQL: MySQL server has gone away
<19:03:06> [ERROR] Ошибка MYSQL: MySQL server has gone away
<19:03:06> [ERROR] Ошибка MYSQL: MySQL server has gone away
<19:03:06> [ERROR] Ошибка MYSQL: MySQL server has gone away
<19:03:06> [ERROR] Ошибка MYSQL: MySQL server has gone away
<19:03:06> [ERROR] Ошибка MYSQL: MySQL server has gone away
<19:03:12> [ERROR] Ошибка MYSQL: MySQL server has gone away
<19:03:12> [ERROR] Ошибка MYSQL: MySQL server has gone away
<19:03:12> [ERROR] Ошибка MYSQL: MySQL server has gone away
<19:03:12> [ERROR] Ошибка MYSQL: MySQL server has gone away
<19:03:12> [ERROR] Ошибка MYSQL: MySQL server has gone away
<19:03:12> [ERROR] Ошибка MYSQL: MySQL server has gone away
<19:03:12> [ERROR] Ошибка MYSQL: MySQL server has gone away
<19:03:12> [ERROR] Ошибка MYSQL: MySQL server has gone away
<19:03:18> [ERROR] Ошибка MYSQL: MySQL server has gone away
<19:03:18> [ERROR] Ошибка MYSQL: MySQL server has gone away
<19:03:18> [ERROR] Ошибка MYSQL: MySQL server has gone away
<19:03:18> [ERROR] Ошибка MYSQL: MySQL server has gone away
<19:03:18> [ERROR] Ошибка MYSQL: MySQL server has gone away
<19:03:18> [ERROR] Ошибка MYSQL: MySQL server has gone away
<19:03:18> [ERROR] Ошибка MYSQL: MySQL server has gone away
<19:03:18> [ERROR] Ошибка MYSQL: MySQL server has gone away
<19:03:24> [ERROR] Ошибка MYSQL: MySQL server has gone away
<19:03:24> [ERROR] Ошибка MYSQL: MySQL server has gone away
<19:03:24> [ERROR] Ошибка MYSQL: MySQL server has gone away
<19:03:24> [ERROR] Ошибка MYSQL: MySQL server has gone away
<19:03:24> [ERROR] Ошибка MYSQL: MySQL server has gone away
<19:03:24> [ERROR] Ошибка MYSQL: MySQL server has gone away
<19:03:24> [ERROR] Ошибка MYSQL: MySQL server has gone away
<19:03:24> [ERROR] Ошибка MYSQL: MySQL server has gone away
<19:03:30> [ERROR] Ошибка MYSQL: MySQL server has gone away
<19:03:30> [ERROR] Ошибка MYSQL: MySQL server has gone away
<19:03:30> [ERROR] Ошибка MYSQL: MySQL server has gone away
<19:03:30> [ERROR] Ошибка MYSQL: MySQL server has gone away
<19:03:30> [ERROR] Ошибка MYSQL: MySQL server has gone away
<19:03:30> [ERROR] Ошибка MYSQL: MySQL server has gone away
<19:03:30> [ERROR] Ошибка MYSQL: MySQL server has gone away
<19:03:30> [ERROR] Ошибка MYSQL: MySQL server has gone away
<19:03:36> [ERROR] Ошибка MYSQL: MySQL server has gone away
<19:03:36> [ERROR] Ошибка MYSQL: MySQL server has gone away
<19:03:36> [ERROR] Ошибка MYSQL: MySQL server has gone away
<19:03:36> [ERROR] Ошибка MYSQL: MySQL server has gone away
<19:03:36> [ERROR] Ошибка MYSQL: MySQL server has gone away
<19:03:36> [ERROR] Ошибка MYSQL: MySQL server has gone away
<19:03:36> [ERROR] Ошибка MYSQL: MySQL server has gone away
<19:03:36> [ERROR] Ошибка MYSQL: MySQL server has gone away
<19:03:42> [ERROR] Ошибка MYSQL: MySQL server has gone away
<19:03:42> [ERROR] Ошибка MYSQL: MySQL server has gone away
<19:03:42> [ERROR] Ошибка MYSQL: MySQL server has gone away
<19:03:42> [ERROR] Ошибка MYSQL: MySQL server has gone away
<19:03:42> [ERROR] Ошибка MYSQL: MySQL server has gone away
<19:03:42> [ERROR] Ошибка MYSQL: MySQL server has gone away
<19:03:42> [ERROR] Ошибка MYSQL: MySQL server has gone away
<19:03:42> [ERROR] Ошибка MYSQL: MySQL server has gone away
<19:03:48> [ERROR] Ошибка MYSQL: MySQL server has gone away
<19:03:48> [ERROR] Ошибка MYSQL: MySQL server has gone away
<19:03:48> [ERROR] Ошибка MYSQL: MySQL server has gone away
<19:03:48> [ERROR] Ошибка MYSQL: MySQL server has gone away
<19:03:48> [ERROR] Ошибка MYSQL: MySQL server has gone away
<19:03:48> [ERROR] Ошибка MYSQL: MySQL server has gone away
<19:03:48> [ERROR] Ошибка MYSQL: MySQL server has gone away
<19:03:48> [ERROR] Ошибка MYSQL: MySQL server has gone away
<19:03:54> [ERROR] Ошибка MYSQL: MySQL server has gone away
<19:03:54> [ERROR] Ошибка MYSQL: MySQL server has gone away
<19:03:54> [ERROR] Ошибка MYSQL: MySQL server has gone away
<19:03:54> [ERROR] Ошибка MYSQL: MySQL server has gone away
<19:03:54> [ERROR] Ошибка MYSQL: MySQL server has gone away
<19:03:54> [ERROR] Ошибка MYSQL: MySQL server has gone away
<19:03:54> [ERROR] Ошибка MYSQL: MySQL server has gone away
<19:03:54> [ERROR] Ошибка MYSQL: MySQL server has gone away
<19:04:00> [ERROR] Ошибка MYSQL: MySQL server has gone away
<19:04:00> [ERROR] Ошибка MYSQL: MySQL server has gone away
<19:04:00> [ERROR] Ошибка MYSQL: MySQL server has gone away
<19:04:00> [ERROR] Ошибка MYSQL: MySQL server has gone away
<19:04:00> [ERROR] Ошибка MYSQL: MySQL server has gone away
<19:04:00> [ERROR] Ошибка MYSQL: MySQL server has gone away
<19:04:00> [ERROR] Ошибка MYSQL: MySQL server has gone away
<19:04:00> [ERROR] Ошибка MYSQL: MySQL server has gone away
<19:04:06> [ERROR] Ошибка MYSQL: MySQL server has gone away
<19:04:06> [ERROR] Ошибка MYSQL: MySQL server has gone away
<19:04:06> [ERROR] Ошибка MYSQL: MySQL server has gone away
<19:04:06> [ERROR] Ошибка MYSQL: MySQL server has gone away
<19:04:06> [ERROR] Ошибка MYSQL: MySQL server has gone away
<19:04:06> [ERROR] Ошибка MYSQL: MySQL server has gone away
<19:04:06> [ERROR] Ошибка MYSQL: MySQL server has gone away
<19:04:06> [ERROR] Ошибка MYSQL: MySQL server has gone away
<19:04:12> [ERROR] Ошибка MYSQL: MySQL server has gone away
<19:04:12> [ERROR] Ошибка MYSQL: MySQL server has gone away
<19:04:12> [ERROR] Ошибка MYSQL: MySQL server has gone away
<19:04:12> [ERROR] Ошибка MYSQL: MySQL server has gone away
<19:04:12> [ERROR] Ошибка MYSQL: MySQL server has gone away
<19:04:12> [ERROR] Ошибка MYSQL: MySQL server has gone away
<19:04:12> [ERROR] Ошибка MYSQL: MySQL server has gone away
<19:04:12> [ERROR] Ошибка MYSQL: MySQL server has gone away
<19:04:18> [ERROR] Ошибка MYSQL: MySQL server has gone away
<19:04:18> [ERROR] Ошибка MYSQL: MySQL server has gone away
<19:04:18> [ERROR] Ошибка MYSQL: MySQL server has gone away
<19:04:18> [ERROR] Ошибка MYSQL: MySQL server has gone away
<19:04:18> [ERROR] Ошибка MYSQL: MySQL server has gone away
<19:04:18> [ERROR] Ошибка MYSQL: MySQL server has gone away
<19:04:18> [ERROR] Ошибка MYSQL: MySQL server has gone away
<19:04:18> [ERROR] Ошибка MYSQL: MySQL server has gone away
<19:04:24> [ERROR] Ошибка MYSQL: MySQL server has gone away
<19:04:24> [ERROR] Ошибка MYSQL: MySQL server has gone away
<19:04:24> [ERROR] Ошибка MYSQL: MySQL server has gone away
<19:04:24> [ERROR] Ошибка MYSQL: MySQL server has gone away
<19:04:24> [ERROR] Ошибка MYSQL: MySQL server has gone away
<19:04:24> [ERROR] Ошибка MYSQL: MySQL server has gone away
<19:04:24> [ERROR] Ошибка MYSQL: MySQL server has gone away
<19:04:24> [ERROR] Ошибка MYSQL: MySQL server has gone away
<19:04:30> [ERROR] Ошибка MYSQL: MySQL server has gone away
<19:04:30> [ERROR] Ошибка MYSQL: MySQL server has gone away
<19:04:30> [ERROR] Ошибка MYSQL: MySQL server has gone away
<19:04:30> [ERROR] Ошибка MYSQL: MySQL server has gone away
<19:04:30> [ERROR] Ошибка MYSQL: MySQL server has gone away
<19:04:30> [ERROR] Ошибка MYSQL: MySQL server has gone away
<19:04:30> [ERROR] Ошибка MYSQL: MySQL server has gone away
<19:04:30> [ERROR] Ошибка MYSQL: MySQL server has gone away
<19:04:36> [ERROR] Ошибка MYSQL: MySQL server has gone away
<19:04:36> [ERROR] Ошибка MYSQL: MySQL server has gone away
<19:04:36> [ERROR] Ошибка MYSQL: MySQL server has gone away
<19:04:36> [ERROR] Ошибка MYSQL: MySQL server has gone away
<19:04:36> [ERROR] Ошибка MYSQL: MySQL server has gone away
<19:04:36> [ERROR] Ошибка MYSQL: MySQL server has gone away
<19:04:36> [ERROR] Ошибка MYSQL: MySQL server has gone away
<19:04:36> [ERROR] Ошибка MYSQL: MySQL server has gone away
<19:04:42> [ERROR] Ошибка MYSQL: MySQL server has gone away
<19:04:42> [ERROR] Ошибка MYSQL: MySQL server has gone away
<19:04:42> [ERROR] Ошибка MYSQL: MySQL server has gone away
<19:04:42> [ERROR] Ошибка MYSQL: MySQL server has gone away
<19:04:42> [ERROR] Ошибка MYSQL: MySQL server has gone away
<19:04:42> [ERROR] Ошибка MYSQL: MySQL server has gone away
<19:04:42> [ERROR] Ошибка MYSQL: MySQL server has gone away
<19:04:42> [ERROR] Ошибка MYSQL: MySQL server has gone away
<19:04:48> [ERROR] Ошибка MYSQL: MySQL server has gone away
<19:04:48> [ERROR] Ошибка MYSQL: MySQL server has gone away
<19:04:48> [ERROR] Ошибка MYSQL: MySQL server has gone away
<19:04:48> [ERROR] Ошибка MYSQL: MySQL server has gone away
<19:04:48> [ERROR] Ошибка MYSQL: MySQL server has gone away
<19:04:48> [ERROR] Ошибка MYSQL: MySQL server has gone away
<19:04:48> [ERROR] Ошибка MYSQL: MySQL server has gone away
<19:04:48> [ERROR] Ошибка MYSQL: MySQL server has gone away
<19:04:54> [ERROR] Ошибка MYSQL: MySQL server has gone away
<19:04:54> [ERROR] Ошибка MYSQL: MySQL server has gone away
<19:04:54> [ERROR] Ошибка MYSQL: MySQL server has gone away
<19:04:54> [ERROR] Ошибка MYSQL: MySQL server has gone away
<19:04:54> [ERROR] Ошибка MYSQL: MySQL server has gone away
<19:04:54> [ERROR] Ошибка MYSQL: MySQL server has gone away
<19:04:54> [ERROR] Ошибка MYSQL: MySQL server has gone away
<19:04:54> [ERROR] Ошибка MYSQL: MySQL server has gone away
<19:05:00> [ERROR] Ошибка MYSQL: MySQL server has gone away
<19:05:00> [ERROR] Ошибка MYSQL: MySQL server has gone away
<19:05:00> [ERROR] Ошибка MYSQL: MySQL server has gone away
<19:05:00> [ERROR] Ошибка MYSQL: MySQL server has gone away
<19:05:00> [ERROR] Ошибка MYSQL: MySQL server has gone away
<19:05:00> [ERROR] Ошибка MYSQL: MySQL server has gone away
<19:05:00> [ERROR] Ошибка MYSQL: MySQL server has gone away
<19:05:00> [ERROR] Ошибка MYSQL: MySQL server has gone away
<19:05:06> [ERROR] Ошибка MYSQL: MySQL server has gone away
<19:05:06> [ERROR] Ошибка MYSQL: MySQL server has gone away
<19:05:06> [ERROR] Ошибка MYSQL: MySQL server has gone away
<19:05:06> [ERROR] Ошибка MYSQL: MySQL server has gone away
<19:05:06> [ERROR] Ошибка MYSQL: MySQL server has gone away
<19:05:06> [ERROR] Ошибка MYSQL: MySQL server has gone away
<19:05:06> [ERROR] Ошибка MYSQL: MySQL server has gone away
<19:05:06> [ERROR] Ошибка MYSQL: MySQL server has gone away
<19:05:12> [ERROR] Ошибка MYSQL: MySQL server has gone away
<19:05:12> [ERROR] Ошибка MYSQL: MySQL server has gone away
<19:05:12> [ERROR] Ошибка MYSQL: MySQL server has gone away
<19:05:12> [ERROR] Ошибка MYSQL: MySQL server has gone away
<19:05:12> [ERROR] Ошибка MYSQL: MySQL server has gone away
<19:05:12> [ERROR] Ошибка MYSQL: MySQL server has gone away
<19:05:12> [ERROR] Ошибка MYSQL: MySQL server has gone away
<19:05:12> [ERROR] Ошибка MYSQL: MySQL server has gone away
<19:05:18> [ERROR] Ошибка MYSQL: MySQL server has gone away
<19:05:18> [ERROR] Ошибка MYSQL: MySQL server has gone away
<19:05:18> [ERROR] Ошибка MYSQL: MySQL server has gone away
<19:05:18> [ERROR] Ошибка MYSQL: MySQL server has gone away
<19:05:18> [ERROR] Ошибка MYSQL: MySQL server has gone away
<19:05:18> [ERROR] Ошибка MYSQL: MySQL server has gone away
<19:05:18> [ERROR] Ошибка MYSQL: MySQL server has gone away
<19:05:18> [ERROR] Ошибка MYSQL: MySQL server has gone away
<19:05:24> [ERROR] Ошибка MYSQL: MySQL server has gone away
<19:05:24> [ERROR] Ошибка MYSQL: MySQL server has gone away
<19:05:24> [ERROR] Ошибка MYSQL: MySQL server has gone away
<19:05:24> [ERROR] Ошибка MYSQL: MySQL server has gone away
<19:05:24> [ERROR] Ошибка MYSQL: MySQL server has gone away
<19:05:24> [ERROR] Ошибка MYSQL: MySQL server has gone away
<19:05:24> [ERROR] Ошибка MYSQL: MySQL server has gone away
<19:05:24> [ERROR] Ошибка MYSQL: MySQL server has gone away
<19:05:30> [ERROR] Ошибка MYSQL: MySQL server has gone away
<19:05:30> [ERROR] Ошибка MYSQL: MySQL server has gone away
<19:05:30> [ERROR] Ошибка MYSQL: MySQL server has gone away
<19:05:30> [ERROR] Ошибка MYSQL: MySQL server has gone away
<19:05:30> [ERROR] Ошибка MYSQL: MySQL server has gone away
<19:05:30> [ERROR] Ошибка MYSQL: MySQL server has gone away
<19:05:30> [ERROR] Ошибка MYSQL: MySQL server has gone away
<19:05:30> [ERROR] Ошибка MYSQL: MySQL server has gone away
<19:05:36> [ERROR] Ошибка MYSQL: MySQL server has gone away
<19:05:36> [ERROR] Ошибка MYSQL: MySQL server has gone away
<19:05:36> [ERROR] Ошибка MYSQL: MySQL server has gone away
<19:05:36> [ERROR] Ошибка MYSQL: MySQL server has gone away
<19:05:36> [ERROR] Ошибка MYSQL: MySQL server has gone away
<19:05:36> [ERROR] Ошибка MYSQL: MySQL server has gone away
<19:05:36> [ERROR] Ошибка MYSQL: MySQL server has gone away
<19:05:36> [ERROR] Ошибка MYSQL: MySQL server has gone away
<19:05:42> [ERROR] Ошибка MYSQL: MySQL server has gone away
<19:05:42> [ERROR] Ошибка MYSQL: MySQL server has gone away
<19:05:42> [ERROR] Ошибка MYSQL: MySQL server has gone away
<19:05:42> [ERROR] Ошибка MYSQL: MySQL server has gone away
<19:05:42> [ERROR] Ошибка MYSQL: MySQL server has gone away
<19:05:42> [ERROR] Ошибка MYSQL: MySQL server has gone away
<19:05:42> [ERROR] Ошибка MYSQL: MySQL server has gone away
<19:05:42> [ERROR] Ошибка MYSQL: MySQL server has gone away
<19:05:48> [ERROR] Ошибка MYSQL: MySQL server has gone away
<19:05:48> [ERROR] Ошибка MYSQL: MySQL server has gone away
<19:05:48> [ERROR] Ошибка MYSQL: MySQL server has gone away
<19:05:48> [ERROR] Ошибка MYSQL: MySQL server has gone away
<19:05:48> [ERROR] Ошибка MYSQL: MySQL server has gone away
<19:05:48> [ERROR] Ошибка MYSQL: MySQL server has gone away
<19:05:48> [ERROR] Ошибка MYSQL: MySQL server has gone away
<19:05:48> [ERROR] Ошибка MYSQL: MySQL server has gone away
<19:19:40> [MSG] Запрошен login.php
<19:19:40> [MSG] Аутентифицирован пользователь ""
<19:19:40> [MSG] Запрошен avatars.php
<19:19:40> [MSG] Запрошен rooms.php
<19:19:40> [MSG] Запрошен settings.php
<19:19:52> [MSG] Запрошен topics.php
<19:20:38> [MSG] Запрошен rating.php
<20:06:31> [MSG] Запрошен users.php
<20:06:34> [MSG] Запрошен users.php
<20:06:38> [MSG] Запрошен login.php
<20:06:38> [MSG] Аутентифицирован пользователь ""
<20:06:38> [MSG] Запрошен avatars.php
<20:06:38> [MSG] Запрошен rooms.php
<20:06:38> [MSG] Запрошен settings.php
<20:06:39> [MSG] Запрошен users.php
<20:06:58> [MSG] Запрошен login.php
<20:06:58> [MSG] Аутентифицирован пользователь ""
<20:06:58> [MSG] Запрошен avatars.php
<20:06:58> [MSG] Запрошен settings.php
<20:06:58> [MSG] Запрошен rooms.php
<20:07:02> [MSG] Запрошен users.php
<20:07:03> [MSG] Запрошен users.php
<20:07:05> [MSG] Запрошен private-messages.php
<20:07:09> [MSG] Запрошен private-messages.php
<20:09:09> [MSG] Запрошен logout.php
<20:09:09> [MSG] Пользователь "thesourcecode.max@yandex.ru" вышел
<20:09:15> [MSG] Запрошен login.php
<20:09:15> [MSG] Аутентифицирован пользователь ""
<20:09:15> [MSG] Запрошен settings.php
<20:09:15> [MSG] Запрошен avatars.php
<20:09:15> [MSG] Запрошен rooms.php
<20:09:18> [MSG] Запрошен settings.php
<20:09:18> [MSG] Запрошен avatars.php
<20:09:18> [MSG] Запрошен rooms.php
<20:25:17> [MSG] Запрошен users.php
<20:33:09> [MSG] Запрошен private-messages.php
<20:33:28> [MSG] Запрошен private-messages.php
<20:33:30> [MSG] Запрошен private-messages.php
<20:33:31> [MSG] Запрошен private-messages.php
<20:33:32> [MSG] Запрошен private-messages.php
<20:40:16> [MSG] Запрошен notifications.php
<20:40:29> [MSG] Запрошен notifications.php
<20:40:29> [MSG] Запрошен notifications.php
<20:40:32> [MSG] Запрошен notifications.php
<20:44:56> [MSG] Запрошен users.php
<20:45:17> [MSG] Запрошен avatars.php
<20:45:17> [MSG] Запрошен settings.php
<20:45:17> [MSG] Запрошен rooms.php
<20:45:19> [MSG] Запрошен users.php
<20:45:30> [MSG] Запрошен users.php
<20:46:36> [MSG] Запрошен avatars.php
<20:46:36> [MSG] Запрошен settings.php
<20:46:36> [MSG] Запрошен rooms.php
<20:46:39> [MSG] Запрошен users.php
<20:46:41> [MSG] Запрошен private-messages.php
<20:46:43> [MSG] Запрошен private-messages.php
<20:46:50> [MSG] Запрошен users.php
<20:46:54> [MSG] Запрошен users.php
<20:46:58> [MSG] Запрошен settings.php
<20:46:58> [MSG] Запрошен rooms.php
<20:46:58> [MSG] Запрошен avatars.php
<20:47:01> [MSG] Запрошен users.php
<20:47:10> [MSG] Запрошен settings.php
<20:47:10> [MSG] Запрошен avatars.php
<20:47:10> [MSG] Запрошен rooms.php
<20:47:13> [MSG] Запрошен users.php
<20:47:39> [MSG] Запрошен settings.php
<20:47:39> [MSG] Запрошен rooms.php
<20:47:39> [MSG] Запрошен avatars.php
<20:47:41> [MSG] Запрошен users.php
<20:47:43> [MSG] Запрошен private-messages.php
<21:01:57> [MSG] Запрошен users.php
<21:01:59> [MSG] Запрошен private-messages.php
<21:02:34> [MSG] Запрошен users.php
<21:06:42> [MSG] Запрошен users.php
<21:06:44> [MSG] Запрошен private-messages.php
<21:06:50> [MSG] Запрошен private-messages.php
<22:03:10> [MSG] Запрошен settings.php
<22:03:27> [MSG] Запрошен topics.php
<22:05:50> [MSG] Запрошен topics.php
<22:11:11> [MSG] Запрошен topics.php
<22:11:32> [MSG] Запрошен topics.php
<22:35:42> [MSG] Запрошен topics.php
<22:43:51> [MSG] Запрошен topics.php
<22:44:14> [MSG] Запрошен topics.php
<22:44:24> [MSG] Запрошен topics.php
<23:04:31> [MSG] Запрошен rooms.php
<23:09:35> [MSG] Запрошен settings.php
<23:09:35> [MSG] Запрошен avatars.php
<23:09:35> [MSG] Запрошен rooms.php
<23:10:02> [MSG] Запрошен settings.php
<23:10:02> [MSG] Запрошен rooms.php
<23:10:02> [MSG] Запрошен avatars.php
<23:12:33> [MSG] Запрошен settings.php
<23:12:33> [MSG] Запрошен rooms.php
<23:12:33> [MSG] Запрошен avatars.php
<23:15:25> [MSG] Запрошен users.php
<23:17:45> [MSG] Запрошен settings.php
<23:17:51> [MSG] Запрошен logout.php
<23:17:51> [MSG] Пользователь "thesourcecode.max@yandex.ru" вышел
<23:18:22> [MSG] Запрошен login.php
<23:18:22> [MSG] Аутентифицирован пользователь ""
<23:18:22> [MSG] Запрошен settings.php
<23:18:22> [MSG] Запрошен rooms.php
<23:18:22> [MSG] Запрошен avatars.php
<23:18:24> [MSG] Запрошен rating.php
<23:18:35> [MSG] Запрошен rooms.php
<23:18:37> [MSG] Запрошен users.php
<23:18:48> [MSG] Запрошен private-messages.php
