<01:09:31> [MSG] Запрошен login.php
<01:09:31> [MSG] Аутентифицирован пользователь ""
<01:09:31> [MSG] Запрошен avatars.php
<01:09:31> [MSG] Запрошен settings.php
<01:09:31> [MSG] Запрошен rooms.php
<01:09:32> [MSG] Запрошен login.php
<01:09:32> [MSG] Запрошен settings.php
<01:09:32> [MSG] Запрошен avatars.php
<01:09:32> [MSG] Запрошен rooms.php
<01:09:43> [MSG] Запрошен users.php
<01:13:16> [MSG] Запрошен topics.php
<01:23:09> [MSG] Запрошен settings.php
<01:23:09> [MSG] Запрошен rooms.php
<01:23:09> [MSG] Запрошен avatars.php
<01:24:09> [MSG] Запрошен avatars.php
<01:24:09> [MSG] Запрошен settings.php
<01:24:09> [MSG] Запрошен rooms.php
<01:25:41> [MSG] Запрошен avatars.php
<01:25:41> [MSG] Запрошен settings.php
<01:25:41> [MSG] Запрошен rooms.php
<01:29:08> [MSG] Запрошен avatars.php
<01:29:08> [MSG] Запрошен rooms.php
<01:29:09> [MSG] Запрошен settings.php
<01:29:18> [MSG] Запрошен settings.php
<01:29:18> [MSG] Запрошен rooms.php
<01:29:18> [MSG] Запрошен avatars.php
<01:29:32> [MSG] Запрошен avatars.php
<01:29:32> [MSG] Запрошен rooms.php
<01:29:32> [MSG] Запрошен settings.php
<01:30:10> [MSG] Запрошен avatars.php
<01:30:10> [MSG] Запрошен settings.php
<01:30:10> [MSG] Запрошен rooms.php
<01:30:23> [MSG] Запрошен avatars.php
<01:30:23> [MSG] Запрошен settings.php
<01:30:23> [MSG] Запрошен rooms.php
<01:30:32> [MSG] Запрошен avatars.php
<01:30:32> [MSG] Запрошен settings.php
<01:30:32> [MSG] Запрошен rooms.php
<01:31:47> [MSG] Запрошен settings.php
<01:31:47> [MSG] Запрошен avatars.php
<01:31:47> [MSG] Запрошен rooms.php
<01:32:10> [MSG] Запрошен avatars.php
<01:32:10> [MSG] Запрошен settings.php
<01:32:10> [MSG] Запрошен rooms.php
<01:33:29> [MSG] Запрошен settings.php
<01:33:29> [MSG] Запрошен rooms.php
<01:33:29> [MSG] Запрошен avatars.php
<01:36:11> [MSG] Запрошен avatars.php
<01:36:11> [MSG] Запрошен settings.php
<01:36:11> [MSG] Запрошен rooms.php
<01:36:32> [MSG] Запрошен avatars.php
<01:36:32> [MSG] Запрошен settings.php
<01:36:32> [MSG] Запрошен rooms.php
<01:44:42> [MSG] Запрошен avatars.php
<01:44:42> [MSG] Запрошен settings.php
<01:44:42> [MSG] Запрошен rooms.php
<01:45:04> [MSG] Запрошен avatars.php
<01:45:04> [MSG] Запрошен settings.php
<01:45:04> [MSG] Запрошен rooms.php
<01:45:42> [MSG] Запрошен avatars.php
<01:45:42> [MSG] Запрошен settings.php
<01:45:42> [MSG] Запрошен rooms.php
<01:45:47> [MSG] Запрошен topics.php
<01:46:47> [MSG] Запрошен settings.php
<01:46:47> [MSG] Запрошен avatars.php
<01:46:47> [MSG] Запрошен rooms.php
<01:48:05> [MSG] Запрошен rooms.php
<01:48:07> [MSG] Запрошен rooms.php
<01:48:09> [MSG] Запрошен rooms.php
<01:48:09> [MSG] Запрошен rooms.php
<01:48:09> [MSG] Запрошен rooms.php
<01:48:09> [MSG] Запрошен rooms.php
<01:48:10> [MSG] Запрошен rooms.php
<01:48:10> [MSG] Запрошен rooms.php
<01:48:10> [MSG] Запрошен rooms.php
<01:48:10> [MSG] Запрошен rooms.php
<01:48:10> [MSG] Запрошен rooms.php
<01:48:11> [MSG] Запрошен rooms.php
<01:48:11> [MSG] Запрошен rooms.php
<01:48:11> [MSG] Запрошен rooms.php
<01:48:11> [MSG] Запрошен rooms.php
<01:48:11> [MSG] Запрошен rooms.php
<01:48:18> [MSG] Запрошен rooms.php
<01:59:17> [MSG] Запрошен avatars.php
<01:59:17> [MSG] Запрошен settings.php
<01:59:24> [MSG] Запрошен avatars.php
<01:59:24> [MSG] Запрошен settings.php
<01:59:24> [MSG] Запрошен rooms.php
<01:59:27> [MSG] Запрошен avatars.php
<01:59:27> [MSG] Запрошен settings.php
<02:01:05> [MSG] Запрошен avatars.php
<02:01:05> [MSG] Запрошен settings.php
<02:01:05> [MSG] Запрошен rooms.php
<02:03:27> [MSG] Запрошен settings.php
<02:03:27> [MSG] Запрошен rooms.php
<02:03:27> [MSG] Запрошен avatars.php
<02:03:31> [MSG] Запрошен rooms.php
<02:03:37> [MSG] Запрошен rooms.php
<02:05:05> [MSG] Запрошен settings.php
<02:05:05> [MSG] Запрошен avatars.php
<02:05:05> [MSG] Запрошен rooms.php
<02:05:10> [MSG] Запрошен rooms.php
<02:05:12> [MSG] Запрошен users.php
<02:05:19> [MSG] Запрошен settings.php
<02:05:21> [MSG] Запрошен settings.php
<02:05:22> [MSG] Запрошен settings.php
<02:05:25> [MSG] Запрошен rating.php
<02:08:00> [MSG] Запрошен settings.php
<02:08:00> [MSG] Запрошен rooms.php
<02:08:00> [MSG] Запрошен avatars.php
<02:08:03> [MSG] Запрошен avatars.php
<02:08:03> [MSG] Запрошен settings.php
<02:08:03> [MSG] Запрошен rooms.php
<02:08:05> [MSG] Запрошен settings.php
<02:08:07> [MSG] Запрошен rating.php
<02:08:46> [MSG] Запрошен avatars.php
<02:08:46> [MSG] Запрошен settings.php
<02:08:46> [MSG] Запрошен rooms.php
<02:08:48> [MSG] Запрошен rating.php
<02:10:16> [MSG] Запрошен settings.php
<02:10:16> [MSG] Запрошен rooms.php
<02:10:16> [MSG] Запрошен avatars.php
<02:10:32> [MSG] Запрошен rating.php
<02:12:31> [MSG] Запрошен settings.php
<02:12:31> [MSG] Запрошен avatars.php
<02:12:31> [MSG] Запрошен rooms.php
<02:13:48> [MSG] Запрошен logout.php
<02:13:48> [MSG] Пользователь "thesourcecode.max@yandex.ru" вышел
<02:13:52> [MSG] Запрошен login.php
<02:13:52> [WARN] Не найден пользователь "jeka@jeka.ru"
<02:13:55> [MSG] Запрошен login.php
<02:13:55> [MSG] Аутентифицирован пользователь ""
<02:13:55> [MSG] Запрошен avatars.php
<02:13:55> [MSG] Запрошен rooms.php
<02:13:55> [MSG] Запрошен settings.php
<02:14:47> [MSG] Запрошен rooms.php
<02:14:49> [MSG] Запрошен rooms.php
<02:16:22> [MSG] Запрошен avatars.php
<02:16:22> [MSG] Запрошен settings.php
<02:16:22> [MSG] Запрошен rooms.php
<02:16:45> [MSG] Запрошен avatars.php
<02:16:45> [MSG] Запрошен settings.php
<02:16:45> [MSG] Запрошен rooms.php
<02:17:15> [MSG] Запрошен rooms.php
<02:17:18> [MSG] Запрошен rooms.php
<02:17:20> [MSG] Запрошен rooms.php
<02:17:22> [MSG] Запрошен rooms.php
<02:17:25> [MSG] Запрошен rooms.php
<02:17:27> [MSG] Запрошен rooms.php
<02:17:30> [MSG] Запрошен rooms.php
<02:17:32> [MSG] Запрошен rooms.php
<02:17:37> [MSG] Запрошен rooms.php
<02:17:40> [MSG] Запрошен rooms.php
<02:17:42> [MSG] Запрошен users.php
<02:17:44> [MSG] Запрошен private-messages.php
<02:18:04> [MSG] Запрошен users.php
<02:18:06> [MSG] Запрошен private-messages.php
<02:19:22> [MSG] Запрошен users.php
<02:20:33> [MSG] Запрошен rooms.php
<02:20:40> [MSG] Запрошен users.php
<02:20:42> [MSG] Запрошен private-messages.php
<02:20:51> [MSG] Запрошен users.php
<02:20:52> [MSG] Запрошен private-messages.php
<02:21:02> [MSG] Запрошен avatars.php
<02:21:02> [MSG] Запрошен settings.php
<02:21:02> [MSG] Запрошен rooms.php
<02:22:13> [MSG] Запрошен users.php
<02:22:14> [MSG] Запрошен private-messages.php
<02:22:35> [MSG] Запрошен private-messages.php
<02:24:18> [MSG] Запрошен settings.php
<02:24:18> [MSG] Запрошен rooms.php
<02:24:18> [MSG] Запрошен avatars.php
<02:24:22> [MSG] Запрошен users.php
<02:24:23> [MSG] Запрошен private-messages.php
<02:24:47> [MSG] Запрошен settings.php
<02:24:47> [MSG] Запрошен rooms.php
<02:24:47> [MSG] Запрошен avatars.php
<02:25:36> [MSG] Запрошен settings.php
<02:25:36> [MSG] Запрошен rooms.php
<02:25:36> [MSG] Запрошен avatars.php
<02:26:11> [MSG] Запрошен settings.php
<02:26:11> [MSG] Запрошен rooms.php
<02:26:11> [MSG] Запрошен avatars.php
<02:26:16> [MSG] Запрошен rooms.php
<02:26:18> [MSG] Запрошен rooms.php
<02:26:20> [MSG] Запрошен rooms.php
<02:26:34> [MSG] Запрошен avatars.php
<02:26:34> [MSG] Запрошен settings.php
<02:26:34> [MSG] Запрошен rooms.php
<02:26:38> [MSG] Запрошен rooms.php
<02:26:41> [MSG] Запрошен rooms.php
<02:26:41> [MSG] Запрошен rooms.php
<02:26:42> [MSG] Запрошен rooms.php
<02:27:51> [MSG] Запрошен settings.php
<02:27:51> [MSG] Запрошен avatars.php
<02:27:51> [MSG] Запрошен rooms.php
<02:27:55> [MSG] Запрошен rooms.php
<02:27:57> [MSG] Запрошен rooms.php
<02:27:59> [MSG] Запрошен rooms.php
<02:28:02> [MSG] Запрошен rooms.php
<02:28:05> [MSG] Запрошен rooms.php
<02:28:06> [MSG] Запрошен rooms.php
<02:28:08> [MSG] Запрошен rooms.php
<02:28:10> [MSG] Запрошен rooms.php
<02:28:12> [MSG] Запрошен rooms.php
<02:28:14> [MSG] Запрошен rooms.php
<02:28:16> [MSG] Запрошен rooms.php
<02:28:31> [MSG] Запрошен settings.php
<02:28:31> [MSG] Запрошен rooms.php
<02:28:31> [MSG] Запрошен avatars.php
<02:28:37> [MSG] Запрошен rooms.php
<02:28:39> [MSG] Запрошен rooms.php
<02:28:42> [MSG] Запрошен rooms.php
<02:28:59> [MSG] Запрошен avatars.php
<02:28:59> [MSG] Запрошен settings.php
<02:28:59> [MSG] Запрошен rooms.php
<02:29:03> [MSG] Запрошен rooms.php
<02:29:05> [MSG] Запрошен rooms.php
<02:29:07> [MSG] Запрошен rooms.php
<02:29:09> [MSG] Запрошен rooms.php
<02:30:20> [MSG] Запрошен avatars.php
<02:30:20> [MSG] Запрошен settings.php
<02:30:20> [MSG] Запрошен rooms.php
<02:30:24> [MSG] Запрошен rooms.php
<02:30:36> [MSG] Запрошен settings.php
<02:30:36> [MSG] Запрошен avatars.php
<02:30:36> [MSG] Запрошен rooms.php
<02:30:49> [MSG] Запрошен settings.php
<02:30:49> [MSG] Запрошен rooms.php
<02:30:49> [MSG] Запрошен avatars.php
<02:30:57> [MSG] Запрошен rooms.php
<02:31:09> [MSG] Запрошен settings.php
<02:31:09> [MSG] Запрошен rooms.php
<02:31:09> [MSG] Запрошен avatars.php
<02:31:17> [MSG] Запрошен avatars.php
<02:31:17> [MSG] Запрошен settings.php
<02:31:17> [MSG] Запрошен rooms.php
<02:31:20> [MSG] Запрошен rooms.php
<02:31:22> [MSG] Запрошен rooms.php
<02:31:55> [MSG] Запрошен avatars.php
<02:31:55> [MSG] Запрошен settings.php
<02:31:55> [MSG] Запрошен rooms.php
<02:31:58> [MSG] Запрошен rooms.php
<02:31:58> [MSG] Запрошен rooms.php
<02:31:58> [MSG] Запрошен rooms.php
<02:31:58> [MSG] Запрошен rooms.php
<02:31:58> [MSG] Запрошен rooms.php
<02:31:59> [MSG] Запрошен rooms.php
<02:31:59> [MSG] Запрошен rooms.php
<02:34:05> [MSG] Запрошен logout.php
<02:34:05> [MSG] Пользователь "thesourcecode.max@yandex.ru" вышел
<02:34:12> [MSG] Запрошен logout.php
<02:34:12> [WARN] Попытка выхода не аутентифиц. пользователя
<02:34:24> [MSG] Запрошен login.php
<02:34:24> [MSG] Аутентифицирован пользователь ""
<02:34:24> [MSG] Запрошен avatars.php
<02:34:24> [MSG] Запрошен settings.php
<02:34:24> [MSG] Запрошен rooms.php
<02:34:44> [MSG] Запрошен settings.php
<02:34:44> [MSG] Запрошен avatars.php
<02:34:44> [MSG] Запрошен rooms.php
<02:34:45> [MSG] Запрошен settings.php
<02:34:45> [MSG] Запрошен avatars.php
<02:34:45> [MSG] Запрошен rooms.php
<02:35:07> [MSG] Запрошен rooms.php
<02:35:07> [MSG] Запрошен rooms.php
<02:35:07> [MSG] Запрошен rooms.php
<02:35:08> [MSG] Запрошен rooms.php
<02:35:08> [MSG] Запрошен rooms.php
<02:35:08> [MSG] Запрошен rooms.php
<02:35:08> [MSG] Запрошен rooms.php
<02:35:08> [MSG] Запрошен rooms.php
<02:35:08> [MSG] Запрошен rooms.php
<02:35:09> [MSG] Запрошен rooms.php
<02:35:09> [MSG] Запрошен rooms.php
<02:35:09> [MSG] Запрошен rooms.php
<02:35:09> [MSG] Запрошен rooms.php
<02:35:09> [MSG] Запрошен rooms.php
<02:36:10> [MSG] Запрошен logout.php
<02:36:10> [MSG] Пользователь "thesourcecode.max@yandex.ru" вышел
<02:36:47> [MSG] Запрошен login.php
<02:36:47> [MSG] Аутентифицирован пользователь ""
<02:36:47> [MSG] Запрошен avatars.php
<02:36:47> [MSG] Запрошен rooms.php
<02:36:47> [MSG] Запрошен settings.php
<02:36:58> [MSG] Запрошен rooms.php
<02:36:58> [MSG] Запрошен rooms.php
<02:36:58> [MSG] Запрошен rooms.php
<02:36:58> [MSG] Запрошен rooms.php
<02:36:59> [MSG] Запрошен rooms.php
<02:36:59> [MSG] Запрошен rooms.php
<02:37:22> [MSG] Запрошен rooms.php
<02:37:22> [MSG] Запрошен rooms.php
<02:37:22> [MSG] Запрошен rooms.php
<02:37:22> [MSG] Запрошен rooms.php
<02:37:22> [MSG] Запрошен rooms.php
<02:37:23> [MSG] Запрошен rooms.php
<02:37:23> [MSG] Запрошен rooms.php
<02:37:28> [MSG] Запрошен rooms.php
<02:37:29> [MSG] Запрошен rooms.php
<02:37:32> [MSG] Запрошен rooms.php
<02:38:12> [MSG] Запрошен logout.php
<02:38:12> [MSG] Пользователь "thesourcecode.max@yandex.ru" вышел
<02:38:18> [MSG] Запрошен login.php
<02:38:18> [MSG] Аутентифицирован пользователь ""
<02:38:18> [MSG] Запрошен settings.php
<02:38:18> [MSG] Запрошен rooms.php
<02:38:18> [MSG] Запрошен avatars.php
<02:38:30> [MSG] Запрошен logout.php
<02:38:30> [MSG] Пользователь "thesourcecode.max@yandex.ru" вышел
<02:38:34> [MSG] Запрошен login.php
<02:38:34> [MSG] Аутентифицирован пользователь ""
<02:38:34> [MSG] Запрошен settings.php
<02:38:34> [MSG] Запрошен avatars.php
<02:38:34> [MSG] Запрошен rooms.php
<02:39:16> [MSG] Запрошен logout.php
<02:39:16> [MSG] Пользователь "thesourcecode.max@yandex.ru" вышел
<02:39:51> [MSG] Запрошен login.php
<02:39:51> [MSG] Аутентифицирован пользователь ""
<02:39:51> [MSG] Запрошен avatars.php
<02:39:51> [MSG] Запрошен settings.php
<02:39:51> [MSG] Запрошен rooms.php
<02:39:58> [MSG] Запрошен users.php
<02:40:00> [MSG] Запрошен users.php
<02:42:11> [MSG] Запрошен avatars.php
<02:42:11> [MSG] Запрошен settings.php
<02:42:11> [MSG] Запрошен rooms.php
<02:42:39> [MSG] Запрошен settings.php
<02:42:39> [MSG] Запрошен avatars.php
<02:42:39> [MSG] Запрошен rooms.php
<02:42:44> [MSG] Запрошен rooms.php
<02:43:10> [MSG] Запрошен settings.php
<02:43:10> [MSG] Запрошен rooms.php
<02:43:10> [MSG] Запрошен avatars.php
<02:43:14> [MSG] Запрошен rooms.php
<02:43:34> [MSG] Запрошен avatars.php
<02:43:34> [MSG] Запрошен settings.php
<02:43:34> [MSG] Запрошен rooms.php
<02:43:38> [MSG] Запрошен rooms.php
<02:43:40> [MSG] Запрошен rooms.php
<02:43:41> [MSG] Запрошен rooms.php
<02:43:57> [MSG] Запрошен settings.php
<02:43:57> [MSG] Запрошен avatars.php
<02:43:57> [MSG] Запрошен rooms.php
<02:46:16> [MSG] Запрошен settings.php
<02:46:16> [MSG] Запрошен rooms.php
<02:46:16> [MSG] Запрошен avatars.php
<02:46:47> [MSG] Запрошен settings.php
<02:46:47> [MSG] Запрошен avatars.php
<02:46:47> [MSG] Запрошен rooms.php
<02:46:55> [MSG] Запрошен settings.php
<02:46:55> [MSG] Запрошен rooms.php
<02:46:55> [MSG] Запрошен avatars.php
<02:47:07> [MSG] Запрошен rooms.php
<02:47:15> [MSG] Запрошен users.php
<02:47:20> [MSG] Запрошен rating.php
<02:47:56> [MSG] Запрошен settings.php
<02:48:00> [MSG] Запрошен rating.php
<02:48:29> [MSG] Запрошен settings.php
<02:48:29> [MSG] Запрошен rooms.php
<02:48:29> [MSG] Запрошен avatars.php
<02:48:30> [MSG] Запрошен rating.php
<02:48:36> [MSG] Запрошен rating.php
<02:49:31> [MSG] Запрошен avatars.php
<02:49:31> [MSG] Запрошен settings.php
<02:49:31> [MSG] Запрошен rooms.php
<02:49:33> [MSG] Запрошен rating.php
<02:49:35> [MSG] Запрошен rating.php
<03:09:29> [MSG] Запрошен rooms.php
<03:09:42> [MSG] Запрошен settings.php
<03:09:45> [MSG] Запрошен settings.php
<03:09:47> [MSG] Запрошен users.php
<03:09:50> [MSG] Запрошен rooms.php
<03:10:19> [MSG] Запрошен login.php
<03:10:19> [MSG] Аутентифицирован пользователь ""
<03:10:19> [MSG] Запрошен avatars.php
<03:10:19> [MSG] Запрошен rooms.php
<03:10:19> [MSG] Запрошен settings.php
<03:10:25> [MSG] Запрошен avatars.php
<03:10:25> [MSG] Запрошен settings.php
<03:10:25> [MSG] Запрошен rooms.php
<03:11:52> [MSG] Запрошен settings.php
<03:11:52> [MSG] Запрошен rooms.php
<03:11:52> [MSG] Запрошен avatars.php
<03:12:02> [MSG] Запрошен login.php
<03:12:02> [MSG] Аутентифицирован пользователь ""
<03:12:02> [MSG] Запрошен avatars.php
<03:12:02> [MSG] Запрошен settings.php
<03:12:02> [MSG] Запрошен rooms.php
<03:13:35> [MSG] Запрошен topics.php
<03:19:08> [MSG] Запрошен login.php
<03:19:09> [MSG] Аутентифицирован пользователь ""
<03:19:09> [MSG] Запрошен avatars.php
<03:19:09> [MSG] Запрошен settings.php
<03:19:09> [MSG] Запрошен rooms.php
<03:21:02> [MSG] Запрошен avatars.php
<03:21:02> [MSG] Запрошен settings.php
<03:21:02> [MSG] Запрошен rooms.php
<03:21:26> [MSG] Запрошен login.php
<03:21:26> [MSG] Аутентифицирован пользователь ""
<03:22:21> [MSG] Запрошен avatars.php
<03:22:21> [MSG] Запрошен settings.php
<03:22:21> [MSG] Запрошен rooms.php
<03:22:24> [MSG] Запрошен avatars.php
<03:22:24> [MSG] Запрошен settings.php
<03:22:24> [MSG] Запрошен rooms.php
<03:22:37> [MSG] Запрошен login.php
<03:22:37> [MSG] Аутентифицирован пользователь ""
<03:22:37> [MSG] Запрошен avatars.php
<03:22:37> [MSG] Запрошен settings.php
<03:22:37> [MSG] Запрошен rooms.php
<03:22:39> [MSG] Запрошен rooms.php
<03:22:39> [MSG] Запрошен rooms.php
<03:22:41> [MSG] Запрошен users.php
<03:22:50> [MSG] Запрошен topics.php
<03:22:56> [MSG] Запрошен rooms.php
<03:22:56> [MSG] Запрошен rooms.php
<03:23:04> [MSG] Запрошен rating.php
<03:23:13> [MSG] Запрошен settings.php
<03:23:15> [MSG] Запрошен settings.php
<03:23:16> [MSG] Запрошен logout.php
<03:23:16> [MSG] Пользователь "brat@yandex.ru" вышел
<03:23:18> [MSG] Запрошен login.php
<03:23:18> [MSG] Аутентифицирован пользователь ""
<03:23:18> [MSG] Запрошен avatars.php
<03:23:18> [MSG] Запрошен rooms.php
<03:23:19> [MSG] Запрошен settings.php
<03:23:19> [MSG] Запрошен settings.php
<03:23:21> [MSG] Запрошен settings.php
<03:23:24> [MSG] Запрошен logout.php
<03:23:24> [MSG] Пользователь "brat@yandex.ru" вышел
<03:23:32> [MSG] Запрошен login.php
<03:23:33> [MSG] Аутентифицирован пользователь ""
<03:23:33> [MSG] Запрошен avatars.php
<03:23:33> [MSG] Запрошен settings.php
<03:23:33> [MSG] Запрошен rooms.php
<03:23:43> [MSG] Запрошен settings.php
<03:23:45> [MSG] Запрошен users.php
<03:23:46> [MSG] Запрошен private-messages.php
<03:23:53> [MSG] Запрошен topics.php
<03:24:09> [MSG] Запрошен rooms.php
<03:24:16> [MSG] Запрошен rooms.php
<03:24:19> [MSG] Запрошен rooms.php
<03:24:24> [MSG] Запрошен rating.php
<03:24:27> [MSG] Запрошен rooms.php
<03:24:27> [MSG] Запрошен users.php
<03:24:28> [MSG] Запрошен private-messages.php
<03:24:33> [MSG] Запрошен rooms.php
<03:24:35> [MSG] Запрошен rooms.php
<03:24:37> [MSG] Запрошен logout.php
<03:24:37> [MSG] Пользователь "brat@yandex.ru" вышел
<03:24:45> [MSG] Запрошен rooms.php
<03:24:45> [MSG] Запрошен rooms.php
<03:28:17> [MSG] Запрошен avatars.php
<03:28:17> [MSG] Запрошен settings.php
<03:28:17> [MSG] Запрошен rooms.php
<03:28:21> [MSG] Запрошен topics.php
<03:28:27> [MSG] Запрошен rooms.php
<03:28:28> [MSG] Запрошен rooms.php
<03:28:29> [MSG] Запрошен rooms.php
<03:28:31> [MSG] Запрошен topics.php
<03:28:33> [MSG] Запрошен rooms.php
<03:28:35> [MSG] Запрошен rooms.php
<03:28:36> [MSG] Запрошен rooms.php
<03:28:42> [MSG] Запрошен topics.php
<03:28:46> [MSG] Запрошен rooms.php
<03:28:50> [MSG] Запрошен settings.php
<03:28:50> [MSG] Запрошен rooms.php
<03:28:50> [MSG] Запрошен avatars.php
<03:28:52> [MSG] Запрошен rooms.php
<03:28:52> [MSG] Запрошен rooms.php
<03:28:57> [MSG] Запрошен rooms.php
<03:28:57> [ERROR] Ошибка MYSQL: You have an error in your SQL syntax; check the manual that corresponds to your MySQL server version for the right syntax to use near '' at line 6
<03:28:57> [WARN] Комната не найдена [exitRoom]
<03:36:23> [MSG] Запрошен avatars.php
<03:36:23> [MSG] Запрошен settings.php
<03:36:23> [MSG] Запрошен rooms.php
<03:36:27> [MSG] Запрошен topics.php
<03:36:31> [MSG] Запрошен rooms.php
<03:36:33> [MSG] Запрошен settings.php
<03:36:33> [MSG] Запрошен avatars.php
<03:36:33> [MSG] Запрошен rooms.php
<03:36:36> [MSG] Запрошен rooms.php
<03:36:37> [MSG] Запрошен rooms.php
<03:36:39> [MSG] Запрошен rooms.php
<03:36:39> [ERROR] Ошибка MYSQL: You have an error in your SQL syntax; check the manual that corresponds to your MySQL server version for the right syntax to use near '' at line 6
<03:36:39> [WARN] Комната не найдена [exitRoom]
<03:36:39> [MSG] Запрошен rooms.php
<03:36:54> [MSG] Запрошен topics.php
<03:36:56> [MSG] Запрошен rooms.php
<03:37:16> [MSG] Запрошен topics.php
<03:37:29> [MSG] Запрошен rooms.php
<03:38:17> [MSG] Запрошен rooms.php
<03:38:17> [MSG] Запрошен rooms.php
<03:38:26> [MSG] Запрошен avatars.php
<03:38:26> [MSG] Запрошен settings.php
<03:38:26> [MSG] Запрошен rooms.php
<03:38:28> [MSG] Запрошен avatars.php
<03:38:28> [MSG] Запрошен rooms.php
<03:38:28> [MSG] Запрошен settings.php
<03:38:29> [MSG] Запрошен rooms.php
<03:39:11> [MSG] Запрошен rooms.php
<03:41:38> [MSG] Запрошен rooms.php
<03:41:44> [MSG] Запрошен rooms.php
<03:42:24> [MSG] Запрошен rooms.php
<03:42:30> [MSG] Запрошен rooms.php
<03:42:42> [MSG] Запрошен rooms.php
<03:50:06> [MSG] Запрошен avatars.php
<03:50:06> [MSG] Запрошен settings.php
<03:50:06> [MSG] Запрошен rooms.php
<03:50:08> [MSG] Запрошен avatars.php
<03:50:08> [MSG] Запрошен rooms.php
<03:50:08> [MSG] Запрошен settings.php
<03:50:15> [MSG] Запрошен topics.php
<03:50:18> [MSG] Запрошен rooms.php
<03:50:20> [MSG] Запрошен topics.php
<03:50:24> [MSG] Запрошен rooms.php
<03:50:24> [ERROR] Ошибка MYSQL: Duplicate entry 'Крутая комната' for key 'rooms.name'
<03:50:24> [WARN] Ошибка создания комнаты [createRoom]
<03:50:47> [MSG] Запрошен rooms.php
<03:50:47> [WARN] Вы уже в комнате [createRoom]
<03:50:48> [MSG] Запрошен rooms.php
<03:50:48> [WARN] Вы уже в комнате [createRoom]
<03:50:51> [MSG] Запрошен topics.php
<03:50:56> [MSG] Запрошен rooms.php
<03:50:56> [WARN] Вы уже в комнате [createRoom]
<03:50:57> [MSG] Запрошен rooms.php
<03:50:57> [WARN] Вы уже в комнате [createRoom]
<03:50:58> [MSG] Запрошен rooms.php
<03:50:58> [WARN] Вы уже в комнате [createRoom]
<03:51:52> [MSG] Запрошен settings.php
<03:51:52> [MSG] Запрошен avatars.php
<03:51:52> [MSG] Запрошен rooms.php
<03:51:57> [MSG] Запрошен rooms.php
<03:51:57> [MSG] Запрошен rooms.php
<03:52:00> [MSG] Запрошен rooms.php
<03:52:00> [ERROR] Ошибка MYSQL: You have an error in your SQL syntax; check the manual that corresponds to your MySQL server version for the right syntax to use near '' at line 6
<03:52:00> [WARN] Комната не найдена [exitRoom]
<03:52:00> [MSG] Запрошен rooms.php
<03:53:20> [MSG] Запрошен logout.php
<03:53:20> [MSG] Пользователь "thesourcecode.max@yandex.ru" вышел
<03:53:23> [MSG] Запрошен users.php
<03:53:24> [MSG] Запрошен users.php
<03:53:32> [MSG] Запрошен topics.php
<03:53:38> [MSG] Запрошен settings.php
<03:53:38> [WARN] Неавторизированный польз. попытался получить настройки
<03:53:39> [MSG] Запрошен settings.php
<03:53:39> [WARN] Неавторизированный польз. попытался получить настройки
<03:53:39> [MSG] Запрошен settings.php
<03:53:39> [WARN] Неавторизированный польз. попытался получить настройки
<03:53:45> [MSG] Запрошен rating.php
<03:53:45> [WARN] Неавторизированный польз. попытался получить рейтинги
<03:53:47> [MSG] Запрошен rating.php
<03:53:47> [WARN] Неавторизированный польз. попытался получить рейтинги
<03:53:48> [MSG] Запрошен rating.php
<03:53:48> [WARN] Неавторизированный польз. попытался получить рейтинги
<03:53:50> [MSG] Запрошен settings.php
<03:53:50> [WARN] Неавторизированный польз. попытался получить настройки
<03:55:19> [MSG] Запрошен rooms.php
<03:55:19> [WARN] Недостаточно прав для запроса роли пользователя [getAll]
<03:55:20> [MSG] Запрошен rooms.php
<03:55:20> [WARN] Недостаточно прав для запроса роли пользователя [getAll]
<03:55:23> [MSG] Запрошен rooms.php
<03:55:23> [WARN] Недостаточно прав для запроса роли пользователя [getAll]
<03:55:24> [MSG] Запрошен rooms.php
<03:55:24> [WARN] Недостаточно прав для запроса роли пользователя [getAll]
<03:55:24> [MSG] Запрошен rooms.php
<03:55:24> [WARN] Недостаточно прав для запроса роли пользователя [getAll]
<03:55:25> [MSG] Запрошен rooms.php
<03:55:25> [WARN] Недостаточно прав для запроса роли пользователя [getAll]
<03:55:27> [MSG] Запрошен users.php
<03:55:29> [MSG] Запрошен users.php
<03:58:23> [MSG] Запрошен users.php
<03:59:15> [MSG] Запрошен users.php
<03:59:15> [WARN] Недостаточно прав для запроса пользователей
<04:00:56> [MSG] Запрошен users.php
<04:00:56> [WARN] Недостаточно прав для запроса пользователей
<04:01:01> [MSG] Запрошен users.php
<04:01:01> [WARN] Недостаточно прав для запроса пользователей
<04:01:03> [MSG] Запрошен notifications.php
<04:01:04> [MSG] Запрошен users.php
<04:01:04> [WARN] Недостаточно прав для запроса пользователей
<04:01:11> [MSG] Запрошен rooms.php
<04:01:11> [WARN] Недостаточно прав для запроса роли пользователя [getAll]
<04:01:18> [MSG] Запрошен settings.php
<04:01:18> [WARN] Неавторизированный польз. попытался получить настройки
<04:01:19> [MSG] Запрошен settings.php
<04:01:19> [WARN] Неавторизированный польз. попытался получить настройки
<04:01:20> [MSG] Запрошен settings.php
<04:01:20> [WARN] Неавторизированный польз. попытался получить настройки
<04:01:20> [MSG] Запрошен rating.php
<04:01:20> [WARN] Неавторизированный польз. попытался получить рейтинги
<04:01:23> [MSG] Запрошен rating.php
<04:01:23> [WARN] Неавторизированный польз. попытался получить рейтинги
<04:01:34> [MSG] Запрошен login.php
<04:01:34> [MSG] Аутентифицирован пользователь ""
<04:01:34> [MSG] Запрошен avatars.php
<04:01:34> [MSG] Запрошен settings.php
<04:01:34> [MSG] Запрошен rooms.php
<04:01:36> [MSG] Запрошен avatars.php
<04:01:36> [MSG] Запрошен settings.php
<04:01:36> [MSG] Запрошен rooms.php
<04:01:38> [MSG] Запрошен logout.php
<04:01:38> [MSG] Пользователь "thesourcecode.max@yandex.ru" вышел
<04:01:41> [MSG] Запрошен users.php
<04:01:41> [WARN] Недостаточно прав для запроса пользователей
<04:01:43> [MSG] Запрошен users.php
<04:01:43> [WARN] Недостаточно прав для запроса пользователей
<04:01:44> [MSG] Запрошен notifications.php
<04:01:45> [MSG] Запрошен users.php
<04:01:45> [WARN] Недостаточно прав для запроса пользователей
<04:01:47> [MSG] Запрошен users.php
<04:01:47> [WARN] Недостаточно прав для запроса пользователей
<04:01:53> [MSG] Запрошен topics.php
<04:01:56> [MSG] Запрошен settings.php
<04:01:56> [WARN] Неавторизированный польз. попытался получить настройки
<04:01:59> [MSG] Запрошен rating.php
<04:01:59> [WARN] Неавторизированный польз. попытался получить рейтинги
<04:03:10> [MSG] Запрошен login.php
<04:03:10> [MSG] Аутентифицирован пользователь ""
<04:03:10> [MSG] Запрошен avatars.php
<04:03:10> [MSG] Запрошен settings.php
<04:03:10> [MSG] Запрошен rooms.php
<04:03:12> [MSG] Запрошен settings.php
<04:03:12> [MSG] Запрошен rooms.php
<04:03:12> [MSG] Запрошен avatars.php
<04:03:21> [MSG] Запрошен logout.php
<04:03:21> [MSG] Пользователь "thesourcecode.max@yandex.ru" вышел
<04:03:33> [MSG] Запрошен logout.php
<04:03:33> [WARN] Попытка выхода не аутентифиц. пользователя
<04:03:41> [MSG] Запрошен login.php
<04:03:41> [MSG] Аутентифицирован пользователь ""
<04:03:41> [MSG] Запрошен avatars.php
<04:03:41> [MSG] Запрошен settings.php
<04:03:41> [MSG] Запрошен rooms.php
<04:03:43> [MSG] Запрошен logout.php
<04:03:43> [MSG] Пользователь "thesourcecode.max@yandex.ru" вышел
<04:03:47> [MSG] Запрошен login.php
<04:03:47> [MSG] Аутентифицирован пользователь ""
<04:03:47> [MSG] Запрошен avatars.php
<04:03:47> [MSG] Запрошен rooms.php
<04:03:47> [MSG] Запрошен settings.php
<04:03:50> [MSG] Запрошен logout.php
<04:03:50> [MSG] Пользователь "thesourcecode.max@yandex.ru" вышел
<04:03:52> [MSG] Запрошен login.php
<04:03:53> [MSG] Аутентифицирован пользователь ""
<04:03:53> [MSG] Запрошен avatars.php
<04:03:53> [MSG] Запрошен rooms.php
<04:03:53> [MSG] Запрошен settings.php
<04:03:56> [MSG] Запрошен settings.php
<04:03:56> [MSG] Запрошен avatars.php
<04:03:56> [MSG] Запрошен rooms.php
<04:03:59> [MSG] Запрошен logout.php
<04:03:59> [MSG] Пользователь "thesourcecode.max@yandex.ru" вышел
<04:04:01> [MSG] Запрошен logout.php
<04:04:01> [WARN] Попытка выхода не аутентифиц. пользователя
<04:06:00> [MSG] Запрошен login.php
<04:06:00> [MSG] Аутентифицирован пользователь ""
<04:06:00> [MSG] Запрошен avatars.php
<04:06:00> [MSG] Запрошен settings.php
<04:06:00> [MSG] Запрошен rooms.php
<04:06:01> [MSG] Запрошен avatars.php
<04:06:01> [MSG] Запрошен settings.php
<04:06:01> [MSG] Запрошен rooms.php
<04:07:25> [MSG] Запрошен logout.php
<04:07:25> [MSG] Пользователь "thesourcecode.max@yandex.ru" вышел
<04:07:31> [MSG] Запрошен logout.php
<04:07:31> [WARN] Попытка выхода не аутентифиц. пользователя
<04:09:25> [MSG] Запрошен login.php
<04:09:25> [MSG] Аутентифицирован пользователь ""
<04:09:25> [MSG] Запрошен avatars.php
<04:09:25> [MSG] Запрошен settings.php
<04:09:25> [MSG] Запрошен rooms.php
<04:09:27> [MSG] Запрошен login.php
<04:09:27> [MSG] Запрошен settings.php
<04:09:27> [MSG] Запрошен rooms.php
<04:09:27> [MSG] Запрошен avatars.php
<04:09:30> [MSG] Запрошен settings.php
<04:09:30> [MSG] Запрошен rooms.php
<04:09:30> [MSG] Запрошен avatars.php
<04:09:35> [MSG] Запрошен logout.php
<04:09:35> [MSG] Пользователь "thesourcecode.max@yandex.ru" вышел
<04:09:41> [MSG] Запрошен logout.php
<04:09:41> [WARN] Попытка выхода не аутентифиц. пользователя
<04:09:49> [MSG] Запрошен login.php
<04:09:49> [MSG] Аутентифицирован пользователь ""
<04:09:49> [MSG] Запрошен avatars.php
<04:09:49> [MSG] Запрошен settings.php
<04:09:49> [MSG] Запрошен rooms.php
<04:09:51> [MSG] Запрошен settings.php
<04:09:51> [MSG] Запрошен rooms.php
<04:09:51> [MSG] Запрошен avatars.php
<04:09:54> [MSG] Запрошен logout.php
<04:09:54> [MSG] Пользователь "thesourcecode.max@yandex.ru" вышел
<04:10:00> [MSG] Запрошен logout.php
<04:10:00> [WARN] Попытка выхода не аутентифиц. пользователя
<04:10:07> [MSG] Запрошен login.php
<04:10:07> [WARN] Не найден пользователь "jeka@jeka.ru"
<04:10:09> [MSG] Запрошен login.php
<04:10:09> [MSG] Аутентифицирован пользователь ""
<04:10:09> [MSG] Запрошен avatars.php
<04:10:09> [MSG] Запрошен rooms.php
<04:10:09> [MSG] Запрошен settings.php
<04:10:11> [MSG] Запрошен login.php
<04:10:11> [MSG] Запрошен avatars.php
<04:10:11> [MSG] Запрошен rooms.php
<04:10:11> [MSG] Запрошен settings.php
<04:10:14> [MSG] Запрошен logout.php
<04:10:14> [MSG] Пользователь "thesourcecode.max@yandex.ru" вышел
<04:11:48> [MSG] Запрошен login.php
<04:11:48> [MSG] Аутентифицирован пользователь ""
<04:11:48> [MSG] Запрошен avatars.php
<04:11:48> [MSG] Запрошен rooms.php
<04:11:48> [MSG] Запрошен settings.php
<04:11:51> [MSG] Запрошен logout.php
<04:11:51> [MSG] Пользователь "thesourcecode.max@yandex.ru" вышел
<04:12:14> [MSG] Запрошен login.php
<04:12:14> [MSG] Аутентифицирован пользователь ""
<04:12:14> [MSG] Запрошен avatars.php
<04:12:14> [MSG] Запрошен rooms.php
<04:12:14> [MSG] Запрошен settings.php
<04:12:19> [MSG] Запрошен logout.php
<04:12:19> [MSG] Пользователь "thesourcecode.max@yandex.ru" вышел
<04:13:26> [MSG] Запрошен login.php
<04:13:26> [MSG] Аутентифицирован пользователь ""
<04:13:26> [MSG] Запрошен avatars.php
<04:13:26> [MSG] Запрошен settings.php
<04:13:26> [MSG] Запрошен rooms.php
<04:13:28> [MSG] Запрошен logout.php
<04:13:28> [MSG] Пользователь "thesourcecode.max@yandex.ru" вышел
<04:13:33> [MSG] Запрошен login.php
<04:13:33> [MSG] Аутентифицирован пользователь ""
<04:13:33> [MSG] Запрошен avatars.php
<04:13:33> [MSG] Запрошен settings.php
<04:13:33> [MSG] Запрошен rooms.php
<04:13:49> [MSG] Запрошен logout.php
<04:13:49> [MSG] Пользователь "thesourcecode.max@yandex.ru" вышел
<04:13:53> [MSG] Запрошен login.php
<04:13:53> [MSG] Аутентифицирован пользователь ""
<04:13:53> [MSG] Запрошен avatars.php
<04:13:53> [MSG] Запрошен rooms.php
<04:13:53> [MSG] Запрошен settings.php
<04:13:57> [MSG] Запрошен logout.php
<04:13:57> [MSG] Пользователь "thesourcecode.max@yandex.ru" вышел
<04:14:02> [MSG] Запрошен login.php
<04:14:02> [MSG] Аутентифицирован пользователь ""
<04:14:02> [MSG] Запрошен avatars.php
<04:14:02> [MSG] Запрошен settings.php
<04:14:02> [MSG] Запрошен rooms.php
<04:14:05> [MSG] Запрошен logout.php
<04:14:05> [MSG] Пользователь "thesourcecode.max@yandex.ru" вышел
<04:14:31> [MSG] Запрошен login.php
<04:14:31> [MSG] Аутентифицирован пользователь ""
<04:14:31> [MSG] Запрошен avatars.php
<04:14:31> [MSG] Запрошен rooms.php
<04:14:31> [MSG] Запрошен settings.php
<04:14:36> [MSG] Запрошен logout.php
<04:14:36> [MSG] Пользователь "thesourcecode.max@yandex.ru" вышел
<04:14:40> [MSG] Запрошен login.php
<04:14:40> [MSG] Аутентифицирован пользователь ""
<04:14:40> [MSG] Запрошен avatars.php
<04:14:40> [MSG] Запрошен rooms.php
<04:14:40> [MSG] Запрошен settings.php
<04:14:42> [MSG] Запрошен rooms.php
<04:14:43> [MSG] Запрошен users.php
<04:14:46> [MSG] Запрошен settings.php
<04:14:46> [MSG] Запрошен rooms.php
<04:14:46> [MSG] Запрошен avatars.php
<04:14:51> [MSG] Запрошен logout.php
<04:14:51> [MSG] Пользователь "thesourcecode.max@yandex.ru" вышел
<04:14:55> [MSG] Запрошен users.php
<04:14:55> [WARN] Недостаточно прав для запроса пользователей
<04:14:58> [MSG] Запрошен settings.php
<04:14:58> [WARN] Неавторизированный польз. попытался получить настройки
<04:17:40> [MSG] Запрошен login.php
<04:17:40> [MSG] Аутентифицирован пользователь ""
<04:17:40> [MSG] Запрошен avatars.php
<04:17:40> [MSG] Запрошен rooms.php
<04:17:40> [MSG] Запрошен settings.php
<04:17:42> [MSG] Запрошен login.php
<04:17:42> [MSG] Запрошен avatars.php
<04:17:42> [MSG] Запрошен rooms.php
<04:17:42> [MSG] Запрошен settings.php
<04:17:45> [MSG] Запрошен logout.php
<04:17:45> [MSG] Пользователь "thesourcecode.max@yandex.ru" вышел
<04:17:47> [MSG] Запрошен users.php
<04:17:47> [WARN] Недостаточно прав для запроса пользователей
<04:17:51> [MSG] Запрошен rating.php
<04:17:51> [WARN] Неавторизированный польз. попытался получить рейтинги
<04:17:52> [MSG] Запрошен settings.php
<04:17:52> [WARN] Неавторизированный польз. попытался получить настройки
<04:17:54> [MSG] Запрошен settings.php
<04:17:54> [WARN] Неавторизированный польз. попытался получить настройки
<04:17:56> [MSG] Запрошен rooms.php
<04:17:56> [WARN] Недостаточно прав для запроса роли пользователя [getAll]
<04:17:57> [MSG] Запрошен topics.php
<04:18:00> [MSG] Запрошен users.php
<04:18:00> [WARN] Недостаточно прав для запроса пользователей
<04:18:01> [MSG] Запрошен notifications.php
<04:18:02> [MSG] Запрошен users.php
<04:18:02> [WARN] Недостаточно прав для запроса пользователей
<04:18:04> [MSG] Запрошен notifications.php
<04:18:09> [MSG] Запрошен notifications.php
<04:18:14> [MSG] Запрошен users.php
<04:18:14> [WARN] Недостаточно прав для запроса пользователей
<04:18:17> [MSG] Запрошен notifications.php
<04:19:03> [MSG] Запрошен login.php
<04:19:03> [MSG] Аутентифицирован пользователь ""
<04:19:03> [MSG] Запрошен settings.php
<04:19:03> [MSG] Запрошен rooms.php
<04:19:03> [MSG] Запрошен avatars.php
<04:19:05> [MSG] Запрошен avatars.php
<04:19:05> [MSG] Запрошен settings.php
<04:19:05> [MSG] Запрошен rooms.php
<04:19:06> [MSG] Запрошен logout.php
<04:19:06> [MSG] Пользователь "thesourcecode.max@yandex.ru" вышел
<04:19:08> [MSG] Запрошен users.php
<04:19:08> [WARN] Недостаточно прав для запроса пользователей
<04:19:10> [MSG] Запрошен notifications.php
<04:21:56> [MSG] Запрошен notifications.php
<04:21:56> [WARN] Недостаточно прав для запроса уведомлений
<04:24:37> [MSG] Запрошен login.php
<04:24:37> [MSG] Аутентифицирован пользователь ""
<04:24:37> [MSG] Запрошен avatars.php
<04:24:37> [MSG] Запрошен rooms.php
<04:24:37> [MSG] Запрошен settings.php
<04:24:39> [MSG] Запрошен settings.php
<04:24:39> [MSG] Запрошен avatars.php
<04:24:39> [MSG] Запрошен rooms.php
<04:24:40> [MSG] Запрошен logout.php
<04:24:40> [MSG] Пользователь "thesourcecode.max@yandex.ru" вышел
<04:24:44> [MSG] Запрошен users.php
<04:24:44> [WARN] Недостаточно прав для запроса пользователей
<04:24:46> [MSG] Запрошен notifications.php
<04:24:46> [WARN] Недостаточно прав для запроса уведомлений
<04:24:49> [MSG] Запрошен users.php
<04:24:49> [WARN] Недостаточно прав для запроса пользователей
<04:24:51> [MSG] Запрошен notifications.php
<04:24:51> [WARN] Недостаточно прав для запроса уведомлений
<04:24:53> [MSG] Запрошен users.php
<04:24:55> [MSG] Запрошен users.php
<04:24:55> [WARN] Недостаточно прав для запроса пользователей
<04:24:57> [MSG] Запрошен topics.php
<04:24:57> [WARN] Недостаточно прав для запроса тем вопросов
<04:26:58> [MSG] Запрошен settings.php
<04:26:58> [WARN] Неавторизированный польз. попытался получить настройки
<04:26:59> [MSG] Запрошен settings.php
<04:26:59> [WARN] Неавторизированный польз. попытался получить настройки
<04:26:59> [MSG] Запрошен settings.php
<04:26:59> [WARN] Неавторизированный польз. попытался получить настройки
<04:27:00> [MSG] Запрошен rating.php
<04:27:00> [WARN] Неавторизированный польз. попытался получить рейтинги
<04:27:00> [MSG] Запрошен logout.php
<04:27:00> [WARN] Попытка выхода не аутентифиц. пользователя
<04:27:05> [MSG] Запрошен login.php
<04:27:05> [MSG] Аутентифицирован пользователь ""
<04:27:05> [MSG] Запрошен settings.php
<04:27:05> [MSG] Запрошен rooms.php
<04:27:05> [MSG] Запрошен avatars.php
<04:27:34> [MSG] Запрошен logout.php
<04:27:34> [MSG] Пользователь "thesourcecode.max@yandex.ru" вышел
<04:28:33> [MSG] Запрошен login.php
<04:28:33> [MSG] Аутентифицирован пользователь ""
<04:28:33> [MSG] Запрошен avatars.php
<04:28:33> [MSG] Запрошен rooms.php
<04:28:34> [MSG] Запрошен settings.php
<04:28:42> [MSG] Запрошен login.php
<04:28:42> [MSG] Запрошен settings.php
<04:28:42> [MSG] Запрошен avatars.php
<04:28:42> [MSG] Запрошен rooms.php
<04:28:48> [MSG] Запрошен logout.php
<04:28:48> [MSG] Пользователь "thesourcecode.max@yandex.ru" вышел
<04:28:50> [MSG] Запрошен topics.php
<04:28:50> [WARN] Недостаточно прав для запроса тем вопросов
<04:28:55> [MSG] Запрошен logout.php
<04:28:55> [WARN] Попытка выхода не аутентифиц. пользователя
<04:28:59> [MSG] Запрошен login.php
<04:28:59> [MSG] Аутентифицирован пользователь ""
<04:28:59> [MSG] Запрошен avatars.php
<04:28:59> [MSG] Запрошен rooms.php
<04:28:59> [MSG] Запрошен settings.php
<04:29:01> [MSG] Запрошен topics.php
<04:29:04> [MSG] Запрошен users.php
<04:29:14> [MSG] Запрошен logout.php
<04:29:14> [MSG] Пользователь "thesourcecode.max@yandex.ru" вышел
<04:32:03> [MSG] Запрошен login.php
<04:32:03> [MSG] Аутентифицирован пользователь ""
<04:32:03> [MSG] Запрошен settings.php
<04:32:03> [MSG] Запрошен avatars.php
<04:32:03> [MSG] Запрошен rooms.php
<04:32:05> [MSG] Запрошен logout.php
<04:32:05> [MSG] Пользователь "thesourcecode.max@yandex.ru" вышел
<04:32:08> [MSG] Запрошен login.php
<04:32:08> [MSG] Аутентифицирован пользователь ""
<04:32:09> [MSG] Запрошен settings.php
<04:32:09> [MSG] Запрошен rooms.php
<04:32:09> [MSG] Запрошен avatars.php
<09:05:44> [ERROR] Ошибка MYSQL: MySQL server has gone away
<09:05:44> [ERROR] Ошибка MYSQL: MySQL server has gone away
<09:05:50> [ERROR] Ошибка MYSQL: MySQL server has gone away
<09:05:50> [ERROR] Ошибка MYSQL: MySQL server has gone away
<09:05:56> [ERROR] Ошибка MYSQL: MySQL server has gone away
<09:05:56> [ERROR] Ошибка MYSQL: MySQL server has gone away
<09:06:02> [ERROR] Ошибка MYSQL: MySQL server has gone away
<09:06:02> [ERROR] Ошибка MYSQL: MySQL server has gone away
<09:06:08> [ERROR] Ошибка MYSQL: MySQL server has gone away
<09:06:08> [ERROR] Ошибка MYSQL: MySQL server has gone away
<09:06:14> [ERROR] Ошибка MYSQL: MySQL server has gone away
<09:06:14> [ERROR] Ошибка MYSQL: MySQL server has gone away
<09:06:20> [ERROR] Ошибка MYSQL: MySQL server has gone away
<09:06:20> [ERROR] Ошибка MYSQL: MySQL server has gone away
<09:06:26> [ERROR] Ошибка MYSQL: MySQL server has gone away
<09:06:26> [ERROR] Ошибка MYSQL: MySQL server has gone away
<09:06:32> [ERROR] Ошибка MYSQL: MySQL server has gone away
<09:06:32> [ERROR] Ошибка MYSQL: MySQL server has gone away
<09:06:38> [ERROR] Ошибка MYSQL: MySQL server has gone away
<09:06:38> [ERROR] Ошибка MYSQL: MySQL server has gone away
<09:06:44> [ERROR] Ошибка MYSQL: MySQL server has gone away
<09:06:44> [ERROR] Ошибка MYSQL: MySQL server has gone away
<09:06:50> [ERROR] Ошибка MYSQL: MySQL server has gone away
<09:06:50> [ERROR] Ошибка MYSQL: MySQL server has gone away
<09:06:56> [ERROR] Ошибка MYSQL: MySQL server has gone away
<09:06:56> [ERROR] Ошибка MYSQL: MySQL server has gone away
<09:07:02> [ERROR] Ошибка MYSQL: MySQL server has gone away
<09:07:02> [ERROR] Ошибка MYSQL: MySQL server has gone away
<09:07:08> [ERROR] Ошибка MYSQL: MySQL server has gone away
<09:07:08> [ERROR] Ошибка MYSQL: MySQL server has gone away
<09:07:14> [ERROR] Ошибка MYSQL: MySQL server has gone away
<09:07:14> [ERROR] Ошибка MYSQL: MySQL server has gone away
<09:07:20> [ERROR] Ошибка MYSQL: MySQL server has gone away
<09:07:20> [ERROR] Ошибка MYSQL: MySQL server has gone away
<09:07:26> [ERROR] Ошибка MYSQL: MySQL server has gone away
<09:07:26> [ERROR] Ошибка MYSQL: MySQL server has gone away
<09:07:32> [ERROR] Ошибка MYSQL: MySQL server has gone away
<09:07:32> [ERROR] Ошибка MYSQL: MySQL server has gone away
<09:07:38> [ERROR] Ошибка MYSQL: MySQL server has gone away
<09:07:38> [ERROR] Ошибка MYSQL: MySQL server has gone away
<09:07:44> [ERROR] Ошибка MYSQL: MySQL server has gone away
<09:07:44> [ERROR] Ошибка MYSQL: MySQL server has gone away
<09:07:50> [ERROR] Ошибка MYSQL: MySQL server has gone away
<09:07:50> [ERROR] Ошибка MYSQL: MySQL server has gone away
<09:07:56> [ERROR] Ошибка MYSQL: MySQL server has gone away
<09:07:56> [ERROR] Ошибка MYSQL: MySQL server has gone away
<09:08:02> [ERROR] Ошибка MYSQL: MySQL server has gone away
<09:08:02> [ERROR] Ошибка MYSQL: MySQL server has gone away
<09:08:08> [ERROR] Ошибка MYSQL: MySQL server has gone away
<09:08:08> [ERROR] Ошибка MYSQL: MySQL server has gone away
<09:08:14> [ERROR] Ошибка MYSQL: MySQL server has gone away
<09:08:14> [ERROR] Ошибка MYSQL: MySQL server has gone away
<09:08:20> [ERROR] Ошибка MYSQL: MySQL server has gone away
<09:08:20> [ERROR] Ошибка MYSQL: MySQL server has gone away
<09:08:26> [ERROR] Ошибка MYSQL: MySQL server has gone away
<09:08:26> [ERROR] Ошибка MYSQL: MySQL server has gone away
<09:08:32> [ERROR] Ошибка MYSQL: MySQL server has gone away
<09:08:32> [ERROR] Ошибка MYSQL: MySQL server has gone away
<09:08:38> [ERROR] Ошибка MYSQL: MySQL server has gone away
<09:08:38> [ERROR] Ошибка MYSQL: MySQL server has gone away
<09:08:44> [ERROR] Ошибка MYSQL: MySQL server has gone away
<09:08:44> [ERROR] Ошибка MYSQL: MySQL server has gone away
<09:08:50> [ERROR] Ошибка MYSQL: MySQL server has gone away
<09:08:50> [ERROR] Ошибка MYSQL: MySQL server has gone away
<09:08:56> [ERROR] Ошибка MYSQL: MySQL server has gone away
<09:08:56> [ERROR] Ошибка MYSQL: MySQL server has gone away
<09:09:02> [ERROR] Ошибка MYSQL: MySQL server has gone away
<09:09:02> [ERROR] Ошибка MYSQL: MySQL server has gone away
<09:09:08> [ERROR] Ошибка MYSQL: MySQL server has gone away
<09:09:08> [ERROR] Ошибка MYSQL: MySQL server has gone away
<09:09:14> [ERROR] Ошибка MYSQL: MySQL server has gone away
<09:09:14> [ERROR] Ошибка MYSQL: MySQL server has gone away
<09:09:20> [ERROR] Ошибка MYSQL: MySQL server has gone away
<09:09:20> [ERROR] Ошибка MYSQL: MySQL server has gone away
<09:09:26> [ERROR] Ошибка MYSQL: MySQL server has gone away
<09:09:26> [ERROR] Ошибка MYSQL: MySQL server has gone away
<09:09:32> [ERROR] Ошибка MYSQL: MySQL server has gone away
<09:09:32> [ERROR] Ошибка MYSQL: MySQL server has gone away
<09:09:38> [ERROR] Ошибка MYSQL: MySQL server has gone away
<09:09:38> [ERROR] Ошибка MYSQL: MySQL server has gone away
<09:09:44> [ERROR] Ошибка MYSQL: MySQL server has gone away
<09:09:44> [ERROR] Ошибка MYSQL: MySQL server has gone away
<09:09:50> [ERROR] Ошибка MYSQL: MySQL server has gone away
<09:09:50> [ERROR] Ошибка MYSQL: MySQL server has gone away
<09:09:56> [ERROR] Ошибка MYSQL: MySQL server has gone away
<09:09:56> [ERROR] Ошибка MYSQL: MySQL server has gone away
<09:10:02> [ERROR] Ошибка MYSQL: MySQL server has gone away
<09:10:02> [ERROR] Ошибка MYSQL: MySQL server has gone away
<09:10:08> [ERROR] Ошибка MYSQL: MySQL server has gone away
<09:10:08> [ERROR] Ошибка MYSQL: MySQL server has gone away
<09:10:14> [ERROR] Ошибка MYSQL: MySQL server has gone away
<09:10:14> [ERROR] Ошибка MYSQL: MySQL server has gone away
<09:10:20> [ERROR] Ошибка MYSQL: MySQL server has gone away
<09:10:20> [ERROR] Ошибка MYSQL: MySQL server has gone away
<09:10:26> [ERROR] Ошибка MYSQL: MySQL server has gone away
<09:10:26> [ERROR] Ошибка MYSQL: MySQL server has gone away
<09:10:32> [ERROR] Ошибка MYSQL: MySQL server has gone away
<09:10:32> [ERROR] Ошибка MYSQL: MySQL server has gone away
<09:10:38> [ERROR] Ошибка MYSQL: MySQL server has gone away
<09:10:38> [ERROR] Ошибка MYSQL: MySQL server has gone away
<09:10:44> [ERROR] Ошибка MYSQL: MySQL server has gone away
<09:10:44> [ERROR] Ошибка MYSQL: MySQL server has gone away
<09:10:50> [ERROR] Ошибка MYSQL: MySQL server has gone away
<09:10:50> [ERROR] Ошибка MYSQL: MySQL server has gone away
<09:10:56> [ERROR] Ошибка MYSQL: MySQL server has gone away
<09:10:56> [ERROR] Ошибка MYSQL: MySQL server has gone away
<09:11:02> [ERROR] Ошибка MYSQL: MySQL server has gone away
<09:11:02> [ERROR] Ошибка MYSQL: MySQL server has gone away
<09:11:08> [ERROR] Ошибка MYSQL: MySQL server has gone away
<09:11:08> [ERROR] Ошибка MYSQL: MySQL server has gone away
<09:11:14> [ERROR] Ошибка MYSQL: MySQL server has gone away
<09:11:14> [ERROR] Ошибка MYSQL: MySQL server has gone away
<09:11:20> [ERROR] Ошибка MYSQL: MySQL server has gone away
<09:11:20> [ERROR] Ошибка MYSQL: MySQL server has gone away
<09:11:26> [ERROR] Ошибка MYSQL: MySQL server has gone away
<09:11:26> [ERROR] Ошибка MYSQL: MySQL server has gone away
<09:11:32> [ERROR] Ошибка MYSQL: MySQL server has gone away
<09:11:32> [ERROR] Ошибка MYSQL: MySQL server has gone away
<09:11:38> [ERROR] Ошибка MYSQL: MySQL server has gone away
<09:11:38> [ERROR] Ошибка MYSQL: MySQL server has gone away
<09:11:44> [ERROR] Ошибка MYSQL: MySQL server has gone away
<09:11:44> [ERROR] Ошибка MYSQL: MySQL server has gone away
<09:11:50> [ERROR] Ошибка MYSQL: MySQL server has gone away
<09:11:50> [ERROR] Ошибка MYSQL: MySQL server has gone away
<09:11:56> [ERROR] Ошибка MYSQL: MySQL server has gone away
<09:11:56> [ERROR] Ошибка MYSQL: MySQL server has gone away
<09:12:02> [ERROR] Ошибка MYSQL: MySQL server has gone away
<09:12:02> [ERROR] Ошибка MYSQL: MySQL server has gone away
<09:12:08> [ERROR] Ошибка MYSQL: MySQL server has gone away
<09:12:08> [ERROR] Ошибка MYSQL: MySQL server has gone away
<09:12:14> [ERROR] Ошибка MYSQL: MySQL server has gone away
<09:12:14> [ERROR] Ошибка MYSQL: MySQL server has gone away
<09:12:20> [ERROR] Ошибка MYSQL: MySQL server has gone away
<09:12:20> [ERROR] Ошибка MYSQL: MySQL server has gone away
<09:12:26> [ERROR] Ошибка MYSQL: MySQL server has gone away
<09:12:26> [ERROR] Ошибка MYSQL: MySQL server has gone away
<09:12:32> [ERROR] Ошибка MYSQL: MySQL server has gone away
<09:12:32> [ERROR] Ошибка MYSQL: MySQL server has gone away
<09:12:38> [ERROR] Ошибка MYSQL: MySQL server has gone away
<09:12:38> [ERROR] Ошибка MYSQL: MySQL server has gone away
<09:12:44> [ERROR] Ошибка MYSQL: MySQL server has gone away
<09:12:44> [ERROR] Ошибка MYSQL: MySQL server has gone away
<09:12:50> [ERROR] Ошибка MYSQL: MySQL server has gone away
<09:12:50> [ERROR] Ошибка MYSQL: MySQL server has gone away
<09:12:56> [ERROR] Ошибка MYSQL: MySQL server has gone away
<09:12:56> [ERROR] Ошибка MYSQL: MySQL server has gone away
<09:13:02> [ERROR] Ошибка MYSQL: MySQL server has gone away
<09:13:02> [ERROR] Ошибка MYSQL: MySQL server has gone away
<09:13:08> [ERROR] Ошибка MYSQL: MySQL server has gone away
<09:13:08> [ERROR] Ошибка MYSQL: MySQL server has gone away
<09:13:14> [ERROR] Ошибка MYSQL: MySQL server has gone away
<09:13:14> [ERROR] Ошибка MYSQL: MySQL server has gone away
<09:13:20> [ERROR] Ошибка MYSQL: MySQL server has gone away
<09:13:20> [ERROR] Ошибка MYSQL: MySQL server has gone away
<09:13:26> [ERROR] Ошибка MYSQL: MySQL server has gone away
<09:13:26> [ERROR] Ошибка MYSQL: MySQL server has gone away
<09:13:32> [ERROR] Ошибка MYSQL: MySQL server has gone away
<09:13:32> [ERROR] Ошибка MYSQL: MySQL server has gone away
<09:13:38> [ERROR] Ошибка MYSQL: MySQL server has gone away
<09:13:38> [ERROR] Ошибка MYSQL: MySQL server has gone away
<09:13:44> [ERROR] Ошибка MYSQL: MySQL server has gone away
<09:13:44> [ERROR] Ошибка MYSQL: MySQL server has gone away
<09:13:50> [ERROR] Ошибка MYSQL: MySQL server has gone away
<09:13:50> [ERROR] Ошибка MYSQL: MySQL server has gone away
<09:13:56> [ERROR] Ошибка MYSQL: MySQL server has gone away
<09:13:56> [ERROR] Ошибка MYSQL: MySQL server has gone away
<09:14:02> [ERROR] Ошибка MYSQL: MySQL server has gone away
<09:14:02> [ERROR] Ошибка MYSQL: MySQL server has gone away
<09:14:08> [ERROR] Ошибка MYSQL: MySQL server has gone away
<09:14:08> [ERROR] Ошибка MYSQL: MySQL server has gone away
<09:14:14> [ERROR] Ошибка MYSQL: MySQL server has gone away
<09:14:14> [ERROR] Ошибка MYSQL: MySQL server has gone away
<09:14:20> [ERROR] Ошибка MYSQL: MySQL server has gone away
<09:14:20> [ERROR] Ошибка MYSQL: MySQL server has gone away
<09:14:26> [ERROR] Ошибка MYSQL: MySQL server has gone away
<09:14:26> [ERROR] Ошибка MYSQL: MySQL server has gone away
<09:14:32> [ERROR] Ошибка MYSQL: MySQL server has gone away
<09:14:32> [ERROR] Ошибка MYSQL: MySQL server has gone away
<09:14:38> [ERROR] Ошибка MYSQL: MySQL server has gone away
<09:14:38> [ERROR] Ошибка MYSQL: MySQL server has gone away
<09:14:44> [ERROR] Ошибка MYSQL: MySQL server has gone away
<09:14:44> [ERROR] Ошибка MYSQL: MySQL server has gone away
<09:14:50> [ERROR] Ошибка MYSQL: MySQL server has gone away
<09:14:50> [ERROR] Ошибка MYSQL: MySQL server has gone away
<09:14:56> [ERROR] Ошибка MYSQL: MySQL server has gone away
<09:14:56> [ERROR] Ошибка MYSQL: MySQL server has gone away
<09:15:02> [ERROR] Ошибка MYSQL: MySQL server has gone away
<09:15:02> [ERROR] Ошибка MYSQL: MySQL server has gone away
<09:15:08> [ERROR] Ошибка MYSQL: MySQL server has gone away
<09:15:08> [ERROR] Ошибка MYSQL: MySQL server has gone away
<09:15:14> [ERROR] Ошибка MYSQL: MySQL server has gone away
<09:15:14> [ERROR] Ошибка MYSQL: MySQL server has gone away
<09:15:20> [ERROR] Ошибка MYSQL: MySQL server has gone away
<09:15:20> [ERROR] Ошибка MYSQL: MySQL server has gone away
<09:15:26> [ERROR] Ошибка MYSQL: MySQL server has gone away
<09:15:26> [ERROR] Ошибка MYSQL: MySQL server has gone away
<09:15:32> [ERROR] Ошибка MYSQL: MySQL server has gone away
<09:15:32> [ERROR] Ошибка MYSQL: MySQL server has gone away
<09:15:38> [ERROR] Ошибка MYSQL: MySQL server has gone away
<09:15:38> [ERROR] Ошибка MYSQL: MySQL server has gone away
<09:15:44> [ERROR] Ошибка MYSQL: MySQL server has gone away
<09:15:44> [ERROR] Ошибка MYSQL: MySQL server has gone away
<09:15:50> [ERROR] Ошибка MYSQL: MySQL server has gone away
<09:15:50> [ERROR] Ошибка MYSQL: MySQL server has gone away
<09:15:56> [ERROR] Ошибка MYSQL: MySQL server has gone away
<09:15:56> [ERROR] Ошибка MYSQL: MySQL server has gone away
<09:16:02> [ERROR] Ошибка MYSQL: MySQL server has gone away
<09:16:02> [ERROR] Ошибка MYSQL: MySQL server has gone away
<09:16:08> [ERROR] Ошибка MYSQL: MySQL server has gone away
<09:16:08> [ERROR] Ошибка MYSQL: MySQL server has gone away
<09:16:14> [ERROR] Ошибка MYSQL: MySQL server has gone away
<09:16:14> [ERROR] Ошибка MYSQL: MySQL server has gone away
<09:16:20> [ERROR] Ошибка MYSQL: MySQL server has gone away
<09:16:20> [ERROR] Ошибка MYSQL: MySQL server has gone away
<09:16:27> [ERROR] Ошибка MYSQL: MySQL server has gone away
<09:16:27> [ERROR] Ошибка MYSQL: MySQL server has gone away
<09:16:33> [ERROR] Ошибка MYSQL: MySQL server has gone away
<09:16:33> [ERROR] Ошибка MYSQL: MySQL server has gone away
<09:16:39> [ERROR] Ошибка MYSQL: MySQL server has gone away
<09:16:39> [ERROR] Ошибка MYSQL: MySQL server has gone away
<09:16:45> [ERROR] Ошибка MYSQL: MySQL server has gone away
<09:16:45> [ERROR] Ошибка MYSQL: MySQL server has gone away
<09:16:51> [ERROR] Ошибка MYSQL: MySQL server has gone away
<09:16:51> [ERROR] Ошибка MYSQL: MySQL server has gone away
<09:16:57> [ERROR] Ошибка MYSQL: MySQL server has gone away
<09:16:57> [ERROR] Ошибка MYSQL: MySQL server has gone away
<09:17:03> [ERROR] Ошибка MYSQL: MySQL server has gone away
<09:17:03> [ERROR] Ошибка MYSQL: MySQL server has gone away
<09:17:09> [ERROR] Ошибка MYSQL: MySQL server has gone away
<09:17:09> [ERROR] Ошибка MYSQL: MySQL server has gone away
<09:17:15> [ERROR] Ошибка MYSQL: MySQL server has gone away
<09:17:15> [ERROR] Ошибка MYSQL: MySQL server has gone away
<09:17:21> [ERROR] Ошибка MYSQL: MySQL server has gone away
<09:17:21> [ERROR] Ошибка MYSQL: MySQL server has gone away
<09:17:27> [ERROR] Ошибка MYSQL: MySQL server has gone away
<09:17:27> [ERROR] Ошибка MYSQL: MySQL server has gone away
<09:17:33> [ERROR] Ошибка MYSQL: MySQL server has gone away
<09:17:33> [ERROR] Ошибка MYSQL: MySQL server has gone away
<09:17:39> [ERROR] Ошибка MYSQL: MySQL server has gone away
<09:17:39> [ERROR] Ошибка MYSQL: MySQL server has gone away
<09:17:45> [ERROR] Ошибка MYSQL: MySQL server has gone away
<09:17:45> [ERROR] Ошибка MYSQL: MySQL server has gone away
<09:17:51> [ERROR] Ошибка MYSQL: MySQL server has gone away
<09:17:51> [ERROR] Ошибка MYSQL: MySQL server has gone away
<09:17:57> [ERROR] Ошибка MYSQL: MySQL server has gone away
<09:17:57> [ERROR] Ошибка MYSQL: MySQL server has gone away
<09:18:03> [ERROR] Ошибка MYSQL: MySQL server has gone away
<09:18:03> [ERROR] Ошибка MYSQL: MySQL server has gone away
<09:18:09> [ERROR] Ошибка MYSQL: MySQL server has gone away
<09:18:09> [ERROR] Ошибка MYSQL: MySQL server has gone away
<09:18:15> [ERROR] Ошибка MYSQL: MySQL server has gone away
<09:18:15> [ERROR] Ошибка MYSQL: MySQL server has gone away
<09:18:21> [ERROR] Ошибка MYSQL: MySQL server has gone away
<09:18:21> [ERROR] Ошибка MYSQL: MySQL server has gone away
<09:18:28> [ERROR] Ошибка MYSQL: MySQL server has gone away
<09:18:28> [ERROR] Ошибка MYSQL: MySQL server has gone away
<09:18:34> [ERROR] Ошибка MYSQL: MySQL server has gone away
<09:18:34> [ERROR] Ошибка MYSQL: MySQL server has gone away
<09:18:40> [ERROR] Ошибка MYSQL: MySQL server has gone away
<09:18:40> [ERROR] Ошибка MYSQL: MySQL server has gone away
<09:18:46> [ERROR] Ошибка MYSQL: MySQL server has gone away
<09:18:46> [ERROR] Ошибка MYSQL: MySQL server has gone away
<09:18:52> [ERROR] Ошибка MYSQL: MySQL server has gone away
<09:18:52> [ERROR] Ошибка MYSQL: MySQL server has gone away
<09:18:58> [ERROR] Ошибка MYSQL: MySQL server has gone away
<09:18:58> [ERROR] Ошибка MYSQL: MySQL server has gone away
<09:19:04> [ERROR] Ошибка MYSQL: MySQL server has gone away
<09:19:04> [ERROR] Ошибка MYSQL: MySQL server has gone away
<09:19:10> [ERROR] Ошибка MYSQL: MySQL server has gone away
<09:19:10> [ERROR] Ошибка MYSQL: MySQL server has gone away
<09:19:16> [ERROR] Ошибка MYSQL: MySQL server has gone away
<09:19:16> [ERROR] Ошибка MYSQL: MySQL server has gone away
<09:19:22> [ERROR] Ошибка MYSQL: MySQL server has gone away
<09:19:22> [ERROR] Ошибка MYSQL: MySQL server has gone away
<09:19:28> [ERROR] Ошибка MYSQL: MySQL server has gone away
<09:19:28> [ERROR] Ошибка MYSQL: MySQL server has gone away
<09:19:34> [ERROR] Ошибка MYSQL: MySQL server has gone away
<09:19:34> [ERROR] Ошибка MYSQL: MySQL server has gone away
<09:19:40> [ERROR] Ошибка MYSQL: MySQL server has gone away
<09:19:40> [ERROR] Ошибка MYSQL: MySQL server has gone away
<09:19:46> [ERROR] Ошибка MYSQL: MySQL server has gone away
<09:19:46> [ERROR] Ошибка MYSQL: MySQL server has gone away
<09:19:52> [ERROR] Ошибка MYSQL: MySQL server has gone away
<09:19:52> [ERROR] Ошибка MYSQL: MySQL server has gone away
<09:19:58> [ERROR] Ошибка MYSQL: MySQL server has gone away
<09:19:58> [ERROR] Ошибка MYSQL: MySQL server has gone away
<09:20:04> [ERROR] Ошибка MYSQL: MySQL server has gone away
<09:20:04> [ERROR] Ошибка MYSQL: MySQL server has gone away
<09:20:10> [ERROR] Ошибка MYSQL: MySQL server has gone away
<09:20:10> [ERROR] Ошибка MYSQL: MySQL server has gone away
<09:20:16> [ERROR] Ошибка MYSQL: MySQL server has gone away
<09:20:16> [ERROR] Ошибка MYSQL: MySQL server has gone away
<09:20:22> [ERROR] Ошибка MYSQL: MySQL server has gone away
<09:20:22> [ERROR] Ошибка MYSQL: MySQL server has gone away
<09:20:28> [ERROR] Ошибка MYSQL: MySQL server has gone away
<09:20:28> [ERROR] Ошибка MYSQL: MySQL server has gone away
<09:20:34> [ERROR] Ошибка MYSQL: MySQL server has gone away
<09:20:34> [ERROR] Ошибка MYSQL: MySQL server has gone away
<09:20:40> [ERROR] Ошибка MYSQL: MySQL server has gone away
<09:20:40> [ERROR] Ошибка MYSQL: MySQL server has gone away
<09:20:46> [ERROR] Ошибка MYSQL: MySQL server has gone away
<09:20:46> [ERROR] Ошибка MYSQL: MySQL server has gone away
<09:20:52> [ERROR] Ошибка MYSQL: MySQL server has gone away
<09:20:52> [ERROR] Ошибка MYSQL: MySQL server has gone away
<09:20:58> [ERROR] Ошибка MYSQL: MySQL server has gone away
<09:20:58> [ERROR] Ошибка MYSQL: MySQL server has gone away
<09:21:04> [ERROR] Ошибка MYSQL: MySQL server has gone away
<09:21:04> [ERROR] Ошибка MYSQL: MySQL server has gone away
<15:20:57> [MSG] Запрошен users.php
<15:21:01> [MSG] Запрошен logout.php
<15:21:01> [MSG] Пользователь "thesourcecode.max@yandex.ru" вышел
<15:21:11> [MSG] Запрошен login.php
<15:21:11> [MSG] Аутентифицирован пользователь ""
<15:21:11> [MSG] Запрошен settings.php
<15:21:11> [MSG] Запрошен avatars.php
<15:21:11> [MSG] Запрошен rooms.php
<15:21:17> [MSG] Запрошен topics.php
<15:21:20> [MSG] Запрошен rooms.php
<15:21:20> [WARN] Вы уже в комнате [createRoom]
<15:23:26> [MSG] Запрошен avatars.php
<15:23:26> [MSG] Запрошен settings.php
<15:23:26> [MSG] Запрошен rooms.php
<15:23:29> [MSG] Запрошен topics.php
<15:23:32> [MSG] Запрошен rooms.php
<15:23:32> [WARN] Вы уже в комнате [createRoom]
<15:25:55> [MSG] Запрошен avatars.php
<15:25:55> [MSG] Запрошен settings.php
<15:25:55> [MSG] Запрошен rooms.php
<15:25:57> [MSG] Запрошен topics.php
<15:26:00> [MSG] Запрошен rooms.php
<15:26:00> [WARN] Вы уже в комнате [createRoom]
<15:26:52> [MSG] Запрошен topics.php
<15:26:54> [MSG] Запрошен rooms.php
<15:26:54> [ERROR] Ошибка MYSQL: Duplicate entry 'Крутое название' for key 'rooms.name'
<15:26:54> [WARN] Ошибка создания комнаты [createRoom]
<17:12:56> [MSG] Запрошен settings.php
<17:12:56> [MSG] Запрошен avatars.php
<17:12:56> [MSG] Запрошен rooms.php
<17:12:59> [MSG] Запрошен rooms.php
<17:13:31> [MSG] Запрошен topics.php
<17:13:33> [MSG] Запрошен rooms.php
<17:13:33> [ERROR] Ошибка MYSQL: Duplicate entry 'Крутое название' for key 'rooms.name'
<17:13:33> [WARN] Ошибка создания комнаты [createRoom]
<17:18:56> [MSG] Запрошен rooms.php
<17:18:56> [ERROR] Ошибка MYSQL: Duplicate entry 'Крутое название' for key 'rooms.name'
<17:18:56> [WARN] Ошибка создания комнаты [createRoom]
<17:18:57> [MSG] Запрошен rooms.php
<17:18:57> [ERROR] Ошибка MYSQL: Duplicate entry 'Крутое название' for key 'rooms.name'
<17:18:57> [WARN] Ошибка создания комнаты [createRoom]
<17:19:02> [MSG] Запрошен rooms.php
<17:19:02> [ERROR] Ошибка MYSQL: Duplicate entry 'Крутое название' for key 'rooms.name'
<17:19:02> [WARN] Ошибка создания комнаты [createRoom]
<17:19:53> [MSG] Запрошен rooms.php
<17:19:53> [ERROR] Ошибка MYSQL: Duplicate entry 'Крутое название' for key 'rooms.name'
<17:19:53> [WARN] Ошибка создания комнаты [createRoom]
<17:22:51> [MSG] Запрошен rooms.php
<17:22:51> [ERROR] Ошибка MYSQL: Duplicate entry 'Крутое название' for key 'rooms.name'
<17:22:51> [WARN] Ошибка создания комнаты [createRoom]
<17:23:00> [MSG] Запрошен rooms.php
<17:23:47> [MSG] Запрошен rooms.php
<17:23:47> [MSG] Запрошен rooms.php
<17:23:49> [MSG] Запрошен rooms.php
<17:24:02> [MSG] Запрошен topics.php
<17:24:07> [MSG] Запрошен rooms.php
<17:24:39> [MSG] Запрошен avatars.php
<17:24:39> [MSG] Запрошен settings.php
<17:24:39> [MSG] Запрошен rooms.php
<17:24:58> [MSG] Запрошен avatars.php
<17:24:58> [MSG] Запрошен settings.php
<17:24:58> [MSG] Запрошен rooms.php
<17:25:00> [MSG] Запрошен rooms.php
<17:25:07> [MSG] Запрошен rooms.php
<17:26:04> [MSG] Запрошен topics.php
<17:26:08> [MSG] Запрошен rooms.php
<17:29:26> [MSG] Запрошен settings.php
<17:29:26> [MSG] Запрошен avatars.php
<17:29:26> [MSG] Запрошен rooms.php
<17:29:28> [MSG] Запрошен rooms.php
<17:29:28> [MSG] Запрошен rooms.php
<22:26:15> [MSG] Запрошен login.php
<22:26:15> [MSG] Аутентифицирован пользователь ""
<22:26:15> [MSG] Запрошен settings.php
<22:26:15> [MSG] Запрошен avatars.php
<22:26:15> [MSG] Запрошен rooms.php
<22:26:17> [MSG] Запрошен users.php
<22:26:20> [MSG] Запрошен topics.php
<22:26:36> [MSG] Запрошен settings.php
<22:27:15> [MSG] Запрошен topics.php
<22:33:31> [MSG] Запрошен users.php
<22:33:33> [MSG] Запрошен rooms.php
<22:33:34> [MSG] Запрошен settings.php
<22:47:17> [MSG] Запрошен settings.php
<22:47:17> [MSG] Запрошен avatars.php
<22:47:19> [MSG] Запрошен settings.php
<22:47:21> [MSG] Запрошен topics.php
<22:47:48> [MSG] Запрошен avatars.php
<22:47:48> [MSG] Запрошен settings.php
<22:47:53> [MSG] Запрошен topics.php
<22:49:49> [MSG] Запрошен avatars.php
<22:49:49> [MSG] Запрошен settings.php
<22:51:33> [MSG] Запрошен avatars.php
<22:51:33> [MSG] Запрошен settings.php
<22:54:22> [MSG] Запрошен avatars.php
<22:54:22> [MSG] Запрошен settings.php
<22:55:30> [MSG] Запрошен avatars.php
<22:55:30> [MSG] Запрошен settings.php
<22:55:30> [MSG] Запрошен rooms.php
<22:55:54> [MSG] Запрошен settings.php
<22:55:54> [MSG] Запрошен rooms.php
<22:55:54> [MSG] Запрошен avatars.php
<22:55:56> [MSG] Запрошен topics.php
<22:57:16> [MSG] Запрошен settings.php
<22:57:16> [MSG] Запрошен avatars.php
<22:57:16> [MSG] Запрошен rooms.php
<22:57:17> [MSG] Запрошен topics.php
<22:58:09> [MSG] Запрошен settings.php
<22:58:09> [MSG] Запрошен rooms.php
<22:58:09> [MSG] Запрошен avatars.php
<22:58:11> [MSG] Запрошен topics.php
<23:00:09> [MSG] Запрошен avatars.php
<23:00:09> [MSG] Запрошен settings.php
<23:00:09> [MSG] Запрошен rooms.php
<23:00:12> [MSG] Запрошен avatars.php
<23:00:12> [MSG] Запрошен settings.php
<23:00:12> [MSG] Запрошен rooms.php
<23:00:13> [MSG] Запрошен topics.php
<23:00:19> [MSG] Запрошен logout.php
<23:00:19> [MSG] Пользователь "thesourcecode.max@yandex.ru" вышел
<23:00:22> [MSG] Запрошен topics.php
<23:00:22> [WARN] Недостаточно прав для запроса тем вопросов
<23:00:53> [MSG] Запрошен login.php
<23:00:53> [MSG] Аутентифицирован пользователь ""
<23:00:53> [MSG] Запрошен settings.php
<23:00:53> [MSG] Запрошен avatars.php
<23:00:53> [MSG] Запрошен rooms.php
<23:00:55> [MSG] Запрошен avatars.php
<23:00:55> [MSG] Запрошен settings.php
<23:00:55> [MSG] Запрошен rooms.php
<23:00:58> [MSG] Запрошен logout.php
<23:00:58> [MSG] Пользователь "thesourcecode.max@yandex.ru" вышел
<23:01:02> [MSG] Запрошен topics.php
<23:01:02> [WARN] Недостаточно прав для запроса тем вопросов
<23:01:13> [MSG] Запрошен login.php
<23:01:13> [MSG] Аутентифицирован пользователь ""
<23:01:14> [MSG] Запрошен avatars.php
<23:01:14> [MSG] Запрошен settings.php
<23:01:14> [MSG] Запрошен rooms.php
<23:01:15> [MSG] Запрошен topics.php
<23:01:25> [MSG] Запрошен topics.php
<23:01:28> [MSG] Запрошен settings.php
<23:01:28> [MSG] Запрошен rooms.php
<23:01:28> [MSG] Запрошен avatars.php
<23:01:29> [MSG] Запрошен avatars.php
<23:01:29> [MSG] Запрошен settings.php
<23:01:29> [MSG] Запрошен rooms.php
<23:01:30> [MSG] Запрошен topics.php
<23:01:35> [MSG] Запрошен avatars.php
<23:01:35> [MSG] Запрошен settings.php
<23:01:35> [MSG] Запрошен rooms.php
<23:01:36> [MSG] Запрошен logout.php
<23:01:36> [MSG] Пользователь "thesourcecode.max@yandex.ru" вышел
<23:01:38> [MSG] Запрошен topics.php
<23:01:38> [WARN] Недостаточно прав для запроса тем вопросов
<23:01:44> [MSG] Запрошен topics.php
<23:01:44> [WARN] Недостаточно прав для запроса тем вопросов
<23:07:51> [MSG] Запрошен login.php
<23:07:51> [MSG] Аутентифицирован пользователь ""
<23:07:51> [MSG] Запрошен avatars.php
<23:07:51> [MSG] Запрошен settings.php
<23:07:51> [MSG] Запрошен rooms.php
<23:08:45> [MSG] Запрошен settings.php
<23:08:45> [MSG] Запрошен avatars.php
<23:08:45> [MSG] Запрошен rooms.php
<23:08:51> [MSG] Запрошен settings.php
<23:23:20> [MSG] Запрошен settings.php
<23:23:20> [MSG] Запрошен rooms.php
<23:23:20> [MSG] Запрошен avatars.php
<23:23:26> [MSG] Запрошен avatars.php
<23:23:26> [MSG] Запрошен settings.php
<23:23:26> [MSG] Запрошен rooms.php
<23:23:28> [MSG] Запрошен rooms.php
<23:23:29> [MSG] Запрошен rooms.php
<23:23:30> [MSG] Запрошен topics.php
<23:23:57> [MSG] Запрошен avatars.php
<23:23:57> [MSG] Запрошен settings.php
<23:23:57> [MSG] Запрошен rooms.php
<23:23:59> [MSG] Запрошен topics.php
<23:24:04> [MSG] Запрошен rating.php
<23:24:06> [MSG] Запрошен users.php
<23:24:08> [MSG] Запрошен users.php
<23:24:10> [MSG] Запрошен users.php
<23:24:11> [MSG] Запрошен notifications.php
<23:24:13> [MSG] Запрошен settings.php
<23:24:15> [MSG] Запрошен settings.php
<23:24:17> [MSG] Запрошен avatars.php
<23:24:17> [MSG] Запрошен settings.php
<23:24:17> [MSG] Запрошен rooms.php
<23:24:19> [MSG] Запрошен settings.php
<23:24:24> [MSG] Запрошен settings.php
<23:24:27> [MSG] Запрошен settings.php
<23:24:28> [MSG] Запрошен users.php
<23:24:30> [MSG] Запрошен settings.php
<23:24:32> [MSG] Запрошен settings.php
<23:24:37> [MSG] Запрошен users.php
<23:24:40> [MSG] Запрошен avatars.php
<23:24:40> [MSG] Запрошен settings.php
<23:24:40> [MSG] Запрошен rooms.php
<23:24:41> [MSG] Запрошен settings.php
<23:25:21> [MSG] Запрошен rooms.php
<23:25:21> [MSG] Запрошен settings.php
<23:25:21> [MSG] Запрошен avatars.php
<23:25:22> [MSG] Запрошен settings.php
<23:25:24> [MSG] Запрошен settings.php
<23:25:25> [MSG] Запрошен settings.php
<23:25:27> [MSG] Запрошен users.php
<23:30:43> [MSG] Запрошен avatars.php
<23:30:43> [MSG] Запрошен settings.php
<23:30:43> [MSG] Запрошен rooms.php
<23:30:47> [MSG] Запрошен topics.php
