<07:20:58> [MSG] Запрошен rating.php
<12:57:54> [MSG] Запрошен login.php
<12:57:54> [MSG] Аутентифицирован пользователь ""
<12:57:54> [MSG] Запрошен avatars.php
<12:57:54> [MSG] Запрошен settings.php
<12:57:54> [MSG] Запрошен rooms.php
<12:57:56> [MSG] Запрошен users.php
<13:21:45> [MSG] Запрошен settings.php
<13:21:45> [MSG] Запрошен avatars.php
<13:21:45> [MSG] Запрошен rooms.php
<13:21:47> [MSG] Запрошен topics.php
<13:21:58> [MSG] Запрошен rooms.php
<13:28:06> [MSG] Запрошен settings.php
<13:28:06> [MSG] Запрошен avatars.php
<13:55:46> [MSG] Запрошен settings.php
<13:55:46> [MSG] Запрошен avatars.php
<13:55:46> [MSG] Запрошен rooms.php
<13:56:06> [MSG] Запрошен avatars.php
<13:56:06> [MSG] Запрошен rooms.php
<13:56:06> [MSG] Запрошен settings.php
<13:56:10> [MSG] Запрошен rooms.php
<13:56:32> [MSG] Запрошен avatars.php
<13:56:32> [MSG] Запрошен settings.php
<13:56:32> [MSG] Запрошен rooms.php
<13:56:34> [MSG] Запрошен rooms.php
<13:56:37> [MSG] Запрошен rooms.php
<13:59:37> [MSG] Запрошен settings.php
<13:59:37> [MSG] Запрошен avatars.php
<13:59:37> [MSG] Запрошен rooms.php
<13:59:38> [MSG] Запрошен topics.php
<13:59:55> [MSG] Запрошен rooms.php
<13:59:58> [MSG] Запрошен settings.php
<13:59:58> [MSG] Запрошен avatars.php
<13:59:58> [MSG] Запрошен rooms.php
<13:59:59> [MSG] Запрошен rooms.php
<13:59:59> [MSG] Запрошен rooms.php
<14:00:08> [MSG] Запрошен settings.php
<14:00:08> [MSG] Запрошен avatars.php
<14:00:08> [MSG] Запрошен rooms.php
<14:00:45> [MSG] Запрошен topics.php
<14:01:01> [MSG] Запрошен rooms.php
<14:01:12> [MSG] Запрошен rooms.php
<14:01:12> [MSG] Запрошен rooms.php
<14:01:27> [MSG] Запрошен users.php
<14:02:26> [MSG] Запрошен avatars.php
<14:02:26> [MSG] Запрошен settings.php
<14:02:26> [MSG] Запрошен rooms.php
<14:28:10> [MSG] Запрошен signup.php
<14:28:10> [MSG] Зарегистрирован пользователь "Амелин:amelim@sgu.ru"
<14:28:10> [MSG] Запрошен settings.php
<14:28:10> [MSG] Запрошен avatars.php
<14:28:10> [MSG] Запрошен rooms.php
<14:28:51> [MSG] Запрошен settings.php
<14:28:51> [MSG] Запрошен rooms.php
<14:28:51> [MSG] Запрошен avatars.php
<14:28:57> [MSG] Запрошен avatars.php
<14:28:57> [MSG] Запрошен settings.php
<14:28:57> [MSG] Запрошен rooms.php
<14:28:59> [MSG] Запрошен topics.php
<14:29:42> [MSG] Запрошен rooms.php
<14:29:47> [MSG] Запрошен rooms.php
<14:29:47> [MSG] Запрошен rooms.php
<14:29:57> [MSG] Запрошен logout.php
<14:29:57> [MSG] Пользователь "amelim@sgu.ru" вышел
<15:18:36> [MSG] Запрошен settings.php
<15:18:36> [MSG] Запрошен avatars.php
<15:18:36> [MSG] Запрошен rooms.php
<15:18:38> [MSG] Запрошен users.php
<15:18:47> [MSG] Запрошен users.php
<15:18:54> [MSG] Запрошен users.php
<15:22:37> [MSG] Запрошен topics.php
<15:22:40> [MSG] Запрошен login.php
<15:22:40> [MSG] Аутентифицирован пользователь ""
<15:22:40> [MSG] Запрошен avatars.php
<15:22:40> [MSG] Запрошен settings.php
<15:22:40> [MSG] Запрошен rooms.php
<15:22:59> [MSG] Запрошен rooms.php
<15:23:30> [MSG] Запрошен rooms.php
<15:23:30> [MSG] Запрошен rooms.php
<15:23:42> [MSG] Запрошен settings.php
<15:23:42> [MSG] Запрошен rooms.php
<15:23:42> [MSG] Запрошен avatars.php
<15:26:50> [MSG] Запрошен avatars.php
<15:26:50> [MSG] Запрошен settings.php
<15:26:50> [MSG] Запрошен rooms.php
<15:26:51> [MSG] Запрошен users.php
<15:26:53> [MSG] Запрошен private-messages.php
<15:26:57> [MSG] Запрошен private-messages.php
<15:27:02> [MSG] Запрошен users.php
<15:27:05> [MSG] Запрошен users.php
<15:27:08> [MSG] Запрошен private-messages.php
<15:27:21> [MSG] Запрошен private-messages.php
<15:27:25> [MSG] Запрошен private-messages.php
<15:27:34> [MSG] Запрошен rooms.php
<15:28:48> [MSG] Запрошен topics.php
<15:30:23> [MSG] Запрошен settings.php
<15:30:23> [MSG] Запрошен rooms.php
<15:30:23> [MSG] Запрошен avatars.php
<15:32:59> [MSG] Запрошен settings.php
<15:32:59> [MSG] Запрошен rooms.php
<15:32:59> [MSG] Запрошен avatars.php
<15:35:51> [MSG] Запрошен settings.php
<15:35:51> [MSG] Запрошен rooms.php
<15:35:51> [MSG] Запрошен avatars.php
<15:35:54> [MSG] Запрошен settings.php
<15:35:54> [MSG] Запрошен avatars.php
<15:35:54> [MSG] Запрошен rooms.php
<15:35:57> [MSG] Запрошен avatars.php
<15:35:57> [MSG] Запрошен settings.php
<15:35:57> [MSG] Запрошен rooms.php
<15:36:14> [MSG] Запрошен avatars.php
<15:36:14> [MSG] Запрошен settings.php
<15:36:14> [MSG] Запрошен rooms.php
<15:36:26> [MSG] Запрошен avatars.php
<15:36:26> [MSG] Запрошен settings.php
<15:36:26> [MSG] Запрошен rooms.php
<15:37:55> [MSG] Запрошен avatars.php
<15:37:55> [MSG] Запрошен settings.php
<15:37:55> [MSG] Запрошен rooms.php
<15:38:36> [MSG] Запрошен avatars.php
<15:38:36> [MSG] Запрошен settings.php
<15:38:36> [MSG] Запрошен rooms.php
<15:38:59> [MSG] Запрошен login.php
<15:38:59> [MSG] Аутентифицирован пользователь ""
<15:38:59> [MSG] Запрошен avatars.php
<15:38:59> [MSG] Запрошен rooms.php
<15:38:59> [MSG] Запрошен settings.php
<15:39:13> [MSG] Запрошен avatars.php
<15:39:13> [MSG] Запрошен settings.php
<15:39:13> [MSG] Запрошен rooms.php
<15:39:15> [MSG] Запрошен users.php
<15:39:17> [MSG] Запрошен notifications.php
<15:39:18> [MSG] Запрошен users.php
<15:39:21> [MSG] Запрошен private-messages.php
<15:39:22> [MSG] Запрошен users.php
<15:39:28> [MSG] Запрошен topics.php
<15:39:33> [MSG] Запрошен avatars.php
<15:39:33> [MSG] Запрошен rooms.php
<15:39:33> [MSG] Запрошен settings.php
<15:39:36> [MSG] Запрошен topics.php
<15:39:39> [MSG] Запрошен users.php
<15:40:07> [MSG] Запрошен users.php
<15:40:44> [MSG] Запрошен settings.php
<15:40:44> [MSG] Запрошен rooms.php
<15:40:44> [MSG] Запрошен avatars.php
<15:40:46> [MSG] Запрошен topics.php
<15:40:54> [MSG] Запрошен rooms.php
<15:40:57> [MSG] Запрошен rooms.php
<15:40:57> [MSG] Запрошен rooms.php
<15:41:00> [MSG] Запрошен avatars.php
<15:41:00> [MSG] Запрошен settings.php
<15:41:00> [MSG] Запрошен rooms.php
<15:41:47> [MSG] Запрошен users.php
<15:41:59> [MSG] Запрошен users.php
<15:42:04> [MSG] Запрошен settings.php
<15:42:37> [MSG] Запрошен avatars.php
<15:42:37> [MSG] Запрошен settings.php
<15:42:37> [MSG] Запрошен rooms.php
<15:42:38> [MSG] Запрошен users.php
<15:42:47> [MSG] Запрошен settings.php
<15:42:47> [MSG] Запрошен rooms.php
<15:42:47> [MSG] Запрошен avatars.php
<15:42:49> [MSG] Запрошен users.php
<15:42:52> [MSG] Запрошен avatars.php
<15:42:52> [MSG] Запрошен settings.php
<15:42:52> [MSG] Запрошен rooms.php
<15:42:53> [MSG] Запрошен users.php
<15:43:22> [MSG] Запрошен settings.php
<15:43:22> [MSG] Запрошен avatars.php
<15:43:22> [MSG] Запрошен rooms.php
<15:43:24> [MSG] Запрошен users.php
<15:44:49> [MSG] Запрошен avatars.php
<15:44:49> [MSG] Запрошен settings.php
<15:44:49> [MSG] Запрошен rooms.php
<15:45:02> [MSG] Запрошен avatars.php
<15:45:02> [MSG] Запрошен settings.php
<15:45:02> [MSG] Запрошен rooms.php
<15:45:05> [MSG] Запрошен settings.php
<15:45:08> [MSG] Запрошен users.php
<16:47:43> [MSG] Запрошен logout.php
<16:47:43> [MSG] Пользователь "gryaznova2000@gmail.com" вышел
<16:52:59> [MSG] Запрошен users.php
<16:53:11> [MSG] Запрошен users.php
<21:13:26> [MSG] Запрошен login.php
<21:13:26> [MSG] Аутентифицирован пользователь ""
<21:13:26> [MSG] Запрошен avatars.php
<21:13:26> [MSG] Запрошен settings.php
<21:13:26> [MSG] Запрошен rooms.php
<21:13:28> [MSG] Запрошен users.php
<21:36:59> [MSG] Запрошен settings.php
<21:36:59> [MSG] Запрошен rooms.php
<21:36:59> [MSG] Запрошен avatars.php
<21:37:05> [MSG] Запрошен users.php
<21:37:10> [MSG] Запрошен users.php
<21:37:40> [MSG] Запрошен users.php
<21:37:42> [MSG] Запрошен settings.php
<21:37:42> [MSG] Запрошен avatars.php
<21:37:42> [MSG] Запрошен rooms.php
<21:39:12> [MSG] Запрошен users.php
<21:39:16> [MSG] Запрошен avatars.php
<21:39:16> [MSG] Запрошен settings.php
<21:39:16> [MSG] Запрошен rooms.php
<21:39:21> [MSG] Запрошен users.php
<22:21:29> [MSG] Запрошен rating.php
<22:22:03> [MSG] Запрошен login.php
<22:22:03> [MSG] Аутентифицирован пользователь ""
<22:22:03> [MSG] Запрошен settings.php
<22:22:03> [MSG] Запрошен rooms.php
<22:22:03> [MSG] Запрошен avatars.php
<22:22:06> [MSG] Запрошен users.php
<22:22:09> [MSG] Запрошен private-messages.php
<22:22:12> [MSG] Запрошен private-messages.php
<22:22:19> [MSG] Запрошен rating.php
<22:22:32> [MSG] Запрошен topics.php
<22:22:45> [MSG] Запрошен rooms.php
<22:22:50> [MSG] Запрошен rooms.php
<22:22:50> [MSG] Запрошен rooms.php
<22:22:52> [MSG] Запрошен rooms.php
<22:22:53> [MSG] Запрошен rooms.php
<22:22:53> [MSG] Запрошен rooms.php
<22:22:53> [MSG] Запрошен rooms.php
<22:22:54> [MSG] Запрошен rooms.php
<22:22:55> [MSG] Запрошен rooms.php
<22:22:55> [MSG] Запрошен rooms.php
<22:22:55> [MSG] Запрошен rooms.php
<22:22:55> [MSG] Запрошен rooms.php
<22:23:01> [MSG] Запрошен topics.php
<22:23:11> [MSG] Запрошен rooms.php
<22:23:14> [MSG] Запрошен rooms.php
<22:23:28> [MSG] Запрошен rooms.php
<22:23:28> [MSG] Запрошен rooms.php
<22:23:29> [MSG] Запрошен settings.php
<22:23:31> [MSG] Запрошен users.php
<22:23:32> [MSG] Запрошен settings.php
<22:23:35> [MSG] Запрошен topics.php
<22:23:39> [MSG] Запрошен topics.php
<22:23:43> [MSG] Запрошен settings.php
<22:23:44> [MSG] Запрошен settings.php
<22:24:42> [MSG] Запрошен avatars.php
<22:24:42> [MSG] Запрошен settings.php
<22:24:42> [MSG] Запрошен rooms.php
<22:24:44> [MSG] Запрошен avatars.php
<22:24:44> [MSG] Запрошен settings.php
<22:24:44> [MSG] Запрошен rooms.php
<22:25:48> [MSG] Запрошен private-messages.php
<22:27:16> [MSG] Запрошен settings.php
<22:27:43> [MSG] Запрошен avatars.php
<22:27:43> [MSG] Запрошен rooms.php
<22:27:43> [MSG] Запрошен settings.php
<22:28:06> [MSG] Запрошен users.php
<22:28:15> [MSG] Запрошен users.php
<22:30:56> [MSG] Запрошен users.php
<22:30:57> [MSG] Запрошен notifications.php
<22:58:17> [MSG] Запрошен users.php
<22:58:18> [MSG] Запрошен users.php
<22:58:18> [MSG] Запрошен users.php
<22:58:19> [MSG] Запрошен notifications.php
<22:58:19> [MSG] Запрошен users.php
<22:58:20> [MSG] Запрошен notifications.php
<23:06:35> [MSG] Запрошен login.php
<23:06:35> [MSG] Аутентифицирован пользователь ""
<23:06:35> [MSG] Запрошен settings.php
<23:06:35> [MSG] Запрошен avatars.php
<23:06:35> [MSG] Запрошен rooms.php
<23:06:38> [MSG] Запрошен users.php
<23:06:40> [MSG] Запрошен private-messages.php
<23:06:47> [MSG] Запрошен private-messages.php
