<07:20:57> [MSG] Запрошен login.php
<07:20:57> [MSG] Аутентифицирован пользователь ""
<07:20:57> [MSG] Запрошен avatars.php
<07:20:57> [MSG] Запрошен settings.php
<07:20:57> [MSG] Запрошен rooms.php
<07:21:01> [MSG] Запрошен settings.php
<07:21:04> [MSG] Запрошен settings.php
<07:21:08> [MSG] Запрошен users.php
<07:21:12> [MSG] Запрошен settings.php
<07:21:15> [MSG] Запрошен logout.php
<07:21:15> [MSG] Пользователь "thesourcecode.max@yandex.ru" вышел
<16:08:15> [MSG] Запрошен login.php
<16:08:15> [MSG] Аутентифицирован пользователь ""
<16:08:15> [MSG] Запрошен avatars.php
<16:08:15> [MSG] Запрошен settings.php
<16:08:15> [MSG] Запрошен rooms.php
<16:08:17> [MSG] Запрошен users.php
<22:45:15> [MSG] Запрошен login.php
<22:45:15> [MSG] Аутентифицирован пользователь ""
<22:45:15> [MSG] Запрошен avatars.php
<22:45:15> [MSG] Запрошен rooms.php
<22:45:15> [MSG] Запрошен settings.php
<22:45:17> [MSG] Запрошен users.php
