<00:01:31> [MSG] Запрошен settings.php
<00:01:31> [MSG] Запрошен avatars.php
<00:01:31> [MSG] Запрошен rooms.php
<00:01:39> [MSG] Запрошен users.php
<00:51:42> [MSG] Запрошен settings.php
<00:51:42> [MSG] Запрошен rooms.php
<00:51:42> [MSG] Запрошен avatars.php
<13:37:54> [MSG] Запрошен login.php
<13:37:54> [MSG] Аутентифицирован пользователь ""
<13:37:54> [MSG] Запрошен avatars.php
<13:37:54> [MSG] Запрошен rooms.php
<13:37:54> [MSG] Запрошен settings.php
<13:37:56> [MSG] Запрошен users.php
<13:37:57> [MSG] Запрошен private-messages.php
<18:31:12> [MSG] Запрошен login.php
<18:31:12> [MSG] Аутентифицирован пользователь ""
<18:31:12> [MSG] Запрошен avatars.php
<18:31:12> [MSG] Запрошен settings.php
<18:31:12> [MSG] Запрошен rooms.php
<18:31:13> [MSG] Запрошен topics.php
<18:31:19> [MSG] Запрошен settings.php
<18:31:19> [MSG] Запрошен avatars.php
<18:31:19> [MSG] Запрошен rooms.php
<18:31:36> [MSG] Запрошен avatars.php
<18:31:36> [MSG] Запрошен settings.php
<18:31:36> [MSG] Запрошен rooms.php
<18:33:49> [MSG] Запрошен settings.php
<18:33:51> [MSG] Запрошен rooms.php
<18:33:53> [MSG] Запрошен avatars.php
<18:33:53> [MSG] Запрошен rooms.php
<18:33:53> [MSG] Запрошен settings.php
<18:33:53> [MSG] Запрошен avatars.php
<19:49:59> [MSG] Запрошен avatars.php
<19:49:59> [MSG] Запрошен settings.php
<19:49:59> [MSG] Запрошен rooms.php
<19:50:01> [MSG] Запрошен users.php
<19:50:05> [MSG] Запрошен topics.php
<19:50:08> [MSG] Запрошен topics.php
<19:50:09> [MSG] Запрошен topics.php
<19:50:15> [MSG] Запрошен settings.php
<19:50:18> [MSG] Запрошен users.php
<19:50:20> [MSG] Запрошен topics.php
<19:51:35> [MSG] Запрошен users.php
<19:51:38> [MSG] Запрошен private-messages.php
