<12:16:14> [MSG] Запрошен settings.php
<12:16:14> [MSG] Запрошен rooms.php
<12:16:14> [MSG] Запрошен avatars.php
<12:16:34> [MSG] Запрошен users.php
<12:16:36> [MSG] Запрошен users.php
<14:27:38> [MSG] Запрошен login.php
<14:27:38> [MSG] Аутентифицирован пользователь ""
<14:27:38> [MSG] Запрошен settings.php
<14:27:38> [MSG] Запрошен rooms.php
<14:27:38> [MSG] Запрошен avatars.php
<14:27:43> [MSG] Запрошен users.php
<14:27:51> [MSG] Запрошен settings.php
<14:27:55> [MSG] Запрошен settings.php
<14:27:59> [MSG] Запрошен users.php
<14:28:00> [MSG] Запрошен private-messages.php
<14:28:02> [MSG] Запрошен private-messages.php
<14:28:10> [MSG] Запрошен notifications.php
<14:30:30> [MSG] Запрошен settings.php
<14:30:30> [MSG] Запрошен avatars.php
<14:30:30> [MSG] Запрошен rooms.php
<14:30:35> [MSG] Запрошен users.php
<14:30:41> [MSG] Запрошен settings.php
<17:55:33> [MSG] Запрошен users.php
<20:09:31> [MSG] Запрошен settings.php
<22:45:37> [MSG] Запрошен login.php
<22:45:37> [MSG] Аутентифицирован пользователь ""
<22:45:37> [MSG] Запрошен settings.php
<22:45:37> [MSG] Запрошен avatars.php
<22:45:37> [MSG] Запрошен rooms.php
<22:45:39> [MSG] Запрошен users.php
<22:45:46> [MSG] Запрошен users.php
<22:45:50> [MSG] Запрошен private-messages.php
<22:45:57> [MSG] Запрошен private-messages.php
<22:46:09> [MSG] Запрошен private-messages.php
<22:46:11> [MSG] Запрошен users.php
<22:46:12> [MSG] Запрошен settings.php
<22:46:15> [MSG] Запрошен settings.php
<22:46:18> [MSG] Запрошен users.php
<22:46:21> [MSG] Запрошен private-messages.php
<22:46:36> [MSG] Запрошен private-messages.php
<22:46:51> [MSG] Запрошен users.php
<22:48:47> [MSG] Запрошен users.php
<22:48:53> [MSG] Запрошен notifications.php
<22:48:54> [MSG] Запрошен users.php
<22:49:06> [MSG] Запрошен login.php
<22:49:06> [MSG] Аутентифицирован пользователь ""
<22:49:06> [MSG] Запрошен avatars.php
<22:49:06> [MSG] Запрошен rooms.php
<22:49:06> [MSG] Запрошен settings.php
<22:49:09> [MSG] Запрошен users.php
<22:49:09> [MSG] Запрошен private-messages.php
<22:49:10> [MSG] Запрошен notifications.php
<22:49:11> [MSG] Запрошен users.php
<22:49:13> [MSG] Запрошен users.php
<22:49:14> [MSG] Запрошен private-messages.php
<22:49:17> [MSG] Запрошен topics.php
<22:49:21> [MSG] Запрошен users.php
<22:49:22> [MSG] Запрошен private-messages.php
<22:49:26> [MSG] Запрошен private-messages.php
<22:49:32> [MSG] Запрошен topics.php
<22:49:42> [MSG] Запрошен private-messages.php
<22:49:50> [MSG] Запрошен users.php
<22:49:53> [MSG] Запрошен private-messages.php
<22:49:58> [MSG] Запрошен private-messages.php
<22:50:00> [MSG] Запрошен private-messages.php
<22:51:10> [MSG] Запрошен settings.php
<22:51:19> [MSG] Запрошен rating.php
<22:51:32> [MSG] Запрошен topics.php
<22:55:33> [MSG] Запрошен rooms.php
<22:55:38> [MSG] Запрошен rooms.php
<22:55:38> [MSG] Запрошен rooms.php
<22:55:40> [MSG] Запрошен users.php
<22:55:41> [MSG] Запрошен notifications.php
<22:55:43> [MSG] Запрошен users.php
<22:56:09> [MSG] Запрошен users.php
<22:56:16> [MSG] Запрошен notifications.php
<22:56:25> [MSG] Запрошен users.php
<22:56:29> [MSG] Запрошен users.php
<22:56:38> [MSG] Запрошен users.php
<22:56:39> [MSG] Запрошен users.php
<22:56:40> [MSG] Запрошен users.php
<22:56:40> [MSG] Запрошен users.php
<22:56:41> [MSG] Запрошен users.php
<22:59:20> [MSG] Запрошен users.php
<22:59:55> [MSG] Запрошен users.php
<23:01:02> [MSG] Запрошен avatars.php
<23:01:02> [MSG] Запрошен settings.php
<23:01:02> [MSG] Запрошен rooms.php
<23:03:09> [MSG] Запрошен users.php
<23:03:10> [MSG] Запрошен users.php
<23:03:12> [MSG] Запрошен users.php
<23:03:13> [MSG] Запрошен users.php
<23:04:18> [MSG] Запрошен users.php
<23:04:31> [MSG] Запрошен users.php
<23:04:52> [MSG] Запрошен users.php
<23:05:07> [MSG] Запрошен avatars.php
<23:05:07> [MSG] Запрошен settings.php
<23:05:07> [MSG] Запрошен rooms.php
<23:05:09> [MSG] Запрошен users.php
<23:05:11> [MSG] Запрошен users.php
<23:05:35> [MSG] Запрошен avatars.php
<23:05:35> [MSG] Запрошен settings.php
<23:05:35> [MSG] Запрошен rooms.php
<23:05:37> [MSG] Запрошен users.php
<23:05:39> [MSG] Запрошен users.php
<23:07:03> [MSG] Запрошен avatars.php
<23:07:03> [MSG] Запрошен settings.php
<23:07:03> [MSG] Запрошен rooms.php
<23:07:04> [MSG] Запрошен users.php
<23:07:06> [MSG] Запрошен users.php
<23:07:58> [MSG] Запрошен avatars.php
<23:07:58> [MSG] Запрошен settings.php
<23:07:58> [MSG] Запрошен rooms.php
<23:08:00> [MSG] Запрошен users.php
<23:08:02> [MSG] Запрошен users.php
<23:08:10> [MSG] Запрошен users.php
<23:08:50> [MSG] Запрошен avatars.php
<23:08:50> [MSG] Запрошен settings.php
<23:08:50> [MSG] Запрошен rooms.php
<23:08:53> [MSG] Запрошен users.php
<23:08:56> [MSG] Запрошен users.php
