<06:07:22> [MSG] Запрошен login.php
<06:07:22> [MSG] Аутентифицирован пользователь "Lucors"
<06:07:22> [MSG] Запрошен rooms.php
<06:07:22> [MSG] Запрошен settings.php
<06:07:22> [MSG] Запрошен avatars.php
<06:07:24> [MSG] Запрошен users.php
<06:18:34> [MSG] Запрошен users.php
<06:18:37> [MSG] Запрошен rating.php
<06:18:47> [MSG] Запрошен topics.php
<06:18:47> [MSG] Запрошен maps.php
<06:18:55> [MSG] Запрошен rooms.php
<06:18:55> [ERROR] 
				INSERT INTO
					rooms (name, privacy, password, step_time, stage, creator_id, map_id)
				VALUES 
					('Крутое название', 0, '',
						10, 0, 1, 1)
			
<06:18:57> [MSG] Запрошен rooms.php
<06:18:57> [MSG] Запрошен rooms.php
<07:17:53> [MSG] Запрошен topics.php
<07:17:53> [MSG] Запрошен maps.php
<20:27:00> [MSG] Запрошен settings.php
<20:27:00> [WARN] Пользователь не авторизирован []
<20:27:05> [MSG] Запрошен users.php
<20:27:05> [WARN] Недостаточно прав для запроса пользователей
<20:27:18> [MSG] Запрошен rating.php
<20:27:18> [WARN] Недостаточно прав для запроса рейтинга
<20:27:27> [MSG] Запрошен rooms.php
<20:27:27> [WARN] Недостаточно прав для запроса списка комнат [getAll]
<20:27:33> [MSG] Запрошен topics.php
<20:27:33> [WARN] Недостаточно прав для запроса тем вопросов
