<03:52:59> [MSG] Запрошен login.php
<03:52:59> [MSG] Аутентифицирован пользователь "Lucors"
<03:52:59> [MSG] Запрошен rooms.php
<03:52:59> [MSG] Запрошен avatars.php
<03:52:59> [MSG] Запрошен settings.php
<03:53:12> [MSG] Запрошен rating.php
<03:53:22> [MSG] Запрошен users.php
<03:53:24> [MSG] Запрошен topics.php
<03:53:24> [MSG] Запрошен maps.php
<03:55:32> [MSG] Запрошен rating.php
<03:55:38> [MSG] Запрошен logout.php
<03:55:38> [MSG] Пользователь "thesourcecode.max@yandex.ru" вышел
<03:59:38> [MSG] Запрошен login.php
<03:59:38> [MSG] Аутентифицирован пользователь "Lucors"
<03:59:38> [MSG] Запрошен rooms.php
<03:59:38> [MSG] Запрошен avatars.php
<03:59:38> [MSG] Запрошен settings.php
<04:00:52> [MSG] Запрошен settings.php
<04:01:26> [MSG] Запрошен topics.php
<04:01:26> [MSG] Запрошен maps.php
<04:02:01> [MSG] Запрошен rooms.php
<04:02:01> [MSG] Запрошен settings.php
<04:02:01> [MSG] Запрошен avatars.php
<04:02:03> [MSG] Запрошен settings.php
<04:02:05> [MSG] Запрошен settings.php
<04:02:19> [MSG] Запрошен rating.php
<04:02:22> [MSG] Запрошен rating.php
<04:02:50> [MSG] Запрошен users.php
<04:02:53> [MSG] Запрошен users.php
<04:04:31> [MSG] Запрошен users.php
<04:04:33> [MSG] Запрошен private-messages.php
<04:04:37> [MSG] Запрошен settings.php
<04:04:40> [MSG] Запрошен users.php
<04:04:51> [MSG] Запрошен settings.php
<04:05:13> [MSG] Запрошен users.php
<04:05:14> [MSG] Запрошен notifications.php
<04:05:16> [MSG] Запрошен users.php
<04:05:16> [MSG] Запрошен private-messages.php
<04:05:20> [MSG] Запрошен settings.php
<04:05:27> [MSG] Запрошен rooms.php
<04:05:27> [MSG] Запрошен settings.php
<04:05:27> [MSG] Запрошен avatars.php
<04:09:10> [MSG] Запрошен rooms.php
<04:09:10> [MSG] Запрошен settings.php
<04:09:10> [MSG] Запрошен avatars.php
<04:09:14> [MSG] Запрошен logout.php
<04:09:14> [MSG] Пользователь "thesourcecode.max@yandex.ru" вышел
<04:09:52> [MSG] Запрошен login.php
<04:09:52> [MSG] Аутентифицирован пользователь "Lucors"
<04:09:52> [MSG] Запрошен rooms.php
<04:09:52> [MSG] Запрошен settings.php
<04:09:52> [MSG] Запрошен avatars.php
<04:09:55> [MSG] Запрошен users.php
<04:09:57> [MSG] Запрошен users.php
<04:09:59> [MSG] Запрошен settings.php
<04:10:02> [MSG] Запрошен rating.php
<04:10:05> [MSG] Запрошен topics.php
<04:10:05> [MSG] Запрошен maps.php
<04:10:31> [MSG] Запрошен rating.php
