<07:20:08> [MSG] Запрошен users.php
<07:20:09> [MSG] Запрошен private-messages.php
<07:21:44> [MSG] Запрошен users.php
<07:23:35> [ERROR] Ошибка MYSQL: MySQL server has gone away
<07:23:35> [ERROR] Ошибка MYSQL: MySQL server has gone away
<07:23:41> [ERROR] Ошибка MYSQL: MySQL server has gone away
<07:23:41> [ERROR] Ошибка MYSQL: MySQL server has gone away
<07:23:47> [ERROR] Ошибка MYSQL: MySQL server has gone away
<07:23:47> [ERROR] Ошибка MYSQL: MySQL server has gone away
<07:23:53> [ERROR] Ошибка MYSQL: MySQL server has gone away
<07:23:53> [ERROR] Ошибка MYSQL: MySQL server has gone away
<07:23:59> [ERROR] Ошибка MYSQL: MySQL server has gone away
<07:23:59> [ERROR] Ошибка MYSQL: MySQL server has gone away
<07:24:05> [ERROR] Ошибка MYSQL: MySQL server has gone away
<07:24:05> [ERROR] Ошибка MYSQL: MySQL server has gone away
<07:24:11> [ERROR] Ошибка MYSQL: MySQL server has gone away
<07:24:11> [ERROR] Ошибка MYSQL: MySQL server has gone away
<07:24:17> [ERROR] Ошибка MYSQL: MySQL server has gone away
<07:24:17> [ERROR] Ошибка MYSQL: MySQL server has gone away
<07:24:23> [ERROR] Ошибка MYSQL: MySQL server has gone away
<07:24:23> [ERROR] Ошибка MYSQL: MySQL server has gone away
<07:24:29> [ERROR] Ошибка MYSQL: MySQL server has gone away
<07:24:29> [ERROR] Ошибка MYSQL: MySQL server has gone away
<07:24:35> [ERROR] Ошибка MYSQL: MySQL server has gone away
<07:24:35> [ERROR] Ошибка MYSQL: MySQL server has gone away
<07:24:41> [ERROR] Ошибка MYSQL: MySQL server has gone away
<07:24:41> [ERROR] Ошибка MYSQL: MySQL server has gone away
<07:24:46> [MSG] Запрошен users.php
<07:24:47> [ERROR] Ошибка MYSQL: MySQL server has gone away
<07:24:47> [ERROR] Ошибка MYSQL: MySQL server has gone away
<07:24:53> [ERROR] Ошибка MYSQL: MySQL server has gone away
<07:24:53> [ERROR] Ошибка MYSQL: MySQL server has gone away
<07:24:59> [ERROR] Ошибка MYSQL: MySQL server has gone away
<07:24:59> [ERROR] Ошибка MYSQL: MySQL server has gone away
<07:25:05> [ERROR] Ошибка MYSQL: MySQL server has gone away
<07:25:05> [ERROR] Ошибка MYSQL: MySQL server has gone away
<07:25:11> [ERROR] Ошибка MYSQL: MySQL server has gone away
<07:25:11> [ERROR] Ошибка MYSQL: MySQL server has gone away
<07:25:17> [ERROR] Ошибка MYSQL: MySQL server has gone away
<07:25:17> [ERROR] Ошибка MYSQL: MySQL server has gone away
<07:25:23> [ERROR] Ошибка MYSQL: MySQL server has gone away
<07:25:23> [ERROR] Ошибка MYSQL: MySQL server has gone away
<07:25:29> [ERROR] Ошибка MYSQL: MySQL server has gone away
<07:25:29> [ERROR] Ошибка MYSQL: MySQL server has gone away
<07:25:35> [ERROR] Ошибка MYSQL: MySQL server has gone away
<07:25:35> [ERROR] Ошибка MYSQL: MySQL server has gone away
<07:25:41> [ERROR] Ошибка MYSQL: MySQL server has gone away
<07:25:41> [ERROR] Ошибка MYSQL: MySQL server has gone away
<07:25:41> [MSG] Запрошен private-messages.php
<07:25:42> [MSG] Запрошен private-messages.php
<07:25:44> [MSG] Запрошен private-messages.php
<07:25:47> [ERROR] Ошибка MYSQL: MySQL server has gone away
<07:25:47> [ERROR] Ошибка MYSQL: MySQL server has gone away
<07:32:17> [MSG] Запрошен avatars.php
<07:32:17> [MSG] Запрошен rooms.php
<07:32:17> [MSG] Запрошен settings.php
<07:32:20> [MSG] Запрошен rooms.php
<07:32:22> [MSG] Запрошен avatars.php
<07:32:22> [MSG] Запрошен settings.php
<07:32:22> [MSG] Запрошен rooms.php
<07:33:11> [MSG] Запрошен settings.php
<07:33:13> [MSG] Запрошен settings.php
<07:33:18> [MSG] Запрошен settings.php
<07:33:18> [MSG] Запрошен rooms.php
<07:33:18> [MSG] Запрошен avatars.php
<07:33:21> [MSG] Запрошен users.php
<07:33:22> [MSG] Запрошен users.php
<07:33:24> [MSG] Запрошен private-messages.php
<07:33:28> [MSG] Запрошен rating.php
<07:39:17> [MSG] Запрошен settings.php
<07:39:19> [MSG] Запрошен settings.php
<07:39:23> [MSG] Запрошен settings.php
<07:39:34> [MSG] Запрошен rating.php
<07:39:38> [MSG] Запрошен users.php
<07:39:44> [MSG] Запрошен private-messages.php
<18:26:34> [MSG] Запрошен login.php
<18:26:34> [MSG] Аутентифицирован пользователь ""
<18:26:34> [MSG] Запрошен avatars.php
<18:26:34> [MSG] Запрошен rooms.php
<18:26:34> [MSG] Запрошен settings.php
<18:26:36> [MSG] Запрошен users.php
<18:27:51> [MSG] Запрошен settings.php
<18:35:53> [ERROR] Ошибка MYSQL: MySQL server has gone away
<18:35:53> [ERROR] Ошибка MYSQL: MySQL server has gone away
<18:35:59> [ERROR] Ошибка MYSQL: MySQL server has gone away
<18:35:59> [ERROR] Ошибка MYSQL: MySQL server has gone away
<18:36:05> [ERROR] Ошибка MYSQL: MySQL server has gone away
<18:36:05> [ERROR] Ошибка MYSQL: MySQL server has gone away
<18:36:11> [ERROR] Ошибка MYSQL: MySQL server has gone away
<18:36:11> [ERROR] Ошибка MYSQL: MySQL server has gone away
<18:47:32> [MSG] Запрошен users.php
<18:47:32> [WARN] Недостаточно прав для запроса пользователей
<18:47:46> [MSG] Запрошен settings.php
<18:47:46> [WARN] Неавторизированный польз. попытался получить настройки
<18:47:49> [MSG] Запрошен rooms.php
<18:47:49> [WARN] Недостаточно прав для запроса списка комнат [getAll]
<18:47:56> [MSG] Запрошен logout.php
<18:47:56> [WARN] Попытка выхода не аутентифиц. пользователя
<19:22:46> [MSG] Запрошен login.php
<19:22:46> [MSG] Запрошен settings.php
<19:22:46> [MSG] Запрошен avatars.php
<19:22:46> [MSG] Запрошен rooms.php
<19:22:49> [MSG] Запрошен settings.php
<19:22:49> [MSG] Запрошен rooms.php
<19:22:49> [MSG] Запрошен avatars.php
<19:22:52> [MSG] Запрошен logout.php
<19:22:52> [MSG] Пользователь "thesourcecode.max@yandex.ru" вышел
<19:22:56> [MSG] Запрошен login.php
<19:22:56> [MSG] Аутентифицирован пользователь ""
<19:22:56> [MSG] Запрошен avatars.php
<19:22:56> [MSG] Запрошен rooms.php
<19:22:56> [MSG] Запрошен settings.php
<19:22:58> [MSG] Запрошен settings.php
<19:22:58> [MSG] Запрошен avatars.php
<19:22:58> [MSG] Запрошен rooms.php
<20:06:17> [MSG] Запрошен users.php
<20:24:46> [MSG] Запрошен login.php
<20:24:47> [MSG] Аутентифицирован пользователь ""
<20:24:47> [MSG] Запрошен avatars.php
<20:24:47> [MSG] Запрошен rooms.php
<20:24:47> [MSG] Запрошен settings.php
<20:24:49> [MSG] Запрошен users.php
<20:24:51> [MSG] Запрошен private-messages.php
<20:24:58> [MSG] Запрошен private-messages.php
<20:25:00> [MSG] Запрошен private-messages.php
