<10:32:55> [MSG] Запрошен rooms.php
<10:32:55> [MSG] Запрошен settings.php
<10:32:55> [MSG] Запрошен avatars.php
<10:35:09> [MSG] Запрошен rooms.php
<10:35:09> [MSG] Запрошен settings.php
<10:35:09> [MSG] Запрошен avatars.php
<10:51:25> [MSG] Запрошен rooms.php
<10:51:25> [MSG] Запрошен settings.php
<10:51:25> [MSG] Запрошен avatars.php
<10:51:27> [MSG] Запрошен users.php
<10:51:31> [MSG] Запрошен users.php
<10:51:33> [MSG] Запрошен users.php
<10:51:35> [MSG] Запрошен settings.php
<10:51:37> [MSG] Запрошен settings.php
<10:51:38> [MSG] Запрошен users.php
<10:51:40> [MSG] Запрошен settings.php
<10:51:41> [MSG] Запрошен settings.php
<10:51:43> [MSG] Запрошен rating.php
<10:51:51> [MSG] Запрошен settings.php
<10:53:00> [MSG] Запрошен rooms.php
<10:53:00> [MSG] Запрошен settings.php
<10:53:00> [MSG] Запрошен avatars.php
<11:39:02> [MSG] Запрошен rooms.php
<11:39:02> [MSG] Запрошен avatars.php
<11:39:02> [MSG] Запрошен settings.php
<11:39:03> [MSG] Запрошен rooms.php
<11:39:03> [MSG] Запрошен settings.php
<11:39:03> [MSG] Запрошен avatars.php
<11:39:06> [MSG] Запрошен rooms.php
<11:39:06> [MSG] Запрошен settings.php
<11:39:06> [MSG] Запрошен avatars.php
<11:39:08> [MSG] Запрошен settings.php
<11:39:09> [MSG] Запрошен settings.php
<11:40:01> [MSG] Запрошен rooms.php
<11:40:01> [MSG] Запрошен settings.php
<11:40:01> [MSG] Запрошен avatars.php
<11:40:03> [MSG] Запрошен settings.php
<11:40:33> [MSG] Запрошен settings.php
<11:40:37> [MSG] Запрошен rating.php
<11:40:48> [MSG] Запрошен rooms.php
<11:40:48> [MSG] Запрошен settings.php
<11:40:49> [MSG] Запрошен avatars.php
<11:41:06> [MSG] Запрошен settings.php
<11:42:47> [MSG] Запрошен rooms.php
<11:42:47> [MSG] Запрошен avatars.php
<11:42:47> [MSG] Запрошен settings.php
<11:42:50> [MSG] Запрошен settings.php
<11:43:41> [MSG] Запрошен settings.php
<11:43:41> [MSG] Запрошен avatars.php
<11:43:41> [MSG] Запрошен rooms.php
<11:43:43> [MSG] Запрошен settings.php
<11:46:41> [MSG] Запрошен rooms.php
<11:46:41> [MSG] Запрошен settings.php
<11:46:41> [MSG] Запрошен avatars.php
<11:46:43> [MSG] Запрошен settings.php
<11:47:24> [MSG] Запрошен settings.php
<11:47:31> [MSG] Запрошен settings.php
<11:47:51> [MSG] Запрошен settings.php
<11:48:26> [MSG] Запрошен settings.php
<11:48:58> [MSG] Запрошен rooms.php
<11:48:58> [MSG] Запрошен settings.php
<11:48:58> [MSG] Запрошен avatars.php
<11:49:00> [MSG] Запрошен settings.php
<11:51:15> [MSG] Запрошен rooms.php
<11:51:15> [MSG] Запрошен settings.php
<11:51:15> [MSG] Запрошен avatars.php
<11:51:47> [MSG] Запрошен rooms.php
<11:51:47> [MSG] Запрошен avatars.php
<11:51:47> [MSG] Запрошен settings.php
<11:52:27> [MSG] Запрошен settings.php
<11:52:50> [MSG] Запрошен rooms.php
<11:52:50> [MSG] Запрошен avatars.php
<11:52:50> [MSG] Запрошен settings.php
<11:52:56> [MSG] Запрошен settings.php
<11:53:16> [MSG] Запрошен rooms.php
<11:53:16> [MSG] Запрошен settings.php
<11:53:16> [MSG] Запрошен avatars.php
<11:53:18> [MSG] Запрошен settings.php
<11:55:53> [MSG] Запрошен settings.php
<11:55:53> [MSG] Запрошен rooms.php
<11:55:54> [MSG] Запрошен avatars.php
<11:55:55> [MSG] Запрошен settings.php
<11:56:52> [MSG] Запрошен rooms.php
<11:56:52> [MSG] Запрошен avatars.php
<11:56:52> [MSG] Запрошен settings.php
<11:56:54> [MSG] Запрошен rating.php
<11:57:38> [MSG] Запрошен settings.php
<11:57:55> [MSG] Запрошен rooms.php
<11:57:55> [MSG] Запрошен settings.php
<11:57:56> [MSG] Запрошен avatars.php
<11:57:58> [MSG] Запрошен users.php
<11:58:29> [MSG] Запрошен settings.php
<11:58:37> [MSG] Запрошен settings.php
<11:59:37> [MSG] Запрошен rooms.php
<11:59:37> [MSG] Запрошен avatars.php
<11:59:37> [MSG] Запрошен settings.php
<11:59:40> [MSG] Запрошен settings.php
<12:00:15> [MSG] Запрошен rooms.php
<12:00:15> [MSG] Запрошен settings.php
<12:00:15> [MSG] Запрошен avatars.php
<12:00:18> [MSG] Запрошен rooms.php
<12:00:18> [MSG] Запрошен settings.php
<12:00:18> [MSG] Запрошен avatars.php
<12:00:49> [MSG] Запрошен rooms.php
<12:00:49> [MSG] Запрошен settings.php
<12:00:49> [MSG] Запрошен avatars.php
<12:00:51> [MSG] Запрошен settings.php
<12:01:14> [MSG] Запрошен rooms.php
<12:01:14> [MSG] Запрошен settings.php
<12:01:14> [MSG] Запрошен avatars.php
<12:01:16> [MSG] Запрошен settings.php
<12:02:06> [MSG] Запрошен rooms.php
<12:02:06> [MSG] Запрошен avatars.php
<12:02:06> [MSG] Запрошен settings.php
<12:02:07> [MSG] Запрошен settings.php
<12:03:03> [MSG] Запрошен rooms.php
<12:03:03> [MSG] Запрошен settings.php
<12:03:03> [MSG] Запрошен avatars.php
<12:03:07> [MSG] Запрошен settings.php
<12:05:58> [MSG] Запрошен rooms.php
<12:05:58> [MSG] Запрошен settings.php
<12:05:58> [MSG] Запрошен avatars.php
<12:06:00> [MSG] Запрошен settings.php
<12:06:40> [MSG] Запрошен rooms.php
<12:06:40> [MSG] Запрошен avatars.php
<12:06:40> [MSG] Запрошен settings.php
<12:06:43> [MSG] Запрошен rating.php
<12:07:46> [MSG] Запрошен rooms.php
<12:07:46> [MSG] Запрошен settings.php
<12:07:46> [MSG] Запрошен avatars.php
<12:07:48> [MSG] Запрошен settings.php
<12:09:36> [MSG] Запрошен rooms.php
<12:09:36> [MSG] Запрошен settings.php
<12:09:36> [MSG] Запрошен avatars.php
<12:09:38> [MSG] Запрошен settings.php
<12:10:26> [MSG] Запрошен settings.php
<12:10:35> [MSG] Запрошен rooms.php
<12:10:35> [MSG] Запрошен settings.php
<12:10:35> [MSG] Запрошен avatars.php
<12:10:37> [MSG] Запрошен settings.php
<12:10:39> [MSG] Запрошен settings.php
<12:10:41> [MSG] Запрошен rating.php
<12:10:43> [MSG] Запрошен settings.php
<12:10:59> [MSG] Запрошен settings.php
<12:11:01> [MSG] Запрошен settings.php
<12:11:03> [MSG] Запрошен rating.php
<12:11:05> [MSG] Запрошен rating.php
<12:11:23> [MSG] Запрошен settings.php
<12:11:24> [MSG] Запрошен settings.php
<12:12:01> [MSG] Запрошен rooms.php
<12:12:01> [MSG] Запрошен settings.php
<12:12:01> [MSG] Запрошен avatars.php
<12:12:05> [MSG] Запрошен settings.php
<12:12:06> [MSG] Запрошен settings.php
<12:12:09> [MSG] Запрошен settings.php
<12:12:11> [MSG] Запрошен settings.php
<12:12:14> [MSG] Запрошен settings.php
<12:12:16> [MSG] Запрошен settings.php
<12:12:17> [MSG] Запрошен settings.php
<12:12:19> [MSG] Запрошен settings.php
<12:12:21> [MSG] Запрошен settings.php
<12:12:21> [MSG] Запрошен settings.php
<12:13:03> [MSG] Запрошен rooms.php
<12:13:03> [MSG] Запрошен settings.php
<12:13:03> [MSG] Запрошен avatars.php
<12:18:27> [MSG] Запрошен rooms.php
<12:18:27> [MSG] Запрошен settings.php
<12:18:27> [MSG] Запрошен avatars.php
<12:21:14> [MSG] Запрошен rooms.php
<12:21:14> [MSG] Запрошен settings.php
<12:21:14> [MSG] Запрошен avatars.php
<12:21:19> [MSG] Запрошен settings.php
<12:21:55> [MSG] Запрошен rooms.php
<12:21:55> [MSG] Запрошен settings.php
<12:21:55> [MSG] Запрошен avatars.php
<12:21:57> [MSG] Запрошен settings.php
<12:22:41> [MSG] Запрошен settings.php
<12:22:44> [MSG] Запрошен settings.php
<12:22:44> [MSG] Запрошен settings.php
<12:22:57> [MSG] Запрошен topics.php
<12:22:57> [MSG] Запрошен maps.php
<12:23:02> [MSG] Запрошен rating.php
<12:23:10> [MSG] Запрошен rating.php
<12:23:11> [MSG] Запрошен rating.php
<12:23:12> [MSG] Запрошен rating.php
<12:23:13> [MSG] Запрошен rating.php
<12:23:15> [MSG] Запрошен rating.php
<12:23:16> [MSG] Запрошен rating.php
<12:23:17> [MSG] Запрошен rating.php
<12:23:18> [MSG] Запрошен rating.php
<12:23:20> [MSG] Запрошен rating.php
<12:23:21> [MSG] Запрошен rating.php
<12:23:23> [MSG] Запрошен users.php
<12:23:24> [MSG] Запрошен users.php
<12:23:26> [MSG] Запрошен users.php
<12:38:19> [MSG] Запрошен rooms.php
<12:38:19> [MSG] Запрошен settings.php
<12:38:19> [MSG] Запрошен avatars.php
<12:38:20> [MSG] Запрошен settings.php
<12:38:22> [MSG] Запрошен settings.php
<12:38:40> [MSG] Запрошен users.php
<12:39:06> [MSG] Запрошен rooms.php
<12:39:06> [MSG] Запрошен settings.php
<12:39:06> [MSG] Запрошен avatars.php
<12:39:08> [MSG] Запрошен users.php
<12:39:09> [MSG] Запрошен settings.php
<12:39:40> [MSG] Запрошен rooms.php
<12:39:40> [MSG] Запрошен settings.php
<12:39:40> [MSG] Запрошен avatars.php
<12:39:44> [MSG] Запрошен settings.php
<12:40:08> [MSG] Запрошен rooms.php
<12:40:08> [MSG] Запрошен settings.php
<12:40:08> [MSG] Запрошен avatars.php
<12:40:10> [MSG] Запрошен users.php
<12:40:11> [MSG] Запрошен settings.php
<12:40:14> [MSG] Запрошен rating.php
<12:41:17> [MSG] Запрошен rooms.php
<12:41:17> [MSG] Запрошен settings.php
<12:41:17> [MSG] Запрошен avatars.php
<12:41:19> [MSG] Запрошен settings.php
<12:41:21> [MSG] Запрошен rating.php
<12:41:24> [MSG] Запрошен users.php
<12:42:16> [MSG] Запрошен rooms.php
<12:42:16> [MSG] Запрошен avatars.php
<12:42:16> [MSG] Запрошен settings.php
<12:42:18> [MSG] Запрошен users.php
<12:42:20> [MSG] Запрошен users.php
<12:42:22> [MSG] Запрошен users.php
<12:42:24> [MSG] Запрошен notifications.php
<12:42:25> [MSG] Запрошен users.php
<12:42:26> [MSG] Запрошен notifications.php
<12:42:27> [MSG] Запрошен users.php
<12:42:50> [MSG] Запрошен rooms.php
<12:42:50> [MSG] Запрошен settings.php
<12:42:50> [MSG] Запрошен avatars.php
<12:42:52> [MSG] Запрошен users.php
<12:46:55> [MSG] Запрошен settings.php
<12:54:25> [MSG] Запрошен rooms.php
<12:54:25> [MSG] Запрошен settings.php
<12:54:26> [MSG] Запрошен avatars.php
<12:54:37> [MSG] Запрошен rating.php
<12:55:08> [MSG] Запрошен rooms.php
<12:55:08> [MSG] Запрошен settings.php
<12:55:08> [MSG] Запрошен avatars.php
<12:55:10> [MSG] Запрошен settings.php
<12:55:30> [MSG] Запрошен rooms.php
<12:55:30> [MSG] Запрошен settings.php
<12:55:30> [MSG] Запрошен avatars.php
<12:55:31> [MSG] Запрошен settings.php
<12:55:56> [MSG] Запрошен rooms.php
<12:55:56> [MSG] Запрошен avatars.php
<12:55:56> [MSG] Запрошен settings.php
<12:55:58> [MSG] Запрошен settings.php
<12:56:06> [MSG] Запрошен settings.php
<12:58:46> [MSG] Запрошен rooms.php
<12:58:46> [MSG] Запрошен avatars.php
<12:58:46> [MSG] Запрошен settings.php
<13:05:38> [MSG] Запрошен rooms.php
<13:05:38> [MSG] Запрошен settings.php
<13:05:38> [MSG] Запрошен avatars.php
<13:05:40> [MSG] Запрошен settings.php
<13:06:10> [MSG] Запрошен rooms.php
<13:06:10> [MSG] Запрошен settings.php
<13:06:10> [MSG] Запрошен avatars.php
<13:06:12> [MSG] Запрошен settings.php
<13:06:14> [MSG] Запрошен settings.php
<13:06:16> [MSG] Запрошен settings.php
<13:06:20> [MSG] Запрошен settings.php
<13:06:38> [MSG] Запрошен settings.php
<13:07:00> [MSG] Запрошен rooms.php
<13:07:00> [MSG] Запрошен settings.php
<13:07:00> [MSG] Запрошен avatars.php
<13:07:02> [MSG] Запрошен settings.php
<13:07:04> [MSG] Запрошен settings.php
<13:07:32> [MSG] Запрошен rooms.php
<13:07:32> [MSG] Запрошен settings.php
<13:07:33> [MSG] Запрошен avatars.php
<13:07:39> [MSG] Запрошен rooms.php
<13:07:39> [MSG] Запрошен settings.php
<13:07:39> [MSG] Запрошен avatars.php
<13:07:40> [MSG] Запрошен rating.php
<13:07:43> [MSG] Запрошен rating.php
<13:07:46> [MSG] Запрошен rating.php
<13:07:48> [MSG] Запрошен rating.php
<13:08:10> [MSG] Запрошен rooms.php
<13:08:10> [MSG] Запрошен avatars.php
<13:08:10> [MSG] Запрошен settings.php
<13:08:12> [MSG] Запрошен settings.php
<13:08:14> [MSG] Запрошен settings.php
<13:08:16> [MSG] Запрошен settings.php
<13:08:16> [MSG] Запрошен settings.php
<13:08:17> [MSG] Запрошен settings.php
<13:08:18> [MSG] Запрошен settings.php
<13:08:19> [MSG] Запрошен settings.php
<13:08:20> [MSG] Запрошен settings.php
<13:08:22> [MSG] Запрошен settings.php
<13:08:23> [MSG] Запрошен settings.php
<13:08:24> [MSG] Запрошен settings.php
<13:08:25> [MSG] Запрошен settings.php
<13:08:27> [MSG] Запрошен settings.php
<13:08:28> [MSG] Запрошен settings.php
<13:08:32> [MSG] Запрошен settings.php
<13:08:56> [MSG] Запрошен rooms.php
<13:08:56> [MSG] Запрошен settings.php
<13:08:56> [MSG] Запрошен avatars.php
<13:08:57> [MSG] Запрошен settings.php
<13:08:59> [MSG] Запрошен settings.php
<13:09:01> [MSG] Запрошен settings.php
<13:09:01> [MSG] Запрошен settings.php
<13:09:02> [MSG] Запрошен settings.php
<13:09:03> [MSG] Запрошен settings.php
<13:09:04> [MSG] Запрошен settings.php
<13:09:05> [MSG] Запрошен settings.php
<13:10:32> [MSG] Запрошен rooms.php
<13:10:32> [MSG] Запрошен avatars.php
<13:10:32> [MSG] Запрошен settings.php
<13:10:34> [MSG] Запрошен rooms.php
<13:10:46> [MSG] Запрошен login.php
<13:10:46> [MSG] Аутентифицирован пользователь "Братишка"
<13:10:46> [MSG] Запрошен rooms.php
<13:10:46> [MSG] Запрошен settings.php
<13:10:46> [MSG] Запрошен avatars.php
<13:10:56> [MSG] Запрошен topics.php
<13:10:56> [MSG] Запрошен maps.php
<13:11:25> [MSG] Запрошен rooms.php
<13:11:25> [ERROR] 
				INSERT INTO
					rooms (name, privacy, password, step_time, stage, creator_id, map_id)
				VALUES 
					('Очередная крутая комната', 2, '',
						25, 0, 4, 1)
			
<13:11:28> [MSG] Запрошен rooms.php
<13:18:32> [MSG] Запрошен rooms.php
<13:18:32> [MSG] Запрошен settings.php
<13:18:32> [MSG] Запрошен avatars.php
<13:18:35> [MSG] Запрошен topics.php
<13:18:35> [MSG] Запрошен maps.php
<13:21:41> [MSG] Запрошен rooms.php
<13:21:44> [MSG] Запрошен rooms.php
<13:21:46> [MSG] Запрошен rooms.php
<13:21:46> [MSG] Запрошен settings.php
<13:21:46> [MSG] Запрошен avatars.php
<13:21:49> [MSG] Запрошен rooms.php
<13:21:52> [MSG] Запрошен rooms.php
<14:29:24> [MSG] Запрошен topics.php
<14:29:25> [MSG] Запрошен maps.php
<14:29:31> [MSG] Запрошен rooms.php
<14:29:31> [ERROR] 
				INSERT INTO
					rooms (name, privacy, password, step_time, stage, creator_id, map_id)
				VALUES 
					('Крутая комната', 0, '',
						10, 0, 1, 1)
			
<14:30:31> [MSG] Запрошен rooms.php
<14:30:31> [MSG] Запрошен rooms.php
<14:30:34> [MSG] Запрошен users.php
<14:30:35> [MSG] Запрошен private-messages.php
<14:32:24> [MSG] Запрошен rooms.php
<14:32:24> [MSG] Запрошен rooms.php
<14:32:26> [MSG] Запрошен rooms.php
