<13:33:21> [MSG] Запрошен login.php
<13:33:21> [MSG] Аутентифицирован пользователь ""
<13:33:21> [MSG] Запрошен avatars.php
<13:33:21> [MSG] Запрошен settings.php
<13:33:21> [MSG] Запрошен rooms.php
<13:33:23> [MSG] Запрошен users.php
<13:33:25> [MSG] Запрошен settings.php
<17:44:26> [MSG] Запрошен users.php
<17:44:28> [MSG] Запрошен users.php
<17:44:36> [MSG] Запрошен private-messages.php
<17:44:39> [MSG] Запрошен private-messages.php
<17:44:41> [MSG] Запрошен private-messages.php
<17:44:43> [MSG] Запрошен private-messages.php
<17:44:46> [MSG] Запрошен rating.php
<17:45:10> [MSG] Запрошен avatars.php
<17:45:10> [MSG] Запрошен settings.php
<17:45:10> [MSG] Запрошен rooms.php
<17:45:13> [MSG] Запрошен settings.php
<17:45:13> [MSG] Запрошен rooms.php
<17:45:13> [MSG] Запрошен avatars.php
<19:33:08> [MSG] Запрошен users.php
<19:33:10> [MSG] Запрошен settings.php
<19:33:12> [MSG] Запрошен settings.php
<19:33:15> [MSG] Запрошен users.php
<19:33:17> [MSG] Запрошен private-messages.php
<19:33:20> [MSG] Запрошен private-messages.php
<19:33:23> [MSG] Запрошен private-messages.php
<19:33:25> [MSG] Запрошен private-messages.php
<19:33:28> [MSG] Запрошен private-messages.php
<19:33:30> [MSG] Запрошен private-messages.php
<19:33:31> [MSG] Запрошен private-messages.php
<19:33:32> [MSG] Запрошен private-messages.php
<19:33:33> [MSG] Запрошен private-messages.php
<19:33:34> [MSG] Запрошен private-messages.php
<19:33:35> [MSG] Запрошен private-messages.php
<19:33:37> [MSG] Запрошен users.php
<19:33:40> [MSG] Запрошен logout.php
<19:33:40> [MSG] Пользователь "thesourcecode.max@yandex.ru" вышел
<19:36:28> [MSG] Запрошен login.php
<19:36:28> [MSG] Аутентифицирован пользователь ""
<19:36:28> [MSG] Запрошен avatars.php
<19:36:28> [MSG] Запрошен rooms.php
<19:36:28> [MSG] Запрошен settings.php
<20:02:58> [ERROR] Ошибка MYSQL: (1040) Too many connections
<21:20:52> [MSG] Запрошен settings.php
<21:20:52> [MSG] Запрошен rooms.php
<21:20:52> [MSG] Запрошен avatars.php
<21:20:58> [MSG] Запрошен settings.php
<21:20:59> [MSG] Запрошен topics.php
