<15:41:44> [MSG] Запрошен login.php
<15:41:44> [MSG] Аутентифицирован пользователь "test"
<15:41:44> [MSG] Запрошен rooms.php
<15:41:44> [MSG] Запрошен settings.php
<15:41:44> [MSG] Запрошен avatars.php
<15:41:46> [MSG] Запрошен users.php
<15:41:48> [MSG] Запрошен rooms.php
<15:41:48> [MSG] Запрошен avatars.php
<15:41:48> [MSG] Запрошен settings.php
<15:41:50> [MSG] Запрошен logout.php
<15:41:50> [MSG] Пользователь "test.max@yandex.ru" вышел
<15:41:53> [MSG] Запрошен login.php
<15:41:54> [MSG] Аутентифицирован пользователь "Lucors"
<15:41:54> [MSG] Запрошен rooms.php
<15:41:54> [MSG] Запрошен settings.php
<15:41:54> [MSG] Запрошен avatars.php
<15:41:56> [MSG] Запрошен users.php
<15:41:58> [MSG] Запрошен settings.php
<15:42:00> [MSG] Запрошен rooms.php
<15:42:00> [MSG] Запрошен topics.php
<15:42:01> [MSG] Запрошен rooms.php
<15:42:01> [MSG] Запрошен topics.php
<15:42:02> [MSG] Запрошен rooms.php
<15:42:02> [MSG] Запрошен topics.php
<15:43:41> [MSG] Запрошен rooms.php
<15:43:46> [MSG] Запрошен rooms.php
<15:43:46> [MSG] Запрошен topics.php
<15:44:07> [MSG] Запрошен topics.php
<15:44:07> [MSG] Запрошен maps.php
<15:46:39> [MSG] Запрошен topics.php
<15:46:39> [MSG] Запрошен maps.php
<15:53:40> [MSG] Запрошен rooms.php
<15:53:40> [MSG] Запрошен settings.php
<15:53:40> [MSG] Запрошен avatars.php
<15:53:41> [MSG] Запрошен rooms.php
<15:53:41> [MSG] Запрошен settings.php
<15:53:41> [MSG] Запрошен avatars.php
<15:53:43> [MSG] Запрошен rooms.php
<15:53:43> [MSG] Запрошен topics.php
<15:55:40> [MSG] Запрошен rooms.php
<15:55:40> [MSG] Запрошен settings.php
<15:55:40> [MSG] Запрошен avatars.php
<15:55:43> [MSG] Запрошен rooms.php
<15:55:43> [MSG] Запрошен settings.php
<15:55:43> [MSG] Запрошен avatars.php
<15:55:45> [MSG] Запрошен rooms.php
<15:55:45> [MSG] Запрошен topics.php
<15:55:52> [MSG] Запрошен topics.php
<15:55:52> [MSG] Запрошен maps.php
<15:55:58> [MSG] Запрошен topics.php
<15:55:58> [MSG] Запрошен maps.php
<15:57:09> [MSG] Запрошен users.php
<15:57:38> [MSG] Запрошен rooms.php
<15:57:38> [MSG] Запрошен settings.php
<15:57:38> [MSG] Запрошен avatars.php
<15:57:42> [MSG] Запрошен rooms.php
<15:57:42> [MSG] Запрошен settings.php
<15:57:42> [MSG] Запрошен avatars.php
<15:57:44> [MSG] Запрошен users.php
<15:57:46> [MSG] Запрошен private-messages.php
<15:57:48> [MSG] Запрошен private-messages.php
<15:58:27> [MSG] Запрошен settings.php
<15:58:30> [MSG] Запрошен rooms.php
<15:58:30> [MSG] Запрошен avatars.php
<15:58:30> [MSG] Запрошен settings.php
<15:58:32> [MSG] Запрошен settings.php
<15:58:40> [MSG] Запрошен users.php
<15:58:41> [MSG] Запрошен private-messages.php
<15:59:15> [MSG] Запрошен rooms.php
<15:59:15> [MSG] Запрошен settings.php
<15:59:15> [MSG] Запрошен avatars.php
<15:59:19> [MSG] Запрошен rooms.php
<15:59:19> [MSG] Запрошен topics.php
<15:59:22> [MSG] Запрошен topics.php
<15:59:22> [MSG] Запрошен maps.php
<16:00:52> [MSG] Запрошен rooms.php
<16:00:52> [MSG] Запрошен settings.php
<16:00:52> [MSG] Запрошен avatars.php
<16:00:54> [MSG] Запрошен topics.php
<16:00:54> [MSG] Запрошен maps.php
<16:02:41> [MSG] Запрошен rooms.php
<16:02:41> [MSG] Запрошен avatars.php
<16:02:41> [MSG] Запрошен settings.php
<16:02:45> [MSG] Запрошен users.php
<16:02:46> [MSG] Запрошен private-messages.php
<16:02:49> [MSG] Запрошен rooms.php
<16:02:49> [MSG] Запрошен settings.php
<16:02:50> [MSG] Запрошен avatars.php
<16:02:59> [MSG] Запрошен rooms.php
<16:02:59> [MSG] Запрошен avatars.php
<16:02:59> [MSG] Запрошен settings.php
<16:03:01> [MSG] Запрошен users.php
<16:03:02> [MSG] Запрошен private-messages.php
<16:03:04> [MSG] Запрошен topics.php
<16:03:04> [MSG] Запрошен maps.php
<16:04:11> [MSG] Запрошен rooms.php
<16:04:11> [MSG] Запрошен settings.php
<16:04:11> [MSG] Запрошен avatars.php
<16:04:13> [MSG] Запрошен users.php
<16:04:15> [MSG] Запрошен private-messages.php
<16:04:16> [MSG] Запрошен topics.php
<16:04:17> [MSG] Запрошен maps.php
<16:05:14> [MSG] Запрошен rooms.php
<16:05:14> [MSG] Запрошен settings.php
<16:05:14> [MSG] Запрошен avatars.php
<16:05:15> [MSG] Запрошен topics.php
<16:05:15> [MSG] Запрошен maps.php
<16:05:25> [MSG] Запрошен users.php
<16:06:14> [MSG] Запрошен rooms.php
<16:06:14> [MSG] Запрошен settings.php
<16:06:14> [MSG] Запрошен avatars.php
<16:06:17> [MSG] Запрошен topics.php
<16:06:17> [MSG] Запрошен maps.php
<16:07:01> [MSG] Запрошен rooms.php
<16:07:01> [MSG] Запрошен avatars.php
<16:07:01> [MSG] Запрошен settings.php
<16:07:04> [MSG] Запрошен topics.php
<16:07:04> [MSG] Запрошен maps.php
<16:08:37> [MSG] Запрошен rooms.php
<16:08:37> [MSG] Запрошен settings.php
<16:08:37> [MSG] Запрошен avatars.php
<16:08:38> [MSG] Запрошен topics.php
<16:08:38> [MSG] Запрошен maps.php
<16:09:06> [MSG] Запрошен rooms.php
<16:09:06> [MSG] Запрошен avatars.php
<16:09:06> [MSG] Запрошен settings.php
<16:09:08> [MSG] Запрошен topics.php
<16:09:08> [MSG] Запрошен maps.php
<16:11:37> [MSG] Запрошен rooms.php
<16:11:37> [MSG] Запрошен settings.php
<16:11:37> [MSG] Запрошен avatars.php
<16:11:38> [MSG] Запрошен topics.php
<16:11:38> [MSG] Запрошен maps.php
<16:12:46> [MSG] Запрошен rooms.php
<16:12:46> [MSG] Запрошен settings.php
<16:12:46> [MSG] Запрошен avatars.php
<16:12:47> [MSG] Запрошен rooms.php
<16:12:47> [MSG] Запрошен settings.php
<16:12:47> [MSG] Запрошен avatars.php
<16:12:51> [MSG] Запрошен topics.php
<16:12:51> [MSG] Запрошен maps.php
<16:13:52> [MSG] Запрошен rooms.php
<16:13:52> [MSG] Запрошен avatars.php
<16:13:52> [MSG] Запрошен settings.php
<16:13:54> [MSG] Запрошен topics.php
<16:13:54> [MSG] Запрошен maps.php
<16:16:04> [MSG] Запрошен rooms.php
<16:16:04> [MSG] Запрошен settings.php
<16:16:04> [MSG] Запрошен avatars.php
<16:16:06> [MSG] Запрошен topics.php
<16:16:06> [MSG] Запрошен maps.php
<16:16:57> [MSG] Запрошен rooms.php
<16:16:57> [MSG] Запрошен avatars.php
<16:16:57> [MSG] Запрошен settings.php
<16:17:00> [MSG] Запрошен topics.php
<16:17:00> [MSG] Запрошен maps.php
<16:17:16> [MSG] Запрошен users.php
<16:17:18> [MSG] Запрошен private-messages.php
<16:19:21> [MSG] Запрошен rooms.php
<16:19:21> [MSG] Запрошен avatars.php
<16:19:21> [MSG] Запрошен settings.php
<16:19:22> [MSG] Запрошен users.php
<16:19:24> [MSG] Запрошен private-messages.php
<16:19:26> [MSG] Запрошен private-messages.php
<16:19:30> [MSG] Запрошен private-messages.php
<16:19:31> [MSG] Запрошен private-messages.php
<16:19:33> [MSG] Запрошен users.php
<16:19:34> [MSG] Запрошен users.php
<16:19:35> [MSG] Запрошен topics.php
<16:19:35> [MSG] Запрошен maps.php
<16:23:15> [MSG] Запрошен rooms.php
<16:23:15> [MSG] Запрошен settings.php
<16:23:15> [MSG] Запрошен avatars.php
<16:23:17> [MSG] Запрошен rooms.php
<16:23:17> [MSG] Запрошен avatars.php
<16:23:17> [MSG] Запрошен settings.php
<16:23:19> [MSG] Запрошен topics.php
<16:23:19> [MSG] Запрошен maps.php
<16:24:06> [MSG] Запрошен rooms.php
<16:24:06> [MSG] Запрошен avatars.php
<16:24:06> [MSG] Запрошен settings.php
<16:24:08> [MSG] Запрошен topics.php
<16:24:08> [MSG] Запрошен maps.php
<16:25:52> [MSG] Запрошен rooms.php
<16:25:52> [MSG] Запрошен avatars.php
<16:25:52> [MSG] Запрошен settings.php
<16:25:54> [MSG] Запрошен users.php
<16:25:58> [MSG] Запрошен topics.php
<16:25:58> [MSG] Запрошен maps.php
<16:26:20> [MSG] Запрошен rooms.php
<16:26:20> [MSG] Запрошен avatars.php
<16:26:20> [MSG] Запрошен settings.php
<16:26:24> [MSG] Запрошен topics.php
<16:26:24> [MSG] Запрошен maps.php
<16:27:25> [MSG] Запрошен rooms.php
<16:27:26> [MSG] Запрошен avatars.php
<16:27:26> [MSG] Запрошен settings.php
<16:27:28> [MSG] Запрошен rooms.php
<16:27:28> [MSG] Запрошен topics.php
<16:27:34> [MSG] Запрошен users.php
<16:27:35> [MSG] Запрошен private-messages.php
<16:27:37> [MSG] Запрошен topics.php
<16:27:37> [MSG] Запрошен maps.php
<16:27:44> [MSG] Запрошен rooms.php
<16:27:44> [MSG] Запрошен avatars.php
<16:27:44> [MSG] Запрошен settings.php
<16:27:46> [MSG] Запрошен rooms.php
<16:27:46> [MSG] Запрошен topics.php
<16:27:48> [MSG] Запрошен topics.php
<16:27:48> [MSG] Запрошен maps.php
<16:30:57> [MSG] Запрошен rooms.php
<16:30:57> [MSG] Запрошен settings.php
<16:30:57> [MSG] Запрошен avatars.php
<16:30:59> [MSG] Запрошен rooms.php
<16:30:59> [MSG] Запрошен topics.php
<16:31:02> [MSG] Запрошен topics.php
<16:31:02> [MSG] Запрошен maps.php
<16:31:09> [MSG] Запрошен users.php
<16:31:10> [MSG] Запрошен private-messages.php
<16:34:01> [MSG] Запрошен topics.php
<16:34:01> [MSG] Запрошен maps.php
<16:34:39> [MSG] Запрошен settings.php
<16:35:28> [MSG] Запрошен rooms.php
<16:36:23> [MSG] Запрошен rooms.php
<16:36:23> [MSG] Запрошен avatars.php
<16:36:23> [MSG] Запрошен settings.php
<16:36:25> [MSG] Запрошен settings.php
<17:32:17> [MSG] Запрошен login.php
<17:32:17> [MSG] Аутентифицирован пользователь "Lucors"
<17:32:17> [MSG] Запрошен rooms.php
<17:32:17> [MSG] Запрошен settings.php
<17:32:17> [MSG] Запрошен avatars.php
<17:32:20> [MSG] Запрошен users.php
