<08:23:16> [MSG] Запрошен rooms.php
<08:23:16> [MSG] Запрошен settings.php
<08:23:16> [MSG] Запрошен avatars.php
<08:23:26> [MSG] Запрошен rooms.php
<08:23:26> [MSG] Запрошен settings.php
<08:23:26> [MSG] Запрошен avatars.php
<08:23:30> [MSG] Запрошен rooms.php
<08:23:30> [MSG] Запрошен avatars.php
<08:23:30> [MSG] Запрошен settings.php
<08:23:40> [MSG] Запрошен rooms.php
<08:23:40> [MSG] Запрошен avatars.php
<08:23:40> [MSG] Запрошен settings.php
<08:24:21> [MSG] Запрошен rooms.php
<08:24:21> [MSG] Запрошен topics.php
<08:24:23> [MSG] Запрошен rooms.php
<08:24:23> [MSG] Запрошен topics.php
<08:27:49> [MSG] Запрошен rooms.php
<08:27:49> [MSG] Запрошен settings.php
<08:27:49> [MSG] Запрошен avatars.php
<08:27:51> [MSG] Запрошен rooms.php
<08:27:51> [MSG] Запрошен avatars.php
<08:27:51> [MSG] Запрошен settings.php
<08:27:53> [MSG] Запрошен users.php
<08:27:54> [MSG] Запрошен private-messages.php
<08:27:57> [MSG] Запрошен rooms.php
<08:27:57> [MSG] Запрошен topics.php
<08:27:58> [MSG] Запрошен rooms.php
<08:27:58> [MSG] Запрошен topics.php
<08:27:59> [MSG] Запрошен settings.php
<08:28:01> [MSG] Запрошен settings.php
<08:28:02> [MSG] Запрошен rooms.php
<08:28:02> [MSG] Запрошен topics.php
<08:28:02> [MSG] Запрошен rooms.php
<08:28:02> [MSG] Запрошен topics.php
<08:28:03> [MSG] Запрошен rooms.php
<08:28:03> [MSG] Запрошен topics.php
<08:28:04> [MSG] Запрошен rooms.php
<08:28:04> [MSG] Запрошен topics.php
<08:28:05> [MSG] Запрошен rooms.php
<08:28:05> [MSG] Запрошен topics.php
<08:41:03> [MSG] Запрошен rooms.php
<08:41:03> [MSG] Запрошен settings.php
<08:41:03> [MSG] Запрошен avatars.php
<08:41:04> [MSG] Запрошен rooms.php
<08:41:04> [MSG] Запрошен topics.php
<08:50:49> [MSG] Запрошен rooms.php
<08:50:49> [MSG] Запрошен settings.php
<08:50:49> [MSG] Запрошен avatars.php
<08:50:50> [MSG] Запрошен rooms.php
<08:50:50> [ERROR] Ошибка MYSQL: Unknown column 'maps.preview' in 'field list'
<08:50:50> [WARN] Ошибка получения данных комнаты [get]
<08:50:50> [MSG] Запрошен topics.php
<08:51:53> [MSG] Запрошен rooms.php
<08:51:53> [MSG] Запрошен settings.php
<08:51:53> [MSG] Запрошен avatars.php
<08:51:54> [MSG] Запрошен rooms.php
<08:51:54> [MSG] Запрошен topics.php
<08:53:36> [MSG] Запрошен rooms.php
<08:53:36> [MSG] Запрошен settings.php
<08:53:36> [MSG] Запрошен avatars.php
<08:53:37> [MSG] Запрошен rooms.php
<08:53:37> [MSG] Запрошен topics.php
<08:53:39> [MSG] Запрошен rooms.php
<08:53:39> [MSG] Запрошен topics.php
<08:54:18> [MSG] Запрошен rooms.php
<08:54:18> [MSG] Запрошен settings.php
<08:54:18> [MSG] Запрошен avatars.php
<08:54:19> [MSG] Запрошен rooms.php
<08:54:19> [MSG] Запрошен topics.php
<08:54:20> [MSG] Запрошен rooms.php
<08:54:20> [MSG] Запрошен topics.php
<09:10:27> [MSG] Запрошен rooms.php
<09:10:27> [MSG] Запрошен avatars.php
<09:10:27> [MSG] Запрошен settings.php
<09:10:28> [MSG] Запрошен rooms.php
<09:10:28> [MSG] Запрошен topics.php
<09:10:29> [MSG] Запрошен rooms.php
<09:10:29> [MSG] Запрошен topics.php
<09:10:31> [MSG] Запрошен rooms.php
<09:10:31> [MSG] Запрошен topics.php
<09:10:51> [MSG] Запрошен login.php
<09:10:51> [MSG] Аутентифицирован пользователь "test"
<09:10:51> [MSG] Запрошен rooms.php
<09:10:51> [MSG] Запрошен avatars.php
<09:10:51> [MSG] Запрошен settings.php
<09:10:53> [MSG] Запрошен rooms.php
<09:10:53> [MSG] Запрошен rooms.php
<09:10:57> [MSG] Запрошен topics.php
<09:10:57> [MSG] Запрошен maps.php
<09:11:18> [MSG] Запрошен rooms.php
<09:11:18> [WARN] Ошибка получения данных комнаты [get]
<09:11:18> [MSG] Запрошен topics.php
<09:11:18> [WARN] Ошибка получения тем комнаты [getRoom]
<09:11:22> [MSG] Запрошен rooms.php
<09:11:22> [WARN] Ошибка получения данных комнаты [get]
<09:11:22> [MSG] Запрошен topics.php
<09:11:22> [WARN] Ошибка получения тем комнаты [getRoom]
<09:11:27> [MSG] Запрошен rooms.php
<09:11:27> [WARN] Ошибка получения данных комнаты [get]
<09:11:27> [MSG] Запрошен topics.php
<09:11:27> [WARN] Ошибка получения тем комнаты [getRoom]
<09:12:08> [MSG] Запрошен rooms.php
<09:12:08> [ERROR] 
				INSERT INTO
					rooms (name, privacy, password, step_time, stage, creator_id, map_id)
				VALUES 
					('Привет из Linux', 0, '',
						15, 0, 17, 2)
			
<09:12:13> [MSG] Запрошен rooms.php
<09:12:14> [MSG] Запрошен rooms.php
<09:12:14> [MSG] Запрошен topics.php
<09:12:14> [MSG] Запрошен topics.php
<09:12:14> [MSG] Запрошен rooms.php
<09:12:15> [MSG] Запрошен rooms.php
<09:12:15> [MSG] Запрошен topics.php
<09:12:16> [MSG] Запрошен rooms.php
<09:12:16> [MSG] Запрошен topics.php
<09:12:17> [MSG] Запрошен rooms.php
<09:12:17> [MSG] Запрошен topics.php
<09:12:45> [MSG] Запрошен rooms.php
<09:12:45> [MSG] Запрошен topics.php
<09:12:45> [MSG] Запрошен topics.php
<09:12:45> [MSG] Запрошен rooms.php
<09:12:46> [MSG] Запрошен rooms.php
<09:12:46> [MSG] Запрошен topics.php
<09:12:47> [MSG] Запрошен rooms.php
<09:12:47> [MSG] Запрошен topics.php
<09:12:49> [MSG] Запрошен rooms.php
<09:12:49> [MSG] Запрошен topics.php
<09:12:51> [MSG] Запрошен rooms.php
<09:12:51> [MSG] Запрошен topics.php
<09:12:52> [MSG] Запрошен rooms.php
<09:12:52> [MSG] Запрошен topics.php
<09:14:49> [MSG] Запрошен rooms.php
<09:14:49> [MSG] Запрошен topics.php
<09:14:49> [MSG] Запрошен topics.php
<09:14:49> [MSG] Запрошен rooms.php
<09:14:50> [MSG] Запрошен rooms.php
<09:14:50> [MSG] Запрошен topics.php
<09:15:06> [MSG] Запрошен rooms.php
<09:15:06> [MSG] Запрошен topics.php
<09:16:27> [MSG] Запрошен rooms.php
<09:16:27> [MSG] Запрошен topics.php
<09:16:28> [MSG] Запрошен rooms.php
<09:16:28> [MSG] Запрошен topics.php
<09:16:29> [MSG] Запрошен topics.php
<09:16:29> [MSG] Запрошен rooms.php
<09:16:30> [MSG] Запрошен rooms.php
<09:16:30> [MSG] Запрошен topics.php
<09:20:19> [MSG] Запрошен rooms.php
<09:20:19> [MSG] Запрошен topics.php
<10:57:23> [MSG] Запрошен rooms.php
<10:57:23> [MSG] Запрошен topics.php
<10:57:24> [MSG] Запрошен rooms.php
<10:57:24> [MSG] Запрошен topics.php
<10:57:25> [MSG] Запрошен rooms.php
<10:57:25> [MSG] Запрошен topics.php
<10:57:26> [MSG] Запрошен rooms.php
<10:57:26> [MSG] Запрошен topics.php
<11:04:27> [MSG] Запрошен rooms.php
<11:04:27> [MSG] Запрошен topics.php
<11:04:28> [MSG] Запрошен rooms.php
<11:04:28> [MSG] Запрошен topics.php
<14:04:41> [MSG] Запрошен login.php
<14:04:41> [MSG] Аутентифицирован пользователь "Lucors"
<14:04:41> [MSG] Запрошен rooms.php
<14:04:41> [MSG] Запрошен settings.php
<14:04:41> [MSG] Запрошен avatars.php
<14:04:42> [MSG] Запрошен rooms.php
<14:04:42> [MSG] Запрошен topics.php
<14:04:44> [MSG] Запрошен settings.php
<14:04:46> [MSG] Запрошен settings.php
<14:04:52> [MSG] Запрошен rooms.php
<14:04:52> [MSG] Запрошен settings.php
<14:04:52> [MSG] Запрошен avatars.php
<14:04:54> [MSG] Запрошен rooms.php
<14:04:54> [MSG] Запрошен topics.php
<14:04:55> [MSG] Запрошен rooms.php
<14:04:55> [MSG] Запрошен topics.php
<14:04:56> [MSG] Запрошен topics.php
<14:04:56> [MSG] Запрошен rooms.php
<14:04:56> [MSG] Запрошен rooms.php
<14:04:56> [MSG] Запрошен topics.php
<14:04:57> [MSG] Запрошен rooms.php
<14:04:57> [MSG] Запрошен topics.php
<14:04:59> [MSG] Запрошен rooms.php
<14:04:59> [MSG] Запрошен rooms.php
<14:04:59> [MSG] Запрошен topics.php
<14:05:22> [MSG] Запрошен rooms.php
<14:05:22> [MSG] Запрошен topics.php
<14:05:25> [MSG] Запрошен rooms.php
<14:05:25> [MSG] Запрошен topics.php
<14:05:26> [MSG] Запрошен rooms.php
<14:05:26> [MSG] Запрошен topics.php
<14:05:27> [MSG] Запрошен rooms.php
<14:05:28> [MSG] Запрошен settings.php
<14:05:33> [MSG] Запрошен rooms.php
<14:05:33> [MSG] Запрошен settings.php
<14:05:33> [MSG] Запрошен avatars.php
<14:11:28> [MSG] Запрошена sse служба времени [time.php]
<14:13:21> [MSG] Запрошен rooms.php
<14:13:21> [MSG] Запрошен avatars.php
<14:13:21> [MSG] Запрошен settings.php
<14:13:23> [MSG] Запрошен users.php
<14:13:24> [MSG] Запрошен private-messages.php
<14:13:29> [MSG] Запрошен private-messages.php
<14:13:31> [MSG] Запрошен logout.php
<14:13:31> [MSG] Пользователь "thesourcecode.max@yandex.ru" вышел
<14:13:48> [MSG] Запрошен login.php
<14:13:48> [MSG] Аутентифицирован пользователь "Братишка"
<14:13:48> [MSG] Запрошен rooms.php
<14:13:48> [MSG] Запрошен avatars.php
<14:13:48> [MSG] Запрошен settings.php
<14:13:52> [MSG] Запрошен rooms.php
<14:13:52> [MSG] Запрошен rooms.php
<14:13:53> [MSG] Запрошен rooms.php
<14:13:53> [MSG] Запрошен topics.php
<14:13:57> [MSG] Запрошен users.php
<14:13:58> [MSG] Запрошен private-messages.php
<14:14:02> [MSG] Запрошен private-messages.php
<14:14:21> [MSG] Запрошен private-messages.php
<14:14:44> [MSG] Запрошен private-messages.php
<14:14:45> [MSG] Запрошен private-messages.php
<14:14:45> [MSG] Запрошен private-messages.php
<14:14:51> [MSG] Запрошен private-messages.php
<14:15:14> [MSG] Запрошен private-messages.php
<14:17:04> [MSG] Запрошен private-messages.php
<14:17:34> [MSG] Запрошен private-messages.php
<14:17:40> [MSG] Запрошен private-messages.php
<14:17:41> [MSG] Запрошен private-messages.php
<14:17:48> [MSG] Запрошен notifications.php
<14:17:48> [WARN] Недостаточно прав для запроса уведомлений
<14:17:54> [MSG] Запрошен users.php
<14:17:54> [WARN] Недостаточно прав для запроса пользователей
<14:17:56> [MSG] Запрошен notifications.php
<14:17:56> [WARN] Недостаточно прав для запроса уведомлений
<14:17:56> [MSG] Запрошен users.php
<14:17:56> [WARN] Недостаточно прав для запроса пользователей
<14:17:59> [MSG] Запрошен logout.php
<14:17:59> [WARN] Попытка выхода не аутентифиц. пользователя
<14:18:03> [MSG] Запрошен login.php
<14:18:03> [MSG] Аутентифицирован пользователь "Lucors"
<14:18:03> [MSG] Запрошен rooms.php
<14:18:03> [MSG] Запрошен avatars.php
<14:18:03> [MSG] Запрошен settings.php
<14:18:05> [MSG] Запрошен login.php
<14:18:05> [MSG] Запрошен rooms.php
<14:18:05> [MSG] Запрошен settings.php
<14:18:05> [MSG] Запрошен avatars.php
<14:29:26> [MSG] Запрошен login.php
<14:29:26> [MSG] Аутентифицирован пользователь "Братишка"
<14:29:26> [MSG] Запрошен rooms.php
<14:29:26> [MSG] Запрошен avatars.php
<14:29:26> [MSG] Запрошен settings.php
<14:29:28> [MSG] Запрошен topics.php
<14:29:28> [MSG] Запрошен maps.php
<14:29:53> [MSG] Запрошен rooms.php
<14:29:53> [ERROR] 
				INSERT INTO
					rooms (name, privacy, password, step_time, stage, creator_id, map_id)
				VALUES 
					('Firefox room', 1, '1234',
						10, 0, 4, 1)
			
<14:35:12> [MSG] Запрошен rooms.php
<14:35:13> [MSG] Запрошен rooms.php
<14:35:13> [MSG] Запрошен topics.php
<14:35:14> [MSG] Запрошен rooms.php
<14:35:14> [MSG] Запрошен topics.php
<14:35:15> [MSG] Запрошен rooms.php
<14:35:15> [MSG] Запрошен topics.php
<15:04:21> [MSG] Запрошен topics.php
<15:04:21> [MSG] Запрошен rooms.php
<15:04:21> [MSG] Запрошен rooms.php
<15:04:21> [MSG] Запрошен topics.php
<15:04:22> [MSG] Запрошен rooms.php
<15:04:22> [MSG] Запрошен topics.php
<15:04:22> [MSG] Запрошен topics.php
<15:04:22> [MSG] Запрошен rooms.php
<15:04:24> [MSG] Запрошен rooms.php
<15:04:24> [MSG] Запрошен topics.php
<15:04:24> [MSG] Запрошен topics.php
<15:04:24> [MSG] Запрошен rooms.php
<15:04:31> [MSG] Запрошен rooms.php
<15:04:31> [MSG] Запрошен topics.php
<15:04:32> [MSG] Запрошен rooms.php
<15:04:32> [MSG] Запрошен topics.php
<15:04:33> [MSG] Запрошен rooms.php
<15:04:33> [MSG] Запрошен topics.php
<15:04:35> [MSG] Запрошен rooms.php
<15:04:35> [MSG] Запрошен topics.php
<15:04:36> [MSG] Запрошен users.php
<15:04:38> [MSG] Запрошен private-messages.php
<15:04:38> [MSG] Запрошен private-messages.php
<15:04:41> [MSG] Запрошен private-messages.php
<15:04:42> [MSG] Запрошен private-messages.php
<15:06:58> [MSG] Запрошен rooms.php
<15:06:58> [MSG] Запрошен topics.php
<15:06:59> [MSG] Запрошен topics.php
<15:06:59> [MSG] Запрошен rooms.php
<15:07:00> [MSG] Запрошен rooms.php
<15:07:00> [MSG] Запрошен topics.php
<15:07:02> [MSG] Запрошен rooms.php
<15:07:02> [MSG] Запрошен topics.php
<15:07:03> [MSG] Запрошен rooms.php
<15:15:20> [MSG] Запрошен rooms.php
<15:15:20> [MSG] Запрошен topics.php
<15:15:21> [MSG] Запрошен rooms.php
<15:15:21> [MSG] Запрошен topics.php
<15:15:22> [MSG] Запрошен rooms.php
<15:15:22> [MSG] Запрошен topics.php
<15:26:54> [MSG] Запрошен rooms.php
<15:26:54> [MSG] Запрошен avatars.php
<15:26:54> [MSG] Запрошен settings.php
<15:29:14> [MSG] Запрошен rooms.php
<15:29:14> [MSG] Запрошен topics.php
<15:29:14> [MSG] Запрошен rooms.php
<15:29:14> [MSG] Запрошен topics.php
<15:31:26> [MSG] Запрошен login.php
<15:31:26> [MSG] Аутентифицирован пользователь "Братишка"
<15:31:26> [MSG] Запрошен rooms.php
<15:31:26> [MSG] Запрошен avatars.php
<15:31:26> [MSG] Запрошен settings.php
<15:31:33> [MSG] Запрошен users.php
<15:31:42> [MSG] Запрошен users.php
<15:32:00> [MSG] Запрошен login.php
<15:32:00> [WARN] Переданы неверные значения email&pass
<15:32:08> [MSG] Запрошен rooms.php
<15:32:08> [MSG] Запрошен avatars.php
<15:32:08> [MSG] Запрошен settings.php
<15:33:12> [MSG] Запрошен login.php
<15:33:12> [MSG] Аутентифицирован пользователь "PepsiMan"
<15:33:12> [MSG] Запрошен rooms.php
<15:33:12> [MSG] Запрошен avatars.php
<15:33:12> [MSG] Запрошен settings.php
<15:33:14> [MSG] Запрошен users.php
<15:33:16> [MSG] Запрошен private-messages.php
<15:33:17> [MSG] Запрошен private-messages.php
<15:33:25> [MSG] Запрошен private-messages.php
<15:33:30> [MSG] Запрошен users.php
<15:33:31> [MSG] Запрошен users.php
<15:33:32> [MSG] Запрошен private-messages.php
<16:13:43> [MSG] Запрошен rooms.php
<16:13:43> [MSG] Запрошен topics.php
<16:13:43> [MSG] Запрошен topics.php
<16:13:43> [MSG] Запрошен rooms.php
<16:13:44> [MSG] Запрошен rooms.php
<16:13:44> [MSG] Запрошен topics.php
<16:13:45> [MSG] Запрошен rooms.php
<16:13:45> [MSG] Запрошен topics.php
<16:13:50> [MSG] Запрошен rooms.php
<17:04:18> [MSG] Запрошен rooms.php
<17:04:18> [MSG] Запрошен settings.php
<17:04:18> [MSG] Запрошен avatars.php
<18:58:51> [MSG] Запрошен rooms.php
<18:58:51> [MSG] Запрошен avatars.php
<18:58:51> [MSG] Запрошен settings.php
<18:58:53> [MSG] Запрошен users.php
<19:19:41> [MSG] Запрошен rooms.php
<19:19:41> [MSG] Запрошен topics.php
<19:19:42> [MSG] Запрошен rooms.php
<19:19:42> [MSG] Запрошен topics.php
<19:19:46> [MSG] Запрошен rooms.php
<19:19:46> [MSG] Запрошен topics.php
<19:52:54> [MSG] Запрошен login.php
<19:52:54> [MSG] Аутентифицирован пользователь "Slave"
<19:52:54> [MSG] Запрошен rooms.php
<19:52:54> [MSG] Запрошен settings.php
<19:52:54> [MSG] Запрошен avatars.php
<19:52:57> [MSG] Запрошен rooms.php
<19:52:57> [MSG] Запрошен topics.php
<19:53:24> [MSG] Запрошен rooms.php
<19:53:24> [MSG] Запрошен topics.php
<19:53:26> [MSG] Запрошен rooms.php
<19:53:26> [MSG] Запрошен topics.php
<19:53:58> [MSG] Запрошен rooms.php
<19:53:58> [MSG] Запрошен topics.php
<20:29:45> [MSG] Запрошен rooms.php
<20:29:45> [MSG] Запрошен settings.php
<20:29:45> [MSG] Запрошен avatars.php
<20:33:12> [MSG] Запрошен rooms.php
<20:33:12> [MSG] Запрошен topics.php
<20:46:25> [MSG] Запрошен rooms.php
<20:46:25> [MSG] Запрошен topics.php
<20:46:26> [MSG] Запрошен rooms.php
<20:46:26> [MSG] Запрошен topics.php
<20:46:27> [MSG] Запрошен rooms.php
<20:46:27> [MSG] Запрошен topics.php
<20:47:38> [MSG] Запрошен topics.php
<20:47:38> [MSG] Запрошен maps.php
<20:48:07> [MSG] Запрошен logout.php
<20:48:07> [MSG] Пользователь "thesourcecode.max@yandex.ru" вышел
<20:50:44> [MSG] Запрошен login.php
<20:50:44> [MSG] Аутентифицирован пользователь "Lucors"
<20:50:44> [MSG] Запрошен rooms.php
<20:50:44> [MSG] Запрошен settings.php
<20:50:44> [MSG] Запрошен avatars.php
<20:50:47> [MSG] Запрошен users.php
<20:52:56> [MSG] Запрошен rooms.php
<20:52:56> [MSG] Запрошен topics.php
<20:52:57> [MSG] Запрошен rooms.php
<20:52:57> [MSG] Запрошен topics.php
<20:52:57> [MSG] Запрошен rooms.php
<20:52:57> [MSG] Запрошен topics.php
<20:52:58> [MSG] Запрошен rooms.php
<20:52:58> [MSG] Запрошен topics.php
<20:52:59> [MSG] Запрошен topics.php
<20:52:59> [MSG] Запрошен rooms.php
<20:53:00> [MSG] Запрошен rooms.php
<20:53:00> [MSG] Запрошен topics.php
<20:53:00> [MSG] Запрошен rooms.php
<20:53:00> [MSG] Запрошен topics.php
<20:53:01> [MSG] Запрошен rooms.php
<20:53:01> [MSG] Запрошен topics.php
<20:53:01> [MSG] Запрошен rooms.php
<20:53:01> [MSG] Запрошен topics.php
<20:53:02> [MSG] Запрошен rooms.php
<20:53:02> [MSG] Запрошен topics.php
<20:53:02> [MSG] Запрошен rooms.php
<20:53:02> [MSG] Запрошен topics.php
<20:53:03> [MSG] Запрошен rooms.php
<20:53:03> [MSG] Запрошен topics.php
<20:53:03> [MSG] Запрошен topics.php
<20:53:03> [MSG] Запрошен rooms.php
<20:53:04> [MSG] Запрошен rooms.php
<20:53:04> [MSG] Запрошен topics.php
<20:53:04> [MSG] Запрошен rooms.php
<20:53:04> [MSG] Запрошен topics.php
<20:53:05> [MSG] Запрошен rooms.php
<20:53:05> [MSG] Запрошен topics.php
<20:53:05> [MSG] Запрошен topics.php
<20:53:05> [MSG] Запрошен rooms.php
<20:53:06> [MSG] Запрошен rooms.php
<20:53:06> [MSG] Запрошен topics.php
<20:53:06> [MSG] Запрошен rooms.php
<20:53:06> [MSG] Запрошен topics.php
<20:53:08> [MSG] Запрошен rooms.php
<20:53:08> [MSG] Запрошен topics.php
<20:53:08> [MSG] Запрошен rooms.php
<20:53:08> [MSG] Запрошен topics.php
<20:53:08> [MSG] Запрошен rooms.php
<20:53:08> [MSG] Запрошен topics.php
<20:53:09> [MSG] Запрошен rooms.php
<20:53:09> [MSG] Запрошен topics.php
<20:53:15> [MSG] Запрошен settings.php
<20:53:17> [MSG] Запрошен logout.php
<20:53:17> [MSG] Пользователь "thesourcecode.max@yandex.ru" вышел
<20:53:23> [MSG] Запрошен login.php
<20:53:24> [MSG] Аутентифицирован пользователь "Lucors"
<20:53:24> [MSG] Запрошен settings.php
<20:53:24> [MSG] Запрошен rooms.php
<20:53:24> [MSG] Запрошен avatars.php
<20:54:25> [MSG] Запрошен settings.php
<20:54:27> [MSG] Запрошен settings.php
<20:54:29> [MSG] Запрошен rooms.php
<20:54:29> [MSG] Запрошен topics.php
<20:54:29> [MSG] Запрошен rooms.php
<20:54:29> [MSG] Запрошен topics.php
<20:54:30> [MSG] Запрошен rooms.php
<20:54:30> [MSG] Запрошен topics.php
<20:54:31> [MSG] Запрошен settings.php
<20:54:32> [MSG] Запрошен settings.php
<20:54:34> [MSG] Запрошен users.php
<20:56:53> [MSG] Запрошен rooms.php
<20:56:53> [MSG] Запрошен settings.php
<20:56:53> [MSG] Запрошен avatars.php
<20:56:59> [MSG] Запрошен rooms.php
<20:56:59> [MSG] Запрошен topics.php
<20:57:01> [MSG] Запрошен rooms.php
<20:57:01> [MSG] Запрошен topics.php
