<15:29:47> [MSG] Запрошен login.php
<15:29:47> [MSG] Аутентифицирован пользователь "Slave"
<15:29:47> [MSG] Запрошен rooms.php
<15:29:47> [MSG] Запрошен avatars.php
<15:29:47> [MSG] Запрошен settings.php
<15:29:50> [MSG] Запрошен rooms.php
<15:29:50> [MSG] Запрошен topics.php
<15:58:46> [MSG] Запрошен rooms.php
<15:58:46> [MSG] Запрошен topics.php
<15:58:47> [MSG] Запрошен topics.php
<15:58:47> [MSG] Запрошен rooms.php
<15:58:48> [MSG] Запрошен rooms.php
<18:43:47> [MSG] Запрошен login.php
<18:43:47> [MSG] Аутентифицирован пользователь "Lucors"
<18:43:47> [MSG] Запрошен rooms.php
<18:43:47> [MSG] Запрошен avatars.php
<18:43:47> [MSG] Запрошен settings.php
<18:43:49> [MSG] Запрошен users.php
<18:43:51> [MSG] Запрошен private-messages.php
<18:43:59> [MSG] Запрошен users.php
<18:44:05> [MSG] Запрошен login.php
<18:44:05> [MSG] Аутентифицирован пользователь "Slave"
<18:44:05> [MSG] Запрошен rooms.php
<18:44:05> [MSG] Запрошен settings.php
<18:44:05> [MSG] Запрошен avatars.php
<18:44:17> [MSG] Запрошен users.php
<18:44:21> [MSG] Запрошен users.php
<18:44:22> [MSG] Запрошен private-messages.php
<18:44:29> [MSG] Запрошен rooms.php
<18:44:29> [MSG] Запрошен topics.php
<18:44:31> [MSG] Запрошен rooms.php
<18:44:31> [MSG] Запрошен topics.php
<18:44:34> [MSG] Запрошен rooms.php
<18:44:34> [MSG] Запрошен topics.php
<18:44:35> [MSG] Запрошен rooms.php
<18:44:35> [MSG] Запрошен topics.php
<18:44:35> [MSG] Запрошен topics.php
<18:44:35> [MSG] Запрошен rooms.php
<19:08:01> [MSG] Запрошен rooms.php
<19:08:01> [MSG] Запрошен topics.php
<19:08:06> [MSG] Запрошен topics.php
<19:08:06> [MSG] Запрошен rooms.php
<19:08:07> [MSG] Запрошен rooms.php
<19:08:07> [MSG] Запрошен topics.php
<19:08:08> [MSG] Запрошен rooms.php
<19:08:08> [MSG] Запрошен topics.php
<19:08:08> [MSG] Запрошен rooms.php
<19:08:08> [MSG] Запрошен topics.php
<19:08:09> [MSG] Запрошен topics.php
<19:08:09> [MSG] Запрошен rooms.php
<19:08:10> [MSG] Запрошен rooms.php
<19:08:10> [MSG] Запрошен topics.php
<19:08:11> [MSG] Запрошен rooms.php
<19:08:11> [MSG] Запрошен topics.php
<19:08:26> [MSG] Запрошен rooms.php
<19:08:26> [MSG] Запрошен topics.php
<19:08:27> [MSG] Запрошен topics.php
<19:08:27> [MSG] Запрошен rooms.php
<19:08:53> [MSG] Запрошен rooms.php
<19:08:53> [MSG] Запрошен topics.php
<19:08:54> [MSG] Запрошен rooms.php
<19:08:54> [MSG] Запрошен topics.php
<19:08:57> [MSG] Запрошен topics.php
<19:08:57> [MSG] Запрошен rooms.php
<19:08:58> [MSG] Запрошен rooms.php
<19:08:58> [MSG] Запрошен topics.php
<19:08:58> [MSG] Запрошен topics.php
<19:08:58> [MSG] Запрошен rooms.php
<19:08:58> [MSG] Запрошен topics.php
<19:08:58> [MSG] Запрошен rooms.php
<19:08:59> [MSG] Запрошен rooms.php
<19:08:59> [MSG] Запрошен topics.php
<19:08:59> [MSG] Запрошен rooms.php
<19:08:59> [MSG] Запрошен topics.php
<19:09:01> [MSG] Запрошен rooms.php
<19:09:01> [MSG] Запрошен topics.php
<19:09:01> [MSG] Запрошен topics.php
<19:09:01> [MSG] Запрошен rooms.php
<20:13:48> [MSG] Запрошен rooms.php
<20:13:48> [MSG] Запрошен avatars.php
<20:13:48> [MSG] Запрошен settings.php
<20:13:50> [MSG] Запрошен rooms.php
<20:13:50> [MSG] Запрошен topics.php
<20:13:50> [MSG] Запрошен rooms.php
<20:13:50> [MSG] Запрошен topics.php
<20:13:51> [MSG] Запрошен topics.php
<20:13:51> [MSG] Запрошен rooms.php
<20:13:53> [MSG] Запрошен rooms.php
<20:13:53> [MSG] Запрошен topics.php
<20:13:54> [MSG] Запрошен rooms.php
<20:13:54> [MSG] Запрошен topics.php
