<00:27:23> [MSG] Запрошен login.php
<00:27:23> [MSG] Аутентифицирован пользователь "Lucors"
<00:27:23> [MSG] Запрошен settings.php
<00:27:23> [MSG] Запрошен avatars.php
<00:27:24> [MSG] Запрошен rooms.php
<00:27:26> [MSG] Запрошен logout.php
<00:27:26> [MSG] Пользователь "thesourcecode.max@yandex.ru" вышел
<00:27:40> [MSG] Запрошен login.php
<00:27:40> [MSG] Аутентифицирован пользователь "Lucors"
<00:27:40> [MSG] Запрошен avatars.php
<00:27:40> [MSG] Запрошен rooms.php
<00:27:40> [MSG] Запрошен settings.php
<00:27:42> [MSG] Запрошен logout.php
<00:27:42> [MSG] Пользователь "thesourcecode.max@yandex.ru" вышел
<00:27:45> [MSG] Запрошен login.php
<00:27:45> [MSG] Аутентифицирован пользователь "Lucors"
<00:27:45> [MSG] Запрошен settings.php
<00:27:45> [MSG] Запрошен avatars.php
<00:27:45> [MSG] Запрошен rooms.php
<00:27:48> [MSG] Запрошен logout.php
<00:27:48> [MSG] Пользователь "thesourcecode.max@yandex.ru" вышел
<00:27:50> [MSG] Запрошен login.php
<00:27:50> [MSG] Аутентифицирован пользователь "Lucors"
<00:27:50> [MSG] Запрошен avatars.php
<00:27:50> [MSG] Запрошен rooms.php
<00:27:50> [MSG] Запрошен settings.php
<00:27:53> [MSG] Запрошен rating.php
<00:27:55> [MSG] Запрошен logout.php
<00:27:55> [MSG] Пользователь "thesourcecode.max@yandex.ru" вышел
<00:27:58> [MSG] Запрошен login.php
<00:27:58> [MSG] Аутентифицирован пользователь "Lucors"
<00:27:58> [MSG] Запрошен avatars.php
<00:27:58> [MSG] Запрошен rooms.php
<00:27:58> [MSG] Запрошен settings.php
<00:28:01> [MSG] Запрошен logout.php
<00:28:01> [MSG] Пользователь "thesourcecode.max@yandex.ru" вышел
<00:28:08> [MSG] Запрошен login.php
<00:28:08> [MSG] Аутентифицирован пользователь "Lucors"
<00:28:08> [MSG] Запрошен avatars.php
<00:28:08> [MSG] Запрошен settings.php
<00:28:08> [MSG] Запрошен rooms.php
<00:28:11> [MSG] Запрошен logout.php
<00:28:11> [MSG] Пользователь "thesourcecode.max@yandex.ru" вышел
<00:28:14> [MSG] Запрошен login.php
<00:28:14> [MSG] Аутентифицирован пользователь "Lucors"
<00:28:14> [MSG] Запрошен avatars.php
<00:28:14> [MSG] Запрошен rooms.php
<00:28:14> [MSG] Запрошен settings.php
<00:28:16> [MSG] Запрошен logout.php
<00:28:16> [MSG] Пользователь "thesourcecode.max@yandex.ru" вышел
<00:29:15> [MSG] Запрошен login.php
<00:29:15> [MSG] Аутентифицирован пользователь "Lucors"
<00:29:15> [MSG] Запрошен avatars.php
<00:29:15> [MSG] Запрошен rooms.php
<00:29:15> [MSG] Запрошен settings.php
<00:29:18> [MSG] Запрошен logout.php
<00:29:18> [MSG] Пользователь "thesourcecode.max@yandex.ru" вышел
<00:30:43> [MSG] Запрошен login.php
<00:30:43> [MSG] Аутентифицирован пользователь "Lucors"
<00:30:43> [MSG] Запрошен avatars.php
<00:30:43> [MSG] Запрошен rooms.php
<00:30:43> [MSG] Запрошен settings.php
<00:30:49> [MSG] Запрошен logout.php
<00:30:49> [MSG] Пользователь "thesourcecode.max@yandex.ru" вышел
<00:31:05> [MSG] Запрошен login.php
<00:31:05> [MSG] Аутентифицирован пользователь "Lucors"
<00:31:05> [MSG] Запрошен settings.php
<00:31:05> [MSG] Запрошен rooms.php
<00:31:05> [MSG] Запрошен avatars.php
<00:31:10> [MSG] Запрошен logout.php
<00:31:10> [MSG] Пользователь "thesourcecode.max@yandex.ru" вышел
<00:31:33> [MSG] Запрошен login.php
<00:31:33> [MSG] Аутентифицирован пользователь "Lucors"
<00:31:33> [MSG] Запрошен avatars.php
<00:31:33> [MSG] Запрошен rooms.php
<00:31:33> [MSG] Запрошен settings.php
<00:31:43> [MSG] Запрошен logout.php
<00:31:43> [MSG] Пользователь "thesourcecode.max@yandex.ru" вышел
<00:36:15> [MSG] Запрошен login.php
<00:36:15> [MSG] Аутентифицирован пользователь "Lucors"
<00:36:15> [MSG] Запрошен settings.php
<00:36:15> [MSG] Запрошен avatars.php
<00:36:15> [MSG] Запрошен rooms.php
<00:36:29> [MSG] Запрошен settings.php
<00:36:29> [MSG] Запрошен avatars.php
<00:36:29> [MSG] Запрошен rooms.php
<00:38:13> [MSG] Запрошен avatars.php
<00:38:13> [MSG] Запрошен settings.php
<00:38:13> [MSG] Запрошен rooms.php
<00:38:28> [MSG] Запрошен logout.php
<00:38:28> [MSG] Пользователь "thesourcecode.max@yandex.ru" вышел
<00:38:39> [MSG] Запрошен login.php
<00:38:39> [MSG] Аутентифицирован пользователь "Lucors"
<00:38:39> [MSG] Запрошен avatars.php
<00:38:39> [MSG] Запрошен rooms.php
<00:38:39> [MSG] Запрошен settings.php
<00:38:41> [MSG] Запрошен logout.php
<00:38:41> [MSG] Пользователь "thesourcecode.max@yandex.ru" вышел
<00:38:44> [MSG] Запрошен login.php
<00:38:44> [MSG] Аутентифицирован пользователь "Lucors"
<00:38:44> [MSG] Запрошен settings.php
<00:38:44> [MSG] Запрошен avatars.php
<00:38:44> [MSG] Запрошен rooms.php
<00:38:46> [MSG] Запрошен users.php
<00:44:53> [MSG] Запрошен avatars.php
<00:44:53> [MSG] Запрошен settings.php
<00:44:53> [MSG] Запрошен rooms.php
<00:47:25> [MSG] Запрошен settings.php
<00:47:25> [MSG] Запрошен avatars.php
<00:47:25> [MSG] Запрошен rooms.php
<00:50:25> [MSG] Запрошен avatars.php
<00:50:25> [MSG] Запрошен settings.php
<00:50:25> [MSG] Запрошен rooms.php
<00:57:39> [MSG] Запрошен settings.php
<00:57:39> [MSG] Запрошен rooms.php
<00:57:39> [MSG] Запрошен avatars.php
<00:57:42> [MSG] Запрошен settings.php
<00:57:42> [MSG] Запрошен rooms.php
<00:57:42> [MSG] Запрошен avatars.php
<00:58:25> [MSG] Запрошен avatars.php
<00:58:25> [MSG] Запрошен settings.php
<00:58:25> [MSG] Запрошен rooms.php
<00:58:29> [MSG] Запрошен avatars.php
<00:58:29> [MSG] Запрошен settings.php
<00:58:29> [MSG] Запрошен rooms.php
<00:58:47> [MSG] Запрошен avatars.php
<00:58:47> [MSG] Запрошен settings.php
<00:58:47> [MSG] Запрошен rooms.php
<00:59:19> [MSG] Запрошен avatars.php
<00:59:19> [MSG] Запрошен settings.php
<00:59:19> [MSG] Запрошен rooms.php
<00:59:22> [MSG] Запрошен settings.php
<00:59:22> [MSG] Запрошен avatars.php
<00:59:22> [MSG] Запрошен rooms.php
<01:00:00> [MSG] Запрошен avatars.php
<01:00:00> [MSG] Запрошен rooms.php
<01:00:00> [MSG] Запрошен settings.php
<01:00:17> [MSG] Запрошен users.php
<01:00:26> [MSG] Запрошен settings.php
<01:00:26> [MSG] Запрошен avatars.php
<01:00:26> [MSG] Запрошен rooms.php
<01:00:49> [MSG] Запрошен login.php
<01:00:49> [MSG] Аутентифицирован пользователь "Братишка"
<01:00:49> [MSG] Запрошен avatars.php
<01:00:49> [MSG] Запрошен settings.php
<01:00:49> [MSG] Запрошен rooms.php
<01:00:52> [MSG] Запрошен avatars.php
<01:00:52> [MSG] Запрошен rooms.php
<01:00:52> [MSG] Запрошен settings.php
<01:00:54> [MSG] Запрошен users.php
<01:01:02> [MSG] Запрошен users.php
<01:01:07> [MSG] Запрошен users.php
<01:01:08> [MSG] Запрошен private-messages.php
<01:01:17> [MSG] Запрошен users.php
<01:04:55> [MSG] Запрошен avatars.php
<01:04:55> [MSG] Запрошен settings.php
<01:04:55> [MSG] Запрошен rooms.php
<01:04:59> [MSG] Запрошен private-messages.php
<01:05:02> [MSG] Запрошен private-messages.php
<01:05:25> [MSG] Запрошен avatars.php
<01:05:25> [MSG] Запрошен settings.php
<01:05:25> [MSG] Запрошен rooms.php
<01:05:28> [MSG] Запрошен users.php
<01:05:29> [MSG] Запрошен private-messages.php
<01:05:32> [MSG] Запрошен settings.php
<01:05:32> [MSG] Запрошен avatars.php
<01:05:32> [MSG] Запрошен rooms.php
<01:17:03> [MSG] Запрошен users.php
<01:17:04> [MSG] Запрошен private-messages.php
<01:17:09> [MSG] Запрошен private-messages.php
<01:17:15> [MSG] Запрошен private-messages.php
<01:17:18> [MSG] Запрошен private-messages.php
<01:17:33> [MSG] Запрошен users.php
<01:17:35> [MSG] Запрошен private-messages.php
<02:33:59> [MSG] Запрошен settings.php
<02:33:59> [MSG] Запрошен avatars.php
<02:33:59> [MSG] Запрошен rooms.php
<02:34:00> [MSG] Запрошен users.php
<02:34:04> [MSG] Запрошен settings.php
<02:34:09> [MSG] Запрошен settings.php
<02:41:02> [MSG] Запрошен settings.php
<02:41:02> [ERROR] Ошибка MYSQL: Table 'u3905860fl_admin.settings_values' doesn't exist
<02:41:02> [WARN] Ошибка получения настроек
<02:41:02> [MSG] Запрошен avatars.php
<02:41:02> [MSG] Запрошен rooms.php
<02:41:05> [MSG] Запрошен settings.php
<02:41:05> [ERROR] Ошибка MYSQL: Table 'u3905860fl_admin.settings_values' doesn't exist
<02:41:05> [WARN] Ошибка получения настроек
<02:41:16> [MSG] Запрошен users.php
<02:41:17> [MSG] Запрошен private-messages.php
<03:14:34> [MSG] Запрошен avatars.php
<03:14:34> [MSG] Запрошен settings.php
<03:14:34> [MSG] Запрошен settings.php
<03:14:34> [ERROR] Ошибка MYSQL: Table 'u3905860fl_admin.settings_values' doesn't exist
<03:14:34> [WARN] Ошибка получения настроек
<03:14:34> [MSG] Запрошен rooms.php
<03:14:41> [MSG] Запрошен settings.php
<03:14:41> [MSG] Запрошен settings.php
<03:14:41> [ERROR] Ошибка MYSQL: Table 'u3905860fl_admin.settings_values' doesn't exist
<03:14:41> [WARN] Ошибка получения настроек
<03:16:11> [MSG] Запрошен avatars.php
<03:16:11> [MSG] Запрошен settings.php
<03:16:11> [MSG] Запрошен settings.php
<03:16:11> [ERROR] Ошибка MYSQL: Table 'u3905860fl_admin.settings_values' doesn't exist
<03:16:11> [WARN] Ошибка получения настроек
<03:16:11> [MSG] Запрошен rooms.php
<03:16:15> [MSG] Запрошен settings.php
<03:16:15> [MSG] Запрошен settings.php
<03:16:15> [ERROR] Ошибка MYSQL: Table 'u3905860fl_admin.settings_values' doesn't exist
<03:16:15> [WARN] Ошибка получения настроек
<03:16:18> [MSG] Запрошен settings.php
<03:16:18> [MSG] Запрошен settings.php
<03:16:18> [ERROR] Ошибка MYSQL: Table 'u3905860fl_admin.settings_values' doesn't exist
<03:16:18> [WARN] Ошибка получения настроек
<03:16:18> [MSG] Запрошен rooms.php
<03:16:18> [MSG] Запрошен avatars.php
<03:16:26> [MSG] Запрошен settings.php
<03:16:26> [MSG] Запрошен settings.php
<03:16:26> [ERROR] Ошибка MYSQL: Table 'u3905860fl_admin.settings_values' doesn't exist
<03:16:26> [WARN] Ошибка получения настроек
<03:16:30> [MSG] Запрошен settings.php
<03:16:30> [MSG] Запрошен settings.php
<03:16:30> [ERROR] Ошибка MYSQL: Table 'u3905860fl_admin.settings_values' doesn't exist
<03:16:30> [WARN] Ошибка получения настроек
<03:17:21> [MSG] Запрошен avatars.php
<03:17:21> [MSG] Запрошен rooms.php
<03:17:21> [MSG] Запрошен settings.php
<03:17:21> [MSG] Запрошен settings.php
<03:17:35> [MSG] Запрошен settings.php
<03:17:35> [MSG] Запрошен settings.php
<03:19:31> [MSG] Запрошен avatars.php
<03:19:33> [MSG] Запрошен settings.php
<03:19:33> [MSG] Запрошен settings.php
<03:19:33> [MSG] Запрошен rooms.php
<03:19:38> [MSG] Запрошен settings.php
<03:19:38> [MSG] Запрошен settings.php
<03:21:11> [MSG] Запрошен avatars.php
<03:21:22> [MSG] Запрошен settings.php
<03:21:22> [MSG] Запрошен rooms.php
<03:21:30> [MSG] Запрошен settings.php
<03:22:16> [MSG] Запрошен avatars.php
<03:22:18> [MSG] Запрошен settings.php
<03:22:18> [MSG] Запрошен rooms.php
<03:22:23> [MSG] Запрошен settings.php
<03:44:32> [MSG] Запрошен avatars.php
<03:44:34> [MSG] Запрошен settings.php
<03:44:34> [MSG] Запрошен rooms.php
<03:44:38> [MSG] Запрошен settings.php
<03:44:43> [MSG] Запрошен settings.php
<03:45:12> [MSG] Запрошен settings.php
<03:46:07> [MSG] Запрошен settings.php
<03:47:43> [MSG] Запрошен avatars.php
<03:47:45> [MSG] Запрошен settings.php
<03:47:45> [MSG] Запрошен rooms.php
<03:47:49> [MSG] Запрошен settings.php
<03:48:08> [MSG] Запрошен avatars.php
<03:48:10> [MSG] Запрошен settings.php
<03:48:10> [MSG] Запрошен rooms.php
<03:48:29> [MSG] Запрошен settings.php
<03:49:37> [MSG] Запрошен avatars.php
<03:49:39> [MSG] Запрошен rooms.php
<03:49:39> [MSG] Запрошен settings.php
<03:49:54> [MSG] Запрошен settings.php
<03:52:02> [MSG] Запрошен avatars.php
<03:52:04> [MSG] Запрошен settings.php
<03:52:04> [MSG] Запрошен rooms.php
<03:52:12> [MSG] Запрошен settings.php
<03:52:22> [MSG] Запрошен settings.php
<03:52:29> [MSG] Запрошен settings.php
<03:52:31> [MSG] Запрошен settings.php
<03:58:42> [MSG] Запрошен rooms.php
<03:58:42> [MSG] Запрошен settings.php
<03:58:42> [MSG] Запрошен avatars.php
<03:58:43> [MSG] Запрошен settings.php
<03:58:45> [MSG] Запрошен settings.php
<03:59:07> [MSG] Запрошен settings.php
<03:59:09> [MSG] Запрошен settings.php
<03:59:29> [MSG] Запрошен avatars.php
<03:59:29> [MSG] Запрошен settings.php
<03:59:29> [MSG] Запрошен rooms.php
<03:59:30> [MSG] Запрошен settings.php
<03:59:32> [MSG] Запрошен settings.php
<04:10:09> [MSG] Запрошен avatars.php
<04:10:09> [MSG] Запрошен settings.php
<04:10:09> [MSG] Запрошен rooms.php
<04:10:11> [MSG] Запрошен settings.php
<04:10:13> [MSG] Запрошен settings.php
<04:10:15> [MSG] Запрошен settings.php
<04:10:17> [MSG] Запрошен avatars.php
<04:10:17> [MSG] Запрошен settings.php
<04:10:17> [MSG] Запрошен rooms.php
<04:10:18> [MSG] Запрошен settings.php
<04:10:55> [MSG] Запрошен settings.php
<04:10:56> [MSG] Запрошен avatars.php
<04:10:56> [MSG] Запрошен rooms.php
<04:11:55> [MSG] Запрошен avatars.php
<04:11:59> [MSG] Запрошен settings.php
<04:11:59> [MSG] Запрошен rooms.php
<04:14:17> [MSG] Запрошен avatars.php
<04:14:21> [MSG] Запрошен settings.php
<04:14:21> [MSG] Запрошен rooms.php
<04:14:31> [MSG] Запрошен settings.php
<04:14:32> [MSG] Запрошен settings.php
<04:14:34> [MSG] Запрошен settings.php
<04:14:52> [MSG] Запрошен settings.php
<04:15:07> [MSG] Запрошен avatars.php
<04:15:11> [MSG] Запрошен settings.php
<04:15:11> [MSG] Запрошен rooms.php
<04:15:14> [MSG] Запрошен settings.php
<04:15:17> [MSG] Запрошен settings.php
<04:15:38> [MSG] Запрошен settings.php
<04:15:47> [MSG] Запрошен settings.php
<04:15:50> [MSG] Запрошен settings.php
<04:15:53> [MSG] Запрошен settings.php
<04:15:55> [MSG] Запрошен settings.php
<04:15:57> [MSG] Запрошен settings.php
<04:15:59> [MSG] Запрошен settings.php
<04:16:01> [MSG] Запрошен settings.php
<04:16:03> [MSG] Запрошен settings.php
<04:16:05> [MSG] Запрошен avatars.php
<04:16:05> [MSG] Запрошен settings.php
<04:16:05> [MSG] Запрошен rooms.php
<04:16:07> [MSG] Запрошен settings.php
<04:16:09> [MSG] Запрошен users.php
<04:16:10> [MSG] Запрошен settings.php
<04:16:11> [MSG] Запрошен settings.php
<04:16:13> [MSG] Запрошен users.php
<04:17:49> [MSG] Запрошен settings.php
<04:17:49> [MSG] Запрошен avatars.php
<04:17:49> [MSG] Запрошен rooms.php
<04:17:51> [MSG] Запрошен settings.php
<04:17:52> [MSG] Запрошен settings.php
<04:17:54> [MSG] Запрошен settings.php
<04:17:56> [MSG] Запрошен settings.php
<04:18:53> [MSG] Запрошен settings.php
<04:18:55> [MSG] Запрошен logout.php
<04:18:55> [MSG] Пользователь "thesourcecode.max@yandex.ru" вышел
<04:18:58> [MSG] Запрошен login.php
<04:18:58> [MSG] Аутентифицирован пользователь "Lucors"
<04:18:58> [MSG] Запрошен avatars.php
<04:18:58> [MSG] Запрошен rooms.php
<04:18:58> [MSG] Запрошен settings.php
<04:19:00> [MSG] Запрошен settings.php
<04:19:02> [MSG] Запрошен settings.php
<04:19:03> [MSG] Запрошен settings.php
<04:19:05> [MSG] Запрошен logout.php
<04:19:05> [MSG] Пользователь "thesourcecode.max@yandex.ru" вышел
<04:19:07> [MSG] Запрошен login.php
<04:19:07> [MSG] Аутентифицирован пользователь "Lucors"
<04:19:07> [MSG] Запрошен avatars.php
<04:19:07> [MSG] Запрошен rooms.php
<04:19:07> [MSG] Запрошен settings.php
<04:19:09> [MSG] Запрошен avatars.php
<04:19:09> [MSG] Запрошен settings.php
<04:19:09> [MSG] Запрошен rooms.php
<04:19:12> [MSG] Запрошен logout.php
<04:19:12> [MSG] Пользователь "thesourcecode.max@yandex.ru" вышел
<04:19:17> [MSG] Запрошен login.php
<04:19:17> [MSG] Аутентифицирован пользователь "Lucors"
<04:19:17> [MSG] Запрошен avatars.php
<04:19:17> [MSG] Запрошен settings.php
<04:19:17> [MSG] Запрошен rooms.php
<04:19:19> [MSG] Запрошен settings.php
<04:19:20> [MSG] Запрошен settings.php
<04:19:21> [MSG] Запрошен logout.php
<04:19:21> [MSG] Пользователь "thesourcecode.max@yandex.ru" вышел
<04:19:36> [MSG] Запрошен signup.php
<04:19:36> [MSG] Зарегистрирован пользователь "test:test.max@yandex.ru"
<04:19:36> [MSG] Запрошен settings.php
<04:19:36> [MSG] Запрошен rooms.php
<04:19:36> [MSG] Запрошен avatars.php
<04:19:38> [MSG] Запрошен users.php
<04:19:41> [MSG] Запрошен rating.php
<04:19:43> [MSG] Запрошен settings.php
<04:19:45> [MSG] Запрошен settings.php
<04:19:47> [MSG] Запрошен users.php
<04:20:48> [MSG] Запрошен users.php
<04:20:50> [MSG] Запрошен logout.php
<04:20:50> [MSG] Пользователь "test.max@yandex.ru" вышел
<04:20:55> [MSG] Запрошен login.php
<04:20:55> [MSG] Аутентифицирован пользователь "Lucors"
<04:20:55> [MSG] Запрошен settings.php
<04:20:55> [MSG] Запрошен avatars.php
<04:20:55> [MSG] Запрошен rooms.php
<04:21:00> [MSG] Запрошен logout.php
<04:21:00> [MSG] Пользователь "thesourcecode.max@yandex.ru" вышел
<04:21:13> [MSG] Запрошен login.php
<04:21:13> [MSG] Аутентифицирован пользователь "Lucors"
<04:21:13> [MSG] Запрошен avatars.php
<04:21:13> [MSG] Запрошен rooms.php
<04:21:13> [MSG] Запрошен settings.php
<04:21:14> [MSG] Запрошен settings.php
<04:21:16> [MSG] Запрошен users.php
<04:21:21> [MSG] Запрошен rooms.php
<04:21:22> [MSG] Запрошен users.php
<04:23:00> [MSG] Запрошен logout.php
<04:23:00> [MSG] Пользователь "thesourcecode.max@yandex.ru" вышел
<04:23:04> [MSG] Запрошен login.php
<04:23:04> [MSG] Аутентифицирован пользователь "test"
<04:23:04> [MSG] Запрошен avatars.php
<04:23:04> [MSG] Запрошен rooms.php
<04:23:04> [MSG] Запрошен settings.php
<04:23:13> [MSG] Запрошен logout.php
<04:23:13> [MSG] Пользователь "test.max@yandex.ru" вышел
<04:23:17> [MSG] Запрошен login.php
<04:23:17> [MSG] Аутентифицирован пользователь "Lucors"
<04:23:17> [MSG] Запрошен avatars.php
<04:23:17> [MSG] Запрошен settings.php
<04:23:17> [MSG] Запрошен rooms.php
<04:23:18> [MSG] Запрошен users.php
<04:23:54> [MSG] Запрошен users.php
<04:23:56> [MSG] Запрошен rooms.php
<04:23:58> [MSG] Запрошен rooms.php
<04:24:21> [MSG] Запрошен users.php
<04:24:22> [MSG] Запрошен private-messages.php
<04:24:45> [MSG] Запрошен rooms.php
<04:26:23> [MSG] Запрошен settings.php
<04:26:26> [MSG] Запрошен users.php
<04:26:27> [MSG] Запрошен private-messages.php
<04:26:30> [MSG] Запрошен rating.php
<04:49:39> [MSG] Запрошен users.php
<04:49:41> [MSG] Запрошен settings.php
<05:46:23> [MSG] Запрошен users.php
<05:46:26> [MSG] Запрошен logout.php
<05:46:26> [MSG] Пользователь "thesourcecode.max@yandex.ru" вышел
<23:37:12> [MSG] Запрошен login.php
<23:37:12> [MSG] Аутентифицирован пользователь "Lucors"
<23:37:12> [MSG] Запрошен avatars.php
<23:37:12> [MSG] Запрошен rooms.php
<23:37:12> [MSG] Запрошен settings.php
<23:37:15> [MSG] Запрошен users.php
<23:40:18> [MSG] Запрошен settings.php
<23:40:18> [MSG] Запрошен rooms.php
<23:40:18> [MSG] Запрошен avatars.php
<23:40:23> [MSG] Запрошен settings.php
<23:40:23> [MSG] Запрошен avatars.php
<23:40:23> [MSG] Запрошен rooms.php
<23:40:27> [MSG] Запрошен topics.php
<23:40:27> [MSG] Запрошен maps.php
<23:44:54> [MSG] Запрошен settings.php
<23:44:54> [MSG] Запрошен rooms.php
<23:44:54> [MSG] Запрошен avatars.php
<23:44:57> [MSG] Запрошен topics.php
<23:44:57> [MSG] Запрошен maps.php
<23:45:04> [MSG] Запрошен settings.php
<23:50:43> [MSG] Запрошен settings.php
<23:50:43> [MSG] Запрошен rooms.php
<23:50:44> [MSG] Запрошен avatars.php
<23:53:09> [MSG] Запрошен avatars.php
<23:53:12> [MSG] Запрошен settings.php
<23:53:12> [MSG] Запрошен rooms.php
<23:53:15> [MSG] Запрошен topics.php
<23:53:15> [MSG] Запрошен maps.php
<23:57:28> [MSG] Запрошен settings.php
<23:57:28> [MSG] Запрошен rooms.php
<23:57:28> [MSG] Запрошен avatars.php
