<00:00:20> [MSG] Запрошен settings.php
<00:00:20> [MSG] Запрошен rooms.php
<00:00:20> [MSG] Запрошен avatars.php
<00:01:26> [MSG] Запрошен avatars.php
<00:01:26> [MSG] Запрошен settings.php
<00:01:26> [MSG] Запрошен rooms.php
<00:01:29> [MSG] Запрошен topics.php
<00:01:29> [MSG] Запрошен maps.php
<00:01:34> [MSG] Запрошен rooms.php
<00:01:34> [ERROR] 
				INSERT INTO
					rooms (name, privacy, password, step_time, stage, creator_id, map_id)
				VALUES 
					('Крутая комната', 0, '',
						10, 0, 1, 1)
			
<00:01:36> [MSG] Запрошен avatars.php
<00:01:36> [MSG] Запрошен settings.php
<00:01:36> [MSG] Запрошен rooms.php
<00:01:38> [MSG] Запрошен rooms.php
<00:01:38> [MSG] Запрошен rooms.php
<00:01:41> [MSG] Запрошен avatars.php
<00:01:41> [MSG] Запрошен settings.php
<00:01:41> [MSG] Запрошен rooms.php
<00:02:03> [MSG] Запрошен avatars.php
<00:02:03> [MSG] Запрошен settings.php
<00:02:03> [MSG] Запрошен rooms.php
<00:15:18> [MSG] Запрошен logout.php
<00:15:18> [MSG] Пользователь "thesourcecode.max@yandex.ru" вышел
<01:37:57> [MSG] Запрошен login.php
<01:37:58> [MSG] Аутентифицирован пользователь "Lucors"
<01:37:58> [MSG] Запрошен avatars.php
<01:37:58> [MSG] Запрошен settings.php
<01:37:58> [MSG] Запрошен rooms.php
<01:40:00> [MSG] Запрошен topics.php
<01:40:00> [MSG] Запрошен maps.php
<01:49:04> [MSG] Запрошен settings.php
<01:49:04> [MSG] Запрошен rooms.php
<01:49:04> [MSG] Запрошен avatars.php
<01:56:01> [MSG] Запрошен settings.php
<01:56:01> [MSG] Запрошен avatars.php
<01:56:01> [MSG] Запрошен rooms.php
<01:56:41> [MSG] Запрошен avatars.php
<01:56:41> [MSG] Запрошен settings.php
<01:56:41> [MSG] Запрошен rooms.php
<02:03:52> [MSG] Запрошен avatars.php
<02:03:52> [MSG] Запрошен settings.php
<02:03:52> [MSG] Запрошен rooms.php
<02:12:04> [MSG] Запрошен avatars.php
<02:12:04> [MSG] Запрошен settings.php
<02:12:04> [MSG] Запрошен rooms.php
<02:20:48> [MSG] Запрошен settings.php
<02:20:48> [MSG] Запрошен rooms.php
<02:20:48> [MSG] Запрошен avatars.php
<02:21:38> [MSG] Запрошен avatars.php
<02:21:39> [MSG] Запрошен settings.php
<02:21:39> [MSG] Запрошен rooms.php
<02:22:13> [MSG] Запрошен settings.php
<02:22:13> [MSG] Запрошен avatars.php
<02:22:13> [MSG] Запрошен rooms.php
<02:23:11> [MSG] Запрошен rooms.php
<02:23:11> [MSG] Запрошен settings.php
<02:23:11> [MSG] Запрошен avatars.php
<02:24:52> [MSG] Запрошен avatars.php
<02:24:52> [MSG] Запрошен settings.php
<02:24:52> [MSG] Запрошен rooms.php
<02:25:19> [MSG] Запрошен avatars.php
<02:25:19> [MSG] Запрошен settings.php
<02:25:19> [MSG] Запрошен rooms.php
<02:25:44> [MSG] Запрошен avatars.php
<02:25:44> [MSG] Запрошен settings.php
<02:25:44> [MSG] Запрошен rooms.php
<02:26:16> [MSG] Запрошен avatars.php
<02:26:16> [MSG] Запрошен settings.php
<02:26:16> [MSG] Запрошен rooms.php
<02:26:23> [MSG] Запрошен settings.php
<02:26:23> [MSG] Запрошен avatars.php
<02:26:23> [MSG] Запрошен rooms.php
<02:27:08> [MSG] Запрошен avatars.php
<02:27:08> [MSG] Запрошен settings.php
<02:27:08> [MSG] Запрошен rooms.php
<02:28:04> [MSG] Запрошен avatars.php
<02:28:04> [MSG] Запрошен settings.php
<02:28:04> [MSG] Запрошен rooms.php
<02:33:26> [MSG] Запрошен avatars.php
<02:33:26> [MSG] Запрошен settings.php
<02:33:26> [MSG] Запрошен rooms.php
<02:33:39> [MSG] Запрошен settings.php
<02:33:39> [MSG] Запрошен rooms.php
<02:33:39> [MSG] Запрошен avatars.php
<02:33:50> [MSG] Запрошен settings.php
<02:33:50> [MSG] Запрошен rooms.php
<02:33:50> [MSG] Запрошен avatars.php
<02:34:08> [MSG] Запрошен settings.php
<02:34:10> [MSG] Запрошен settings.php
<02:36:44> [MSG] Запрошен topics.php
<02:36:44> [MSG] Запрошен maps.php
<02:39:40> [MSG] Запрошен settings.php
<02:39:40> [MSG] Запрошен rooms.php
<02:39:40> [MSG] Запрошен avatars.php
<02:39:50> [MSG] Запрошен settings.php
<02:40:13> [MSG] Запрошен settings.php
<02:40:18> [MSG] Запрошен settings.php
<02:40:24> [MSG] Запрошен topics.php
<02:40:24> [MSG] Запрошен maps.php
<02:46:31> [MSG] Запрошен avatars.php
<02:46:31> [MSG] Запрошен settings.php
<02:46:31> [MSG] Запрошен rooms.php
<02:46:35> [MSG] Запрошен avatars.php
<02:46:35> [MSG] Запрошен settings.php
<02:46:35> [MSG] Запрошен rooms.php
<02:46:36> [MSG] Запрошен settings.php
<02:48:24> [MSG] Запрошен avatars.php
<02:48:24> [MSG] Запрошен settings.php
<02:48:24> [MSG] Запрошен rooms.php
<02:48:26> [MSG] Запрошен rating.php
<02:50:19> [MSG] Запрошен avatars.php
<02:50:19> [MSG] Запрошен settings.php
<02:50:19> [MSG] Запрошен rooms.php
<02:52:36> [MSG] Запрошен avatars.php
<02:52:36> [MSG] Запрошен rooms.php
<02:52:36> [MSG] Запрошен settings.php
<02:52:37> [MSG] Запрошен rating.php
<02:52:39> [MSG] Запрошен settings.php
<02:52:42> [MSG] Запрошен settings.php
<02:52:44> [MSG] Запрошен rating.php
<02:52:49> [MSG] Запрошен topics.php
<02:52:49> [MSG] Запрошен maps.php
<02:53:09> [MSG] Запрошен users.php
<02:53:23> [MSG] Запрошен avatars.php
<02:53:23> [MSG] Запрошен settings.php
<02:53:23> [MSG] Запрошен rooms.php
<02:53:42> [MSG] Запрошен settings.php
<02:53:48> [MSG] Запрошен users.php
<02:53:50> [MSG] Запрошен private-messages.php
<02:53:52> [MSG] Запрошен login.php
<02:53:52> [WARN] Не найден пользователь "sexy@sexy.ru"
<02:53:54> [MSG] Запрошен private-messages.php
<02:53:58> [MSG] Запрошен login.php
<02:53:58> [MSG] Аутентифицирован пользователь "sexy"
<02:53:58> [MSG] Запрошен avatars.php
<02:53:58> [MSG] Запрошен rooms.php
<02:53:58> [MSG] Запрошен settings.php
<02:54:18> [MSG] Запрошен login.php
<02:54:18> [WARN] Переданы неверные значения email&pass
<02:54:20> [MSG] Запрошен login.php
<02:54:20> [MSG] Аутентифицирован пользователь "jekarws"
<02:54:20> [MSG] Запрошен settings.php
<02:54:20> [MSG] Запрошен rooms.php
<02:54:20> [MSG] Запрошен avatars.php
<02:54:22> [MSG] Запрошен users.php
<02:54:25> [MSG] Запрошен private-messages.php
<02:54:31> [MSG] Запрошен users.php
<02:54:43> [MSG] Запрошен rooms.php
<02:54:44> [MSG] Запрошен topics.php
<02:54:44> [MSG] Запрошен maps.php
<02:54:51> [MSG] Запрошен rooms.php
<02:54:51> [ERROR] 
				INSERT INTO
					rooms (name, privacy, password, step_time, stage, creator_id, map_id)
				VALUES 
					('i', 0, '',
						10, 0, 2, 1)
			
<02:54:53> [MSG] Запрошен rooms.php
<02:54:53> [MSG] Запрошен rooms.php
<02:55:18> [MSG] Запрошен settings.php
<02:55:18> [MSG] Запрошен rooms.php
<02:55:18> [MSG] Запрошен avatars.php
<02:55:41> [MSG] Запрошен settings.php
<02:55:41> [MSG] Запрошен rooms.php
<02:55:41> [MSG] Запрошен avatars.php
<02:55:55> [MSG] Запрошен avatars.php
<02:55:55> [MSG] Запрошен rooms.php
<02:55:55> [MSG] Запрошен settings.php
<02:56:12> [MSG] Запрошен topics.php
<02:56:12> [MSG] Запрошен maps.php
<02:56:17> [MSG] Запрошен users.php
<02:56:25> [MSG] Запрошен users.php
<02:56:26> [MSG] Запрошен private-messages.php
<02:57:00> [MSG] Запрошен rooms.php
<03:00:26> [MSG] Запрошен users.php
<03:00:53> [MSG] Запрошен rating.php
<03:01:05> [MSG] Запрошен settings.php
<03:01:07> [MSG] Запрошен settings.php
<03:01:12> [MSG] Запрошен settings.php
<03:05:19> [MSG] Запрошен users.php
<03:05:23> [MSG] Запрошен logout.php
<03:05:23> [MSG] Пользователь "thesourcecode.max@yandex.ru" вышел
<03:05:41> [MSG] Запрошен login.php
<03:05:42> [MSG] Аутентифицирован пользователь "Lucors"
<03:05:42> [MSG] Запрошен avatars.php
<03:05:42> [MSG] Запрошен settings.php
<03:05:42> [MSG] Запрошен rooms.php
<03:11:46> [MSG] Запрошен settings.php
<03:11:46> [MSG] Запрошен rooms.php
<03:11:46> [MSG] Запрошен avatars.php
<03:11:53> [MSG] Запрошен avatars.php
<03:11:53> [MSG] Запрошен settings.php
<03:11:53> [MSG] Запрошен rooms.php
<03:12:08> [MSG] Запрошен avatars.php
<03:12:08> [MSG] Запрошен settings.php
<03:12:08> [MSG] Запрошен rooms.php
<03:12:13> [MSG] Запрошен settings.php
<03:12:13> [MSG] Запрошен avatars.php
<03:12:13> [MSG] Запрошен rooms.php
<03:12:32> [MSG] Запрошен rating.php
<04:40:49> [MSG] Запрошен settings.php
<04:40:49> [MSG] Запрошен rooms.php
<04:40:49> [MSG] Запрошен avatars.php
<17:42:19> [MSG] Запрошен avatars.php
<17:42:19> [MSG] Запрошен settings.php
<17:42:19> [MSG] Запрошен rooms.php
<17:54:28> [MSG] Запрошен settings.php
<17:54:28> [MSG] Запрошен rooms.php
<17:54:28> [MSG] Запрошен avatars.php
<17:54:30> [MSG] Запрошен topics.php
<17:54:30> [MSG] Запрошен maps.php
<17:55:22> [MSG] Запрошен avatars.php
<17:55:22> [MSG] Запрошен settings.php
<17:55:22> [MSG] Запрошен rooms.php
<17:56:50> [MSG] Запрошен avatars.php
<17:56:50> [MSG] Запрошен settings.php
<17:56:50> [MSG] Запрошен rooms.php
<17:57:25> [MSG] Запрошен settings.php
<17:57:25> [MSG] Запрошен rooms.php
<17:57:25> [MSG] Запрошен avatars.php
<17:57:28> [MSG] Запрошен rooms.php
<17:57:29> [MSG] Запрошен rooms.php
<18:04:05> [MSG] Запрошен topics.php
<18:04:05> [MSG] Запрошен maps.php
<21:38:37> [MSG] Запрошен login.php
<21:38:37> [MSG] Аутентифицирован пользователь "Lucors"
<21:38:37> [MSG] Запрошен settings.php
<21:38:37> [MSG] Запрошен avatars.php
<21:38:37> [MSG] Запрошен rooms.php
<21:38:39> [MSG] Запрошен topics.php
<21:38:39> [MSG] Запрошен maps.php
<21:38:47> [MSG] Запрошен users.php
<21:38:48> [MSG] Запрошен logout.php
<21:38:48> [MSG] Пользователь "thesourcecode.max@yandex.ru" вышел
<22:41:08> [MSG] Запрошен login.php
<22:41:08> [MSG] Аутентифицирован пользователь "Lucors"
<22:41:09> [MSG] Запрошен rooms.php
<22:41:09> [MSG] Запрошен avatars.php
<22:41:09> [MSG] Запрошен settings.php
<22:41:10> [MSG] Запрошен users.php
<22:41:14> [MSG] Запрошен users.php
